2022-08-16 20:08:25 NOTICE Service restart triggered by user
2022-04-27 01:19:25 DEBUG Process exited with code 0
2022-08-06 21:17:43 TRACE Packet dropped due to policy rule
2023-10-23 21:16:28 TRACE Packet dropped due to policy rule
2023-09-21 15:12:09 ALERT Unauthorized login attempt detected
2021-03-06 03:35:12 INFO Connection successful to remote host.
2021-07-11 11:42:02 FAILURE Authentication failed for user admin
2023-11-02 09:29:04 TRACE Packet dropped due to policy rule
2022-01-03 09:48:24 TRACE Packet dropped due to policy rule
2021-10-10 05:51:28 FAILURE Authentication failed for user admin
2023-02-07 03:08:06 INFO Connection successful to remote host.
2022-10-10 09:33:09 FAILURE Authentication failed for user admin
2023-05-14 08:36:20 DEBUG Process exited with code 0
2021-03-07 03:01:56 ERROR Could not resolve DNS for internal resource.
2021-05-01 17:13:10 ERROR Could not resolve DNS for internal resource.
2022-06-27 21:01:26 ERROR Could not resolve DNS for internal resource.
2023-03-02 14:14:22 ALERT Unauthorized login attempt detected
2023-01-18 04:03:52 WARNING CPU usage exceeded threshold: 87%
2023-07-10 20:37:39 TRACE Packet dropped due to policy rule
2023-11-10 04:17:23 DEBUG Process exited with code 0
2023-04-15 18:11:07 WARNING CPU usage exceeded threshold: 87%
2021-08-12 22:11:00 ERROR Could not resolve DNS for internal resource.
2021-04-26 02:46:53 FAILURE Authentication failed for user admin
2023-10-26 20:23:20 INFO User logged out
2022-05-22 00:41:12 ERROR Could not resolve DNS for internal resource.
2021-04-13 02:46:43 ALERT Unauthorized login attempt detected
2023-08-05 12:21:12 ERROR Could not resolve DNS for internal resource.
2021-01-12 13:58:11 DEBUG Process exited with code 0
2022-06-27 08:03:34 NOTICE Service restart triggered by user
2023-10-19 03:30:34 WARNING CPU usage exceeded threshold: 87%
2022-09-06 22:09:08 INFO User logged out
2021-01-23 19:52:29 INFO Connection successful to remote host.
2023-09-15 19:11:41 ALERT Unauthorized login attempt detected
2023-08-11 12:56:37 INFO Connection successful to remote host.
2023-01-01 03:39:35 NOTICE Service restart triggered by user
2023-03-01 10:00:49 INFO Connection successful to remote host.
2022-07-15 13:41:41 NOTICE Service restart triggered by user
2023-02-21 10:42:38 TRACE Packet dropped due to policy rule
2023-06-08 14:43:30 ERROR Could not resolve DNS for internal resource.
2023-09-05 00:01:28 WARNING CPU usage exceeded threshold: 87%
2021-11-14 10:25:16 NOTICE Service restart triggered by user
2023-07-14 08:12:48 DEBUG Process exited with code 0
2022-09-14 04:44:03 ERROR Could not resolve DNS for internal resource.
2022-08-15 16:13:35 DEBUG Process exited with code 0
2022-04-14 21:02:36 INFO Backup completed at
2022-11-03 13:23:38 INFO Connection successful to remote host.
2021-05-27 00:31:27 INFO User logged out
2021-02-05 18:21:06 INFO Backup completed at
2022-07-10 07:39:33 INFO Connection successful to remote host.
2022-08-01 18:05:19 TRACE Packet dropped due to policy rule
2021-09-18 22:52:14 ALERT Unauthorized login attempt detected
2023-01-27 09:26:38 INFO Connection successful to remote host.
2022-09-24 18:45:16 NOTICE Service restart triggered by user
2021-02-17 14:53:02 DEBUG Process exited with code 0
2022-07-25 06:26:41 INFO Backup completed at
2022-10-06 11:47:57 INFO User logged out
2022-10-21 10:40:02 ERROR Could not resolve DNS for internal resource.
2021-05-17 03:23:01 TRACE Packet dropped due to policy rule
2023-05-16 03:54:57 INFO Backup completed at
2021-04-18 00:04:31 INFO Connection successful to remote host.
2023-03-09 02:33:44 DEBUG Process exited with code 0
2022-09-08 13:02:37 ALERT Unauthorized login attempt detected
2022-11-27 19:57:37 INFO Connection successful to remote host.
2022-11-25 14:33:30 WARNING CPU usage exceeded threshold: 87%
2023-07-21 18:41:49 INFO Backup completed at
2022-10-12 00:53:01 NOTICE Service restart triggered by user
2023-09-10 05:34:21 INFO User logged out
2023-07-03 22:12:21 NOTICE Service restart triggered by user
2023-01-16 03:36:44 INFO Backup completed at
2021-04-08 00:05:53 ALERT Unauthorized login attempt detected
2023-10-09 22:40:41 INFO Backup completed at
2021-02-21 07:24:31 INFO Connection successful to remote host.
2021-02-18 12:08:49 WARNING CPU usage exceeded threshold: 87%
2021-04-23 19:30:19 ERROR Could not resolve DNS for internal resource.
2022-06-21 09:32:49 INFO Backup completed at
2023-06-20 14:49:55 FAILURE Authentication failed for user admin
2022-05-20 08:43:36 INFO Connection successful to remote host.
2021-08-24 06:20:13 INFO Connection successful to remote host.
2023-09-02 10:55:26 TRACE Packet dropped due to policy rule
2022-01-10 22:20:23 ALERT Unauthorized login attempt detected
2021-06-27 05:03:41 NOTICE Service restart triggered by user
2023-04-27 05:04:40 TRACE Packet dropped due to policy rule
2021-04-10 01:24:54 FAILURE Authentication failed for user admin
2023-07-02 17:54:05 FAILURE Authentication failed for user admin
2023-11-24 03:33:00 FAILURE Authentication failed for user admin
2021-05-02 15:36:50 INFO Connection successful to remote host.
2021-02-12 00:55:54 FAILURE Authentication failed for user admin
2022-05-05 16:01:31 WARNING CPU usage exceeded threshold: 87%
2021-07-02 02:57:40 ERROR Could not resolve DNS for internal resource.
2021-01-26 12:57:40 ALERT Unauthorized login attempt detected
2021-08-25 05:43:29 TRACE Packet dropped due to policy rule
2022-08-03 07:57:43 ERROR Could not resolve DNS for internal resource.
2022-11-23 22:26:39 INFO Connection successful to remote host.
2023-09-09 08:46:10 ERROR Could not resolve DNS for internal resource.
2021-10-03 20:26:50 TRACE Packet dropped due to policy rule
2023-03-23 09:42:51 INFO Connection successful to remote host.
2023-03-23 15:16:24 INFO Backup completed at
2021-05-02 18:28:29 DEBUG Process exited with code 0
2022-02-05 14:39:26 FAILURE Authentication failed for user admin
2022-02-09 01:05:42 WARNING CPU usage exceeded threshold: 87%
2022-02-27 15:11:40 FAILURE Authentication failed for user admin
2023-11-24 12:55:04 TRACE Packet dropped due to policy rule
2023-10-24 00:56:11 FAILURE Authentication failed for user admin
2021-11-10 05:20:41 ALERT Unauthorized login attempt detected
2022-02-01 12:04:21 ALERT Unauthorized login attempt detected
2023-02-03 12:57:55 INFO Backup completed at
2021-03-23 22:13:31 TRACE Packet dropped due to policy rule
2022-01-10 20:14:33 WARNING CPU usage exceeded threshold: 87%
2021-09-02 10:00:33 INFO Backup completed at
2022-08-15 05:17:14 TRACE Packet dropped due to policy rule
2023-05-12 22:24:36 ALERT Unauthorized login attempt detected
2022-07-12 01:14:23 INFO Connection successful to remote host.
2022-01-25 07:58:26 DEBUG Process exited with code 0
2023-10-18 06:04:49 DEBUG Process exited with code 0
2021-01-18 01:58:08 INFO Connection successful to remote host.
2023-08-06 05:37:09 WARNING CPU usage exceeded threshold: 87%
2022-03-03 14:48:12 INFO User logged out
2022-08-02 22:52:42 INFO User logged out
2023-11-21 21:58:29 INFO Connection successful to remote host.
2021-07-16 00:04:32 TRACE Packet dropped due to policy rule
2021-08-22 22:57:03 DEBUG Process exited with code 0
2021-02-08 06:28:42 INFO Backup completed at
2023-11-23 11:33:47 TRACE Packet dropped due to policy rule
2022-08-25 15:34:05 INFO Backup completed at
2022-03-14 12:29:44 NOTICE Service restart triggered by user
2023-06-14 01:20:49 TRACE Packet dropped due to policy rule
2023-03-09 03:25:17 INFO User logged out
2022-03-01 04:52:08 INFO Connection successful to remote host.
2023-10-26 11:29:08 WARNING CPU usage exceeded threshold: 87%
2023-03-12 15:27:50 INFO User logged out
2021-11-09 07:45:35 DEBUG Process exited with code 0
2021-05-05 12:50:05 INFO Backup completed at
2023-07-15 07:15:11 TRACE Packet dropped due to policy rule
2022-06-17 16:05:00 NOTICE Service restart triggered by user
2022-10-08 04:46:26 FAILURE Authentication failed for user admin
2022-01-24 06:04:35 FAILURE Authentication failed for user admin
2023-01-23 11:35:44 INFO User logged out
2021-01-03 05:54:17 INFO User logged out
2023-01-03 04:18:08 INFO Connection successful to remote host.
2023-10-08 11:44:53 ALERT Unauthorized login attempt detected
2022-06-24 20:11:20 WARNING CPU usage exceeded threshold: 87%
2023-07-08 18:46:03 FAILURE Authentication failed for user admin
2021-02-20 15:15:34 INFO Connection successful to remote host.
2021-07-09 21:55:29 NOTICE Service restart triggered by user
2021-10-27 16:06:38 TRACE Packet dropped due to policy rule
2022-10-10 20:52:36 FAILURE Authentication failed for user admin
2023-08-08 09:20:31 TRACE Packet dropped due to policy rule
2021-02-27 18:00:00 TRACE Packet dropped due to policy rule
2021-04-19 20:21:19 FAILURE Authentication failed for user admin
2023-11-13 10:38:15 INFO User logged out
2023-04-22 16:36:47 ERROR Could not resolve DNS for internal resource.
2021-06-16 17:11:27 ERROR Could not resolve DNS for internal resource.
2023-10-02 16:12:27 INFO Backup completed at
2023-11-01 17:28:45 ALERT Unauthorized login attempt detected
2021-04-04 14:34:22 ERROR Could not resolve DNS for internal resource.
2023-06-25 12:06:43 INFO User logged out
2023-07-21 19:39:00 INFO User logged out
2023-05-27 18:27:30 INFO Backup completed at
2021-09-01 04:53:16 FAILURE Authentication failed for user admin
2021-04-06 04:57:07 DEBUG Process exited with code 0
2022-10-16 21:18:53 DEBUG Process exited with code 0
2023-08-06 12:49:18 DEBUG Process exited with code 0
2023-09-07 05:14:53 DEBUG Process exited with code 0
2022-08-14 18:24:44 ERROR Could not resolve DNS for internal resource.
2021-08-01 18:23:33 INFO Connection successful to remote host.
2023-10-24 22:52:32 ERROR Could not resolve DNS for internal resource.
2021-08-27 22:23:06 FAILURE Authentication failed for user admin
2021-04-20 17:50:09 TRACE Packet dropped due to policy rule
2023-07-23 07:42:05 ERROR Could not resolve DNS for internal resource.
2022-03-18 12:24:30 INFO Connection successful to remote host.
2022-04-14 19:22:20 FAILURE Authentication failed for user admin
2023-01-23 16:21:41 NOTICE Service restart triggered by user
2023-01-15 13:40:23 ALERT Unauthorized login attempt detected
2023-05-26 21:48:25 INFO User logged out
2023-08-09 01:27:31 TRACE Packet dropped due to policy rule
2023-11-12 04:54:19 INFO User logged out
2021-04-12 11:04:34 INFO Connection successful to remote host.
2022-05-22 04:31:42 INFO Connection successful to remote host.
2021-03-14 06:43:56 NOTICE Service restart triggered by user
2023-11-02 19:38:00 NOTICE Service restart triggered by user
2021-02-06 01:40:54 FAILURE Authentication failed for user admin
2021-03-18 12:25:27 INFO User logged out
2021-10-01 14:58:55 INFO User logged out
2022-04-21 06:33:47 FAILURE Authentication failed for user admin
2023-08-24 18:19:51 ALERT Unauthorized login attempt detected
2023-02-16 16:09:19 DEBUG Process exited with code 0
2022-02-25 07:30:17 TRACE Packet dropped due to policy rule
2021-08-04 01:44:23 INFO User logged out
2023-06-18 10:29:08 WARNING CPU usage exceeded threshold: 87%
2023-11-20 17:13:29 ERROR Could not resolve DNS for internal resource.
2022-01-22 06:33:04 WARNING CPU usage exceeded threshold: 87%
2021-11-23 15:06:09 FAILURE Authentication failed for user admin
2023-09-09 21:10:45 NOTICE Service restart triggered by user
2023-08-22 19:42:58 ALERT Unauthorized login attempt detected
2021-06-19 12:05:56 INFO Backup completed at
2021-02-05 16:50:04 INFO User logged out
2021-10-13 02:16:15 INFO Backup completed at
2021-05-10 19:01:12 INFO Backup completed at
2023-05-19 16:19:51 DEBUG Process exited with code 0
2021-09-21 17:17:36 NOTICE Service restart triggered by user
2023-09-11 10:06:05 ALERT Unauthorized login attempt detected
2023-09-18 00:46:17 FAILURE Authentication failed for user admin
2022-02-18 22:31:38 INFO Backup completed at
2022-10-01 02:13:27 WARNING CPU usage exceeded threshold: 87%
2023-06-22 03:38:12 FAILURE Authentication failed for user admin
2023-02-06 07:29:08 ERROR Could not resolve DNS for internal resource.
2023-11-04 05:08:36 ERROR Could not resolve DNS for internal resource.
2022-06-18 14:53:46 NOTICE Service restart triggered by user
2022-08-11 21:32:34 INFO Backup completed at
2021-06-20 19:23:04 INFO User logged out
2021-06-07 08:03:12 INFO User logged out
2021-11-21 12:21:50 INFO Backup completed at
2022-11-26 14:53:36 WARNING CPU usage exceeded threshold: 87%
2023-06-24 12:33:08 INFO Connection successful to remote host.
