2021-01-07 11:54:18 INFO Backup completed at
2021-05-15 03:01:40 DEBUG Process exited with code 0
2021-11-26 18:08:20 TRACE Packet dropped due to policy rule
2022-08-06 12:12:14 FAILURE Authentication failed for user admin
2021-01-07 09:42:26 WARNING CPU usage exceeded threshold: 87%
2023-11-20 21:14:41 INFO Connection successful to remote host.
2021-10-15 05:41:08 DEBUG Process exited with code 0
2023-03-16 15:15:25 INFO User logged out
2022-05-10 05:13:36 INFO Backup completed at
2021-05-26 20:22:58 NOTICE Service restart triggered by user
2021-04-19 10:03:03 FAILURE Authentication failed for user admin
2021-05-04 21:12:58 INFO User logged out
2023-11-20 09:41:21 INFO Connection successful to remote host.
2021-03-04 10:20:45 FAILURE Authentication failed for user admin
2022-04-05 18:55:45 DEBUG Process exited with code 0
2023-10-23 07:14:41 INFO Backup completed at
2021-05-24 18:28:44 ALERT Unauthorized login attempt detected
2021-09-20 15:03:28 ALERT Unauthorized login attempt detected
2023-09-25 19:23:07 INFO Connection successful to remote host.
2022-04-20 11:57:22 ALERT Unauthorized login attempt detected
2021-01-07 04:03:28 ALERT Unauthorized login attempt detected
2021-07-15 12:05:22 NOTICE Service restart triggered by user
2021-05-23 21:40:27 NOTICE Service restart triggered by user
2023-05-09 07:31:27 INFO Backup completed at
2023-10-01 15:38:31 WARNING CPU usage exceeded threshold: 87%
2021-06-21 06:12:52 INFO User logged out
2022-02-25 07:02:48 ALERT Unauthorized login attempt detected
2022-03-02 20:58:31 INFO Connection successful to remote host.
2023-08-11 05:04:21 WARNING CPU usage exceeded threshold: 87%
2023-08-23 13:20:28 TRACE Packet dropped due to policy rule
2022-04-01 15:31:27 ALERT Unauthorized login attempt detected
2021-05-06 02:51:55 WARNING CPU usage exceeded threshold: 87%
2023-09-09 18:21:45 FAILURE Authentication failed for user admin
2023-10-14 20:23:53 ALERT Unauthorized login attempt detected
2021-02-02 03:38:09 INFO Backup completed at
2023-09-26 11:07:43 FAILURE Authentication failed for user admin
2022-10-20 20:39:07 DEBUG Process exited with code 0
2021-10-21 12:13:14 ALERT Unauthorized login attempt detected
2023-06-05 18:01:01 DEBUG Process exited with code 0
2021-10-09 13:43:22 NOTICE Service restart triggered by user
2022-11-18 08:27:37 INFO User logged out
2023-06-22 21:26:42 DEBUG Process exited with code 0
2021-04-16 19:27:16 TRACE Packet dropped due to policy rule
2022-04-24 19:05:52 WARNING CPU usage exceeded threshold: 87%
2022-09-14 04:56:16 TRACE Packet dropped due to policy rule
2021-07-09 16:43:35 WARNING CPU usage exceeded threshold: 87%
2023-06-13 08:49:53 DEBUG Process exited with code 0
2022-10-27 14:51:02 ALERT Unauthorized login attempt detected
2021-11-18 10:01:37 NOTICE Service restart triggered by user
2022-11-17 03:57:00 FAILURE Authentication failed for user admin
2023-06-04 02:01:36 TRACE Packet dropped due to policy rule
2022-01-04 12:35:47 FAILURE Authentication failed for user admin
2023-01-19 18:12:41 NOTICE Service restart triggered by user
2023-07-03 08:42:21 INFO Backup completed at
2022-10-10 07:08:33 NOTICE Service restart triggered by user
2021-09-22 00:53:02 INFO Connection successful to remote host.
2022-08-17 19:56:15 INFO Connection successful to remote host.
2023-11-09 03:14:32 NOTICE Service restart triggered by user
2021-09-23 15:49:11 INFO Connection successful to remote host.
2022-02-20 06:56:14 INFO Connection successful to remote host.
2023-05-26 19:00:06 ERROR Could not resolve DNS for internal resource.
2022-07-19 08:46:02 INFO User logged out
2022-02-22 09:42:13 DEBUG Process exited with code 0
2021-11-08 04:00:34 INFO Connection successful to remote host.
2022-01-11 12:26:01 FAILURE Authentication failed for user admin
2021-07-02 07:18:48 NOTICE Service restart triggered by user
2022-03-24 14:08:02 TRACE Packet dropped due to policy rule
2021-09-10 10:46:31 INFO Connection successful to remote host.
2022-08-15 04:28:31 FAILURE Authentication failed for user admin
2023-05-15 07:33:38 INFO Backup completed at
2023-08-02 20:14:17 WARNING CPU usage exceeded threshold: 87%
2021-09-12 20:36:35 FAILURE Authentication failed for user admin
2022-05-09 19:02:20 FAILURE Authentication failed for user admin
2021-08-04 00:26:19 NOTICE Service restart triggered by user
2022-04-12 02:05:23 ALERT Unauthorized login attempt detected
2021-02-21 18:02:02 INFO Backup completed at
2021-09-19 03:51:26 INFO User logged out
2023-07-08 12:09:16 ALERT Unauthorized login attempt detected
2023-06-11 06:50:54 ALERT Unauthorized login attempt detected
2021-02-25 04:19:51 DEBUG Process exited with code 0
2022-07-16 20:57:53 INFO Backup completed at
2023-01-25 01:32:50 INFO User logged out
2021-08-13 02:16:18 INFO Connection successful to remote host.
2021-10-22 12:42:33 TRACE Packet dropped due to policy rule
2022-04-14 17:49:26 DEBUG Process exited with code 0
2021-03-23 06:44:30 ALERT Unauthorized login attempt detected
2023-06-25 05:38:54 ALERT Unauthorized login attempt detected
2022-06-13 20:12:37 FAILURE Authentication failed for user admin
2023-11-03 01:33:51 DEBUG Process exited with code 0
2023-04-26 10:11:24 ERROR Could not resolve DNS for internal resource.
2023-05-01 14:02:13 ALERT Unauthorized login attempt detected
2023-07-08 07:32:09 DEBUG Process exited with code 0
2021-01-06 06:07:13 TRACE Packet dropped due to policy rule
2021-06-01 04:22:57 INFO Connection successful to remote host.
2022-04-16 19:22:47 ERROR Could not resolve DNS for internal resource.
2022-04-18 15:49:30 FAILURE Authentication failed for user admin
2022-07-25 15:57:30 FAILURE Authentication failed for user admin
2021-05-07 00:54:17 INFO Backup completed at
2022-06-10 03:24:04 NOTICE Service restart triggered by user
2022-02-04 03:54:44 FAILURE Authentication failed for user admin
2023-02-20 20:04:15 INFO Connection successful to remote host.
2022-10-03 16:39:28 INFO Backup completed at
2023-04-20 16:02:36 ALERT Unauthorized login attempt detected
2022-05-09 08:33:18 ERROR Could not resolve DNS for internal resource.
2022-04-19 08:19:06 INFO Connection successful to remote host.
2023-10-03 01:41:08 ERROR Could not resolve DNS for internal resource.
2023-07-18 04:29:05 INFO Backup completed at
2023-05-27 12:39:18 WARNING CPU usage exceeded threshold: 87%
2021-07-26 17:15:51 FAILURE Authentication failed for user admin
2023-03-10 00:28:05 INFO Connection successful to remote host.
2021-01-11 09:25:36 NOTICE Service restart triggered by user
2021-05-20 19:55:26 NOTICE Service restart triggered by user
2022-02-03 09:00:48 TRACE Packet dropped due to policy rule
2022-08-04 05:26:10 INFO User logged out
2022-08-17 13:56:02 FAILURE Authentication failed for user admin
2023-06-05 10:08:38 ERROR Could not resolve DNS for internal resource.
2022-09-26 04:21:26 WARNING CPU usage exceeded threshold: 87%
2022-11-21 20:21:39 ERROR Could not resolve DNS for internal resource.
2021-10-10 20:12:03 INFO Connection successful to remote host.
2021-01-05 13:39:17 FAILURE Authentication failed for user admin
2021-03-23 13:25:45 FAILURE Authentication failed for user admin
2023-11-22 08:52:05 INFO Connection successful to remote host.
2021-04-07 10:01:30 INFO Connection successful to remote host.
2021-09-15 08:29:14 ERROR Could not resolve DNS for internal resource.
2022-05-05 13:28:08 INFO Connection successful to remote host.
2022-10-15 20:09:53 DEBUG Process exited with code 0
2022-10-10 21:47:32 DEBUG Process exited with code 0
2021-09-26 03:25:44 ALERT Unauthorized login attempt detected
2021-02-04 13:02:34 ERROR Could not resolve DNS for internal resource.
2021-10-13 21:30:09 FAILURE Authentication failed for user admin
2022-09-20 01:06:35 INFO Connection successful to remote host.
2021-08-01 11:44:13 NOTICE Service restart triggered by user
2023-04-22 09:37:10 INFO Backup completed at
2022-10-05 10:50:05 DEBUG Process exited with code 0
2023-06-19 09:48:31 INFO Connection successful to remote host.
2022-06-23 22:33:31 ERROR Could not resolve DNS for internal resource.
2023-06-10 06:00:26 INFO User logged out
2023-03-27 12:40:33 ALERT Unauthorized login attempt detected
2022-04-19 14:31:18 INFO Connection successful to remote host.
2023-03-10 02:52:42 ERROR Could not resolve DNS for internal resource.
2023-07-26 20:33:37 INFO Backup completed at
2023-07-14 01:51:46 WARNING CPU usage exceeded threshold: 87%
2022-04-15 02:05:32 DEBUG Process exited with code 0
2021-05-15 17:55:24 FAILURE Authentication failed for user admin
2022-01-18 00:52:19 NOTICE Service restart triggered by user
2021-09-20 01:34:32 WARNING CPU usage exceeded threshold: 87%
2022-09-08 08:57:54 NOTICE Service restart triggered by user
