2023-04-26 19:53:52 ALERT Unauthorized login attempt detected
2021-10-10 06:34:40 FAILURE Authentication failed for user admin
2023-04-21 20:42:53 INFO Connection successful to remote host.
2021-09-15 06:52:38 ALERT Unauthorized login attempt detected
2022-01-15 19:41:49 ALERT Unauthorized login attempt detected
2023-10-17 18:25:11 TRACE Packet dropped due to policy rule
2022-04-10 00:38:56 DEBUG Process exited with code 0
2022-11-20 12:23:52 INFO User logged out
2023-05-25 19:08:42 ALERT Unauthorized login attempt detected
2023-10-10 12:41:54 INFO Connection successful to remote host.
2022-09-23 08:00:49 NOTICE Service restart triggered by user
2023-06-21 02:25:30 INFO Connection successful to remote host.
2021-09-18 14:45:08 INFO Backup completed at
2022-03-03 12:13:56 INFO Backup completed at
2023-11-09 11:04:53 INFO Backup completed at
2022-05-24 13:55:37 WARNING CPU usage exceeded threshold: 87%
2023-01-22 12:22:38 INFO Backup completed at
2021-07-17 22:15:04 INFO User logged out
2022-09-13 21:13:20 INFO Backup completed at
2023-09-21 08:54:38 ERROR Could not resolve DNS for internal resource.
2022-09-12 00:39:54 INFO Backup completed at
2022-07-16 15:05:30 INFO Backup completed at
2022-07-21 03:10:34 INFO User logged out
2022-01-01 14:22:18 WARNING CPU usage exceeded threshold: 87%
2022-03-06 19:38:01 INFO User logged out
2021-01-25 13:40:21 NOTICE Service restart triggered by user
2021-05-13 08:04:22 INFO Backup completed at
2022-02-18 05:11:37 INFO User logged out
2022-05-01 09:51:15 INFO Backup completed at
2022-08-13 02:24:12 INFO Connection successful to remote host.
2021-05-16 18:54:45 TRACE Packet dropped due to policy rule
2023-09-17 06:56:29 FAILURE Authentication failed for user admin
2021-11-05 02:13:29 INFO Backup completed at
2023-08-02 08:38:02 NOTICE Service restart triggered by user
2022-04-12 00:24:53 DEBUG Process exited with code 0
2022-09-10 04:39:16 TRACE Packet dropped due to policy rule
2023-04-20 22:57:35 ALERT Unauthorized login attempt detected
2022-03-10 18:03:53 DEBUG Process exited with code 0
2021-08-03 09:21:05 DEBUG Process exited with code 0
2021-11-24 03:03:16 INFO User logged out
2021-06-25 22:39:47 ALERT Unauthorized login attempt detected
2021-08-27 07:37:08 WARNING CPU usage exceeded threshold: 87%
2022-11-05 14:17:12 ERROR Could not resolve DNS for internal resource.
2023-05-11 13:46:39 ERROR Could not resolve DNS for internal resource.
2022-11-04 01:25:00 ALERT Unauthorized login attempt detected
2021-09-11 04:24:15 ERROR Could not resolve DNS for internal resource.
2021-10-05 17:06:04 TRACE Packet dropped due to policy rule
2021-02-17 14:21:43 FAILURE Authentication failed for user admin
2023-05-08 12:45:47 NOTICE Service restart triggered by user
2023-01-26 18:37:20 INFO User logged out
2021-02-05 00:41:10 INFO Connection successful to remote host.
2023-09-08 03:41:29 NOTICE Service restart triggered by user
2022-07-20 04:03:33 INFO Backup completed at
2022-03-11 06:53:49 ALERT Unauthorized login attempt detected
2022-06-06 07:23:36 DEBUG Process exited with code 0
2023-05-07 20:56:41 DEBUG Process exited with code 0
2021-04-07 05:53:31 ERROR Could not resolve DNS for internal resource.
2022-11-03 00:03:20 INFO User logged out
2022-01-19 07:53:09 INFO User logged out
2023-11-05 01:25:43 ERROR Could not resolve DNS for internal resource.
2023-10-09 15:26:36 FAILURE Authentication failed for user admin
2021-06-01 02:29:52 NOTICE Service restart triggered by user
2022-09-15 09:20:44 ALERT Unauthorized login attempt detected
2021-11-18 18:07:23 DEBUG Process exited with code 0
2021-09-18 15:40:24 INFO Backup completed at
2021-04-04 09:43:24 FAILURE Authentication failed for user admin
2022-09-20 05:53:07 ALERT Unauthorized login attempt detected
2023-10-04 13:40:38 DEBUG Process exited with code 0
2021-09-16 07:14:37 INFO Backup completed at
2022-02-22 20:42:32 INFO Connection successful to remote host.
2023-04-02 01:15:38 INFO Connection successful to remote host.
2021-02-27 21:10:26 INFO Connection successful to remote host.
2021-01-20 16:42:20 FAILURE Authentication failed for user admin
2023-07-24 06:49:52 TRACE Packet dropped due to policy rule
2021-08-13 11:04:58 NOTICE Service restart triggered by user
2023-06-14 22:00:44 ALERT Unauthorized login attempt detected
2022-05-19 13:31:22 TRACE Packet dropped due to policy rule
2023-02-15 08:41:25 FAILURE Authentication failed for user admin
2022-02-17 16:13:56 WARNING CPU usage exceeded threshold: 87%
2023-08-07 20:56:21 INFO User logged out
2022-08-16 16:00:35 NOTICE Service restart triggered by user
2023-11-14 13:42:35 ALERT Unauthorized login attempt detected
2022-07-21 14:51:36 NOTICE Service restart triggered by user
2021-05-11 12:48:45 INFO Connection successful to remote host.
2021-03-15 21:13:28 DEBUG Process exited with code 0
2022-03-10 22:37:31 ALERT Unauthorized login attempt detected
2022-10-13 11:37:22 INFO Connection successful to remote host.
2022-01-05 07:48:42 INFO Backup completed at
2021-03-02 15:58:10 FAILURE Authentication failed for user admin
2021-08-06 22:10:50 DEBUG Process exited with code 0
2023-10-15 20:02:37 FAILURE Authentication failed for user admin
2023-03-11 07:45:49 TRACE Packet dropped due to policy rule
2023-10-15 04:49:06 INFO Backup completed at
2021-05-27 20:12:31 FAILURE Authentication failed for user admin
2023-01-27 04:44:17 ALERT Unauthorized login attempt detected
2023-08-10 08:58:42 INFO User logged out
2022-09-12 04:02:23 ALERT Unauthorized login attempt detected
2023-05-05 19:30:20 ALERT Unauthorized login attempt detected
2022-11-03 07:19:52 FAILURE Authentication failed for user admin
2021-06-07 15:42:19 INFO Connection successful to remote host.
2021-02-01 00:16:33 DEBUG Process exited with code 0
2021-10-03 19:43:22 WARNING CPU usage exceeded threshold: 87%
2021-09-13 15:58:22 INFO Connection successful to remote host.
2023-09-17 16:51:03 FAILURE Authentication failed for user admin
2022-05-15 19:46:46 ALERT Unauthorized login attempt detected
2022-11-19 05:43:16 INFO User logged out
2021-08-12 00:02:58 INFO Backup completed at
2023-11-20 03:30:42 FAILURE Authentication failed for user admin
2021-08-08 08:10:23 WARNING CPU usage exceeded threshold: 87%
2022-02-07 03:12:48 INFO User logged out
2021-06-21 21:16:30 TRACE Packet dropped due to policy rule
2023-10-15 20:04:57 NOTICE Service restart triggered by user
2021-05-27 21:42:37 NOTICE Service restart triggered by user
2023-10-27 08:27:42 ERROR Could not resolve DNS for internal resource.
2022-09-26 19:30:36 DEBUG Process exited with code 0
2023-05-27 00:54:31 NOTICE Service restart triggered by user
2023-05-16 10:35:04 INFO Connection successful to remote host.
2022-03-26 11:30:10 NOTICE Service restart triggered by user
2023-06-27 07:28:02 INFO Backup completed at
2021-05-11 13:33:27 DEBUG Process exited with code 0
2021-09-15 06:11:26 INFO Backup completed at
2022-06-04 16:23:04 INFO Backup completed at
2022-11-06 21:45:13 ALERT Unauthorized login attempt detected
2023-02-11 04:41:08 FAILURE Authentication failed for user admin
2021-11-25 05:12:26 INFO User logged out
2023-03-12 09:23:39 NOTICE Service restart triggered by user
2023-07-13 12:15:53 INFO User logged out
2023-06-17 13:41:09 ERROR Could not resolve DNS for internal resource.
2023-02-24 13:05:25 WARNING CPU usage exceeded threshold: 87%
2022-09-25 13:24:25 INFO Connection successful to remote host.
2022-08-25 10:33:34 TRACE Packet dropped due to policy rule
2023-05-20 08:07:45 NOTICE Service restart triggered by user
2023-05-08 13:53:15 INFO User logged out
2021-05-10 16:26:03 DEBUG Process exited with code 0
2021-11-20 11:12:27 WARNING CPU usage exceeded threshold: 87%
2022-08-10 17:58:13 ALERT Unauthorized login attempt detected
2023-11-27 04:15:39 DEBUG Process exited with code 0
2022-03-15 19:30:37 INFO User logged out
2023-06-24 16:11:29 INFO Connection successful to remote host.
2022-09-25 09:42:20 ERROR Could not resolve DNS for internal resource.
2022-07-09 12:54:43 INFO Connection successful to remote host.
2023-11-27 04:31:48 INFO Connection successful to remote host.
2021-01-24 18:06:01 WARNING CPU usage exceeded threshold: 87%
2021-08-17 00:19:53 NOTICE Service restart triggered by user
2022-10-18 13:26:35 ALERT Unauthorized login attempt detected
2023-10-24 06:11:10 ALERT Unauthorized login attempt detected
2021-09-07 15:41:58 DEBUG Process exited with code 0
2022-06-20 13:34:09 ERROR Could not resolve DNS for internal resource.
2021-06-09 08:50:03 DEBUG Process exited with code 0
2023-03-01 04:20:21 TRACE Packet dropped due to policy rule
2022-07-24 20:39:32 NOTICE Service restart triggered by user
2023-08-17 00:41:46 ERROR Could not resolve DNS for internal resource.
2023-09-08 02:07:40 NOTICE Service restart triggered by user
2021-08-23 05:19:25 INFO Backup completed at
2023-06-19 05:34:57 ALERT Unauthorized login attempt detected
2021-06-01 04:45:50 ALERT Unauthorized login attempt detected
2022-07-27 13:45:19 FAILURE Authentication failed for user admin
2023-05-06 17:37:54 NOTICE Service restart triggered by user
2022-11-01 01:12:45 ERROR Could not resolve DNS for internal resource.
2022-10-07 17:34:16 ERROR Could not resolve DNS for internal resource.
2021-11-09 13:14:47 INFO User logged out
2022-09-26 05:34:00 NOTICE Service restart triggered by user
2023-09-08 12:58:04 ALERT Unauthorized login attempt detected
2022-06-05 08:21:03 ERROR Could not resolve DNS for internal resource.
2022-07-10 00:27:33 INFO Backup completed at
2021-05-19 00:24:14 ERROR Could not resolve DNS for internal resource.
2021-05-03 15:34:38 DEBUG Process exited with code 0
2022-04-13 17:23:47 INFO User logged out
2021-01-22 09:26:25 ERROR Could not resolve DNS for internal resource.
2023-03-18 00:12:36 FAILURE Authentication failed for user admin
2022-03-20 05:35:12 DEBUG Process exited with code 0
2022-06-17 17:48:39 INFO User logged out
2022-08-13 06:36:51 WARNING CPU usage exceeded threshold: 87%
2022-04-26 09:03:11 FAILURE Authentication failed for user admin
2021-05-06 10:44:20 FAILURE Authentication failed for user admin
2021-02-16 19:24:53 TRACE Packet dropped due to policy rule
2023-10-04 21:36:22 INFO User logged out
2021-01-03 03:12:36 INFO User logged out
2021-06-01 12:39:45 INFO Connection successful to remote host.
2023-09-21 09:32:10 DEBUG Process exited with code 0
2023-08-13 07:09:06 INFO Connection successful to remote host.
2021-09-24 14:17:18 ERROR Could not resolve DNS for internal resource.
2021-03-04 14:03:51 NOTICE Service restart triggered by user
2022-01-22 22:39:06 INFO Connection successful to remote host.
2023-06-12 18:38:13 NOTICE Service restart triggered by user
2022-10-03 11:15:22 NOTICE Service restart triggered by user
2023-05-11 04:10:02 ERROR Could not resolve DNS for internal resource.
2022-07-14 12:03:46 ALERT Unauthorized login attempt detected
2022-07-21 11:04:44 ERROR Could not resolve DNS for internal resource.
2023-04-01 06:45:10 TRACE Packet dropped due to policy rule
2021-06-14 08:44:29 INFO Connection successful to remote host.
2023-04-06 04:34:39 NOTICE Service restart triggered by user
2021-10-24 05:16:57 NOTICE Service restart triggered by user
2021-11-04 21:49:05 FAILURE Authentication failed for user admin
2022-08-06 17:43:04 INFO Connection successful to remote host.
2022-01-24 05:54:37 ALERT Unauthorized login attempt detected
2021-08-06 08:11:07 TRACE Packet dropped due to policy rule
2022-08-09 01:44:04 INFO User logged out
2021-07-08 19:51:20 ERROR Could not resolve DNS for internal resource.
2022-02-23 13:09:40 DEBUG Process exited with code 0
2021-07-15 17:31:21 WARNING CPU usage exceeded threshold: 87%
