2022-11-11 16:35:06 INFO Backup completed at
2022-11-17 13:49:46 INFO Connection successful to remote host.
2021-06-03 12:17:30 ERROR Could not resolve DNS for internal resource.
2021-07-14 07:22:12 NOTICE Service restart triggered by user
2022-01-05 07:50:48 INFO Backup completed at
2023-01-23 10:29:30 NOTICE Service restart triggered by user
2023-06-16 19:53:44 INFO Connection successful to remote host.
2023-11-05 07:56:26 ERROR Could not resolve DNS for internal resource.
2022-05-13 21:03:04 INFO Backup completed at
2021-10-26 21:41:06 ERROR Could not resolve DNS for internal resource.
2023-10-25 14:54:21 WARNING CPU usage exceeded threshold: 87%
2023-05-24 08:11:44 INFO User logged out
2021-01-03 07:11:35 FAILURE Authentication failed for user admin
2021-07-27 01:47:39 TRACE Packet dropped due to policy rule
2021-08-18 11:42:45 FAILURE Authentication failed for user admin
2021-08-23 15:48:38 FAILURE Authentication failed for user admin
2022-05-14 08:28:45 INFO Backup completed at
2023-10-13 22:41:57 TRACE Packet dropped due to policy rule
2022-03-11 22:11:32 ERROR Could not resolve DNS for internal resource.
2023-07-11 21:41:13 WARNING CPU usage exceeded threshold: 87%
2023-04-24 18:36:43 ERROR Could not resolve DNS for internal resource.
2023-04-08 16:51:33 ALERT Unauthorized login attempt detected
2021-05-20 15:25:30 ALERT Unauthorized login attempt detected
2022-01-08 16:18:37 WARNING CPU usage exceeded threshold: 87%
2021-06-16 02:24:18 INFO Connection successful to remote host.
2023-06-06 18:01:10 INFO Connection successful to remote host.
2022-11-05 10:23:31 ERROR Could not resolve DNS for internal resource.
2022-04-07 21:31:28 FAILURE Authentication failed for user admin
2023-08-04 15:32:01 INFO User logged out
2023-09-02 05:35:52 DEBUG Process exited with code 0
2021-05-12 03:47:38 INFO Backup completed at
2021-03-21 06:18:35 WARNING CPU usage exceeded threshold: 87%
2023-01-08 02:56:29 ERROR Could not resolve DNS for internal resource.
2023-07-26 19:41:38 DEBUG Process exited with code 0
2023-05-07 03:20:27 NOTICE Service restart triggered by user
2023-10-21 11:47:18 DEBUG Process exited with code 0
2023-08-24 06:56:21 INFO Backup completed at
2021-04-25 20:47:08 INFO Backup completed at
2021-04-24 11:42:09 TRACE Packet dropped due to policy rule
2021-08-14 07:21:36 WARNING CPU usage exceeded threshold: 87%
2022-02-06 02:54:56 ERROR Could not resolve DNS for internal resource.
2023-01-21 03:40:10 INFO Backup completed at
2022-08-03 08:08:56 INFO User logged out
2021-02-26 21:23:03 ALERT Unauthorized login attempt detected
2021-05-01 16:35:30 INFO Backup completed at
2021-07-25 05:44:38 ERROR Could not resolve DNS for internal resource.
2022-11-05 05:22:20 INFO Backup completed at
2023-02-25 08:33:33 INFO User logged out
2021-04-06 10:28:44 INFO User logged out
2022-03-04 02:08:53 NOTICE Service restart triggered by user
2021-07-14 18:30:55 TRACE Packet dropped due to policy rule
2021-04-27 08:28:08 ERROR Could not resolve DNS for internal resource.
2023-05-09 22:21:30 INFO User logged out
2022-10-16 16:30:51 INFO Connection successful to remote host.
2022-03-23 03:43:26 DEBUG Process exited with code 0
2022-08-20 17:36:50 WARNING CPU usage exceeded threshold: 87%
2021-02-03 11:45:23 FAILURE Authentication failed for user admin
2022-02-05 05:56:46 TRACE Packet dropped due to policy rule
2022-01-25 17:05:50 INFO Connection successful to remote host.
2023-11-23 00:44:11 TRACE Packet dropped due to policy rule
2023-03-24 19:22:56 INFO Connection successful to remote host.
2022-03-14 07:31:06 WARNING CPU usage exceeded threshold: 87%
2023-09-02 01:37:22 FAILURE Authentication failed for user admin
2022-01-03 18:42:33 ALERT Unauthorized login attempt detected
2021-01-06 01:34:33 ERROR Could not resolve DNS for internal resource.
2021-07-24 13:36:19 TRACE Packet dropped due to policy rule
2022-09-17 18:11:27 WARNING CPU usage exceeded threshold: 87%
2021-08-03 05:01:11 DEBUG Process exited with code 0
2022-01-09 15:48:35 WARNING CPU usage exceeded threshold: 87%
2021-08-22 18:48:43 ALERT Unauthorized login attempt detected
2023-06-20 18:51:28 INFO Backup completed at
2021-02-11 00:24:31 WARNING CPU usage exceeded threshold: 87%
2023-08-03 14:54:18 ERROR Could not resolve DNS for internal resource.
2021-11-05 16:56:31 FAILURE Authentication failed for user admin
2021-11-09 20:44:49 TRACE Packet dropped due to policy rule
2022-07-05 00:27:58 WARNING CPU usage exceeded threshold: 87%
2023-01-21 10:43:01 ERROR Could not resolve DNS for internal resource.
2022-11-27 01:28:12 INFO Backup completed at
2021-07-04 07:08:15 DEBUG Process exited with code 0
2023-03-12 14:39:20 INFO Connection successful to remote host.
2021-08-05 07:45:04 NOTICE Service restart triggered by user
2021-03-06 16:19:53 INFO Connection successful to remote host.
2021-01-25 14:35:25 INFO Backup completed at
2021-05-07 16:06:51 ERROR Could not resolve DNS for internal resource.
2023-04-25 04:13:58 INFO User logged out
2023-04-11 06:30:47 INFO Connection successful to remote host.
2023-08-03 15:24:56 INFO Backup completed at
2021-04-27 19:06:44 INFO User logged out
2021-09-16 00:08:31 WARNING CPU usage exceeded threshold: 87%
2023-06-02 02:25:33 FAILURE Authentication failed for user admin
2022-02-25 07:27:21 INFO Connection successful to remote host.
2021-09-03 08:00:51 ERROR Could not resolve DNS for internal resource.
2023-02-02 07:56:01 INFO User logged out
2021-01-23 17:12:39 NOTICE Service restart triggered by user
2021-01-10 00:15:35 INFO Connection successful to remote host.
2023-02-16 01:17:12 FAILURE Authentication failed for user admin
2023-01-23 09:09:15 WARNING CPU usage exceeded threshold: 87%
2022-08-03 08:20:41 NOTICE Service restart triggered by user
2021-10-27 16:43:27 ERROR Could not resolve DNS for internal resource.
2023-10-14 10:00:58 NOTICE Service restart triggered by user
2022-08-08 00:16:31 INFO Backup completed at
2022-10-18 20:15:54 TRACE Packet dropped due to policy rule
2021-01-06 10:28:04 DEBUG Process exited with code 0
2021-10-26 20:16:26 TRACE Packet dropped due to policy rule
2021-09-16 04:43:50 ALERT Unauthorized login attempt detected
2023-10-12 10:38:39 FAILURE Authentication failed for user admin
2023-11-24 02:58:11 INFO Backup completed at
2022-09-04 10:53:01 NOTICE Service restart triggered by user
2022-07-13 10:22:07 DEBUG Process exited with code 0
2022-05-09 09:16:20 INFO Connection successful to remote host.
2022-07-24 00:30:34 DEBUG Process exited with code 0
2022-03-07 10:49:19 ALERT Unauthorized login attempt detected
2022-08-03 06:10:29 INFO User logged out
2021-03-16 14:18:10 NOTICE Service restart triggered by user
2021-09-06 04:47:46 INFO User logged out
2023-10-21 20:52:16 ALERT Unauthorized login attempt detected
2021-09-18 12:06:13 ERROR Could not resolve DNS for internal resource.
2022-11-10 07:27:00 INFO User logged out
2022-07-26 00:17:07 INFO User logged out
2021-06-12 03:11:01 WARNING CPU usage exceeded threshold: 87%
2023-03-25 20:12:16 TRACE Packet dropped due to policy rule
2022-05-04 11:26:27 ERROR Could not resolve DNS for internal resource.
2023-04-24 10:13:40 INFO User logged out
2021-01-26 18:27:24 ALERT Unauthorized login attempt detected
2022-03-17 21:14:18 TRACE Packet dropped due to policy rule
2022-07-08 03:30:02 FAILURE Authentication failed for user admin
2021-07-04 22:03:00 ERROR Could not resolve DNS for internal resource.
2022-07-12 04:39:17 INFO User logged out
2023-04-04 22:45:34 WARNING CPU usage exceeded threshold: 87%
2021-03-13 13:52:54 TRACE Packet dropped due to policy rule
2022-04-16 00:39:36 FAILURE Authentication failed for user admin
2022-02-01 00:41:10 INFO User logged out
2021-09-09 06:30:47 ERROR Could not resolve DNS for internal resource.
2021-07-22 06:52:20 TRACE Packet dropped due to policy rule
2022-01-22 02:08:15 ERROR Could not resolve DNS for internal resource.
2021-08-01 09:00:42 ALERT Unauthorized login attempt detected
2023-02-07 11:12:01 FAILURE Authentication failed for user admin
2023-01-07 06:18:42 INFO User logged out
2021-11-19 04:39:05 DEBUG Process exited with code 0
2022-05-08 09:50:16 DEBUG Process exited with code 0
2021-08-27 13:53:39 WARNING CPU usage exceeded threshold: 87%
2021-07-19 15:16:36 ALERT Unauthorized login attempt detected
2023-04-15 01:09:47 INFO Backup completed at
2023-04-14 07:32:27 TRACE Packet dropped due to policy rule
