2021-08-12 08:13:25 INFO Connection successful to remote host.
2023-07-05 06:17:44 INFO User logged out
2021-11-09 12:00:22 ALERT Unauthorized login attempt detected
2022-02-13 12:46:17 NOTICE Service restart triggered by user
2023-03-05 00:32:00 NOTICE Service restart triggered by user
2022-01-09 16:35:58 INFO Connection successful to remote host.
2022-01-14 16:26:48 INFO User logged out
2021-02-01 12:13:47 TRACE Packet dropped due to policy rule
2021-10-22 00:53:04 ALERT Unauthorized login attempt detected
2021-03-14 08:55:06 NOTICE Service restart triggered by user
2022-09-06 11:48:19 FAILURE Authentication failed for user admin
2022-03-27 14:55:08 INFO Connection successful to remote host.
2022-04-20 21:34:17 FAILURE Authentication failed for user admin
2021-08-25 03:14:28 INFO User logged out
2021-01-07 19:04:40 FAILURE Authentication failed for user admin
2023-05-26 00:57:23 INFO Connection successful to remote host.
2023-07-10 16:19:19 NOTICE Service restart triggered by user
2021-02-27 12:37:09 ALERT Unauthorized login attempt detected
2022-06-19 00:41:22 WARNING CPU usage exceeded threshold: 87%
2021-08-27 03:49:01 NOTICE Service restart triggered by user
2021-05-15 14:32:49 ERROR Could not resolve DNS for internal resource.
2021-10-06 02:11:51 NOTICE Service restart triggered by user
2022-01-15 09:44:18 INFO Connection successful to remote host.
2022-05-08 12:25:22 TRACE Packet dropped due to policy rule
2022-08-04 10:50:40 INFO Backup completed at
2021-08-23 21:58:07 INFO Backup completed at
2023-04-05 20:58:50 INFO Connection successful to remote host.
2021-04-10 22:15:18 DEBUG Process exited with code 0
2021-03-23 02:58:16 INFO Connection successful to remote host.
2023-01-14 02:06:41 WARNING CPU usage exceeded threshold: 87%
2021-04-01 13:31:38 DEBUG Process exited with code 0
2021-01-17 20:28:39 DEBUG Process exited with code 0
2021-05-15 20:03:32 INFO Backup completed at
2022-10-14 01:00:32 ALERT Unauthorized login attempt detected
2021-07-17 14:55:46 ERROR Could not resolve DNS for internal resource.
2021-06-11 02:04:24 FAILURE Authentication failed for user admin
2023-08-07 10:39:28 ALERT Unauthorized login attempt detected
2022-07-04 04:28:00 NOTICE Service restart triggered by user
2023-08-01 10:03:55 TRACE Packet dropped due to policy rule
2021-09-08 22:52:04 WARNING CPU usage exceeded threshold: 87%
2022-06-16 07:26:38 FAILURE Authentication failed for user admin
2023-02-15 15:50:06 DEBUG Process exited with code 0
2023-07-06 11:11:35 NOTICE Service restart triggered by user
2021-03-05 02:43:53 INFO Backup completed at
2023-01-27 14:29:48 FAILURE Authentication failed for user admin
2023-02-04 10:25:16 NOTICE Service restart triggered by user
2023-08-13 01:11:08 INFO Backup completed at
2023-02-09 20:45:06 INFO User logged out
2023-02-12 04:11:33 DEBUG Process exited with code 0
2022-09-26 22:50:39 INFO User logged out
2023-06-20 17:25:48 INFO User logged out
2021-02-21 06:52:37 INFO Backup completed at
2021-04-16 01:23:32 NOTICE Service restart triggered by user
2021-02-07 10:00:47 ALERT Unauthorized login attempt detected
2021-02-12 09:15:17 ERROR Could not resolve DNS for internal resource.
2022-06-24 03:36:15 INFO Connection successful to remote host.
2021-11-09 14:09:04 FAILURE Authentication failed for user admin
2022-09-08 09:20:22 ERROR Could not resolve DNS for internal resource.
2023-09-21 19:38:46 DEBUG Process exited with code 0
2021-10-06 03:56:25 WARNING CPU usage exceeded threshold: 87%
2021-02-17 10:01:23 ALERT Unauthorized login attempt detected
2022-07-27 16:46:51 INFO Connection successful to remote host.
2022-10-07 10:15:56 NOTICE Service restart triggered by user
2022-03-07 14:04:55 NOTICE Service restart triggered by user
2022-07-18 12:23:57 ERROR Could not resolve DNS for internal resource.
2022-10-05 03:04:19 DEBUG Process exited with code 0
2023-01-19 19:16:11 ERROR Could not resolve DNS for internal resource.
2021-10-01 13:47:16 NOTICE Service restart triggered by user
2023-11-02 09:32:35 INFO Connection successful to remote host.
2022-07-12 22:07:18 ALERT Unauthorized login attempt detected
2022-02-27 21:32:12 DEBUG Process exited with code 0
2021-05-10 13:53:27 INFO Backup completed at
2023-08-13 00:08:14 ALERT Unauthorized login attempt detected
2023-06-08 21:10:25 NOTICE Service restart triggered by user
2021-07-12 05:40:51 FAILURE Authentication failed for user admin
2022-11-16 17:10:28 ALERT Unauthorized login attempt detected
2023-01-04 11:32:42 ALERT Unauthorized login attempt detected
2022-02-12 02:05:46 WARNING CPU usage exceeded threshold: 87%
2023-02-27 19:15:34 INFO User logged out
2023-02-11 13:07:21 INFO User logged out
2023-02-16 07:35:42 ALERT Unauthorized login attempt detected
2023-04-21 12:51:18 INFO Connection successful to remote host.
2021-07-14 07:21:30 WARNING CPU usage exceeded threshold: 87%
2021-03-21 11:02:16 NOTICE Service restart triggered by user
