2021-10-22 20:46:13 TRACE Packet dropped due to policy rule
2022-06-18 16:35:25 INFO Connection successful to remote host.
2021-04-27 01:00:17 DEBUG Process exited with code 0
2021-02-13 09:00:02 TRACE Packet dropped due to policy rule
2021-08-01 22:46:09 INFO User logged out
2022-01-27 09:28:00 DEBUG Process exited with code 0
2021-09-11 07:14:43 WARNING CPU usage exceeded threshold: 87%
2022-09-19 11:44:12 FAILURE Authentication failed for user admin
2022-02-06 10:41:15 NOTICE Service restart triggered by user
2021-03-09 19:36:49 DEBUG Process exited with code 0
2023-07-02 12:21:50 FAILURE Authentication failed for user admin
2022-04-08 13:13:17 NOTICE Service restart triggered by user
2021-01-05 06:30:27 INFO Connection successful to remote host.
2021-09-13 07:37:39 TRACE Packet dropped due to policy rule
2023-04-12 10:57:35 ERROR Could not resolve DNS for internal resource.
2022-07-21 19:03:43 NOTICE Service restart triggered by user
2021-10-09 04:29:40 FAILURE Authentication failed for user admin
2021-06-11 22:05:17 FAILURE Authentication failed for user admin
2022-06-05 01:24:08 ERROR Could not resolve DNS for internal resource.
2021-05-26 12:15:43 INFO Connection successful to remote host.
2023-11-07 04:46:41 INFO Backup completed at
2021-10-06 13:05:12 TRACE Packet dropped due to policy rule
2023-02-05 11:00:56 DEBUG Process exited with code 0
2023-04-03 21:42:51 INFO User logged out
2022-02-02 12:26:29 NOTICE Service restart triggered by user
2022-03-21 18:56:49 NOTICE Service restart triggered by user
2021-11-20 13:08:58 WARNING CPU usage exceeded threshold: 87%
2021-03-16 04:58:20 FAILURE Authentication failed for user admin
2021-06-15 22:20:41 INFO Connection successful to remote host.
2022-03-21 02:23:45 INFO User logged out
2022-08-14 10:52:22 INFO Backup completed at
2022-04-18 02:03:42 NOTICE Service restart triggered by user
2021-05-25 13:29:14 INFO Backup completed at
2022-04-10 12:05:36 NOTICE Service restart triggered by user
2023-05-23 05:10:42 ERROR Could not resolve DNS for internal resource.
2021-03-22 07:39:14 INFO User logged out
2022-02-04 16:25:48 INFO Connection successful to remote host.
2022-04-08 13:43:10 WARNING CPU usage exceeded threshold: 87%
2022-10-11 20:13:39 ALERT Unauthorized login attempt detected
2022-02-25 13:07:11 WARNING CPU usage exceeded threshold: 87%
2021-09-01 06:25:35 DEBUG Process exited with code 0
2023-07-06 20:07:50 DEBUG Process exited with code 0
2021-08-02 20:23:38 ALERT Unauthorized login attempt detected
2022-08-20 18:14:42 INFO Backup completed at
2022-02-27 07:52:29 ALERT Unauthorized login attempt detected
2021-03-18 13:54:16 INFO Backup completed at
2021-04-27 08:52:24 FAILURE Authentication failed for user admin
2022-03-18 18:28:40 ERROR Could not resolve DNS for internal resource.
2022-09-03 10:51:36 INFO User logged out
2023-08-15 18:42:03 INFO User logged out
2023-11-27 14:02:15 FAILURE Authentication failed for user admin
2023-02-22 17:50:41 TRACE Packet dropped due to policy rule
2023-01-25 16:40:44 INFO Backup completed at
2022-09-05 13:04:14 FAILURE Authentication failed for user admin
2021-04-22 11:58:40 INFO User logged out
2021-11-25 17:43:16 WARNING CPU usage exceeded threshold: 87%
2021-05-21 02:30:37 INFO Connection successful to remote host.
2021-06-06 04:41:21 WARNING CPU usage exceeded threshold: 87%
2021-10-07 21:53:46 INFO User logged out
2023-02-05 16:05:20 INFO User logged out
2021-05-10 03:52:03 ERROR Could not resolve DNS for internal resource.
2023-11-05 12:32:48 WARNING CPU usage exceeded threshold: 87%
2022-10-26 06:07:03 INFO Backup completed at
2023-05-03 05:47:54 ALERT Unauthorized login attempt detected
2023-04-07 02:25:03 DEBUG Process exited with code 0
2023-08-15 01:05:13 DEBUG Process exited with code 0
2022-09-23 20:56:55 ERROR Could not resolve DNS for internal resource.
2023-07-20 20:17:36 INFO Connection successful to remote host.
2021-11-07 03:21:58 WARNING CPU usage exceeded threshold: 87%
2022-01-16 20:15:06 INFO Connection successful to remote host.
2023-10-07 17:55:33 TRACE Packet dropped due to policy rule
2023-02-04 13:38:00 INFO Connection successful to remote host.
2022-07-15 14:54:52 ERROR Could not resolve DNS for internal resource.
2021-10-05 01:46:13 DEBUG Process exited with code 0
