2022-07-10 02:29:53 DEBUG Process exited with code 0
2021-04-02 21:51:03 NOTICE Service restart triggered by user
2021-06-14 10:57:46 WARNING CPU usage exceeded threshold: 87%
2021-11-05 21:48:57 TRACE Packet dropped due to policy rule
2023-11-23 18:31:43 ERROR Could not resolve DNS for internal resource.
2023-03-15 19:31:53 INFO User logged out
2022-05-12 00:53:06 TRACE Packet dropped due to policy rule
2022-04-08 01:04:56 ALERT Unauthorized login attempt detected
2021-02-26 20:28:04 ALERT Unauthorized login attempt detected
2021-09-14 11:39:05 TRACE Packet dropped due to policy rule
2021-07-02 09:35:21 INFO User logged out
2022-04-06 03:42:11 INFO User logged out
2022-02-19 20:55:38 INFO Backup completed at
2023-08-18 20:02:46 INFO Backup completed at
2022-01-18 12:16:38 TRACE Packet dropped due to policy rule
2022-03-04 07:44:22 DEBUG Process exited with code 0
2022-04-23 14:24:16 INFO User logged out
2021-11-06 17:39:55 FAILURE Authentication failed for user admin
2022-08-16 05:49:56 ERROR Could not resolve DNS for internal resource.
2022-03-06 05:06:35 ALERT Unauthorized login attempt detected
2023-01-20 17:10:24 ALERT Unauthorized login attempt detected
2022-01-24 19:25:55 DEBUG Process exited with code 0
2023-01-16 05:56:24 DEBUG Process exited with code 0
2023-04-07 06:46:29 INFO Backup completed at
2021-09-19 17:46:34 TRACE Packet dropped due to policy rule
2022-01-07 12:44:57 FAILURE Authentication failed for user admin
2022-08-21 09:24:49 INFO Connection successful to remote host.
2022-01-09 13:51:01 ERROR Could not resolve DNS for internal resource.
2022-08-20 21:41:50 ERROR Could not resolve DNS for internal resource.
2022-05-17 16:51:51 ALERT Unauthorized login attempt detected
2021-06-19 16:38:41 INFO Backup completed at
2022-05-16 08:47:50 DEBUG Process exited with code 0
2021-07-04 18:58:53 WARNING CPU usage exceeded threshold: 87%
2022-01-25 01:48:24 WARNING CPU usage exceeded threshold: 87%
2022-05-07 07:29:19 FAILURE Authentication failed for user admin
2023-08-05 04:22:53 INFO User logged out
2023-11-12 14:06:04 ERROR Could not resolve DNS for internal resource.
2023-07-21 18:39:44 FAILURE Authentication failed for user admin
2023-10-27 18:47:01 INFO Connection successful to remote host.
2022-10-19 12:57:23 ALERT Unauthorized login attempt detected
2022-01-09 00:42:15 DEBUG Process exited with code 0
2022-08-04 07:12:40 NOTICE Service restart triggered by user
2023-02-10 00:34:57 FAILURE Authentication failed for user admin
2022-04-16 20:41:34 FAILURE Authentication failed for user admin
2021-04-07 21:19:07 WARNING CPU usage exceeded threshold: 87%
2023-10-24 04:03:45 NOTICE Service restart triggered by user
2021-08-02 17:56:51 ALERT Unauthorized login attempt detected
2021-03-19 20:22:37 WARNING CPU usage exceeded threshold: 87%
2021-05-01 12:03:51 ALERT Unauthorized login attempt detected
2021-03-13 21:44:21 INFO Backup completed at
2023-06-21 16:53:25 DEBUG Process exited with code 0
2022-06-05 16:46:02 INFO Backup completed at
2021-02-23 16:16:08 FAILURE Authentication failed for user admin
2022-01-20 05:16:52 NOTICE Service restart triggered by user
2021-06-21 15:45:50 ALERT Unauthorized login attempt detected
2022-02-21 10:20:28 ALERT Unauthorized login attempt detected
2023-09-09 02:04:13 ALERT Unauthorized login attempt detected
2023-01-16 01:35:48 NOTICE Service restart triggered by user
2022-04-14 12:32:36 NOTICE Service restart triggered by user
2023-06-17 11:02:22 INFO User logged out
2022-10-06 12:52:20 INFO User logged out
2021-02-02 13:56:34 ALERT Unauthorized login attempt detected
2022-02-06 21:19:13 FAILURE Authentication failed for user admin
2022-04-08 16:29:13 DEBUG Process exited with code 0
2023-07-26 12:44:53 ALERT Unauthorized login attempt detected
2023-06-05 17:25:26 INFO User logged out
2022-01-01 12:13:47 TRACE Packet dropped due to policy rule
2022-02-25 05:50:04 ALERT Unauthorized login attempt detected
2023-03-27 08:15:16 DEBUG Process exited with code 0
2022-06-22 05:31:05 DEBUG Process exited with code 0
2022-05-15 14:12:34 TRACE Packet dropped due to policy rule
2021-06-26 22:39:46 FAILURE Authentication failed for user admin
2023-09-12 04:44:22 ERROR Could not resolve DNS for internal resource.
2023-05-09 14:01:45 ERROR Could not resolve DNS for internal resource.
2023-04-02 03:26:15 TRACE Packet dropped due to policy rule
2022-05-08 17:46:38 FAILURE Authentication failed for user admin
2021-01-14 15:40:50 NOTICE Service restart triggered by user
2022-04-20 14:51:25 ALERT Unauthorized login attempt detected
2021-01-05 15:57:54 INFO User logged out
2022-06-22 18:17:10 NOTICE Service restart triggered by user
2021-07-02 12:00:37 ALERT Unauthorized login attempt detected
2023-09-17 18:13:21 WARNING CPU usage exceeded threshold: 87%
2022-07-08 09:20:26 WARNING CPU usage exceeded threshold: 87%
2023-06-20 10:11:44 INFO Backup completed at
2022-11-17 16:03:58 INFO User logged out
2021-10-24 01:04:53 INFO User logged out
2023-06-24 07:42:51 ERROR Could not resolve DNS for internal resource.
2021-08-11 14:05:00 ERROR Could not resolve DNS for internal resource.
2022-06-11 15:19:35 INFO User logged out
2023-07-17 03:13:44 NOTICE Service restart triggered by user
2021-07-09 20:50:01 INFO User logged out
2021-10-14 20:54:56 ALERT Unauthorized login attempt detected
2021-04-03 07:23:34 INFO User logged out
2021-06-15 14:06:35 NOTICE Service restart triggered by user
2023-01-25 01:17:07 FAILURE Authentication failed for user admin
2023-07-27 15:35:45 FAILURE Authentication failed for user admin
2022-09-13 04:25:17 INFO User logged out
2021-03-16 19:38:04 TRACE Packet dropped due to policy rule
2021-09-21 11:42:42 NOTICE Service restart triggered by user
2021-09-25 03:01:55 INFO Backup completed at
2022-05-27 21:26:55 INFO Connection successful to remote host.
2022-07-08 21:01:07 INFO User logged out
2023-11-03 00:46:16 ERROR Could not resolve DNS for internal resource.
2023-09-13 19:57:29 NOTICE Service restart triggered by user
2022-04-23 02:20:05 TRACE Packet dropped due to policy rule
2022-06-17 12:42:44 INFO Connection successful to remote host.
2021-08-24 18:17:21 NOTICE Service restart triggered by user
2021-10-10 22:16:10 ERROR Could not resolve DNS for internal resource.
2021-05-25 09:42:06 DEBUG Process exited with code 0
2021-04-16 14:03:28 INFO Backup completed at
2022-06-22 01:15:00 INFO Connection successful to remote host.
2022-11-17 00:06:49 WARNING CPU usage exceeded threshold: 87%
2022-09-04 17:00:17 ERROR Could not resolve DNS for internal resource.
2022-10-26 04:19:23 DEBUG Process exited with code 0
2021-01-14 02:43:12 INFO Connection successful to remote host.
2022-11-21 07:39:32 WARNING CPU usage exceeded threshold: 87%
2021-10-05 02:15:08 TRACE Packet dropped due to policy rule
2022-08-12 02:30:01 DEBUG Process exited with code 0
2021-01-17 09:01:21 INFO Backup completed at
2021-08-22 15:57:26 NOTICE Service restart triggered by user
2023-01-24 11:43:24 DEBUG Process exited with code 0
2022-03-11 09:52:57 ERROR Could not resolve DNS for internal resource.
2023-04-05 18:55:30 INFO Backup completed at
2021-04-24 12:08:23 NOTICE Service restart triggered by user
2021-08-20 05:00:27 WARNING CPU usage exceeded threshold: 87%
2021-07-16 15:11:18 ALERT Unauthorized login attempt detected
2021-04-03 02:07:10 WARNING CPU usage exceeded threshold: 87%
2021-01-12 05:52:09 TRACE Packet dropped due to policy rule
2021-08-18 00:37:32 FAILURE Authentication failed for user admin
2022-04-26 08:05:11 INFO Backup completed at
2021-10-15 16:47:45 NOTICE Service restart triggered by user
2023-06-09 10:26:19 ERROR Could not resolve DNS for internal resource.
2022-02-17 07:31:54 DEBUG Process exited with code 0
2023-10-17 15:08:31 INFO User logged out
2022-04-24 20:01:04 ERROR Could not resolve DNS for internal resource.
2022-01-15 22:58:50 ALERT Unauthorized login attempt detected
2021-08-19 01:01:04 TRACE Packet dropped due to policy rule
2023-06-22 19:28:54 TRACE Packet dropped due to policy rule
2021-02-05 17:46:25 TRACE Packet dropped due to policy rule
2023-06-22 21:43:04 INFO Connection successful to remote host.
2022-04-01 18:15:07 INFO Backup completed at
2021-08-09 21:46:20 INFO User logged out
2022-11-10 11:34:00 DEBUG Process exited with code 0
2023-04-15 03:44:34 TRACE Packet dropped due to policy rule
2022-04-20 16:33:34 INFO User logged out
2021-11-25 22:13:12 INFO Connection successful to remote host.
2021-10-04 02:01:12 WARNING CPU usage exceeded threshold: 87%
2022-07-04 07:37:53 FAILURE Authentication failed for user admin
2021-11-15 00:04:30 INFO User logged out
2021-09-13 21:04:50 DEBUG Process exited with code 0
2023-06-13 18:46:45 INFO Backup completed at
2021-09-20 11:15:21 INFO Connection successful to remote host.
2021-05-02 12:52:24 ERROR Could not resolve DNS for internal resource.
2021-02-15 03:23:41 INFO Connection successful to remote host.
2022-08-15 03:58:49 TRACE Packet dropped due to policy rule
2023-06-06 05:52:28 DEBUG Process exited with code 0
2022-02-22 19:15:43 WARNING CPU usage exceeded threshold: 87%
2023-07-02 11:14:17 DEBUG Process exited with code 0
2021-10-13 09:29:28 NOTICE Service restart triggered by user
2023-01-15 02:01:01 TRACE Packet dropped due to policy rule
2021-10-16 10:22:06 ALERT Unauthorized login attempt detected
2022-07-27 14:26:31 ERROR Could not resolve DNS for internal resource.
2022-02-02 14:09:55 TRACE Packet dropped due to policy rule
2023-10-15 10:14:01 ERROR Could not resolve DNS for internal resource.
2021-04-03 21:43:16 WARNING CPU usage exceeded threshold: 87%
2022-09-07 12:08:20 NOTICE Service restart triggered by user
2023-02-18 19:18:47 NOTICE Service restart triggered by user
2023-07-06 05:17:36 INFO Connection successful to remote host.
2021-05-25 20:56:16 DEBUG Process exited with code 0
2021-04-15 00:04:12 INFO Connection successful to remote host.
2023-05-21 21:30:25 FAILURE Authentication failed for user admin
2023-06-19 16:43:48 ALERT Unauthorized login attempt detected
2023-06-18 02:36:36 INFO Backup completed at
2022-10-13 22:26:46 FAILURE Authentication failed for user admin
2021-03-04 09:49:31 FAILURE Authentication failed for user admin
2023-10-15 09:20:34 INFO Connection successful to remote host.
2021-03-20 02:08:21 INFO Backup completed at
2021-01-19 19:32:31 WARNING CPU usage exceeded threshold: 87%
2023-09-02 13:33:30 DEBUG Process exited with code 0
2021-09-15 21:48:57 NOTICE Service restart triggered by user
2022-05-16 19:28:18 FAILURE Authentication failed for user admin
2023-09-06 00:30:02 FAILURE Authentication failed for user admin
2022-08-11 07:18:23 FAILURE Authentication failed for user admin
2021-04-24 07:21:51 INFO User logged out
2021-07-06 14:27:29 DEBUG Process exited with code 0
2022-02-12 14:12:49 TRACE Packet dropped due to policy rule
2023-06-05 18:31:39 WARNING CPU usage exceeded threshold: 87%
2022-05-13 17:11:01 ERROR Could not resolve DNS for internal resource.
2023-07-07 03:58:30 TRACE Packet dropped due to policy rule
2023-08-19 12:23:01 TRACE Packet dropped due to policy rule
2023-05-05 21:48:50 TRACE Packet dropped due to policy rule
2021-04-13 00:03:29 WARNING CPU usage exceeded threshold: 87%
2023-04-26 01:09:15 ERROR Could not resolve DNS for internal resource.
2021-02-21 20:23:17 INFO User logged out
2022-10-23 20:36:27 DEBUG Process exited with code 0
2021-06-19 10:03:01 INFO User logged out
2023-05-09 10:28:34 INFO Connection successful to remote host.
2021-01-15 02:56:48 TRACE Packet dropped due to policy rule
2021-04-06 08:36:56 FAILURE Authentication failed for user admin
2022-09-27 16:21:37 INFO Connection successful to remote host.
2022-09-25 21:54:58 INFO User logged out
2023-01-12 13:04:06 DEBUG Process exited with code 0
2023-07-27 03:46:00 NOTICE Service restart triggered by user
2023-02-15 07:01:37 DEBUG Process exited with code 0
2021-10-21 18:32:43 NOTICE Service restart triggered by user
2023-06-19 21:47:36 WARNING CPU usage exceeded threshold: 87%
2022-09-07 05:24:56 TRACE Packet dropped due to policy rule
2022-05-21 18:24:23 INFO Connection successful to remote host.
2021-04-03 14:51:14 WARNING CPU usage exceeded threshold: 87%
2022-08-17 02:36:16 ALERT Unauthorized login attempt detected
2022-09-15 15:28:22 INFO Backup completed at
2021-09-24 00:22:25 DEBUG Process exited with code 0
2022-03-22 20:55:46 WARNING CPU usage exceeded threshold: 87%
2021-03-05 04:38:24 INFO Backup completed at
2022-01-19 10:09:55 DEBUG Process exited with code 0
2021-08-11 05:34:13 ALERT Unauthorized login attempt detected
2021-06-11 08:16:38 DEBUG Process exited with code 0
2021-03-19 09:02:48 INFO Connection successful to remote host.
2021-09-15 02:13:49 FAILURE Authentication failed for user admin
2021-04-26 03:27:33 INFO Backup completed at
2022-01-10 04:55:51 INFO Backup completed at
2021-08-10 19:23:30 DEBUG Process exited with code 0
2022-10-18 17:58:05 TRACE Packet dropped due to policy rule
2021-07-09 11:15:29 INFO User logged out
2021-02-16 15:50:32 NOTICE Service restart triggered by user
