2022-03-20 09:54:25 ERROR Could not resolve DNS for internal resource.
2023-06-22 11:26:52 INFO User logged out
2022-10-02 02:36:07 ALERT Unauthorized login attempt detected
2021-02-06 04:22:54 ALERT Unauthorized login attempt detected
2022-06-13 14:06:58 INFO User logged out
2023-03-09 12:58:47 WARNING CPU usage exceeded threshold: 87%
2021-06-03 08:01:46 ERROR Could not resolve DNS for internal resource.
2022-03-08 14:40:53 TRACE Packet dropped due to policy rule
2023-09-24 19:43:19 ERROR Could not resolve DNS for internal resource.
2021-09-26 15:41:54 ERROR Could not resolve DNS for internal resource.
2021-09-08 17:48:06 INFO Backup completed at
2021-03-09 13:23:35 FAILURE Authentication failed for user admin
2023-04-04 08:07:23 WARNING CPU usage exceeded threshold: 87%
2023-04-09 09:24:11 INFO User logged out
2021-08-24 08:43:41 ALERT Unauthorized login attempt detected
2021-07-26 18:48:37 INFO User logged out
2023-01-02 22:34:53 FAILURE Authentication failed for user admin
2021-08-23 13:34:09 NOTICE Service restart triggered by user
2023-03-03 20:13:11 FAILURE Authentication failed for user admin
2022-10-06 15:24:05 WARNING CPU usage exceeded threshold: 87%
2023-01-19 12:07:02 NOTICE Service restart triggered by user
2021-05-23 18:45:19 WARNING CPU usage exceeded threshold: 87%
2021-07-14 18:33:05 INFO Connection successful to remote host.
2022-05-09 04:51:50 NOTICE Service restart triggered by user
2021-05-20 18:12:43 ALERT Unauthorized login attempt detected
2023-08-10 10:53:42 ALERT Unauthorized login attempt detected
2021-10-20 04:07:40 WARNING CPU usage exceeded threshold: 87%
2021-01-17 11:54:55 TRACE Packet dropped due to policy rule
2023-05-11 22:09:29 INFO Connection successful to remote host.
2021-03-11 13:20:47 INFO Backup completed at
2022-03-16 14:11:58 INFO Connection successful to remote host.
2023-08-23 19:04:48 FAILURE Authentication failed for user admin
2021-03-17 17:47:24 INFO Backup completed at
2021-10-07 12:11:20 ALERT Unauthorized login attempt detected
2023-07-18 02:05:09 ALERT Unauthorized login attempt detected
2021-09-18 03:44:10 DEBUG Process exited with code 0
2021-09-12 17:16:16 INFO Backup completed at
2023-02-20 21:55:24 FAILURE Authentication failed for user admin
2023-05-09 22:18:51 ALERT Unauthorized login attempt detected
2022-06-15 20:33:30 NOTICE Service restart triggered by user
2022-09-17 05:22:06 INFO User logged out
2023-06-22 02:13:31 INFO Connection successful to remote host.
2021-06-25 09:46:03 INFO Backup completed at
2023-09-26 00:45:28 INFO Connection successful to remote host.
2021-07-05 03:22:29 INFO Connection successful to remote host.
2023-09-04 20:39:12 INFO Connection successful to remote host.
2022-11-09 09:17:23 TRACE Packet dropped due to policy rule
2021-05-22 10:23:52 ERROR Could not resolve DNS for internal resource.
2023-09-10 01:44:16 FAILURE Authentication failed for user admin
2021-03-16 08:31:26 INFO Backup completed at
2023-04-01 08:21:19 ERROR Could not resolve DNS for internal resource.
2022-03-03 19:11:28 INFO Connection successful to remote host.
2022-06-08 03:04:08 TRACE Packet dropped due to policy rule
2023-06-13 07:30:30 WARNING CPU usage exceeded threshold: 87%
2023-11-09 13:02:44 ERROR Could not resolve DNS for internal resource.
2022-07-11 09:06:20 INFO Backup completed at
2021-10-24 09:26:37 NOTICE Service restart triggered by user
2023-09-20 06:46:20 FAILURE Authentication failed for user admin
2023-06-13 12:01:41 ALERT Unauthorized login attempt detected
2022-02-16 00:52:57 NOTICE Service restart triggered by user
2022-07-14 08:36:56 INFO User logged out
2022-01-07 07:36:50 NOTICE Service restart triggered by user
2021-07-02 06:33:32 ALERT Unauthorized login attempt detected
2023-10-04 04:06:51 FAILURE Authentication failed for user admin
2022-04-24 09:27:45 ERROR Could not resolve DNS for internal resource.
2022-04-09 22:23:34 NOTICE Service restart triggered by user
2021-02-10 04:21:03 INFO User logged out
2021-01-03 14:00:34 WARNING CPU usage exceeded threshold: 87%
2022-05-16 08:38:56 DEBUG Process exited with code 0
2021-01-19 16:58:07 INFO Connection successful to remote host.
2022-08-21 13:07:37 ERROR Could not resolve DNS for internal resource.
2021-09-05 21:12:12 FAILURE Authentication failed for user admin
2022-01-27 11:42:51 ALERT Unauthorized login attempt detected
2023-03-25 12:50:02 INFO Connection successful to remote host.
2023-04-03 17:18:47 ERROR Could not resolve DNS for internal resource.
2022-03-16 22:17:20 FAILURE Authentication failed for user admin
2023-04-02 06:24:31 INFO Backup completed at
2022-04-09 19:05:04 INFO Backup completed at
2022-04-13 15:00:20 ALERT Unauthorized login attempt detected
2022-01-07 12:02:55 DEBUG Process exited with code 0
2021-11-14 01:30:36 DEBUG Process exited with code 0
2021-07-08 04:49:26 INFO Backup completed at
2021-09-26 15:06:20 TRACE Packet dropped due to policy rule
2023-07-02 08:43:24 INFO Backup completed at
2022-03-15 06:15:13 WARNING CPU usage exceeded threshold: 87%
2023-01-18 10:52:47 NOTICE Service restart triggered by user
2021-02-02 14:33:19 INFO User logged out
2022-01-20 04:48:20 NOTICE Service restart triggered by user
2023-04-14 09:06:44 WARNING CPU usage exceeded threshold: 87%
2023-03-03 01:23:41 ERROR Could not resolve DNS for internal resource.
2022-08-23 00:09:45 DEBUG Process exited with code 0
2023-01-03 12:27:18 ERROR Could not resolve DNS for internal resource.
2022-05-19 21:15:25 DEBUG Process exited with code 0
2023-09-01 21:53:16 INFO Backup completed at
2022-07-13 02:49:13 INFO User logged out
2021-02-05 19:53:55 TRACE Packet dropped due to policy rule
2021-11-01 05:00:38 WARNING CPU usage exceeded threshold: 87%
2022-07-20 05:57:23 INFO Connection successful to remote host.
2022-02-18 06:27:37 WARNING CPU usage exceeded threshold: 87%
2023-08-03 06:32:11 ERROR Could not resolve DNS for internal resource.
2023-03-11 05:00:08 INFO Backup completed at
2022-11-08 16:44:48 INFO Connection successful to remote host.
2021-10-14 03:00:41 FAILURE Authentication failed for user admin
2021-03-15 21:40:03 WARNING CPU usage exceeded threshold: 87%
2022-10-06 16:43:03 DEBUG Process exited with code 0
2022-03-12 15:14:25 INFO Connection successful to remote host.
2022-08-03 09:56:11 ERROR Could not resolve DNS for internal resource.
2022-10-19 17:57:08 INFO User logged out
2023-04-15 07:08:08 WARNING CPU usage exceeded threshold: 87%
2022-03-15 14:39:38 DEBUG Process exited with code 0
2022-09-23 06:40:54 INFO User logged out
2021-01-03 10:10:11 INFO Connection successful to remote host.
2022-05-13 05:05:49 ALERT Unauthorized login attempt detected
2023-07-26 10:39:23 INFO User logged out
2022-09-23 02:10:11 ALERT Unauthorized login attempt detected
2021-06-23 15:41:46 ALERT Unauthorized login attempt detected
2021-03-20 11:21:41 NOTICE Service restart triggered by user
2022-02-25 12:35:31 ALERT Unauthorized login attempt detected
2021-01-23 04:11:55 TRACE Packet dropped due to policy rule
2023-02-10 09:46:47 ERROR Could not resolve DNS for internal resource.
2021-07-05 13:16:42 INFO Backup completed at
2022-06-05 22:28:37 ERROR Could not resolve DNS for internal resource.
2021-09-23 06:18:39 INFO User logged out
2022-11-19 19:37:16 INFO Connection successful to remote host.
2022-05-12 00:24:51 ALERT Unauthorized login attempt detected
2021-09-09 16:40:31 WARNING CPU usage exceeded threshold: 87%
2023-07-27 03:09:01 INFO Backup completed at
2022-02-24 08:21:06 INFO Connection successful to remote host.
2023-10-02 11:17:37 INFO Backup completed at
2022-04-05 16:18:53 INFO Connection successful to remote host.
2023-11-04 20:32:19 TRACE Packet dropped due to policy rule
2021-08-09 19:16:32 DEBUG Process exited with code 0
2022-08-17 07:36:46 NOTICE Service restart triggered by user
2023-11-07 18:25:57 TRACE Packet dropped due to policy rule
2021-04-08 13:13:45 NOTICE Service restart triggered by user
2021-09-27 06:16:53 ALERT Unauthorized login attempt detected
2021-09-02 10:38:47 INFO Connection successful to remote host.
2023-04-17 21:32:55 DEBUG Process exited with code 0
2023-03-23 07:38:43 INFO Backup completed at
2023-05-03 03:27:04 INFO Backup completed at
2022-09-25 13:09:14 DEBUG Process exited with code 0
2021-10-16 19:09:34 FAILURE Authentication failed for user admin
2022-07-07 01:18:21 INFO Backup completed at
2023-04-08 08:09:05 DEBUG Process exited with code 0
2021-11-22 21:56:03 WARNING CPU usage exceeded threshold: 87%
2021-09-18 14:55:40 ALERT Unauthorized login attempt detected
2023-05-09 02:04:41 FAILURE Authentication failed for user admin
2021-01-02 02:19:07 INFO Backup completed at
2023-05-09 08:52:14 FAILURE Authentication failed for user admin
2022-11-02 07:19:05 WARNING CPU usage exceeded threshold: 87%
2023-11-12 11:13:36 TRACE Packet dropped due to policy rule
2022-09-21 02:47:43 ALERT Unauthorized login attempt detected
2021-11-26 12:11:50 WARNING CPU usage exceeded threshold: 87%
2022-01-11 03:13:34 INFO Connection successful to remote host.
2023-11-07 20:25:53 TRACE Packet dropped due to policy rule
2021-07-10 20:22:00 INFO User logged out
2023-06-01 12:21:20 INFO User logged out
2022-04-14 22:24:48 NOTICE Service restart triggered by user
2021-01-20 12:45:12 INFO User logged out
2023-11-13 03:04:55 INFO Connection successful to remote host.
2023-03-09 03:31:13 DEBUG Process exited with code 0
2022-01-27 09:54:21 ALERT Unauthorized login attempt detected
2021-11-11 19:44:45 WARNING CPU usage exceeded threshold: 87%
2021-03-10 07:35:17 INFO Backup completed at
2021-04-23 10:28:31 ERROR Could not resolve DNS for internal resource.
2022-08-05 14:31:18 FAILURE Authentication failed for user admin
2023-05-21 14:12:13 INFO Backup completed at
2022-06-08 08:16:09 INFO User logged out
2023-05-07 02:15:34 INFO Connection successful to remote host.
2023-06-24 03:48:11 WARNING CPU usage exceeded threshold: 87%
2022-08-21 17:47:01 WARNING CPU usage exceeded threshold: 87%
2023-04-23 15:00:19 INFO User logged out
2022-08-17 01:06:30 ALERT Unauthorized login attempt detected
2021-03-17 06:47:31 INFO Backup completed at
2022-02-03 05:20:44 INFO Backup completed at
2022-02-06 00:37:24 INFO User logged out
