2021-04-20 22:46:29 INFO User logged out
2023-02-04 14:56:32 DEBUG Process exited with code 0
2023-08-23 08:10:23 FAILURE Authentication failed for user admin
2021-05-23 00:21:35 TRACE Packet dropped due to policy rule
2023-07-03 13:00:32 NOTICE Service restart triggered by user
2023-10-21 18:33:23 INFO User logged out
2022-04-24 18:50:30 NOTICE Service restart triggered by user
2023-01-23 06:22:07 ALERT Unauthorized login attempt detected
2023-11-10 19:56:47 ERROR Could not resolve DNS for internal resource.
2022-03-26 14:56:47 ERROR Could not resolve DNS for internal resource.
2022-02-14 15:08:40 DEBUG Process exited with code 0
2023-10-02 04:10:02 ALERT Unauthorized login attempt detected
2023-03-02 15:28:54 ERROR Could not resolve DNS for internal resource.
2022-10-24 14:17:13 INFO User logged out
2021-09-24 01:37:03 INFO Connection successful to remote host.
2023-04-12 12:47:05 INFO Connection successful to remote host.
2021-04-20 09:08:40 TRACE Packet dropped due to policy rule
2021-01-21 21:13:20 FAILURE Authentication failed for user admin
2023-10-17 10:53:24 INFO Connection successful to remote host.
2023-11-26 08:06:42 ALERT Unauthorized login attempt detected
2021-11-26 18:23:37 INFO User logged out
2023-06-17 06:42:56 FAILURE Authentication failed for user admin
2023-06-01 18:53:45 INFO Backup completed at
2023-04-22 01:16:05 WARNING CPU usage exceeded threshold: 87%
2023-09-13 02:33:47 INFO Connection successful to remote host.
2021-08-22 21:45:08 TRACE Packet dropped due to policy rule
2021-07-05 15:05:55 INFO Backup completed at
2022-06-21 02:52:02 INFO Backup completed at
2022-07-14 11:31:32 WARNING CPU usage exceeded threshold: 87%
2022-02-05 18:04:16 FAILURE Authentication failed for user admin
2023-03-13 14:57:28 INFO User logged out
2022-06-05 06:14:08 TRACE Packet dropped due to policy rule
2021-08-27 10:43:42 FAILURE Authentication failed for user admin
2021-07-03 06:15:13 NOTICE Service restart triggered by user
2022-11-14 09:35:54 ALERT Unauthorized login attempt detected
2022-10-14 08:17:24 INFO Backup completed at
2022-06-13 21:06:29 WARNING CPU usage exceeded threshold: 87%
2022-07-13 06:41:39 INFO Backup completed at
2022-08-09 11:52:56 INFO User logged out
2023-03-25 02:38:44 INFO Backup completed at
2023-06-11 16:37:01 WARNING CPU usage exceeded threshold: 87%
2021-05-03 16:45:57 DEBUG Process exited with code 0
2023-10-03 14:30:16 WARNING CPU usage exceeded threshold: 87%
2021-06-24 10:06:51 INFO Connection successful to remote host.
2023-10-04 05:09:04 FAILURE Authentication failed for user admin
2023-11-13 02:39:29 ERROR Could not resolve DNS for internal resource.
2022-01-09 15:31:47 TRACE Packet dropped due to policy rule
2021-02-14 00:04:15 INFO User logged out
2023-08-25 14:32:05 ERROR Could not resolve DNS for internal resource.
2023-08-06 15:46:05 FAILURE Authentication failed for user admin
2021-10-08 20:48:34 DEBUG Process exited with code 0
2023-05-07 19:50:50 DEBUG Process exited with code 0
2023-02-17 01:34:25 INFO Connection successful to remote host.
2022-08-01 00:21:37 TRACE Packet dropped due to policy rule
2023-10-10 12:15:04 INFO Backup completed at
2021-10-03 21:43:47 ALERT Unauthorized login attempt detected
2021-04-09 03:05:39 INFO Backup completed at
2022-07-03 15:42:10 INFO Backup completed at
2022-09-14 00:40:56 INFO Connection successful to remote host.
2022-02-25 10:34:29 INFO User logged out
2021-01-22 10:02:27 DEBUG Process exited with code 0
2022-09-09 05:24:18 NOTICE Service restart triggered by user
2023-06-26 22:53:06 ERROR Could not resolve DNS for internal resource.
2023-11-03 03:12:32 WARNING CPU usage exceeded threshold: 87%
2022-11-03 09:57:31 ALERT Unauthorized login attempt detected
2022-03-13 19:35:21 ALERT Unauthorized login attempt detected
2021-06-09 12:54:21 FAILURE Authentication failed for user admin
2023-10-02 22:39:31 INFO User logged out
2023-07-10 07:18:23 WARNING CPU usage exceeded threshold: 87%
2021-10-26 03:33:20 ERROR Could not resolve DNS for internal resource.
2023-05-18 02:44:11 FAILURE Authentication failed for user admin
2021-07-22 03:45:41 ERROR Could not resolve DNS for internal resource.
2022-09-22 07:32:29 FAILURE Authentication failed for user admin
2022-03-18 15:49:51 TRACE Packet dropped due to policy rule
2023-05-12 03:34:01 DEBUG Process exited with code 0
2021-11-05 02:33:37 ERROR Could not resolve DNS for internal resource.
2023-02-05 03:31:22 ALERT Unauthorized login attempt detected
2021-08-23 22:30:38 DEBUG Process exited with code 0
2021-10-22 22:23:09 INFO Connection successful to remote host.
2023-09-16 08:19:08 DEBUG Process exited with code 0
2022-09-17 11:27:40 INFO Connection successful to remote host.
2021-06-06 00:38:27 NOTICE Service restart triggered by user
2021-05-25 21:30:29 INFO Backup completed at
2022-09-27 11:32:38 DEBUG Process exited with code 0
2022-06-27 15:25:32 TRACE Packet dropped due to policy rule
2021-09-19 05:11:27 ALERT Unauthorized login attempt detected
2023-04-05 16:11:26 INFO User logged out
2023-05-08 03:01:34 INFO Connection successful to remote host.
2022-06-02 07:52:34 INFO Backup completed at
2023-10-04 01:27:43 ERROR Could not resolve DNS for internal resource.
