2022-10-10 17:23:23 INFO User logged out
2021-10-26 13:30:51 INFO Backup completed at
2023-08-23 06:22:00 FAILURE Authentication failed for user admin
2022-05-22 21:21:43 INFO User logged out
2023-07-19 05:06:02 NOTICE Service restart triggered by user
2023-07-19 06:28:31 ALERT Unauthorized login attempt detected
2022-06-02 01:21:38 NOTICE Service restart triggered by user
2022-11-26 10:16:05 DEBUG Process exited with code 0
2022-07-19 09:20:10 DEBUG Process exited with code 0
2021-07-10 02:29:35 INFO User logged out
2022-07-11 22:43:25 WARNING CPU usage exceeded threshold: 87%
2022-04-01 12:02:37 ERROR Could not resolve DNS for internal resource.
2023-07-09 00:32:51 FAILURE Authentication failed for user admin
2022-02-14 10:20:23 FAILURE Authentication failed for user admin
2023-02-04 05:47:52 ERROR Could not resolve DNS for internal resource.
2021-03-16 14:05:40 INFO User logged out
2021-10-07 05:40:50 FAILURE Authentication failed for user admin
2023-11-16 04:31:57 NOTICE Service restart triggered by user
2021-07-06 10:58:56 NOTICE Service restart triggered by user
2023-06-01 07:51:39 INFO Backup completed at
2021-10-26 03:07:12 ALERT Unauthorized login attempt detected
2022-11-16 12:14:49 INFO Backup completed at
2021-07-20 20:49:52 TRACE Packet dropped due to policy rule
2021-08-10 02:47:28 INFO User logged out
2023-08-04 04:07:15 ALERT Unauthorized login attempt detected
2023-01-10 15:58:41 ERROR Could not resolve DNS for internal resource.
2022-01-04 02:37:09 INFO Connection successful to remote host.
2022-06-02 11:36:07 INFO Backup completed at
2023-02-04 18:43:34 ALERT Unauthorized login attempt detected
2022-01-24 18:07:04 ERROR Could not resolve DNS for internal resource.
2022-03-22 05:29:06 INFO User logged out
2021-04-21 17:55:33 ALERT Unauthorized login attempt detected
2021-03-19 04:22:19 ALERT Unauthorized login attempt detected
2023-10-15 14:38:47 ERROR Could not resolve DNS for internal resource.
2023-11-07 08:56:41 INFO Connection successful to remote host.
2023-02-02 10:29:21 WARNING CPU usage exceeded threshold: 87%
2021-07-24 12:17:32 ERROR Could not resolve DNS for internal resource.
2021-07-15 09:31:31 INFO Backup completed at
2023-08-21 15:05:57 TRACE Packet dropped due to policy rule
2023-05-04 10:20:15 ALERT Unauthorized login attempt detected
2021-08-10 20:47:47 NOTICE Service restart triggered by user
2022-06-20 07:09:53 DEBUG Process exited with code 0
2021-09-06 10:29:43 DEBUG Process exited with code 0
2022-04-26 15:50:22 ALERT Unauthorized login attempt detected
2021-01-16 10:46:21 WARNING CPU usage exceeded threshold: 87%
2022-09-02 11:36:24 TRACE Packet dropped due to policy rule
2022-01-01 10:58:19 WARNING CPU usage exceeded threshold: 87%
2023-01-13 07:29:55 INFO User logged out
2021-02-09 02:00:15 INFO Connection successful to remote host.
2021-10-07 02:18:30 DEBUG Process exited with code 0
2021-01-06 05:40:43 TRACE Packet dropped due to policy rule
2022-05-18 03:32:42 DEBUG Process exited with code 0
2023-10-10 18:56:24 TRACE Packet dropped due to policy rule
2023-09-27 22:47:58 TRACE Packet dropped due to policy rule
2021-11-22 12:49:48 INFO Backup completed at
2023-09-04 03:56:02 ALERT Unauthorized login attempt detected
2022-11-24 11:40:29 TRACE Packet dropped due to policy rule
2023-01-10 13:13:36 INFO User logged out
2023-07-17 20:49:56 FAILURE Authentication failed for user admin
2023-05-05 03:34:04 INFO Backup completed at
2023-06-13 16:35:26 WARNING CPU usage exceeded threshold: 87%
2023-10-21 12:34:22 FAILURE Authentication failed for user admin
2022-09-18 04:58:26 WARNING CPU usage exceeded threshold: 87%
2021-11-13 09:41:48 FAILURE Authentication failed for user admin
2023-11-13 14:17:48 TRACE Packet dropped due to policy rule
2023-09-05 11:17:54 ALERT Unauthorized login attempt detected
2021-11-09 10:24:58 NOTICE Service restart triggered by user
2021-05-07 15:19:05 TRACE Packet dropped due to policy rule
2022-08-19 14:40:34 NOTICE Service restart triggered by user
2021-08-11 02:39:53 TRACE Packet dropped due to policy rule
2023-01-09 07:40:09 INFO Backup completed at
2021-10-08 08:15:20 WARNING CPU usage exceeded threshold: 87%
2021-01-13 12:57:35 TRACE Packet dropped due to policy rule
2023-11-27 05:29:01 WARNING CPU usage exceeded threshold: 87%
2023-01-24 00:45:26 INFO Connection successful to remote host.
2023-11-09 16:18:01 ERROR Could not resolve DNS for internal resource.
2023-06-09 05:56:21 INFO Backup completed at
2023-02-06 21:33:21 DEBUG Process exited with code 0
2023-01-09 13:43:31 INFO Connection successful to remote host.
2022-08-26 06:53:56 ALERT Unauthorized login attempt detected
2023-05-16 09:11:56 TRACE Packet dropped due to policy rule
2021-07-14 12:49:19 NOTICE Service restart triggered by user
2023-08-13 09:13:41 INFO User logged out
2021-10-08 01:46:00 INFO User logged out
2021-07-26 16:15:33 ERROR Could not resolve DNS for internal resource.
2022-02-06 16:14:49 ALERT Unauthorized login attempt detected
2021-07-11 03:03:38 TRACE Packet dropped due to policy rule
2021-06-22 17:53:26 INFO Connection successful to remote host.
2023-01-24 13:28:03 ERROR Could not resolve DNS for internal resource.
2023-01-06 07:06:45 ALERT Unauthorized login attempt detected
2021-11-02 06:46:53 ERROR Could not resolve DNS for internal resource.
2023-10-20 06:37:25 ERROR Could not resolve DNS for internal resource.
2022-05-13 01:49:20 DEBUG Process exited with code 0
2022-10-12 03:27:04 ALERT Unauthorized login attempt detected
2021-05-01 13:24:55 FAILURE Authentication failed for user admin
2021-06-24 21:14:01 NOTICE Service restart triggered by user
2022-09-17 17:46:12 FAILURE Authentication failed for user admin
2021-04-05 21:28:06 INFO Backup completed at
2021-09-14 11:03:44 INFO User logged out
2021-01-05 02:42:04 FAILURE Authentication failed for user admin
2021-05-07 20:54:09 NOTICE Service restart triggered by user
2022-08-25 04:38:20 NOTICE Service restart triggered by user
2022-04-04 00:15:58 DEBUG Process exited with code 0
2022-03-24 04:09:42 INFO User logged out
2021-09-20 07:53:41 INFO User logged out
2021-01-02 09:02:33 NOTICE Service restart triggered by user
2021-10-03 13:19:52 ALERT Unauthorized login attempt detected
2022-04-13 13:41:01 WARNING CPU usage exceeded threshold: 87%
2021-11-25 04:58:00 INFO Connection successful to remote host.
2022-06-03 11:17:40 INFO User logged out
2021-01-03 14:05:29 WARNING CPU usage exceeded threshold: 87%
2021-06-26 09:09:03 ALERT Unauthorized login attempt detected
2021-05-23 01:47:35 FAILURE Authentication failed for user admin
2021-11-11 04:08:42 INFO Backup completed at
2021-04-24 06:54:40 WARNING CPU usage exceeded threshold: 87%
2022-11-16 19:33:31 TRACE Packet dropped due to policy rule
2022-11-21 20:19:13 WARNING CPU usage exceeded threshold: 87%
2021-11-06 04:06:46 INFO Connection successful to remote host.
2023-01-22 12:13:19 NOTICE Service restart triggered by user
2023-02-06 00:32:49 NOTICE Service restart triggered by user
2022-01-07 05:50:04 INFO Connection successful to remote host.
2023-09-12 19:29:03 NOTICE Service restart triggered by user
2021-01-21 03:00:17 WARNING CPU usage exceeded threshold: 87%
2022-11-07 22:39:24 INFO Backup completed at
2023-06-10 22:30:29 DEBUG Process exited with code 0
2022-02-05 02:38:50 INFO User logged out
2021-08-17 09:08:32 NOTICE Service restart triggered by user
2022-01-10 20:39:31 INFO Connection successful to remote host.
2022-01-03 19:55:32 FAILURE Authentication failed for user admin
2022-09-22 15:07:24 TRACE Packet dropped due to policy rule
2021-01-24 04:47:03 TRACE Packet dropped due to policy rule
2022-07-17 19:39:02 NOTICE Service restart triggered by user
2021-04-03 18:38:17 INFO Connection successful to remote host.
2023-07-11 11:09:16 INFO Backup completed at
2021-01-04 03:51:13 ERROR Could not resolve DNS for internal resource.
2023-02-05 03:52:09 INFO Connection successful to remote host.
2023-06-27 08:08:06 NOTICE Service restart triggered by user
2021-07-21 06:58:11 FAILURE Authentication failed for user admin
2023-07-05 05:19:09 WARNING CPU usage exceeded threshold: 87%
2022-01-01 06:31:04 INFO Connection successful to remote host.
2021-11-18 19:52:54 INFO Backup completed at
2023-08-01 07:35:33 INFO Connection successful to remote host.
2022-10-01 12:30:33 WARNING CPU usage exceeded threshold: 87%
2023-09-01 14:19:34 INFO User logged out
2023-05-16 06:08:18 INFO Connection successful to remote host.
2021-08-26 08:31:35 INFO User logged out
2022-10-09 19:26:35 INFO User logged out
2023-10-01 22:26:48 INFO User logged out
2022-01-21 04:33:06 ALERT Unauthorized login attempt detected
2022-11-13 15:13:54 ERROR Could not resolve DNS for internal resource.
2022-04-11 05:53:21 TRACE Packet dropped due to policy rule
2022-08-12 10:49:41 INFO Connection successful to remote host.
2023-09-04 21:54:34 INFO Backup completed at
2023-04-20 09:09:28 NOTICE Service restart triggered by user
2021-06-18 21:51:25 DEBUG Process exited with code 0
2023-07-25 20:12:55 INFO User logged out
2022-11-15 00:22:18 DEBUG Process exited with code 0
2022-02-01 12:57:11 TRACE Packet dropped due to policy rule
2021-09-21 12:54:03 TRACE Packet dropped due to policy rule
2023-04-09 11:38:47 FAILURE Authentication failed for user admin
2021-06-08 11:07:51 FAILURE Authentication failed for user admin
2021-01-09 20:37:35 TRACE Packet dropped due to policy rule
2023-05-17 07:34:03 ALERT Unauthorized login attempt detected
2022-07-11 17:29:38 INFO User logged out
2023-01-08 17:00:52 DEBUG Process exited with code 0
2023-04-16 14:19:11 ERROR Could not resolve DNS for internal resource.
2023-03-06 20:11:31 TRACE Packet dropped due to policy rule
2021-07-18 09:42:23 DEBUG Process exited with code 0
2021-08-05 04:01:09 NOTICE Service restart triggered by user
2021-09-27 04:42:11 WARNING CPU usage exceeded threshold: 87%
2022-10-04 18:19:10 INFO User logged out
2022-08-20 18:12:19 WARNING CPU usage exceeded threshold: 87%
2022-04-06 12:20:37 INFO Connection successful to remote host.
2021-08-14 19:29:37 TRACE Packet dropped due to policy rule
2023-07-20 22:51:09 FAILURE Authentication failed for user admin
2023-02-19 17:03:30 WARNING CPU usage exceeded threshold: 87%
2022-02-06 00:25:00 TRACE Packet dropped due to policy rule
2023-11-07 05:06:32 FAILURE Authentication failed for user admin
2021-07-17 14:49:10 INFO Connection successful to remote host.
2022-07-20 02:52:18 ALERT Unauthorized login attempt detected
2022-05-09 03:51:22 FAILURE Authentication failed for user admin
2023-03-13 10:32:30 DEBUG Process exited with code 0
2023-07-27 19:22:16 WARNING CPU usage exceeded threshold: 87%
2023-04-15 21:03:28 INFO User logged out
2021-09-01 03:36:18 FAILURE Authentication failed for user admin
2022-06-21 12:07:34 ERROR Could not resolve DNS for internal resource.
2023-07-09 21:50:44 ALERT Unauthorized login attempt detected
2021-10-19 12:14:12 DEBUG Process exited with code 0
2023-06-06 18:38:28 TRACE Packet dropped due to policy rule
2021-06-12 17:13:31 DEBUG Process exited with code 0
2022-02-03 00:15:39 INFO User logged out
2023-05-07 05:12:18 TRACE Packet dropped due to policy rule
2021-09-04 18:29:42 WARNING CPU usage exceeded threshold: 87%
2023-07-01 09:14:24 INFO Backup completed at
2022-07-24 11:58:36 DEBUG Process exited with code 0
2023-07-01 10:19:06 INFO Backup completed at
2021-04-03 03:08:29 INFO User logged out
2021-05-02 18:23:27 ALERT Unauthorized login attempt detected
2023-04-09 02:25:47 INFO Connection successful to remote host.
2023-03-22 00:46:26 INFO Connection successful to remote host.
2022-09-11 02:25:28 TRACE Packet dropped due to policy rule
2023-02-04 19:51:10 WARNING CPU usage exceeded threshold: 87%
2021-04-11 04:44:43 WARNING CPU usage exceeded threshold: 87%
2023-10-12 08:51:43 ERROR Could not resolve DNS for internal resource.
2023-09-23 13:09:53 TRACE Packet dropped due to policy rule
2021-08-27 17:45:15 TRACE Packet dropped due to policy rule
2023-11-08 12:11:08 WARNING CPU usage exceeded threshold: 87%
2021-02-19 21:51:51 INFO User logged out
2022-09-04 21:04:48 FAILURE Authentication failed for user admin
2022-02-20 01:33:30 NOTICE Service restart triggered by user
2022-02-24 12:04:21 FAILURE Authentication failed for user admin
2021-07-01 05:29:17 TRACE Packet dropped due to policy rule
2023-01-19 04:12:40 NOTICE Service restart triggered by user
2021-01-04 20:07:33 FAILURE Authentication failed for user admin
2023-10-02 19:31:51 ALERT Unauthorized login attempt detected
2023-11-20 09:17:00 INFO User logged out
2023-05-11 13:38:54 ERROR Could not resolve DNS for internal resource.
2022-11-17 12:50:28 TRACE Packet dropped due to policy rule
2023-10-01 05:32:19 WARNING CPU usage exceeded threshold: 87%
2022-06-15 20:48:23 WARNING CPU usage exceeded threshold: 87%
2021-02-09 02:47:45 INFO Backup completed at
2021-10-22 07:28:40 TRACE Packet dropped due to policy rule
2021-10-17 02:50:04 DEBUG Process exited with code 0
2022-07-01 08:39:47 WARNING CPU usage exceeded threshold: 87%
2021-03-02 11:21:55 INFO Connection successful to remote host.
2021-10-20 18:02:38 WARNING CPU usage exceeded threshold: 87%
2022-10-08 08:11:29 INFO User logged out
2021-03-17 00:03:24 FAILURE Authentication failed for user admin
2023-10-01 00:26:21 INFO User logged out
2023-08-20 01:58:43 NOTICE Service restart triggered by user
2021-02-05 00:53:08 INFO Connection successful to remote host.
2022-09-04 17:34:15 DEBUG Process exited with code 0
2021-06-11 05:57:04 ERROR Could not resolve DNS for internal resource.
2023-09-02 21:52:42 INFO Backup completed at
2023-11-02 03:39:44 INFO Connection successful to remote host.
2021-05-10 05:43:28 WARNING CPU usage exceeded threshold: 87%
2022-08-09 04:55:01 TRACE Packet dropped due to policy rule
2023-11-25 13:58:11 INFO Backup completed at
2023-04-09 18:17:03 ERROR Could not resolve DNS for internal resource.
2021-09-22 11:01:49 INFO Backup completed at
2021-10-03 15:31:58 FAILURE Authentication failed for user admin
2022-03-18 12:25:04 ALERT Unauthorized login attempt detected
2021-11-21 10:19:22 NOTICE Service restart triggered by user
2022-02-02 17:51:47 INFO Connection successful to remote host.
2021-04-11 18:23:41 INFO Backup completed at
2021-03-02 04:15:25 INFO Connection successful to remote host.
2023-01-07 18:10:29 ALERT Unauthorized login attempt detected
2021-09-15 18:44:19 INFO Backup completed at
2021-08-09 02:45:35 ERROR Could not resolve DNS for internal resource.
2023-02-27 04:01:52 ERROR Could not resolve DNS for internal resource.
2023-08-24 19:28:30 INFO User logged out
2022-04-22 03:45:54 INFO User logged out
