2021-02-09 02:32:53 INFO Backup completed at
2022-06-19 01:58:27 NOTICE Service restart triggered by user
2022-06-26 08:38:43 TRACE Packet dropped due to policy rule
2022-11-12 06:01:30 WARNING CPU usage exceeded threshold: 87%
2021-05-01 01:50:05 NOTICE Service restart triggered by user
2023-05-07 17:02:13 ERROR Could not resolve DNS for internal resource.
2021-06-02 17:07:22 INFO Connection successful to remote host.
2021-06-19 12:17:41 INFO Backup completed at
2021-04-02 10:57:25 INFO User logged out
2023-01-07 16:50:47 INFO Backup completed at
2023-04-04 14:27:15 ERROR Could not resolve DNS for internal resource.
2023-08-10 16:13:03 WARNING CPU usage exceeded threshold: 87%
2022-01-08 14:25:33 INFO Backup completed at
2022-06-02 11:13:06 TRACE Packet dropped due to policy rule
2023-09-18 17:54:51 INFO Backup completed at
2022-03-14 21:45:12 FAILURE Authentication failed for user admin
2021-02-02 17:57:46 ALERT Unauthorized login attempt detected
2023-10-11 22:14:06 NOTICE Service restart triggered by user
2022-11-11 02:21:44 TRACE Packet dropped due to policy rule
2023-01-24 15:00:19 FAILURE Authentication failed for user admin
2022-07-15 01:57:23 INFO Backup completed at
2022-10-20 16:20:36 INFO Backup completed at
2023-08-21 01:12:34 INFO Backup completed at
2022-10-10 19:51:15 ALERT Unauthorized login attempt detected
2023-03-11 11:06:54 TRACE Packet dropped due to policy rule
2021-09-14 04:49:31 ALERT Unauthorized login attempt detected
2022-09-13 04:10:46 WARNING CPU usage exceeded threshold: 87%
2023-03-20 19:45:08 TRACE Packet dropped due to policy rule
2022-08-16 20:32:46 INFO Backup completed at
2023-03-22 03:58:14 INFO Connection successful to remote host.
2023-07-01 16:53:23 FAILURE Authentication failed for user admin
2022-01-04 03:32:00 FAILURE Authentication failed for user admin
2023-09-02 13:47:36 FAILURE Authentication failed for user admin
2022-07-22 08:45:10 INFO Connection successful to remote host.
2023-04-14 13:35:20 ALERT Unauthorized login attempt detected
2021-10-20 09:09:15 TRACE Packet dropped due to policy rule
2022-11-19 09:36:49 NOTICE Service restart triggered by user
2021-06-19 07:37:23 ALERT Unauthorized login attempt detected
2023-07-16 21:44:04 INFO Connection successful to remote host.
2021-05-21 06:44:24 NOTICE Service restart triggered by user
2023-03-12 20:10:05 WARNING CPU usage exceeded threshold: 87%
2023-03-01 06:10:25 INFO Connection successful to remote host.
2023-01-10 13:45:31 ALERT Unauthorized login attempt detected
2022-07-08 21:24:03 INFO User logged out
2022-09-10 22:24:27 DEBUG Process exited with code 0
2021-04-04 02:40:39 DEBUG Process exited with code 0
2023-07-25 15:26:17 FAILURE Authentication failed for user admin
2022-09-02 22:16:38 INFO Connection successful to remote host.
2021-06-01 13:03:58 FAILURE Authentication failed for user admin
2023-06-08 16:21:19 FAILURE Authentication failed for user admin
2023-10-17 00:33:00 ERROR Could not resolve DNS for internal resource.
2022-05-20 10:04:35 INFO User logged out
2021-03-11 01:48:01 ERROR Could not resolve DNS for internal resource.
2023-07-25 00:36:42 FAILURE Authentication failed for user admin
2021-07-15 00:36:26 DEBUG Process exited with code 0
2022-11-07 16:08:35 FAILURE Authentication failed for user admin
2021-01-02 08:16:09 FAILURE Authentication failed for user admin
2023-05-25 03:55:43 NOTICE Service restart triggered by user
2022-03-12 20:40:14 INFO User logged out
2023-06-09 10:42:33 INFO Backup completed at
2022-10-26 01:20:13 ERROR Could not resolve DNS for internal resource.
2023-06-21 14:04:31 TRACE Packet dropped due to policy rule
2023-10-09 00:12:31 DEBUG Process exited with code 0
2023-10-19 15:16:55 INFO Connection successful to remote host.
2022-08-07 11:53:17 ALERT Unauthorized login attempt detected
2021-08-04 03:58:34 ERROR Could not resolve DNS for internal resource.
2021-02-13 19:19:45 FAILURE Authentication failed for user admin
2021-11-15 13:13:58 WARNING CPU usage exceeded threshold: 87%
2023-05-24 04:37:10 INFO Backup completed at
2021-11-11 05:50:26 NOTICE Service restart triggered by user
2022-04-08 07:14:11 ALERT Unauthorized login attempt detected
2023-11-02 03:48:29 TRACE Packet dropped due to policy rule
2022-02-11 21:45:23 INFO User logged out
2022-08-17 01:57:20 WARNING CPU usage exceeded threshold: 87%
2021-09-04 04:03:13 FAILURE Authentication failed for user admin
2023-08-05 00:09:23 INFO Backup completed at
2023-02-20 07:11:23 ALERT Unauthorized login attempt detected
2021-01-22 21:16:46 FAILURE Authentication failed for user admin
2022-05-01 11:01:44 FAILURE Authentication failed for user admin
2022-05-23 03:53:10 ALERT Unauthorized login attempt detected
2022-07-19 13:27:17 INFO Connection successful to remote host.
2021-05-15 13:10:52 INFO User logged out
2021-08-24 20:22:22 WARNING CPU usage exceeded threshold: 87%
2022-04-20 02:01:10 TRACE Packet dropped due to policy rule
2023-09-27 16:45:58 NOTICE Service restart triggered by user
2023-09-06 07:45:24 FAILURE Authentication failed for user admin
2021-05-25 19:25:45 ERROR Could not resolve DNS for internal resource.
2021-02-02 20:13:17 INFO Connection successful to remote host.
2021-07-20 16:44:08 ERROR Could not resolve DNS for internal resource.
2021-06-01 12:57:12 WARNING CPU usage exceeded threshold: 87%
2023-10-16 20:49:09 INFO Connection successful to remote host.
2023-03-12 09:51:32 INFO Backup completed at
2021-03-23 06:45:26 INFO Backup completed at
2023-10-18 04:20:17 INFO Backup completed at
2021-02-24 00:09:03 ALERT Unauthorized login attempt detected
2023-02-07 21:41:27 INFO Connection successful to remote host.
2021-10-12 22:12:09 NOTICE Service restart triggered by user
2022-04-06 04:13:55 INFO Backup completed at
2021-03-18 11:44:32 DEBUG Process exited with code 0
2021-08-02 08:50:13 DEBUG Process exited with code 0
2023-05-12 18:18:51 ALERT Unauthorized login attempt detected
2022-03-26 14:09:30 DEBUG Process exited with code 0
2023-10-18 04:02:40 TRACE Packet dropped due to policy rule
2023-06-13 07:54:21 INFO Connection successful to remote host.
2022-09-25 03:24:51 INFO User logged out
2023-01-26 00:02:38 ERROR Could not resolve DNS for internal resource.
2023-11-26 03:13:14 NOTICE Service restart triggered by user
2022-02-14 06:08:18 INFO Connection successful to remote host.
2021-01-16 07:50:28 TRACE Packet dropped due to policy rule
2023-02-08 00:50:10 INFO Connection successful to remote host.
2021-02-04 17:09:56 NOTICE Service restart triggered by user
2022-09-14 05:08:33 ERROR Could not resolve DNS for internal resource.
2022-04-06 06:19:54 ERROR Could not resolve DNS for internal resource.
2021-07-10 20:19:22 WARNING CPU usage exceeded threshold: 87%
2022-05-13 01:14:54 WARNING CPU usage exceeded threshold: 87%
2021-02-17 05:18:54 DEBUG Process exited with code 0
2023-07-03 14:17:06 DEBUG Process exited with code 0
2023-03-21 20:48:36 WARNING CPU usage exceeded threshold: 87%
2022-03-05 14:09:50 DEBUG Process exited with code 0
2023-01-26 16:03:20 ERROR Could not resolve DNS for internal resource.
2023-10-26 08:55:04 INFO User logged out
2023-07-15 09:52:12 ERROR Could not resolve DNS for internal resource.
2021-10-14 21:17:13 INFO Connection successful to remote host.
2022-02-20 03:45:30 FAILURE Authentication failed for user admin
2021-03-18 08:34:01 DEBUG Process exited with code 0
2023-04-13 02:44:21 ERROR Could not resolve DNS for internal resource.
2023-04-23 13:37:40 ERROR Could not resolve DNS for internal resource.
2023-03-23 19:14:06 FAILURE Authentication failed for user admin
2023-01-06 03:54:15 TRACE Packet dropped due to policy rule
2023-06-16 15:26:31 DEBUG Process exited with code 0
2022-03-25 02:56:45 INFO User logged out
2021-06-07 07:30:13 DEBUG Process exited with code 0
2021-03-07 09:07:02 WARNING CPU usage exceeded threshold: 87%
2023-02-18 21:24:49 DEBUG Process exited with code 0
2022-10-16 18:17:12 ERROR Could not resolve DNS for internal resource.
2021-04-17 18:16:30 WARNING CPU usage exceeded threshold: 87%
2021-06-05 09:11:44 NOTICE Service restart triggered by user
2023-07-01 22:26:24 ERROR Could not resolve DNS for internal resource.
2023-05-15 10:17:30 WARNING CPU usage exceeded threshold: 87%
2022-05-01 18:56:57 WARNING CPU usage exceeded threshold: 87%
2023-07-17 16:11:57 ALERT Unauthorized login attempt detected
2022-02-21 06:24:00 TRACE Packet dropped due to policy rule
2022-01-04 09:36:18 TRACE Packet dropped due to policy rule
2023-04-08 01:03:22 NOTICE Service restart triggered by user
2022-01-06 15:40:40 NOTICE Service restart triggered by user
2021-02-10 19:47:09 TRACE Packet dropped due to policy rule
2022-11-12 19:30:55 INFO Backup completed at
2022-07-16 08:33:37 INFO Connection successful to remote host.
2021-09-12 11:17:49 INFO Backup completed at
2022-09-12 09:56:57 WARNING CPU usage exceeded threshold: 87%
2023-06-22 14:17:06 TRACE Packet dropped due to policy rule
2021-10-27 12:18:22 TRACE Packet dropped due to policy rule
2022-09-16 11:46:08 ERROR Could not resolve DNS for internal resource.
2022-05-16 07:12:11 INFO Connection successful to remote host.
2021-02-04 08:01:01 INFO Backup completed at
2022-03-10 01:40:24 FAILURE Authentication failed for user admin
2023-11-24 09:10:48 DEBUG Process exited with code 0
2021-08-15 03:00:30 WARNING CPU usage exceeded threshold: 87%
2021-01-07 13:29:50 INFO Connection successful to remote host.
2022-07-02 20:08:17 WARNING CPU usage exceeded threshold: 87%
2023-03-27 04:49:21 INFO User logged out
2023-03-21 16:44:28 DEBUG Process exited with code 0
2023-07-05 05:22:14 FAILURE Authentication failed for user admin
2023-10-01 21:04:23 NOTICE Service restart triggered by user
2021-02-17 20:55:42 FAILURE Authentication failed for user admin
2021-06-15 02:03:35 TRACE Packet dropped due to policy rule
2022-05-19 05:33:14 NOTICE Service restart triggered by user
2023-02-24 18:30:47 DEBUG Process exited with code 0
2023-03-13 06:32:12 WARNING CPU usage exceeded threshold: 87%
2022-01-21 03:25:02 ALERT Unauthorized login attempt detected
2022-02-02 09:12:06 ALERT Unauthorized login attempt detected
2023-07-02 15:17:38 INFO Connection successful to remote host.
2022-04-17 21:33:32 INFO Backup completed at
2021-10-06 17:14:55 NOTICE Service restart triggered by user
2022-03-12 03:17:12 FAILURE Authentication failed for user admin
2023-04-24 13:37:47 TRACE Packet dropped due to policy rule
2023-10-21 10:09:09 FAILURE Authentication failed for user admin
2021-10-02 11:17:45 WARNING CPU usage exceeded threshold: 87%
2022-08-17 22:55:42 TRACE Packet dropped due to policy rule
2022-01-15 06:39:56 ERROR Could not resolve DNS for internal resource.
2022-07-08 08:16:21 INFO Backup completed at
2021-06-01 09:56:32 ALERT Unauthorized login attempt detected
2022-08-03 03:07:11 WARNING CPU usage exceeded threshold: 87%
2023-04-20 13:00:30 DEBUG Process exited with code 0
2023-08-26 18:43:39 WARNING CPU usage exceeded threshold: 87%
2023-08-07 07:23:02 INFO Connection successful to remote host.
2022-04-01 04:40:10 NOTICE Service restart triggered by user
2022-01-06 04:49:13 WARNING CPU usage exceeded threshold: 87%
2023-02-26 08:21:07 INFO Backup completed at
2022-03-25 14:29:18 INFO User logged out
2022-11-14 14:11:13 DEBUG Process exited with code 0
2021-04-17 00:52:06 WARNING CPU usage exceeded threshold: 87%
2021-06-10 08:42:17 ALERT Unauthorized login attempt detected
2023-10-10 14:25:40 FAILURE Authentication failed for user admin
2022-09-24 22:55:52 INFO Connection successful to remote host.
2021-02-22 11:28:48 INFO Connection successful to remote host.
2021-01-09 09:49:56 ERROR Could not resolve DNS for internal resource.
2023-01-18 16:33:55 ALERT Unauthorized login attempt detected
2023-08-06 09:13:55 NOTICE Service restart triggered by user
2022-07-18 10:25:12 INFO User logged out
2021-02-09 16:43:39 WARNING CPU usage exceeded threshold: 87%
2022-08-20 21:16:19 TRACE Packet dropped due to policy rule
2022-06-19 10:50:08 ERROR Could not resolve DNS for internal resource.
2023-04-16 02:07:54 NOTICE Service restart triggered by user
2022-08-04 02:33:09 WARNING CPU usage exceeded threshold: 87%
2022-10-09 03:06:31 DEBUG Process exited with code 0
2021-06-16 11:31:10 NOTICE Service restart triggered by user
2021-07-03 08:15:33 INFO Connection successful to remote host.
2023-01-12 11:57:41 TRACE Packet dropped due to policy rule
2023-05-20 00:01:10 INFO Backup completed at
2023-06-13 16:11:34 ERROR Could not resolve DNS for internal resource.
2021-09-13 20:32:55 ALERT Unauthorized login attempt detected
2021-03-20 15:57:31 WARNING CPU usage exceeded threshold: 87%
2021-05-22 08:24:45 FAILURE Authentication failed for user admin
2021-10-26 19:28:43 DEBUG Process exited with code 0
2022-04-05 21:48:58 WARNING CPU usage exceeded threshold: 87%
2022-04-26 05:19:12 TRACE Packet dropped due to policy rule
2021-01-19 13:10:48 WARNING CPU usage exceeded threshold: 87%
2022-08-10 02:34:58 INFO Backup completed at
2023-02-16 06:35:20 ERROR Could not resolve DNS for internal resource.
2022-05-27 01:34:36 FAILURE Authentication failed for user admin
2023-08-05 17:12:26 INFO Backup completed at
2021-02-07 00:01:01 DEBUG Process exited with code 0
2022-03-20 20:06:24 INFO Backup completed at
2022-09-17 04:40:44 FAILURE Authentication failed for user admin
2022-07-24 10:49:37 ALERT Unauthorized login attempt detected
2021-02-10 12:25:27 NOTICE Service restart triggered by user
2023-07-23 04:19:19 ERROR Could not resolve DNS for internal resource.
2021-09-02 20:34:26 NOTICE Service restart triggered by user
2023-05-03 20:31:46 WARNING CPU usage exceeded threshold: 87%
2022-01-23 07:10:21 ERROR Could not resolve DNS for internal resource.
2021-10-02 18:32:57 DEBUG Process exited with code 0
2023-02-12 00:28:29 FAILURE Authentication failed for user admin
2023-02-12 18:47:47 ERROR Could not resolve DNS for internal resource.
2023-10-05 01:41:34 INFO User logged out
2021-11-16 06:57:34 DEBUG Process exited with code 0
2021-01-11 09:21:15 FAILURE Authentication failed for user admin
2021-10-27 10:52:02 ALERT Unauthorized login attempt detected
2022-04-16 02:29:22 FAILURE Authentication failed for user admin
2021-09-26 05:26:51 INFO Connection successful to remote host.
2021-03-09 10:07:35 FAILURE Authentication failed for user admin
2023-10-23 18:51:57 INFO User logged out
2022-08-08 19:11:05 DEBUG Process exited with code 0
2022-01-05 10:43:39 ERROR Could not resolve DNS for internal resource.
2022-11-11 14:36:32 INFO Connection successful to remote host.
2023-03-20 20:43:29 DEBUG Process exited with code 0
2022-03-27 01:16:24 TRACE Packet dropped due to policy rule
2023-08-07 07:58:26 ERROR Could not resolve DNS for internal resource.
2022-01-09 10:29:34 INFO User logged out
2021-08-12 13:25:37 FAILURE Authentication failed for user admin
2022-03-16 01:29:00 INFO Backup completed at
2022-11-03 05:38:25 FAILURE Authentication failed for user admin
2023-05-16 14:43:32 NOTICE Service restart triggered by user
