2021-11-14 05:10:12 WARNING CPU usage exceeded threshold: 87%
2021-10-06 15:54:17 ERROR Could not resolve DNS for internal resource.
2022-09-01 10:15:57 INFO Backup completed at
2023-06-19 19:19:48 ALERT Unauthorized login attempt detected
2023-01-27 06:16:41 FAILURE Authentication failed for user admin
2022-08-06 12:12:32 DEBUG Process exited with code 0
2022-10-26 08:42:52 DEBUG Process exited with code 0
2023-08-13 03:09:52 INFO Connection successful to remote host.
2022-05-23 14:29:08 INFO User logged out
2021-05-19 03:45:16 ERROR Could not resolve DNS for internal resource.
2023-02-27 15:27:42 INFO Backup completed at
2023-06-27 07:53:09 NOTICE Service restart triggered by user
2022-01-23 04:48:10 INFO Connection successful to remote host.
2023-06-02 05:27:17 INFO Backup completed at
2022-11-20 03:13:43 ERROR Could not resolve DNS for internal resource.
2021-10-10 16:49:38 INFO Connection successful to remote host.
2022-08-03 04:46:46 ERROR Could not resolve DNS for internal resource.
2021-08-23 00:49:23 TRACE Packet dropped due to policy rule
2023-11-11 09:51:32 FAILURE Authentication failed for user admin
2021-07-01 05:00:13 WARNING CPU usage exceeded threshold: 87%
2022-06-04 04:27:02 ERROR Could not resolve DNS for internal resource.
2023-07-17 06:19:12 INFO User logged out
2021-02-12 19:04:11 INFO User logged out
2023-09-03 19:00:21 INFO Connection successful to remote host.
2021-04-17 18:34:38 DEBUG Process exited with code 0
2023-03-04 18:49:28 WARNING CPU usage exceeded threshold: 87%
2023-10-24 20:10:00 INFO Connection successful to remote host.
2023-09-24 09:09:50 DEBUG Process exited with code 0
2022-07-24 02:12:35 TRACE Packet dropped due to policy rule
2021-07-18 07:11:43 ERROR Could not resolve DNS for internal resource.
2022-03-09 22:42:25 DEBUG Process exited with code 0
2022-02-20 05:20:30 NOTICE Service restart triggered by user
2021-04-14 18:32:53 FAILURE Authentication failed for user admin
2023-09-14 09:21:23 INFO Connection successful to remote host.
2021-03-02 12:35:36 ALERT Unauthorized login attempt detected
2022-05-07 06:48:49 INFO Connection successful to remote host.
2022-06-06 20:43:56 WARNING CPU usage exceeded threshold: 87%
2022-07-05 10:12:05 DEBUG Process exited with code 0
2022-08-19 01:53:07 DEBUG Process exited with code 0
2021-01-16 02:25:13 TRACE Packet dropped due to policy rule
2021-04-22 05:38:56 FAILURE Authentication failed for user admin
2023-07-02 21:28:14 TRACE Packet dropped due to policy rule
2021-06-01 07:15:34 ERROR Could not resolve DNS for internal resource.
2023-03-24 17:17:33 INFO Connection successful to remote host.
2021-03-15 02:02:07 INFO User logged out
2021-01-12 22:14:14 INFO Backup completed at
2021-05-14 20:00:12 NOTICE Service restart triggered by user
2021-10-15 21:46:25 TRACE Packet dropped due to policy rule
2023-05-13 17:46:37 DEBUG Process exited with code 0
2023-09-11 16:45:06 WARNING CPU usage exceeded threshold: 87%
2022-09-08 15:24:40 ERROR Could not resolve DNS for internal resource.
2022-05-09 22:23:42 INFO User logged out
2022-08-20 08:39:13 ERROR Could not resolve DNS for internal resource.
2021-01-13 17:46:27 ALERT Unauthorized login attempt detected
2021-05-06 22:38:57 FAILURE Authentication failed for user admin
2021-05-22 07:15:04 ERROR Could not resolve DNS for internal resource.
2022-07-15 20:54:18 INFO User logged out
2021-03-21 20:20:30 ERROR Could not resolve DNS for internal resource.
2023-09-14 08:50:50 INFO User logged out
2023-01-23 18:35:07 NOTICE Service restart triggered by user
2022-01-14 16:44:48 INFO Connection successful to remote host.
2023-06-12 16:02:32 INFO User logged out
2021-09-03 04:51:43 INFO Backup completed at
2021-04-20 15:33:37 WARNING CPU usage exceeded threshold: 87%
2021-02-02 04:17:53 INFO User logged out
2022-07-10 16:15:55 INFO User logged out
2021-04-08 04:14:19 TRACE Packet dropped due to policy rule
2023-06-16 15:42:18 INFO User logged out
2021-08-24 03:48:01 ALERT Unauthorized login attempt detected
2022-02-16 12:51:20 NOTICE Service restart triggered by user
2021-11-16 12:24:01 INFO User logged out
2021-07-20 05:46:18 WARNING CPU usage exceeded threshold: 87%
2021-06-13 14:29:11 ALERT Unauthorized login attempt detected
2023-08-09 13:23:34 ERROR Could not resolve DNS for internal resource.
2022-05-10 06:34:53 ALERT Unauthorized login attempt detected
2022-10-08 17:46:13 WARNING CPU usage exceeded threshold: 87%
2021-01-17 09:31:15 INFO Connection successful to remote host.
2022-09-27 13:15:20 DEBUG Process exited with code 0
2022-08-10 03:57:31 DEBUG Process exited with code 0
2021-05-24 19:01:28 TRACE Packet dropped due to policy rule
2022-08-19 06:20:18 ALERT Unauthorized login attempt detected
2023-05-04 20:15:41 ALERT Unauthorized login attempt detected
2021-03-03 02:04:03 DEBUG Process exited with code 0
2023-10-20 02:21:07 ERROR Could not resolve DNS for internal resource.
2023-08-12 12:04:24 INFO User logged out
2022-11-15 22:31:25 INFO Backup completed at
2023-04-15 02:24:01 ALERT Unauthorized login attempt detected
2021-08-07 15:51:50 ALERT Unauthorized login attempt detected
2021-07-25 04:51:55 WARNING CPU usage exceeded threshold: 87%
2022-02-12 15:46:44 INFO User logged out
2021-09-08 06:22:35 INFO Connection successful to remote host.
2021-09-12 09:10:44 INFO Backup completed at
2022-05-19 01:52:21 INFO Backup completed at
2023-02-13 17:36:13 NOTICE Service restart triggered by user
2022-01-26 09:57:13 INFO Backup completed at
2022-11-01 11:48:16 ERROR Could not resolve DNS for internal resource.
2022-01-24 02:03:02 ALERT Unauthorized login attempt detected
2021-08-25 16:17:58 TRACE Packet dropped due to policy rule
2022-07-24 06:37:17 FAILURE Authentication failed for user admin
2023-01-02 08:10:55 TRACE Packet dropped due to policy rule
2022-10-20 03:30:33 INFO User logged out
2022-08-03 03:34:06 INFO User logged out
2021-09-24 19:03:36 ALERT Unauthorized login attempt detected
2023-08-25 05:04:43 FAILURE Authentication failed for user admin
2021-05-21 16:35:32 DEBUG Process exited with code 0
2022-09-08 21:39:35 DEBUG Process exited with code 0
2023-06-03 11:01:48 FAILURE Authentication failed for user admin
2022-09-20 01:53:31 INFO Connection successful to remote host.
2022-11-06 12:35:48 INFO Backup completed at
2022-08-16 10:17:05 INFO Connection successful to remote host.
2022-05-03 01:20:15 INFO User logged out
2022-10-26 01:38:05 WARNING CPU usage exceeded threshold: 87%
2021-10-02 07:15:20 NOTICE Service restart triggered by user
2022-02-02 21:55:06 NOTICE Service restart triggered by user
2021-06-24 13:06:16 TRACE Packet dropped due to policy rule
2022-08-11 01:18:51 WARNING CPU usage exceeded threshold: 87%
2021-02-24 04:22:33 WARNING CPU usage exceeded threshold: 87%
2021-10-15 07:50:42 TRACE Packet dropped due to policy rule
2021-03-05 14:03:24 FAILURE Authentication failed for user admin
2021-04-03 15:36:30 WARNING CPU usage exceeded threshold: 87%
2021-03-18 06:41:05 NOTICE Service restart triggered by user
2021-11-10 21:49:37 TRACE Packet dropped due to policy rule
2023-09-26 21:50:32 DEBUG Process exited with code 0
2022-09-04 19:01:26 ALERT Unauthorized login attempt detected
2021-07-26 03:33:36 DEBUG Process exited with code 0
2021-03-24 04:30:46 ALERT Unauthorized login attempt detected
2023-01-15 17:39:48 ERROR Could not resolve DNS for internal resource.
2022-01-10 17:52:56 INFO Connection successful to remote host.
2023-03-23 10:19:13 WARNING CPU usage exceeded threshold: 87%
2022-06-17 09:17:30 TRACE Packet dropped due to policy rule
2021-01-03 00:58:07 ERROR Could not resolve DNS for internal resource.
2022-03-02 21:10:46 FAILURE Authentication failed for user admin
2023-09-01 01:17:08 INFO Connection successful to remote host.
2023-10-24 04:41:15 TRACE Packet dropped due to policy rule
2022-07-25 04:14:19 INFO Backup completed at
2022-01-08 17:15:24 ALERT Unauthorized login attempt detected
2021-06-20 01:35:51 TRACE Packet dropped due to policy rule
2023-05-18 21:33:40 ERROR Could not resolve DNS for internal resource.
2023-11-07 07:52:38 NOTICE Service restart triggered by user
2021-07-24 06:05:37 TRACE Packet dropped due to policy rule
2023-06-13 10:19:13 FAILURE Authentication failed for user admin
2023-01-19 20:39:51 DEBUG Process exited with code 0
2021-02-14 03:10:45 INFO Connection successful to remote host.
2021-01-05 03:05:06 INFO Connection successful to remote host.
2022-01-19 04:49:03 DEBUG Process exited with code 0
