2021-09-26 19:54:30 ERROR Could not resolve DNS for internal resource.
2022-05-20 09:21:51 ALERT Unauthorized login attempt detected
2021-03-09 09:05:24 NOTICE Service restart triggered by user
2023-07-16 15:03:37 TRACE Packet dropped due to policy rule
2021-08-21 08:14:51 DEBUG Process exited with code 0
2021-01-09 01:50:16 FAILURE Authentication failed for user admin
2022-07-18 01:14:00 DEBUG Process exited with code 0
2021-10-04 16:40:35 DEBUG Process exited with code 0
2022-03-15 12:54:45 INFO Connection successful to remote host.
2022-11-14 13:07:10 DEBUG Process exited with code 0
2023-11-12 12:17:27 INFO Backup completed at
2022-04-16 10:19:49 NOTICE Service restart triggered by user
2021-07-27 21:38:44 ERROR Could not resolve DNS for internal resource.
2021-05-03 12:34:19 NOTICE Service restart triggered by user
2021-10-19 14:17:43 TRACE Packet dropped due to policy rule
2021-07-18 19:09:23 INFO Connection successful to remote host.
2022-01-24 09:21:26 INFO Connection successful to remote host.
2023-10-14 07:25:04 ALERT Unauthorized login attempt detected
2023-01-23 10:05:39 NOTICE Service restart triggered by user
2022-09-24 05:28:45 INFO Backup completed at
2021-05-09 21:14:19 WARNING CPU usage exceeded threshold: 87%
2023-07-27 14:41:34 WARNING CPU usage exceeded threshold: 87%
2023-01-18 09:33:55 FAILURE Authentication failed for user admin
2022-11-05 13:30:04 FAILURE Authentication failed for user admin
2021-05-05 00:00:13 ERROR Could not resolve DNS for internal resource.
2022-06-10 08:51:36 NOTICE Service restart triggered by user
2021-01-13 10:21:34 WARNING CPU usage exceeded threshold: 87%
2023-06-04 17:52:56 INFO Backup completed at
2023-11-09 10:50:10 FAILURE Authentication failed for user admin
2023-09-04 22:36:04 ERROR Could not resolve DNS for internal resource.
2023-04-20 10:08:54 ALERT Unauthorized login attempt detected
2023-10-27 22:40:35 WARNING CPU usage exceeded threshold: 87%
2023-10-24 02:21:06 ERROR Could not resolve DNS for internal resource.
2022-01-03 09:07:33 TRACE Packet dropped due to policy rule
2022-03-27 11:32:26 NOTICE Service restart triggered by user
2022-01-13 08:10:43 TRACE Packet dropped due to policy rule
2023-04-19 11:11:23 ERROR Could not resolve DNS for internal resource.
2022-03-06 02:20:52 INFO Backup completed at
2023-07-19 18:16:14 ERROR Could not resolve DNS for internal resource.
2023-01-27 10:17:00 WARNING CPU usage exceeded threshold: 87%
2023-07-11 04:13:56 FAILURE Authentication failed for user admin
2021-10-14 00:36:21 INFO User logged out
2022-01-18 01:51:17 ERROR Could not resolve DNS for internal resource.
2021-05-22 07:37:35 INFO User logged out
2023-04-25 12:48:27 INFO Backup completed at
2023-10-25 12:17:10 INFO Connection successful to remote host.
2021-08-27 12:38:37 INFO Connection successful to remote host.
2022-09-16 01:47:06 ALERT Unauthorized login attempt detected
2021-11-19 09:53:24 FAILURE Authentication failed for user admin
2023-01-04 02:57:38 DEBUG Process exited with code 0
2023-07-21 01:12:22 WARNING CPU usage exceeded threshold: 87%
2023-06-09 09:05:44 WARNING CPU usage exceeded threshold: 87%
2023-02-12 05:11:09 FAILURE Authentication failed for user admin
2023-04-18 20:15:31 INFO User logged out
2023-11-20 20:25:39 NOTICE Service restart triggered by user
2022-11-25 09:21:14 DEBUG Process exited with code 0
2021-05-13 09:33:30 ALERT Unauthorized login attempt detected
2023-02-18 21:03:01 TRACE Packet dropped due to policy rule
2023-03-09 14:29:00 NOTICE Service restart triggered by user
2022-06-10 15:07:39 DEBUG Process exited with code 0
2021-09-19 15:27:38 INFO Backup completed at
2023-05-05 16:43:18 DEBUG Process exited with code 0
2022-05-07 08:18:00 INFO Backup completed at
2021-04-06 22:36:24 NOTICE Service restart triggered by user
2023-01-06 13:50:28 INFO User logged out
2022-07-03 12:24:37 FAILURE Authentication failed for user admin
2022-06-03 20:36:31 DEBUG Process exited with code 0
2023-09-22 14:16:54 INFO Connection successful to remote host.
2023-09-25 22:02:02 DEBUG Process exited with code 0
2021-07-18 09:05:53 DEBUG Process exited with code 0
2021-06-14 06:01:50 ERROR Could not resolve DNS for internal resource.
2023-03-16 15:53:12 DEBUG Process exited with code 0
2022-11-05 14:40:19 ALERT Unauthorized login attempt detected
2023-11-02 13:13:09 NOTICE Service restart triggered by user
2022-07-25 14:44:11 ALERT Unauthorized login attempt detected
2022-03-24 19:21:07 INFO Connection successful to remote host.
2023-08-03 04:57:14 ERROR Could not resolve DNS for internal resource.
2022-04-18 14:13:13 INFO Backup completed at
2022-04-26 20:26:34 DEBUG Process exited with code 0
2021-01-26 12:05:31 ALERT Unauthorized login attempt detected
2022-08-26 21:22:20 FAILURE Authentication failed for user admin
2022-01-18 17:02:46 INFO Backup completed at
2022-01-23 06:17:07 WARNING CPU usage exceeded threshold: 87%
2023-08-08 22:17:37 ALERT Unauthorized login attempt detected
2023-11-18 19:37:58 DEBUG Process exited with code 0
2021-04-26 14:56:58 DEBUG Process exited with code 0
2022-08-26 00:48:21 TRACE Packet dropped due to policy rule
2022-08-21 15:53:02 INFO Backup completed at
2022-03-07 10:14:00 INFO Connection successful to remote host.
2021-08-25 16:36:21 DEBUG Process exited with code 0
2021-04-23 06:54:43 INFO User logged out
2023-03-22 22:33:41 ALERT Unauthorized login attempt detected
2021-05-15 18:53:54 INFO Connection successful to remote host.
2022-09-20 08:43:38 WARNING CPU usage exceeded threshold: 87%
2023-06-20 03:21:30 TRACE Packet dropped due to policy rule
2021-02-04 20:50:50 FAILURE Authentication failed for user admin
2021-10-19 13:10:41 ALERT Unauthorized login attempt detected
2023-01-17 06:15:44 TRACE Packet dropped due to policy rule
2023-10-24 21:56:55 TRACE Packet dropped due to policy rule
2021-05-05 03:39:40 NOTICE Service restart triggered by user
2022-04-14 21:06:22 FAILURE Authentication failed for user admin
2023-05-26 00:58:33 WARNING CPU usage exceeded threshold: 87%
2022-08-18 02:28:38 FAILURE Authentication failed for user admin
2023-09-17 03:30:45 ERROR Could not resolve DNS for internal resource.
2023-03-01 20:37:35 FAILURE Authentication failed for user admin
2023-05-04 21:13:03 FAILURE Authentication failed for user admin
2023-10-10 15:18:48 NOTICE Service restart triggered by user
2021-02-13 05:14:56 TRACE Packet dropped due to policy rule
2022-05-15 21:21:42 TRACE Packet dropped due to policy rule
2022-04-19 12:05:34 WARNING CPU usage exceeded threshold: 87%
2021-09-24 19:16:01 WARNING CPU usage exceeded threshold: 87%
2023-06-08 11:05:08 INFO Connection successful to remote host.
2023-01-11 00:31:57 NOTICE Service restart triggered by user
2023-01-06 08:30:47 DEBUG Process exited with code 0
2021-02-11 10:44:03 FAILURE Authentication failed for user admin
2021-03-03 02:26:49 DEBUG Process exited with code 0
2022-11-09 13:29:37 ERROR Could not resolve DNS for internal resource.
2023-09-21 05:30:38 INFO Backup completed at
2021-04-20 05:58:02 INFO Backup completed at
2021-07-15 16:58:57 INFO Connection successful to remote host.
2023-11-04 22:39:20 INFO Backup completed at
2022-09-15 05:32:06 FAILURE Authentication failed for user admin
2022-07-03 02:26:03 ERROR Could not resolve DNS for internal resource.
2022-08-07 08:42:54 INFO Backup completed at
2023-11-23 19:29:54 DEBUG Process exited with code 0
2022-10-12 02:57:08 DEBUG Process exited with code 0
2021-03-09 13:11:22 DEBUG Process exited with code 0
2021-02-12 13:11:07 ALERT Unauthorized login attempt detected
2023-05-21 13:17:51 INFO User logged out
2022-10-26 02:58:50 FAILURE Authentication failed for user admin
2022-01-08 03:37:18 NOTICE Service restart triggered by user
2021-10-16 01:04:45 ALERT Unauthorized login attempt detected
2023-07-19 17:41:08 TRACE Packet dropped due to policy rule
2022-07-19 17:45:23 NOTICE Service restart triggered by user
2023-08-27 16:29:18 TRACE Packet dropped due to policy rule
2023-03-22 15:37:24 WARNING CPU usage exceeded threshold: 87%
2022-11-27 02:06:15 DEBUG Process exited with code 0
2023-09-10 22:44:26 INFO Connection successful to remote host.
2022-09-21 22:19:40 TRACE Packet dropped due to policy rule
2023-09-26 12:42:36 ALERT Unauthorized login attempt detected
2023-05-19 08:56:39 ERROR Could not resolve DNS for internal resource.
2021-08-02 08:32:55 INFO Backup completed at
2023-09-21 03:49:16 INFO Backup completed at
2022-06-13 02:11:07 NOTICE Service restart triggered by user
2023-11-03 03:49:10 INFO Backup completed at
2023-02-25 08:47:13 TRACE Packet dropped due to policy rule
2021-01-27 09:45:09 INFO User logged out
2021-05-25 16:16:42 ERROR Could not resolve DNS for internal resource.
2022-04-04 05:50:01 FAILURE Authentication failed for user admin
2021-04-16 19:13:12 WARNING CPU usage exceeded threshold: 87%
2023-05-14 04:00:51 DEBUG Process exited with code 0
2022-06-20 05:34:20 INFO Connection successful to remote host.
2023-04-14 20:24:05 FAILURE Authentication failed for user admin
2022-10-04 17:03:09 ERROR Could not resolve DNS for internal resource.
2021-06-02 05:28:35 TRACE Packet dropped due to policy rule
2023-03-23 22:02:13 ALERT Unauthorized login attempt detected
2022-04-13 04:26:07 FAILURE Authentication failed for user admin
2023-11-02 06:02:53 INFO User logged out
2021-08-20 08:46:00 TRACE Packet dropped due to policy rule
2023-06-23 18:28:43 FAILURE Authentication failed for user admin
2022-07-26 10:28:26 WARNING CPU usage exceeded threshold: 87%
2022-05-20 05:12:12 TRACE Packet dropped due to policy rule
2022-01-09 22:21:45 ALERT Unauthorized login attempt detected
2021-11-23 20:55:32 ERROR Could not resolve DNS for internal resource.
2023-05-20 13:50:46 INFO Backup completed at
2022-03-25 16:22:35 INFO Backup completed at
2021-11-17 20:41:50 INFO Connection successful to remote host.
