2022-10-16 08:42:44 ALERT Unauthorized login attempt detected
2022-03-06 02:33:19 ALERT Unauthorized login attempt detected
2022-10-23 00:21:53 INFO Backup completed at
2021-10-23 03:48:04 FAILURE Authentication failed for user admin
2021-11-22 18:27:53 NOTICE Service restart triggered by user
2021-08-07 12:40:03 INFO User logged out
2021-10-18 05:23:47 ERROR Could not resolve DNS for internal resource.
2022-10-09 09:07:47 DEBUG Process exited with code 0
2021-10-15 11:37:37 FAILURE Authentication failed for user admin
2023-03-12 21:17:44 ERROR Could not resolve DNS for internal resource.
2021-07-13 04:26:58 INFO Backup completed at
2021-03-17 12:49:53 INFO Connection successful to remote host.
2023-09-11 00:12:32 ALERT Unauthorized login attempt detected
2023-09-25 20:00:19 DEBUG Process exited with code 0
2023-01-04 22:51:46 INFO Backup completed at
2021-11-10 05:39:27 DEBUG Process exited with code 0
2023-06-08 15:46:02 INFO Backup completed at
2021-11-10 09:31:28 INFO Connection successful to remote host.
2022-08-15 04:15:39 WARNING CPU usage exceeded threshold: 87%
2023-10-04 02:18:03 FAILURE Authentication failed for user admin
2023-03-08 02:39:15 INFO User logged out
2022-10-01 06:41:00 INFO User logged out
2021-07-25 11:49:58 NOTICE Service restart triggered by user
2023-11-07 07:39:31 WARNING CPU usage exceeded threshold: 87%
2021-10-13 11:03:44 ERROR Could not resolve DNS for internal resource.
2023-07-23 10:10:12 INFO Backup completed at
2023-07-03 06:33:45 INFO User logged out
2023-01-11 12:20:56 FAILURE Authentication failed for user admin
2022-09-07 12:25:06 NOTICE Service restart triggered by user
2023-08-23 14:49:22 INFO User logged out
2023-11-17 20:44:02 ALERT Unauthorized login attempt detected
2022-07-19 07:19:46 INFO Connection successful to remote host.
2022-04-18 19:35:35 WARNING CPU usage exceeded threshold: 87%
2021-01-16 13:05:32 NOTICE Service restart triggered by user
2022-01-03 05:50:21 TRACE Packet dropped due to policy rule
2022-04-06 12:00:29 ERROR Could not resolve DNS for internal resource.
2021-05-17 22:52:17 INFO Backup completed at
2022-01-03 06:08:10 INFO User logged out
2022-02-09 21:58:52 TRACE Packet dropped due to policy rule
2021-10-03 12:09:27 INFO Connection successful to remote host.
2023-06-02 08:05:23 INFO Backup completed at
2021-10-07 10:47:29 WARNING CPU usage exceeded threshold: 87%
2021-02-13 11:22:41 NOTICE Service restart triggered by user
2023-11-06 12:55:38 INFO Connection successful to remote host.
2021-08-20 10:46:34 DEBUG Process exited with code 0
2022-05-07 01:03:50 TRACE Packet dropped due to policy rule
2022-09-09 15:57:04 TRACE Packet dropped due to policy rule
2022-10-05 22:29:22 ALERT Unauthorized login attempt detected
2022-08-04 15:29:22 INFO Connection successful to remote host.
2022-05-14 10:01:13 ERROR Could not resolve DNS for internal resource.
2021-01-10 10:26:00 INFO Backup completed at
2021-05-12 22:56:15 TRACE Packet dropped due to policy rule
2022-04-11 05:50:41 ALERT Unauthorized login attempt detected
2021-02-07 15:19:18 ERROR Could not resolve DNS for internal resource.
2023-08-15 15:51:31 ERROR Could not resolve DNS for internal resource.
2022-06-27 13:31:53 INFO Connection successful to remote host.
2023-09-05 06:34:13 WARNING CPU usage exceeded threshold: 87%
2023-07-03 13:42:20 ALERT Unauthorized login attempt detected
2022-10-15 02:37:46 TRACE Packet dropped due to policy rule
2021-07-02 19:23:17 NOTICE Service restart triggered by user
2022-08-05 20:41:40 TRACE Packet dropped due to policy rule
2023-07-17 22:17:13 INFO Connection successful to remote host.
2023-02-14 14:04:41 ALERT Unauthorized login attempt detected
2021-07-09 22:11:41 ERROR Could not resolve DNS for internal resource.
2022-07-25 14:03:04 INFO User logged out
2022-03-19 06:34:09 DEBUG Process exited with code 0
2022-03-22 21:52:30 ALERT Unauthorized login attempt detected
2023-02-15 05:12:27 DEBUG Process exited with code 0
2022-08-05 05:25:11 INFO User logged out
2021-04-11 20:32:49 TRACE Packet dropped due to policy rule
2021-10-12 17:08:42 FAILURE Authentication failed for user admin
2021-03-07 18:10:09 ERROR Could not resolve DNS for internal resource.
2023-07-01 18:34:05 NOTICE Service restart triggered by user
2022-05-10 14:42:34 NOTICE Service restart triggered by user
