2021-11-18 03:55:55 INFO User logged out
2021-03-07 05:21:25 INFO User logged out
2022-02-19 16:32:57 FAILURE Authentication failed for user admin
2023-03-03 07:06:03 INFO Connection successful to remote host.
2021-07-03 07:43:22 NOTICE Service restart triggered by user
2021-09-17 02:52:15 INFO Connection successful to remote host.
2022-10-16 04:57:07 FAILURE Authentication failed for user admin
2023-01-01 12:16:40 FAILURE Authentication failed for user admin
2021-04-21 14:01:19 INFO Backup completed at
2022-01-02 01:24:52 INFO Backup completed at
2023-02-11 22:36:53 INFO User logged out
2022-06-22 14:24:17 FAILURE Authentication failed for user admin
2021-04-10 13:52:57 ALERT Unauthorized login attempt detected
2023-10-17 03:56:09 FAILURE Authentication failed for user admin
2021-03-02 15:05:08 WARNING CPU usage exceeded threshold: 87%
2023-03-14 15:40:51 INFO Backup completed at
2022-02-06 13:05:57 NOTICE Service restart triggered by user
2022-10-18 15:15:10 ALERT Unauthorized login attempt detected
2022-03-13 08:00:42 WARNING CPU usage exceeded threshold: 87%
2022-07-03 22:37:14 WARNING CPU usage exceeded threshold: 87%
2021-09-21 20:58:26 INFO Connection successful to remote host.
2023-10-05 06:57:16 DEBUG Process exited with code 0
2022-06-10 06:25:30 ERROR Could not resolve DNS for internal resource.
2022-05-22 18:04:10 INFO Backup completed at
2021-07-27 16:24:24 ALERT Unauthorized login attempt detected
2022-07-14 01:25:33 FAILURE Authentication failed for user admin
2023-03-11 22:17:22 ERROR Could not resolve DNS for internal resource.
2021-03-23 15:40:31 NOTICE Service restart triggered by user
2021-09-08 17:04:56 ERROR Could not resolve DNS for internal resource.
2021-04-07 00:39:55 FAILURE Authentication failed for user admin
2021-10-15 05:28:23 INFO Backup completed at
2023-05-04 03:52:01 NOTICE Service restart triggered by user
2021-03-05 14:53:50 ERROR Could not resolve DNS for internal resource.
2022-01-17 17:02:56 INFO Connection successful to remote host.
2022-04-19 09:49:09 DEBUG Process exited with code 0
2021-07-09 19:12:58 DEBUG Process exited with code 0
2023-09-12 08:16:28 ALERT Unauthorized login attempt detected
2022-06-06 02:55:33 ALERT Unauthorized login attempt detected
2022-05-21 22:18:03 WARNING CPU usage exceeded threshold: 87%
2023-08-22 10:51:58 INFO User logged out
2022-09-11 00:38:04 ERROR Could not resolve DNS for internal resource.
2023-07-12 02:13:05 NOTICE Service restart triggered by user
2022-06-12 02:11:04 INFO Backup completed at
2022-08-04 21:53:33 WARNING CPU usage exceeded threshold: 87%
2021-08-17 11:03:06 INFO Connection successful to remote host.
2021-04-18 06:40:52 NOTICE Service restart triggered by user
2021-07-21 19:21:45 WARNING CPU usage exceeded threshold: 87%
2022-03-04 02:29:54 ERROR Could not resolve DNS for internal resource.
2022-04-09 01:14:43 NOTICE Service restart triggered by user
2022-06-04 16:09:14 INFO User logged out
2023-04-23 14:30:43 INFO User logged out
2021-11-07 04:10:58 INFO Connection successful to remote host.
2022-10-14 10:26:43 DEBUG Process exited with code 0
2021-02-14 06:47:47 ERROR Could not resolve DNS for internal resource.
2023-06-11 20:40:04 INFO Connection successful to remote host.
2022-02-03 07:49:49 WARNING CPU usage exceeded threshold: 87%
2021-06-04 18:25:24 WARNING CPU usage exceeded threshold: 87%
2023-03-21 02:44:22 ERROR Could not resolve DNS for internal resource.
2022-05-12 19:02:52 FAILURE Authentication failed for user admin
2023-03-24 09:09:02 INFO Connection successful to remote host.
2023-10-15 06:30:14 ERROR Could not resolve DNS for internal resource.
2023-01-07 02:53:00 NOTICE Service restart triggered by user
2023-05-10 21:21:43 FAILURE Authentication failed for user admin
2021-03-27 04:46:09 TRACE Packet dropped due to policy rule
2022-02-20 15:32:15 INFO Backup completed at
2023-07-11 16:17:42 INFO Backup completed at
2023-09-03 22:12:10 TRACE Packet dropped due to policy rule
2023-03-07 07:34:17 WARNING CPU usage exceeded threshold: 87%
2023-06-18 01:18:43 INFO Connection successful to remote host.
2023-06-19 22:24:50 INFO Backup completed at
2022-04-07 12:25:04 FAILURE Authentication failed for user admin
2021-08-23 17:45:11 INFO Backup completed at
2023-06-14 17:07:09 INFO User logged out
2022-04-27 10:04:31 WARNING CPU usage exceeded threshold: 87%
2023-05-25 19:35:53 WARNING CPU usage exceeded threshold: 87%
2021-08-26 01:27:31 ALERT Unauthorized login attempt detected
2023-07-07 12:56:42 ERROR Could not resolve DNS for internal resource.
2023-08-02 09:36:09 INFO User logged out
2021-02-05 20:24:09 DEBUG Process exited with code 0
2021-03-06 21:14:36 INFO User logged out
2021-05-23 07:12:35 WARNING CPU usage exceeded threshold: 87%
2023-01-09 14:47:22 INFO Backup completed at
2022-01-08 18:51:46 INFO Connection successful to remote host.
2022-09-02 11:49:28 WARNING CPU usage exceeded threshold: 87%
2023-03-10 18:56:14 ERROR Could not resolve DNS for internal resource.
2021-04-25 05:24:40 ALERT Unauthorized login attempt detected
2022-02-10 15:52:56 INFO Backup completed at
2021-08-20 21:58:43 INFO Connection successful to remote host.
2022-01-01 03:20:27 DEBUG Process exited with code 0
2023-06-25 11:50:38 ERROR Could not resolve DNS for internal resource.
2023-01-14 01:51:28 INFO Connection successful to remote host.
2023-01-20 06:48:45 FAILURE Authentication failed for user admin
2022-01-22 17:33:54 INFO Backup completed at
2023-09-03 08:11:07 ALERT Unauthorized login attempt detected
2021-11-15 20:22:57 NOTICE Service restart triggered by user
2021-10-21 12:32:26 ERROR Could not resolve DNS for internal resource.
2021-04-10 06:11:41 ALERT Unauthorized login attempt detected
2022-07-11 06:02:01 INFO Connection successful to remote host.
2022-01-19 06:31:35 TRACE Packet dropped due to policy rule
2023-02-12 04:10:43 DEBUG Process exited with code 0
2023-07-25 08:04:54 FAILURE Authentication failed for user admin
2023-07-10 18:02:43 INFO User logged out
2021-08-13 09:29:03 WARNING CPU usage exceeded threshold: 87%
2023-02-10 13:35:38 FAILURE Authentication failed for user admin
2023-11-19 02:02:18 NOTICE Service restart triggered by user
2023-05-14 22:03:47 INFO User logged out
2022-09-14 04:34:17 DEBUG Process exited with code 0
2021-09-25 14:51:37 DEBUG Process exited with code 0
2022-02-27 19:55:24 TRACE Packet dropped due to policy rule
2021-10-05 00:26:56 DEBUG Process exited with code 0
2022-09-18 21:06:24 TRACE Packet dropped due to policy rule
2022-02-09 07:43:17 INFO Connection successful to remote host.
2022-06-11 04:03:17 WARNING CPU usage exceeded threshold: 87%
2021-07-16 14:45:51 NOTICE Service restart triggered by user
2021-07-19 00:16:10 FAILURE Authentication failed for user admin
2022-11-22 07:42:34 ALERT Unauthorized login attempt detected
2021-03-08 03:19:28 NOTICE Service restart triggered by user
2023-02-07 13:10:58 WARNING CPU usage exceeded threshold: 87%
2022-10-11 13:13:03 NOTICE Service restart triggered by user
2021-11-15 18:35:34 INFO User logged out
2021-06-10 11:38:46 INFO Connection successful to remote host.
2023-07-20 02:05:26 NOTICE Service restart triggered by user
2021-08-15 07:23:49 ALERT Unauthorized login attempt detected
2022-03-20 06:58:14 INFO User logged out
2021-09-04 21:34:06 NOTICE Service restart triggered by user
2023-07-12 14:37:24 ALERT Unauthorized login attempt detected
2022-11-20 04:17:03 NOTICE Service restart triggered by user
2021-05-11 19:57:35 FAILURE Authentication failed for user admin
2022-02-27 01:41:11 INFO User logged out
2021-09-12 10:31:37 ERROR Could not resolve DNS for internal resource.
2022-01-24 00:00:09 ALERT Unauthorized login attempt detected
2022-02-18 20:32:47 INFO Connection successful to remote host.
2023-02-07 06:01:42 WARNING CPU usage exceeded threshold: 87%
2021-03-06 21:39:51 WARNING CPU usage exceeded threshold: 87%
2021-01-12 21:19:23 NOTICE Service restart triggered by user
2022-09-15 17:49:54 INFO Backup completed at
2021-06-19 17:57:01 INFO Connection successful to remote host.
2021-06-20 22:15:57 FAILURE Authentication failed for user admin
2023-01-19 10:28:32 WARNING CPU usage exceeded threshold: 87%
2022-01-21 22:55:38 WARNING CPU usage exceeded threshold: 87%
2023-01-25 11:42:12 NOTICE Service restart triggered by user
2022-10-02 13:12:18 NOTICE Service restart triggered by user
2022-03-08 12:31:53 FAILURE Authentication failed for user admin
2022-01-26 08:32:43 ALERT Unauthorized login attempt detected
2021-11-15 02:44:50 WARNING CPU usage exceeded threshold: 87%
2023-04-17 08:58:03 NOTICE Service restart triggered by user
2021-04-05 01:52:55 FAILURE Authentication failed for user admin
2021-11-21 04:45:06 INFO User logged out
2022-03-08 19:04:56 WARNING CPU usage exceeded threshold: 87%
2021-08-21 22:51:26 INFO User logged out
2023-08-13 13:42:00 INFO User logged out
2022-09-03 13:58:17 ALERT Unauthorized login attempt detected
2021-02-18 15:01:06 INFO Connection successful to remote host.
2022-05-10 11:43:05 NOTICE Service restart triggered by user
2022-05-16 04:03:17 ALERT Unauthorized login attempt detected
2022-06-27 02:01:22 WARNING CPU usage exceeded threshold: 87%
2022-07-18 06:26:13 ALERT Unauthorized login attempt detected
2023-02-25 10:37:01 NOTICE Service restart triggered by user
2021-02-26 22:00:07 INFO User logged out
2021-01-20 12:09:23 TRACE Packet dropped due to policy rule
2022-03-09 09:54:03 NOTICE Service restart triggered by user
2023-03-05 03:04:46 ERROR Could not resolve DNS for internal resource.
2023-01-17 07:54:30 ALERT Unauthorized login attempt detected
2021-09-20 00:52:50 DEBUG Process exited with code 0
2021-11-02 19:40:58 INFO Connection successful to remote host.
2021-09-03 01:01:38 NOTICE Service restart triggered by user
2021-04-24 00:40:10 ALERT Unauthorized login attempt detected
2021-06-15 11:38:58 NOTICE Service restart triggered by user
2023-05-25 11:56:36 FAILURE Authentication failed for user admin
2021-03-09 06:09:39 INFO Connection successful to remote host.
2021-05-05 09:25:25 WARNING CPU usage exceeded threshold: 87%
2023-09-17 09:51:53 DEBUG Process exited with code 0
2023-01-21 02:05:49 INFO Backup completed at
2021-11-15 08:25:53 WARNING CPU usage exceeded threshold: 87%
2022-01-14 16:21:17 FAILURE Authentication failed for user admin
2023-05-26 16:00:56 DEBUG Process exited with code 0
2022-11-20 13:54:28 INFO Connection successful to remote host.
2023-05-04 21:11:53 WARNING CPU usage exceeded threshold: 87%
2023-06-23 01:10:32 WARNING CPU usage exceeded threshold: 87%
2022-09-20 05:45:04 INFO User logged out
2022-10-19 00:44:20 ERROR Could not resolve DNS for internal resource.
2022-05-12 02:07:38 ALERT Unauthorized login attempt detected
2021-06-05 10:48:33 NOTICE Service restart triggered by user
2022-07-11 20:42:32 DEBUG Process exited with code 0
2021-10-05 08:29:46 ALERT Unauthorized login attempt detected
2022-11-11 11:17:02 FAILURE Authentication failed for user admin
2021-05-26 01:23:53 TRACE Packet dropped due to policy rule
2023-11-17 04:06:46 WARNING CPU usage exceeded threshold: 87%
2023-11-20 02:54:39 INFO User logged out
2021-06-09 03:29:45 INFO User logged out
2021-01-11 21:56:09 WARNING CPU usage exceeded threshold: 87%
2021-07-25 09:28:05 ERROR Could not resolve DNS for internal resource.
2023-05-02 12:39:34 INFO Connection successful to remote host.
2021-02-06 13:09:14 ERROR Could not resolve DNS for internal resource.
2022-05-01 11:45:00 INFO Backup completed at
2023-10-01 17:37:50 TRACE Packet dropped due to policy rule
2023-01-26 20:13:17 FAILURE Authentication failed for user admin
2021-02-26 10:30:57 INFO Connection successful to remote host.
2021-09-21 20:43:20 INFO Backup completed at
2022-02-23 08:45:39 INFO Backup completed at
2023-10-07 17:21:18 NOTICE Service restart triggered by user
2021-08-07 10:19:24 INFO User logged out
2023-11-19 17:17:38 WARNING CPU usage exceeded threshold: 87%
2023-07-18 13:44:56 FAILURE Authentication failed for user admin
2021-02-15 16:26:02 INFO User logged out
2021-06-11 04:11:53 DEBUG Process exited with code 0
2021-08-11 14:53:36 TRACE Packet dropped due to policy rule
2022-11-13 05:16:13 ALERT Unauthorized login attempt detected
2022-04-25 19:02:50 INFO User logged out
2021-07-17 00:25:58 INFO Backup completed at
2023-10-08 19:39:12 INFO Connection successful to remote host.
2023-07-26 22:35:02 INFO Connection successful to remote host.
2022-09-19 21:22:48 ALERT Unauthorized login attempt detected
2021-02-07 04:48:39 DEBUG Process exited with code 0
2023-04-01 20:49:00 TRACE Packet dropped due to policy rule
2021-04-24 14:43:04 INFO Backup completed at
2023-03-07 15:44:06 WARNING CPU usage exceeded threshold: 87%
2022-06-26 15:30:27 INFO User logged out
2022-06-10 04:33:36 ERROR Could not resolve DNS for internal resource.
2022-04-17 19:31:56 NOTICE Service restart triggered by user
2023-03-04 04:16:40 INFO Connection successful to remote host.
2021-05-06 20:09:04 DEBUG Process exited with code 0
2021-10-20 11:29:19 INFO Backup completed at
2022-01-15 05:41:24 DEBUG Process exited with code 0
2022-07-11 13:11:24 ALERT Unauthorized login attempt detected
2022-07-17 01:12:49 WARNING CPU usage exceeded threshold: 87%
2022-02-27 04:39:25 INFO User logged out
