2021-08-07 05:16:55 DEBUG Process exited with code 0
2022-02-25 05:24:14 TRACE Packet dropped due to policy rule
2023-04-25 14:52:45 WARNING CPU usage exceeded threshold: 87%
2022-07-02 12:44:23 INFO Connection successful to remote host.
2022-09-17 12:22:31 ERROR Could not resolve DNS for internal resource.
2021-03-27 10:27:40 WARNING CPU usage exceeded threshold: 87%
2023-11-13 18:14:26 TRACE Packet dropped due to policy rule
2021-08-12 12:07:09 INFO Backup completed at
2023-10-18 17:31:40 TRACE Packet dropped due to policy rule
2023-10-12 01:14:48 INFO Backup completed at
2021-08-18 11:38:51 WARNING CPU usage exceeded threshold: 87%
2021-10-25 12:21:40 DEBUG Process exited with code 0
2023-10-12 11:50:20 FAILURE Authentication failed for user admin
2021-07-25 13:01:32 ALERT Unauthorized login attempt detected
2023-03-19 17:52:29 DEBUG Process exited with code 0
2022-05-04 19:55:53 TRACE Packet dropped due to policy rule
2023-02-05 03:49:26 NOTICE Service restart triggered by user
2021-03-09 02:20:48 ALERT Unauthorized login attempt detected
2023-09-12 18:56:01 ERROR Could not resolve DNS for internal resource.
2022-08-15 07:26:33 TRACE Packet dropped due to policy rule
2022-05-07 05:05:34 INFO Backup completed at
2021-07-04 03:35:39 NOTICE Service restart triggered by user
2023-08-26 14:41:21 ERROR Could not resolve DNS for internal resource.
2022-03-16 21:43:33 ERROR Could not resolve DNS for internal resource.
2023-05-04 11:21:10 INFO Backup completed at
2023-10-04 12:55:24 ERROR Could not resolve DNS for internal resource.
2021-03-18 02:04:39 INFO User logged out
2023-04-07 08:03:35 INFO Connection successful to remote host.
2022-02-01 02:12:38 FAILURE Authentication failed for user admin
2023-09-13 00:20:50 NOTICE Service restart triggered by user
2021-01-10 19:46:08 FAILURE Authentication failed for user admin
2023-05-16 22:58:42 NOTICE Service restart triggered by user
2021-05-04 10:46:16 ERROR Could not resolve DNS for internal resource.
2021-07-04 05:17:25 WARNING CPU usage exceeded threshold: 87%
2023-07-15 11:36:30 TRACE Packet dropped due to policy rule
2021-03-19 22:08:54 FAILURE Authentication failed for user admin
2021-10-25 15:42:50 NOTICE Service restart triggered by user
2021-11-20 19:38:00 INFO Connection successful to remote host.
2022-02-09 14:02:39 ALERT Unauthorized login attempt detected
2021-11-20 21:26:34 NOTICE Service restart triggered by user
2023-01-06 07:07:44 WARNING CPU usage exceeded threshold: 87%
2022-02-25 18:58:01 TRACE Packet dropped due to policy rule
2023-10-13 00:24:12 DEBUG Process exited with code 0
2022-09-12 12:58:36 INFO User logged out
2023-08-25 22:33:26 INFO Backup completed at
2021-10-08 16:27:06 FAILURE Authentication failed for user admin
2022-04-22 06:57:24 FAILURE Authentication failed for user admin
2022-10-16 21:45:27 ALERT Unauthorized login attempt detected
2022-09-19 06:36:50 ERROR Could not resolve DNS for internal resource.
2023-04-11 21:06:56 INFO Connection successful to remote host.
2022-09-20 01:51:56 INFO Connection successful to remote host.
2023-10-21 06:09:35 INFO Connection successful to remote host.
2022-03-12 14:33:25 DEBUG Process exited with code 0
2022-08-12 00:49:09 INFO User logged out
2023-05-20 20:03:21 WARNING CPU usage exceeded threshold: 87%
2021-09-25 12:41:05 NOTICE Service restart triggered by user
2021-03-27 03:50:10 WARNING CPU usage exceeded threshold: 87%
2021-11-10 08:24:48 FAILURE Authentication failed for user admin
2021-01-01 20:19:34 FAILURE Authentication failed for user admin
2021-11-03 17:47:28 FAILURE Authentication failed for user admin
2023-07-22 09:24:53 INFO Connection successful to remote host.
2023-04-13 09:39:35 FAILURE Authentication failed for user admin
2021-10-02 02:40:41 INFO Backup completed at
2022-09-01 04:17:06 INFO Backup completed at
2022-04-26 22:41:37 ALERT Unauthorized login attempt detected
2022-05-02 13:36:30 INFO Backup completed at
2022-04-27 01:19:49 TRACE Packet dropped due to policy rule
2022-01-24 18:52:34 ALERT Unauthorized login attempt detected
2023-06-08 07:21:15 DEBUG Process exited with code 0
2021-02-27 07:12:32 TRACE Packet dropped due to policy rule
2023-09-25 04:11:46 ERROR Could not resolve DNS for internal resource.
2022-11-19 08:36:11 ERROR Could not resolve DNS for internal resource.
2022-05-03 16:26:05 FAILURE Authentication failed for user admin
2021-05-27 15:40:23 INFO Backup completed at
2021-08-26 18:30:52 INFO Connection successful to remote host.
2022-01-06 22:08:54 INFO Backup completed at
2023-10-09 02:40:35 DEBUG Process exited with code 0
2023-09-15 01:24:46 FAILURE Authentication failed for user admin
2021-02-04 04:58:42 WARNING CPU usage exceeded threshold: 87%
2023-09-06 06:45:27 ERROR Could not resolve DNS for internal resource.
2021-02-21 10:49:52 FAILURE Authentication failed for user admin
2021-09-06 03:37:36 FAILURE Authentication failed for user admin
2021-04-01 16:44:22 ERROR Could not resolve DNS for internal resource.
2023-04-23 14:08:47 DEBUG Process exited with code 0
2021-09-02 09:28:57 ALERT Unauthorized login attempt detected
2023-11-08 20:17:16 INFO User logged out
2023-03-18 00:50:20 INFO Connection successful to remote host.
2022-08-12 00:20:54 INFO Backup completed at
2021-08-25 06:00:49 FAILURE Authentication failed for user admin
2022-01-08 04:31:22 FAILURE Authentication failed for user admin
2023-08-10 17:02:14 ERROR Could not resolve DNS for internal resource.
2022-06-07 08:42:27 WARNING CPU usage exceeded threshold: 87%
2021-01-03 03:12:27 INFO User logged out
2021-10-24 18:55:17 NOTICE Service restart triggered by user
2023-10-08 07:19:44 INFO Backup completed at
2021-03-04 04:13:01 NOTICE Service restart triggered by user
2021-11-22 05:14:36 FAILURE Authentication failed for user admin
2021-11-17 11:20:32 TRACE Packet dropped due to policy rule
2022-04-04 01:17:31 ALERT Unauthorized login attempt detected
2023-10-17 15:08:06 FAILURE Authentication failed for user admin
2021-02-07 05:19:02 FAILURE Authentication failed for user admin
2022-04-20 17:35:39 INFO Connection successful to remote host.
2021-10-13 03:28:50 INFO Backup completed at
2021-07-12 14:45:20 FAILURE Authentication failed for user admin
2021-07-23 19:39:05 NOTICE Service restart triggered by user
2022-04-18 12:04:01 TRACE Packet dropped due to policy rule
2021-07-09 16:04:55 ERROR Could not resolve DNS for internal resource.
2021-09-03 06:05:17 INFO Connection successful to remote host.
2022-10-14 19:15:46 WARNING CPU usage exceeded threshold: 87%
2022-11-26 10:22:21 TRACE Packet dropped due to policy rule
2021-01-05 21:30:58 ERROR Could not resolve DNS for internal resource.
2021-03-18 15:39:34 INFO Backup completed at
2023-09-18 20:35:43 INFO Connection successful to remote host.
2022-06-23 02:16:31 WARNING CPU usage exceeded threshold: 87%
2023-06-11 20:54:40 ALERT Unauthorized login attempt detected
2021-01-22 05:14:05 INFO Backup completed at
2023-11-24 15:20:58 INFO Connection successful to remote host.
2021-01-08 04:23:49 FAILURE Authentication failed for user admin
2021-10-12 19:11:49 INFO User logged out
2023-01-12 22:20:54 INFO User logged out
2023-10-12 15:19:07 TRACE Packet dropped due to policy rule
2023-06-09 07:35:20 INFO Backup completed at
