2022-06-05 14:06:01 ERROR Could not resolve DNS for internal resource.
2021-07-19 03:17:28 INFO Backup completed at
2023-11-23 11:20:36 INFO User logged out
2022-05-22 21:03:46 INFO User logged out
2022-11-17 20:18:17 TRACE Packet dropped due to policy rule
2023-04-02 02:12:32 INFO Connection successful to remote host.
2021-04-09 03:30:57 DEBUG Process exited with code 0
2021-09-22 00:51:15 TRACE Packet dropped due to policy rule
2023-04-18 06:21:40 INFO Backup completed at
2021-11-26 04:10:57 DEBUG Process exited with code 0
2021-11-17 04:08:34 INFO User logged out
2023-07-27 10:31:03 FAILURE Authentication failed for user admin
2022-05-10 08:43:18 WARNING CPU usage exceeded threshold: 87%
2023-08-12 14:03:55 INFO Backup completed at
2023-03-23 08:29:49 WARNING CPU usage exceeded threshold: 87%
2021-09-04 02:37:54 INFO User logged out
2023-08-05 16:06:52 ERROR Could not resolve DNS for internal resource.
2023-01-06 14:31:25 INFO Connection successful to remote host.
2022-11-22 10:56:18 DEBUG Process exited with code 0
2023-04-26 06:45:28 WARNING CPU usage exceeded threshold: 87%
2021-04-21 04:25:40 ALERT Unauthorized login attempt detected
2023-08-27 04:18:43 INFO Backup completed at
2021-09-27 01:08:32 INFO Backup completed at
2021-09-02 19:52:12 WARNING CPU usage exceeded threshold: 87%
2021-04-23 12:38:40 INFO Backup completed at
2023-11-14 20:42:24 NOTICE Service restart triggered by user
2021-05-14 07:46:51 INFO Backup completed at
2023-05-10 14:24:11 INFO Backup completed at
2021-10-05 16:40:41 ERROR Could not resolve DNS for internal resource.
2023-09-12 08:38:12 INFO Backup completed at
2021-11-15 19:47:41 ALERT Unauthorized login attempt detected
2021-07-02 20:18:53 TRACE Packet dropped due to policy rule
2021-01-07 12:01:58 INFO User logged out
2022-11-11 22:48:13 ALERT Unauthorized login attempt detected
2022-10-07 01:21:46 ERROR Could not resolve DNS for internal resource.
2021-08-26 04:33:08 DEBUG Process exited with code 0
2022-04-14 22:51:52 ERROR Could not resolve DNS for internal resource.
2021-03-27 06:29:00 ERROR Could not resolve DNS for internal resource.
2021-03-11 22:04:51 ERROR Could not resolve DNS for internal resource.
2022-04-06 06:14:01 ERROR Could not resolve DNS for internal resource.
2023-01-19 13:06:41 INFO User logged out
2021-04-09 17:51:25 DEBUG Process exited with code 0
2022-11-22 02:37:46 TRACE Packet dropped due to policy rule
2021-04-09 14:07:08 INFO Backup completed at
2022-08-07 04:37:41 TRACE Packet dropped due to policy rule
2022-05-08 16:06:57 NOTICE Service restart triggered by user
2023-03-23 04:14:40 INFO Connection successful to remote host.
2022-05-14 08:51:16 ALERT Unauthorized login attempt detected
2021-05-27 16:10:43 ERROR Could not resolve DNS for internal resource.
2021-03-03 17:18:23 FAILURE Authentication failed for user admin
2022-01-03 20:00:14 INFO Connection successful to remote host.
2023-06-12 04:52:11 ALERT Unauthorized login attempt detected
2023-07-26 18:56:47 ALERT Unauthorized login attempt detected
2022-06-21 00:23:02 TRACE Packet dropped due to policy rule
2023-10-27 02:05:01 INFO Connection successful to remote host.
2021-05-14 22:48:57 DEBUG Process exited with code 0
2021-10-16 04:31:24 NOTICE Service restart triggered by user
2022-07-10 00:21:43 WARNING CPU usage exceeded threshold: 87%
2022-06-23 12:37:46 NOTICE Service restart triggered by user
2023-11-09 06:57:45 TRACE Packet dropped due to policy rule
2022-10-04 05:22:23 INFO Backup completed at
2023-02-03 01:39:01 INFO User logged out
2021-05-04 13:58:14 ERROR Could not resolve DNS for internal resource.
2022-09-18 04:16:32 ALERT Unauthorized login attempt detected
2023-01-06 17:30:21 FAILURE Authentication failed for user admin
2022-04-05 00:05:21 NOTICE Service restart triggered by user
2021-05-11 03:33:37 FAILURE Authentication failed for user admin
2022-08-02 06:40:06 ALERT Unauthorized login attempt detected
2023-08-06 08:56:53 INFO Backup completed at
2023-04-22 13:05:10 DEBUG Process exited with code 0
2022-04-01 01:43:55 DEBUG Process exited with code 0
2021-09-16 08:08:24 FAILURE Authentication failed for user admin
2022-09-06 21:29:18 FAILURE Authentication failed for user admin
2022-04-10 05:43:04 TRACE Packet dropped due to policy rule
2022-03-14 01:42:07 INFO User logged out
2023-06-12 02:31:22 ERROR Could not resolve DNS for internal resource.
2022-05-01 02:50:07 NOTICE Service restart triggered by user
2023-08-26 09:27:24 DEBUG Process exited with code 0
2021-02-01 17:01:29 ALERT Unauthorized login attempt detected
2022-06-22 14:35:48 INFO User logged out
2023-05-11 06:41:29 NOTICE Service restart triggered by user
2021-02-07 22:13:30 FAILURE Authentication failed for user admin
2023-08-27 14:45:43 DEBUG Process exited with code 0
2022-06-20 13:49:12 INFO User logged out
2022-05-06 10:45:35 TRACE Packet dropped due to policy rule
2023-04-21 18:09:14 ERROR Could not resolve DNS for internal resource.
2021-06-21 21:45:56 FAILURE Authentication failed for user admin
2021-05-15 02:22:24 INFO Connection successful to remote host.
2023-09-27 07:27:48 INFO User logged out
2022-02-04 21:41:25 NOTICE Service restart triggered by user
2021-09-15 22:23:30 ERROR Could not resolve DNS for internal resource.
2023-03-05 22:09:49 ERROR Could not resolve DNS for internal resource.
2022-09-22 02:51:57 NOTICE Service restart triggered by user
2022-09-06 19:28:02 INFO User logged out
2021-06-27 04:36:19 NOTICE Service restart triggered by user
2023-06-25 08:45:05 ALERT Unauthorized login attempt detected
2022-06-10 07:25:15 TRACE Packet dropped due to policy rule
2022-10-15 12:11:55 WARNING CPU usage exceeded threshold: 87%
2021-04-17 09:33:40 INFO User logged out
2021-11-02 19:11:56 DEBUG Process exited with code 0
2021-02-22 02:35:09 INFO User logged out
