2021-05-20 00:50:30 ERROR Could not resolve DNS for internal resource.
2021-02-02 10:40:43 WARNING CPU usage exceeded threshold: 87%
2021-06-11 19:55:25 WARNING CPU usage exceeded threshold: 87%
2023-01-13 22:06:56 WARNING CPU usage exceeded threshold: 87%
2023-04-05 17:46:44 DEBUG Process exited with code 0
2022-05-03 14:40:35 WARNING CPU usage exceeded threshold: 87%
2022-11-17 12:13:12 INFO Backup completed at
2021-08-13 15:02:08 WARNING CPU usage exceeded threshold: 87%
2021-11-02 20:53:47 INFO Backup completed at
2021-04-23 18:03:34 INFO Connection successful to remote host.
2022-04-10 11:48:02 NOTICE Service restart triggered by user
2021-08-24 12:27:47 INFO Backup completed at
2023-03-23 02:51:52 INFO User logged out
2021-11-12 16:44:13 INFO Connection successful to remote host.
2022-11-24 08:57:09 TRACE Packet dropped due to policy rule
2022-11-02 16:22:46 TRACE Packet dropped due to policy rule
2023-09-15 08:01:18 FAILURE Authentication failed for user admin
2023-06-26 05:48:49 ERROR Could not resolve DNS for internal resource.
2023-06-24 11:38:16 NOTICE Service restart triggered by user
2022-03-03 07:36:51 INFO Backup completed at
2021-07-18 04:28:35 FAILURE Authentication failed for user admin
2021-01-22 14:15:03 TRACE Packet dropped due to policy rule
2022-06-18 12:06:20 WARNING CPU usage exceeded threshold: 87%
2021-07-27 16:40:06 DEBUG Process exited with code 0
2022-09-19 17:05:19 FAILURE Authentication failed for user admin
2022-03-01 10:44:42 DEBUG Process exited with code 0
2023-05-22 06:51:16 INFO Connection successful to remote host.
2022-07-20 19:00:10 INFO Backup completed at
2022-01-18 05:18:42 INFO Connection successful to remote host.
2021-08-26 02:01:04 ERROR Could not resolve DNS for internal resource.
2023-07-06 05:18:52 INFO Connection successful to remote host.
2023-01-18 04:47:51 ERROR Could not resolve DNS for internal resource.
2022-06-21 02:05:47 NOTICE Service restart triggered by user
2021-07-21 04:24:10 INFO Backup completed at
2021-02-12 08:50:05 ALERT Unauthorized login attempt detected
2023-03-19 02:42:01 WARNING CPU usage exceeded threshold: 87%
2021-03-12 20:33:21 INFO User logged out
2023-10-14 11:39:26 TRACE Packet dropped due to policy rule
2023-10-17 01:17:44 INFO Connection successful to remote host.
2021-11-03 08:39:30 ERROR Could not resolve DNS for internal resource.
2021-11-11 01:02:23 ERROR Could not resolve DNS for internal resource.
2023-03-19 07:00:11 INFO Connection successful to remote host.
2022-11-14 19:41:30 NOTICE Service restart triggered by user
2022-09-18 11:19:53 INFO Connection successful to remote host.
2022-01-15 09:35:01 ERROR Could not resolve DNS for internal resource.
2023-02-24 17:40:05 NOTICE Service restart triggered by user
2022-01-27 06:36:23 WARNING CPU usage exceeded threshold: 87%
2022-06-05 20:27:53 ERROR Could not resolve DNS for internal resource.
2021-10-06 14:14:04 ALERT Unauthorized login attempt detected
2022-07-01 14:09:02 DEBUG Process exited with code 0
2022-03-11 17:39:20 TRACE Packet dropped due to policy rule
2021-09-25 15:40:11 NOTICE Service restart triggered by user
2022-02-19 16:12:06 WARNING CPU usage exceeded threshold: 87%
2023-09-06 02:37:31 ALERT Unauthorized login attempt detected
2022-09-26 00:51:48 INFO Connection successful to remote host.
2022-08-11 17:28:30 ALERT Unauthorized login attempt detected
2021-11-16 05:47:44 ALERT Unauthorized login attempt detected
2022-10-09 15:23:23 ERROR Could not resolve DNS for internal resource.
2021-07-20 22:44:17 TRACE Packet dropped due to policy rule
2022-01-15 21:05:28 INFO Backup completed at
2021-09-15 17:11:58 DEBUG Process exited with code 0
2021-11-21 01:39:38 FAILURE Authentication failed for user admin
2022-05-20 12:27:45 FAILURE Authentication failed for user admin
2023-08-18 20:19:51 WARNING CPU usage exceeded threshold: 87%
2022-05-23 05:46:17 FAILURE Authentication failed for user admin
2023-11-07 03:16:44 FAILURE Authentication failed for user admin
2021-10-22 03:26:15 DEBUG Process exited with code 0
2023-08-08 00:47:43 TRACE Packet dropped due to policy rule
2022-03-07 12:37:48 FAILURE Authentication failed for user admin
2022-07-01 09:01:21 NOTICE Service restart triggered by user
2023-06-14 03:21:29 FAILURE Authentication failed for user admin
2022-11-23 05:12:49 FAILURE Authentication failed for user admin
2021-11-07 22:39:03 INFO Connection successful to remote host.
2023-03-22 05:24:58 TRACE Packet dropped due to policy rule
2022-11-12 15:46:52 INFO Connection successful to remote host.
2023-11-04 07:43:47 INFO Connection successful to remote host.
2022-03-03 22:13:35 INFO Connection successful to remote host.
2022-10-13 15:00:09 FAILURE Authentication failed for user admin
2022-08-07 12:43:10 INFO Connection successful to remote host.
2022-01-08 00:46:16 FAILURE Authentication failed for user admin
2022-02-26 02:29:34 INFO Connection successful to remote host.
2023-10-10 14:18:11 INFO Backup completed at
2023-11-21 02:14:21 ALERT Unauthorized login attempt detected
2021-08-05 00:27:18 INFO Connection successful to remote host.
2022-10-18 02:51:31 INFO Backup completed at
2023-06-10 18:13:34 FAILURE Authentication failed for user admin
2023-03-13 14:02:11 DEBUG Process exited with code 0
2022-10-19 06:15:48 DEBUG Process exited with code 0
2022-01-21 01:28:54 ERROR Could not resolve DNS for internal resource.
2021-05-02 03:52:05 NOTICE Service restart triggered by user
