2021-05-27 07:48:45 NOTICE Service restart triggered by user
2023-03-20 15:38:40 INFO Connection successful to remote host.
2021-01-26 19:57:27 ALERT Unauthorized login attempt detected
2022-03-18 07:53:36 NOTICE Service restart triggered by user
2023-04-05 11:43:43 FAILURE Authentication failed for user admin
2021-06-03 04:31:38 DEBUG Process exited with code 0
2021-01-12 12:27:57 NOTICE Service restart triggered by user
2022-02-25 15:54:23 NOTICE Service restart triggered by user
2021-10-02 19:35:22 INFO User logged out
2021-09-03 04:30:23 FAILURE Authentication failed for user admin
2021-01-10 15:10:19 DEBUG Process exited with code 0
2022-02-18 04:35:27 ERROR Could not resolve DNS for internal resource.
2023-01-11 17:09:24 WARNING CPU usage exceeded threshold: 87%
2021-04-09 11:46:27 WARNING CPU usage exceeded threshold: 87%
2021-04-15 08:35:12 INFO User logged out
2021-04-06 06:06:05 INFO Connection successful to remote host.
2023-08-16 17:40:42 TRACE Packet dropped due to policy rule
2021-06-27 19:04:21 NOTICE Service restart triggered by user
2023-06-27 18:02:01 ERROR Could not resolve DNS for internal resource.
2021-01-23 17:57:01 DEBUG Process exited with code 0
2022-05-12 12:22:36 INFO User logged out
2021-05-05 09:31:36 WARNING CPU usage exceeded threshold: 87%
2023-04-17 10:34:51 FAILURE Authentication failed for user admin
2023-08-27 02:36:24 DEBUG Process exited with code 0
2022-07-06 14:13:27 INFO Backup completed at
2023-06-22 03:29:11 FAILURE Authentication failed for user admin
2023-08-05 12:56:38 ERROR Could not resolve DNS for internal resource.
2022-02-19 15:03:11 INFO Connection successful to remote host.
2022-04-20 10:34:51 WARNING CPU usage exceeded threshold: 87%
2023-11-05 14:27:04 NOTICE Service restart triggered by user
2023-05-06 09:30:58 ALERT Unauthorized login attempt detected
2021-03-10 01:34:17 TRACE Packet dropped due to policy rule
2021-11-23 16:25:51 ERROR Could not resolve DNS for internal resource.
2022-04-23 11:53:00 FAILURE Authentication failed for user admin
2022-02-04 08:49:04 NOTICE Service restart triggered by user
2023-10-19 17:23:51 TRACE Packet dropped due to policy rule
2023-05-04 11:36:31 FAILURE Authentication failed for user admin
2021-02-12 14:14:06 NOTICE Service restart triggered by user
2023-06-01 07:00:14 ERROR Could not resolve DNS for internal resource.
2023-07-21 02:27:56 TRACE Packet dropped due to policy rule
2022-06-26 07:13:18 WARNING CPU usage exceeded threshold: 87%
2021-10-05 16:30:55 FAILURE Authentication failed for user admin
2022-02-22 10:33:00 TRACE Packet dropped due to policy rule
2023-04-13 15:57:41 INFO Backup completed at
2021-10-11 08:18:22 INFO Backup completed at
2021-03-16 22:58:05 ERROR Could not resolve DNS for internal resource.
2021-10-13 19:55:57 WARNING CPU usage exceeded threshold: 87%
2021-04-11 15:50:05 INFO Connection successful to remote host.
2021-01-01 05:45:51 FAILURE Authentication failed for user admin
2022-08-17 18:25:54 DEBUG Process exited with code 0
2021-11-20 20:46:34 INFO Backup completed at
2022-07-20 08:43:21 TRACE Packet dropped due to policy rule
2021-09-11 16:24:23 DEBUG Process exited with code 0
2021-04-13 22:37:42 DEBUG Process exited with code 0
2021-01-09 09:08:12 DEBUG Process exited with code 0
2022-10-04 07:25:20 INFO User logged out
2023-10-18 15:14:15 ALERT Unauthorized login attempt detected
2021-08-25 08:30:47 ALERT Unauthorized login attempt detected
2023-01-06 00:08:06 ALERT Unauthorized login attempt detected
2021-10-08 20:06:52 WARNING CPU usage exceeded threshold: 87%
2021-08-20 10:06:28 WARNING CPU usage exceeded threshold: 87%
2023-09-26 22:51:51 INFO Backup completed at
2021-02-20 11:26:51 NOTICE Service restart triggered by user
2021-05-23 07:56:50 DEBUG Process exited with code 0
2021-06-22 11:51:36 NOTICE Service restart triggered by user
2023-02-24 07:09:02 WARNING CPU usage exceeded threshold: 87%
2023-11-22 16:39:12 ERROR Could not resolve DNS for internal resource.
2021-03-19 02:08:37 ERROR Could not resolve DNS for internal resource.
2022-08-19 18:27:44 INFO Backup completed at
2023-05-05 01:29:20 INFO Connection successful to remote host.
2022-03-03 17:48:01 INFO User logged out
2023-02-13 08:05:05 INFO Connection successful to remote host.
2023-07-24 21:18:36 WARNING CPU usage exceeded threshold: 87%
2022-05-16 22:34:53 ALERT Unauthorized login attempt detected
2023-07-03 17:13:07 TRACE Packet dropped due to policy rule
2021-11-07 06:35:58 INFO Backup completed at
2023-09-03 10:11:51 DEBUG Process exited with code 0
2023-04-17 00:21:38 WARNING CPU usage exceeded threshold: 87%
2022-07-25 02:01:06 INFO Backup completed at
2023-01-15 12:52:37 INFO Backup completed at
2021-10-04 10:39:36 ALERT Unauthorized login attempt detected
2023-08-21 00:41:38 INFO Connection successful to remote host.
2021-06-23 22:17:39 INFO Connection successful to remote host.
2021-07-16 01:52:12 DEBUG Process exited with code 0
2022-11-24 21:06:09 WARNING CPU usage exceeded threshold: 87%
2021-02-09 06:51:04 INFO Connection successful to remote host.
2022-07-10 17:53:38 ALERT Unauthorized login attempt detected
2022-10-19 01:40:43 INFO Connection successful to remote host.
2022-03-25 18:13:00 ALERT Unauthorized login attempt detected
2023-02-12 13:37:31 INFO User logged out
2023-10-24 22:10:35 TRACE Packet dropped due to policy rule
2022-03-24 03:24:08 INFO Connection successful to remote host.
2023-06-03 00:02:19 WARNING CPU usage exceeded threshold: 87%
2023-07-21 17:01:33 TRACE Packet dropped due to policy rule
2022-10-27 06:37:34 ERROR Could not resolve DNS for internal resource.
2023-08-21 13:52:48 ERROR Could not resolve DNS for internal resource.
2021-06-13 16:39:43 FAILURE Authentication failed for user admin
2021-03-14 15:55:16 INFO Connection successful to remote host.
2021-04-25 17:29:58 ERROR Could not resolve DNS for internal resource.
2021-04-06 13:16:47 ERROR Could not resolve DNS for internal resource.
2023-03-18 15:25:48 FAILURE Authentication failed for user admin
2022-06-08 08:09:44 INFO Connection successful to remote host.
2022-06-10 07:31:32 ALERT Unauthorized login attempt detected
2021-07-20 12:22:56 WARNING CPU usage exceeded threshold: 87%
2023-09-15 15:39:06 INFO Backup completed at
2023-10-24 17:07:14 INFO Connection successful to remote host.
2023-11-27 04:43:52 INFO Backup completed at
2023-03-26 08:38:27 TRACE Packet dropped due to policy rule
2022-09-25 13:45:49 FAILURE Authentication failed for user admin
2021-02-03 16:17:21 WARNING CPU usage exceeded threshold: 87%
2023-10-19 00:04:23 WARNING CPU usage exceeded threshold: 87%
2021-10-10 18:07:37 FAILURE Authentication failed for user admin
2022-09-12 14:17:24 INFO Connection successful to remote host.
2023-09-03 06:31:37 INFO User logged out
2021-06-25 01:49:54 INFO User logged out
2021-01-13 04:07:16 DEBUG Process exited with code 0
2021-07-01 16:44:16 INFO User logged out
2023-05-16 05:43:00 INFO User logged out
2021-06-06 17:15:14 INFO User logged out
2022-03-01 07:57:35 TRACE Packet dropped due to policy rule
2021-04-19 22:41:45 WARNING CPU usage exceeded threshold: 87%
2023-04-06 03:46:19 ALERT Unauthorized login attempt detected
2022-02-06 19:32:47 DEBUG Process exited with code 0
2023-04-12 13:55:02 INFO User logged out
2023-10-03 00:38:50 NOTICE Service restart triggered by user
2021-04-11 07:28:09 FAILURE Authentication failed for user admin
2023-02-14 19:47:52 TRACE Packet dropped due to policy rule
2023-05-25 09:58:34 ALERT Unauthorized login attempt detected
2021-11-25 10:50:40 ALERT Unauthorized login attempt detected
2021-07-09 03:09:27 INFO Backup completed at
2021-06-23 08:53:01 WARNING CPU usage exceeded threshold: 87%
2021-02-07 10:53:00 NOTICE Service restart triggered by user
2023-04-04 01:03:21 FAILURE Authentication failed for user admin
2023-11-01 05:15:29 NOTICE Service restart triggered by user
2021-10-12 22:45:28 FAILURE Authentication failed for user admin
2021-08-06 14:16:56 WARNING CPU usage exceeded threshold: 87%
2021-06-13 20:22:56 INFO Connection successful to remote host.
2021-07-17 20:21:47 FAILURE Authentication failed for user admin
2022-09-11 16:33:26 INFO Connection successful to remote host.
2021-02-03 18:01:30 INFO Backup completed at
2023-11-25 04:38:28 TRACE Packet dropped due to policy rule
2022-08-06 19:21:37 WARNING CPU usage exceeded threshold: 87%
2023-09-14 02:23:34 INFO User logged out
2023-04-06 05:53:11 INFO User logged out
2021-06-08 19:33:15 FAILURE Authentication failed for user admin
2021-08-17 17:15:31 WARNING CPU usage exceeded threshold: 87%
2023-08-25 09:37:47 INFO User logged out
2023-09-22 19:08:58 FAILURE Authentication failed for user admin
2021-08-07 06:41:42 FAILURE Authentication failed for user admin
2022-06-24 12:06:15 ERROR Could not resolve DNS for internal resource.
2021-04-02 03:08:16 INFO User logged out
2023-11-22 22:39:30 FAILURE Authentication failed for user admin
2021-04-15 06:54:18 INFO Backup completed at
2021-09-16 14:45:20 WARNING CPU usage exceeded threshold: 87%
2023-03-14 14:51:39 INFO User logged out
2021-05-27 21:50:17 WARNING CPU usage exceeded threshold: 87%
2023-03-10 09:47:33 ERROR Could not resolve DNS for internal resource.
2023-10-21 16:16:21 FAILURE Authentication failed for user admin
2023-04-21 22:42:16 TRACE Packet dropped due to policy rule
2022-09-01 17:23:05 DEBUG Process exited with code 0
2022-03-18 12:36:48 FAILURE Authentication failed for user admin
2022-01-11 11:58:57 FAILURE Authentication failed for user admin
2023-08-25 17:16:22 WARNING CPU usage exceeded threshold: 87%
2021-11-08 09:03:32 INFO Connection successful to remote host.
2021-03-25 00:30:13 ERROR Could not resolve DNS for internal resource.
2023-01-11 16:47:06 INFO Backup completed at
2023-01-24 18:32:04 INFO Connection successful to remote host.
2021-03-21 07:00:20 NOTICE Service restart triggered by user
2021-01-25 06:47:20 INFO Connection successful to remote host.
2021-05-12 17:42:48 FAILURE Authentication failed for user admin
2022-06-11 09:14:42 ALERT Unauthorized login attempt detected
2022-09-08 13:51:05 INFO Backup completed at
2023-03-26 00:14:03 INFO Connection successful to remote host.
2021-08-13 06:30:15 INFO Backup completed at
2023-07-05 12:05:40 NOTICE Service restart triggered by user
2023-06-25 02:08:49 ALERT Unauthorized login attempt detected
2022-03-26 16:19:30 INFO User logged out
2022-06-16 06:07:24 INFO User logged out
2022-06-09 03:44:14 DEBUG Process exited with code 0
2021-11-22 10:55:26 DEBUG Process exited with code 0
2021-05-24 03:51:12 TRACE Packet dropped due to policy rule
2022-01-26 03:18:40 FAILURE Authentication failed for user admin
2022-04-26 10:02:01 FAILURE Authentication failed for user admin
2023-01-22 19:37:33 TRACE Packet dropped due to policy rule
2021-05-26 08:26:33 INFO Backup completed at
2021-02-10 07:32:36 ERROR Could not resolve DNS for internal resource.
2023-08-17 04:50:52 NOTICE Service restart triggered by user
2022-06-16 22:33:43 ALERT Unauthorized login attempt detected
2023-06-21 09:03:46 NOTICE Service restart triggered by user
2021-02-08 12:07:11 ERROR Could not resolve DNS for internal resource.
2022-11-03 09:43:38 ERROR Could not resolve DNS for internal resource.
2022-05-21 17:11:46 INFO Connection successful to remote host.
2022-06-22 12:10:22 WARNING CPU usage exceeded threshold: 87%
2021-07-20 09:34:13 INFO Backup completed at
2022-06-09 03:21:45 NOTICE Service restart triggered by user
2022-03-03 03:39:57 INFO Connection successful to remote host.
2021-11-21 03:45:02 NOTICE Service restart triggered by user
2023-03-27 21:23:00 FAILURE Authentication failed for user admin
2021-01-12 03:34:24 WARNING CPU usage exceeded threshold: 87%
2022-06-20 13:46:28 ALERT Unauthorized login attempt detected
