2021-05-14 17:51:05 TRACE Packet dropped due to policy rule
2021-06-23 10:54:38 ALERT Unauthorized login attempt detected
2023-09-11 02:06:34 ALERT Unauthorized login attempt detected
2023-04-07 01:35:29 DEBUG Process exited with code 0
2023-06-13 02:56:35 ERROR Could not resolve DNS for internal resource.
2023-09-11 18:00:02 INFO Connection successful to remote host.
2023-01-18 15:20:15 NOTICE Service restart triggered by user
2021-11-22 20:42:00 FAILURE Authentication failed for user admin
2022-08-03 17:43:35 INFO Backup completed at
2023-08-14 04:05:37 DEBUG Process exited with code 0
2021-10-05 16:19:24 NOTICE Service restart triggered by user
2023-02-20 07:31:31 INFO Backup completed at
2021-05-07 06:00:27 DEBUG Process exited with code 0
2021-11-21 03:12:34 INFO Backup completed at
2021-06-05 22:10:49 INFO Backup completed at
2021-01-16 07:16:25 NOTICE Service restart triggered by user
2021-05-14 05:50:10 FAILURE Authentication failed for user admin
2021-10-17 09:25:36 WARNING CPU usage exceeded threshold: 87%
2023-02-17 02:06:17 FAILURE Authentication failed for user admin
2021-04-23 05:47:17 TRACE Packet dropped due to policy rule
2021-05-11 22:17:35 INFO User logged out
2021-08-26 07:37:30 WARNING CPU usage exceeded threshold: 87%
2022-02-13 15:44:06 INFO Connection successful to remote host.
2021-01-10 05:38:04 WARNING CPU usage exceeded threshold: 87%
2021-11-15 10:18:50 DEBUG Process exited with code 0
2021-10-01 02:07:54 TRACE Packet dropped due to policy rule
2023-01-27 09:10:13 ERROR Could not resolve DNS for internal resource.
2021-09-03 02:30:44 INFO Backup completed at
2021-01-14 16:44:26 TRACE Packet dropped due to policy rule
2023-04-09 02:12:18 ERROR Could not resolve DNS for internal resource.
2023-04-20 15:42:18 INFO Connection successful to remote host.
2022-04-26 12:45:28 WARNING CPU usage exceeded threshold: 87%
2021-05-20 01:53:12 INFO User logged out
2022-03-14 04:03:06 NOTICE Service restart triggered by user
2021-05-14 16:44:49 ALERT Unauthorized login attempt detected
2022-06-20 12:05:13 TRACE Packet dropped due to policy rule
2021-01-21 05:29:33 ALERT Unauthorized login attempt detected
2022-10-26 21:48:09 NOTICE Service restart triggered by user
2022-09-03 02:51:44 INFO Connection successful to remote host.
2022-11-11 10:52:35 ALERT Unauthorized login attempt detected
2022-04-14 08:52:09 FAILURE Authentication failed for user admin
2022-02-02 19:41:26 INFO User logged out
2023-05-10 04:46:13 TRACE Packet dropped due to policy rule
2023-07-04 00:45:08 WARNING CPU usage exceeded threshold: 87%
2022-09-19 07:42:29 ALERT Unauthorized login attempt detected
2022-05-12 16:53:50 INFO User logged out
2022-07-20 19:57:29 TRACE Packet dropped due to policy rule
2022-03-27 01:51:47 INFO User logged out
2021-03-07 22:41:44 TRACE Packet dropped due to policy rule
2023-08-15 13:14:21 ALERT Unauthorized login attempt detected
2022-07-12 22:57:25 INFO Backup completed at
2022-07-02 21:32:15 ERROR Could not resolve DNS for internal resource.
2023-05-12 11:19:46 TRACE Packet dropped due to policy rule
2023-01-15 02:31:30 DEBUG Process exited with code 0
2021-04-02 10:09:27 INFO User logged out
2021-03-16 09:08:41 TRACE Packet dropped due to policy rule
2022-07-04 10:35:36 ERROR Could not resolve DNS for internal resource.
2021-09-13 19:45:39 ERROR Could not resolve DNS for internal resource.
2022-05-16 02:07:07 FAILURE Authentication failed for user admin
2023-02-07 22:08:48 DEBUG Process exited with code 0
2021-10-08 21:25:22 WARNING CPU usage exceeded threshold: 87%
2021-03-05 15:07:08 INFO Backup completed at
2022-07-23 01:12:22 INFO Backup completed at
2021-11-13 06:19:19 DEBUG Process exited with code 0
2023-06-08 18:16:36 DEBUG Process exited with code 0
2021-05-18 01:48:34 FAILURE Authentication failed for user admin
2021-05-15 09:05:53 INFO Backup completed at
2023-01-14 08:14:07 INFO User logged out
2022-03-23 10:36:03 WARNING CPU usage exceeded threshold: 87%
2022-07-10 12:00:54 NOTICE Service restart triggered by user
2021-04-05 05:19:34 NOTICE Service restart triggered by user
2022-05-09 16:41:39 NOTICE Service restart triggered by user
2021-10-06 10:01:38 FAILURE Authentication failed for user admin
2022-01-04 10:19:57 TRACE Packet dropped due to policy rule
2022-11-02 22:53:38 FAILURE Authentication failed for user admin
2021-03-22 11:03:09 ALERT Unauthorized login attempt detected
2023-06-25 09:21:35 INFO Connection successful to remote host.
2023-04-04 09:28:56 INFO User logged out
2022-06-05 22:01:05 INFO User logged out
2023-01-19 14:52:35 ALERT Unauthorized login attempt detected
2023-01-13 10:31:03 FAILURE Authentication failed for user admin
2023-05-18 09:23:25 WARNING CPU usage exceeded threshold: 87%
2022-04-10 13:20:37 INFO Connection successful to remote host.
2022-03-07 19:47:20 WARNING CPU usage exceeded threshold: 87%
2021-06-23 12:48:15 INFO Connection successful to remote host.
2022-08-04 12:35:45 TRACE Packet dropped due to policy rule
2023-03-05 05:42:45 INFO Backup completed at
2023-05-19 07:34:08 TRACE Packet dropped due to policy rule
2021-09-03 19:10:41 TRACE Packet dropped due to policy rule
2022-02-27 12:32:21 FAILURE Authentication failed for user admin
2023-07-15 03:34:30 DEBUG Process exited with code 0
2022-07-21 19:09:56 TRACE Packet dropped due to policy rule
2021-10-25 09:56:21 ERROR Could not resolve DNS for internal resource.
2022-11-26 11:58:44 INFO User logged out
2021-11-03 03:15:34 ERROR Could not resolve DNS for internal resource.
2023-07-09 17:54:34 ERROR Could not resolve DNS for internal resource.
2021-07-19 08:31:55 FAILURE Authentication failed for user admin
2021-07-05 04:20:03 ALERT Unauthorized login attempt detected
2022-03-08 09:22:44 INFO Connection successful to remote host.
2023-11-07 00:04:56 DEBUG Process exited with code 0
2023-06-23 10:16:09 NOTICE Service restart triggered by user
2021-09-20 14:23:56 TRACE Packet dropped due to policy rule
2021-04-14 10:36:34 INFO User logged out
2022-04-11 17:48:12 INFO Connection successful to remote host.
2023-10-06 05:40:16 NOTICE Service restart triggered by user
2021-06-09 05:14:56 NOTICE Service restart triggered by user
2022-03-25 02:10:50 WARNING CPU usage exceeded threshold: 87%
2022-09-09 09:04:33 ALERT Unauthorized login attempt detected
2023-10-01 15:48:12 ALERT Unauthorized login attempt detected
2021-01-09 01:43:30 ALERT Unauthorized login attempt detected
2021-03-08 08:19:55 TRACE Packet dropped due to policy rule
2023-04-10 10:07:11 FAILURE Authentication failed for user admin
2022-09-26 21:57:28 INFO Connection successful to remote host.
2023-01-02 15:56:13 DEBUG Process exited with code 0
2022-10-01 17:35:03 INFO Backup completed at
2023-09-02 01:57:52 WARNING CPU usage exceeded threshold: 87%
2023-11-11 21:15:05 INFO Backup completed at
2022-09-12 01:58:42 INFO User logged out
2021-06-04 02:39:03 DEBUG Process exited with code 0
2023-06-15 13:22:43 WARNING CPU usage exceeded threshold: 87%
2022-11-02 03:46:04 FAILURE Authentication failed for user admin
2023-07-04 01:12:06 ALERT Unauthorized login attempt detected
2022-01-26 10:42:52 INFO Backup completed at
2021-06-17 20:45:41 INFO Connection successful to remote host.
2021-07-25 12:49:33 NOTICE Service restart triggered by user
2022-11-01 12:20:39 NOTICE Service restart triggered by user
2022-04-25 10:46:11 WARNING CPU usage exceeded threshold: 87%
2021-05-27 02:41:20 DEBUG Process exited with code 0
2021-02-01 03:17:35 WARNING CPU usage exceeded threshold: 87%
2021-11-17 19:40:53 ALERT Unauthorized login attempt detected
2022-01-26 17:13:27 INFO User logged out
2021-06-05 11:39:08 INFO User logged out
2021-08-14 13:01:37 TRACE Packet dropped due to policy rule
2023-03-01 06:50:28 WARNING CPU usage exceeded threshold: 87%
2022-01-06 16:09:14 INFO User logged out
2021-06-23 09:12:32 FAILURE Authentication failed for user admin
2021-03-13 03:12:20 ERROR Could not resolve DNS for internal resource.
2022-10-24 05:42:28 ERROR Could not resolve DNS for internal resource.
2022-10-14 11:15:20 FAILURE Authentication failed for user admin
2023-05-10 22:57:45 DEBUG Process exited with code 0
2021-08-03 16:42:22 NOTICE Service restart triggered by user
2023-10-09 09:47:54 ALERT Unauthorized login attempt detected
2023-04-21 12:04:53 INFO Connection successful to remote host.
2022-02-07 03:26:14 NOTICE Service restart triggered by user
2021-02-02 01:32:20 INFO Connection successful to remote host.
2022-03-24 02:53:37 TRACE Packet dropped due to policy rule
2023-08-22 08:47:34 NOTICE Service restart triggered by user
2023-07-18 00:06:04 ERROR Could not resolve DNS for internal resource.
2022-10-22 02:25:23 FAILURE Authentication failed for user admin
2021-11-10 21:28:13 NOTICE Service restart triggered by user
2022-09-20 16:16:47 INFO Connection successful to remote host.
2022-01-21 21:53:21 INFO Connection successful to remote host.
2022-03-13 03:04:14 FAILURE Authentication failed for user admin
2021-02-27 17:47:09 WARNING CPU usage exceeded threshold: 87%
2021-11-14 21:46:17 ALERT Unauthorized login attempt detected
2023-11-09 20:42:39 ERROR Could not resolve DNS for internal resource.
2022-02-25 16:58:57 NOTICE Service restart triggered by user
2021-03-15 21:33:30 INFO User logged out
2023-07-25 15:58:13 INFO User logged out
2021-02-21 19:36:55 INFO Connection successful to remote host.
2023-08-24 08:00:40 FAILURE Authentication failed for user admin
