2023-01-03 13:33:15 ALERT Unauthorized login attempt detected
2023-08-20 21:05:09 FAILURE Authentication failed for user admin
2023-06-07 03:16:49 NOTICE Service restart triggered by user
2022-06-11 09:09:15 ERROR Could not resolve DNS for internal resource.
2023-04-08 04:42:24 FAILURE Authentication failed for user admin
2023-05-07 14:08:55 ALERT Unauthorized login attempt detected
2022-04-13 09:24:48 INFO Connection successful to remote host.
2022-04-01 20:24:37 WARNING CPU usage exceeded threshold: 87%
2021-06-26 05:02:14 INFO User logged out
2022-11-13 20:05:20 ERROR Could not resolve DNS for internal resource.
2023-09-16 00:32:56 DEBUG Process exited with code 0
2023-10-10 17:06:57 NOTICE Service restart triggered by user
2022-01-20 17:38:41 TRACE Packet dropped due to policy rule
2022-09-14 09:28:48 WARNING CPU usage exceeded threshold: 87%
2022-08-13 06:08:38 ERROR Could not resolve DNS for internal resource.
2021-02-21 18:07:40 NOTICE Service restart triggered by user
2022-08-16 02:37:35 ERROR Could not resolve DNS for internal resource.
2023-03-10 14:17:51 WARNING CPU usage exceeded threshold: 87%
2021-02-14 01:27:28 TRACE Packet dropped due to policy rule
2022-02-09 19:26:56 DEBUG Process exited with code 0
2023-04-24 04:56:01 FAILURE Authentication failed for user admin
2023-06-21 21:44:13 INFO User logged out
2022-10-16 19:21:08 INFO Connection successful to remote host.
2022-06-11 08:40:23 FAILURE Authentication failed for user admin
2021-08-17 07:26:50 TRACE Packet dropped due to policy rule
2023-01-16 11:56:38 ALERT Unauthorized login attempt detected
2022-06-12 15:39:46 INFO Backup completed at
2022-02-17 11:53:24 INFO Backup completed at
2022-03-03 03:46:42 INFO Connection successful to remote host.
2023-06-26 08:26:11 INFO Backup completed at
2022-11-08 21:24:53 NOTICE Service restart triggered by user
2023-10-10 08:01:28 ALERT Unauthorized login attempt detected
2022-03-02 19:22:01 FAILURE Authentication failed for user admin
2022-11-06 08:15:17 INFO Connection successful to remote host.
2022-05-25 12:50:06 ERROR Could not resolve DNS for internal resource.
2022-04-01 03:48:25 ALERT Unauthorized login attempt detected
2021-11-14 05:12:17 FAILURE Authentication failed for user admin
2021-10-26 13:19:18 NOTICE Service restart triggered by user
2022-09-10 02:14:27 DEBUG Process exited with code 0
2021-01-15 05:31:13 INFO Connection successful to remote host.
2022-06-06 04:35:21 INFO Backup completed at
2022-11-03 07:09:42 INFO Backup completed at
2023-07-05 03:31:06 INFO Connection successful to remote host.
2021-11-14 13:51:24 NOTICE Service restart triggered by user
2023-10-10 09:22:05 INFO Connection successful to remote host.
2021-07-11 21:12:10 INFO Connection successful to remote host.
2022-10-10 15:46:20 ALERT Unauthorized login attempt detected
2022-01-11 04:37:09 DEBUG Process exited with code 0
2022-06-24 00:45:10 ALERT Unauthorized login attempt detected
2021-07-21 00:48:08 INFO Backup completed at
2022-10-12 07:00:38 INFO User logged out
2022-04-09 10:08:00 TRACE Packet dropped due to policy rule
2021-01-20 19:08:08 ALERT Unauthorized login attempt detected
2023-07-12 10:23:45 INFO Connection successful to remote host.
2021-07-16 02:01:49 ERROR Could not resolve DNS for internal resource.
2021-02-03 16:58:47 ERROR Could not resolve DNS for internal resource.
2022-05-02 08:43:58 FAILURE Authentication failed for user admin
2022-04-20 04:34:35 NOTICE Service restart triggered by user
2023-08-05 01:50:07 TRACE Packet dropped due to policy rule
2021-06-21 12:37:15 NOTICE Service restart triggered by user
2021-10-06 16:45:43 NOTICE Service restart triggered by user
2021-01-06 15:42:23 TRACE Packet dropped due to policy rule
2023-03-12 14:05:04 INFO Backup completed at
2022-06-05 09:38:33 ERROR Could not resolve DNS for internal resource.
2021-07-08 19:44:40 TRACE Packet dropped due to policy rule
2021-02-03 17:03:47 ALERT Unauthorized login attempt detected
2022-04-09 19:35:05 FAILURE Authentication failed for user admin
2023-10-07 03:48:52 INFO User logged out
2021-02-18 17:40:09 NOTICE Service restart triggered by user
2022-01-18 20:31:01 DEBUG Process exited with code 0
2021-11-03 01:49:54 INFO User logged out
2023-05-06 02:18:52 INFO Backup completed at
2022-04-17 21:29:36 INFO User logged out
2021-07-23 16:44:17 DEBUG Process exited with code 0
2022-09-20 11:49:55 ERROR Could not resolve DNS for internal resource.
2021-05-20 06:53:46 NOTICE Service restart triggered by user
2021-07-26 01:10:05 INFO User logged out
2021-11-09 17:22:53 INFO User logged out
2021-02-09 13:56:22 ALERT Unauthorized login attempt detected
2023-11-17 13:32:27 FAILURE Authentication failed for user admin
2022-11-10 10:21:58 NOTICE Service restart triggered by user
2023-09-09 21:57:16 INFO Connection successful to remote host.
2021-05-05 03:41:04 TRACE Packet dropped due to policy rule
2021-02-21 12:20:07 FAILURE Authentication failed for user admin
2021-03-10 12:53:54 WARNING CPU usage exceeded threshold: 87%
2022-03-04 18:53:05 INFO Connection successful to remote host.
2023-05-25 15:19:37 FAILURE Authentication failed for user admin
2022-05-24 22:44:20 NOTICE Service restart triggered by user
2022-06-05 16:47:16 ERROR Could not resolve DNS for internal resource.
2023-10-20 17:08:00 INFO User logged out
2023-11-08 11:47:39 ALERT Unauthorized login attempt detected
2021-04-12 22:46:00 ERROR Could not resolve DNS for internal resource.
2023-11-03 11:20:19 WARNING CPU usage exceeded threshold: 87%
2021-11-08 21:28:01 ERROR Could not resolve DNS for internal resource.
2021-04-12 16:39:45 WARNING CPU usage exceeded threshold: 87%
2022-05-11 16:08:53 FAILURE Authentication failed for user admin
2022-07-01 11:20:27 ERROR Could not resolve DNS for internal resource.
2023-07-18 19:18:55 INFO Backup completed at
2023-11-10 07:05:47 ERROR Could not resolve DNS for internal resource.
2021-10-13 10:08:57 DEBUG Process exited with code 0
2021-03-03 11:52:48 WARNING CPU usage exceeded threshold: 87%
2022-05-16 06:58:39 ALERT Unauthorized login attempt detected
2021-02-21 02:23:23 DEBUG Process exited with code 0
2023-11-16 17:57:31 TRACE Packet dropped due to policy rule
2022-08-05 09:12:55 NOTICE Service restart triggered by user
2023-07-18 01:42:37 FAILURE Authentication failed for user admin
2021-04-18 03:05:39 NOTICE Service restart triggered by user
2022-07-01 00:16:17 ERROR Could not resolve DNS for internal resource.
2022-05-18 06:27:33 FAILURE Authentication failed for user admin
2022-08-02 12:37:30 INFO Connection successful to remote host.
2022-03-09 06:23:21 DEBUG Process exited with code 0
2022-03-22 12:39:05 ERROR Could not resolve DNS for internal resource.
2023-02-09 08:37:37 NOTICE Service restart triggered by user
2021-08-21 12:14:08 WARNING CPU usage exceeded threshold: 87%
2023-08-18 09:12:16 INFO User logged out
2021-08-09 04:36:37 TRACE Packet dropped due to policy rule
2021-09-25 11:13:46 FAILURE Authentication failed for user admin
2023-11-20 15:06:13 INFO User logged out
2021-11-06 19:15:14 WARNING CPU usage exceeded threshold: 87%
2021-06-24 13:41:09 INFO User logged out
2023-08-24 21:27:39 WARNING CPU usage exceeded threshold: 87%
2022-08-07 19:42:44 INFO Connection successful to remote host.
2021-06-20 18:00:37 ALERT Unauthorized login attempt detected
2021-10-16 14:14:13 INFO Backup completed at
2023-02-14 18:22:40 INFO Connection successful to remote host.
2023-09-04 09:52:44 WARNING CPU usage exceeded threshold: 87%
2021-06-18 10:24:21 ERROR Could not resolve DNS for internal resource.
2022-11-19 12:12:20 FAILURE Authentication failed for user admin
2021-03-18 06:57:31 INFO Connection successful to remote host.
2021-10-15 22:25:27 NOTICE Service restart triggered by user
2021-08-15 08:25:15 INFO Connection successful to remote host.
2023-08-11 09:12:14 TRACE Packet dropped due to policy rule
2021-10-19 05:12:55 NOTICE Service restart triggered by user
2021-04-24 01:45:20 INFO Connection successful to remote host.
2023-11-07 05:18:40 TRACE Packet dropped due to policy rule
2021-05-20 09:30:37 INFO Connection successful to remote host.
2021-07-10 19:49:26 DEBUG Process exited with code 0
2023-11-16 17:41:37 WARNING CPU usage exceeded threshold: 87%
2021-02-11 10:11:42 FAILURE Authentication failed for user admin
2023-05-05 22:06:05 TRACE Packet dropped due to policy rule
2022-08-15 18:20:19 ALERT Unauthorized login attempt detected
2023-08-02 07:38:54 INFO User logged out
2023-06-25 18:03:25 ALERT Unauthorized login attempt detected
2021-03-27 07:17:14 INFO Backup completed at
2023-08-17 13:54:09 ALERT Unauthorized login attempt detected
2022-06-07 11:13:32 INFO Backup completed at
2022-09-18 21:55:55 TRACE Packet dropped due to policy rule
2022-11-07 08:28:02 TRACE Packet dropped due to policy rule
2023-05-02 12:16:57 TRACE Packet dropped due to policy rule
2021-04-03 21:47:30 TRACE Packet dropped due to policy rule
2021-09-16 06:03:10 ALERT Unauthorized login attempt detected
2021-05-01 03:07:52 INFO Connection successful to remote host.
2021-04-20 06:47:30 DEBUG Process exited with code 0
2023-10-03 18:00:23 WARNING CPU usage exceeded threshold: 87%
2021-10-13 00:27:57 INFO User logged out
2021-01-15 19:19:48 NOTICE Service restart triggered by user
2021-09-23 18:29:58 ALERT Unauthorized login attempt detected
2021-08-04 05:51:26 DEBUG Process exited with code 0
2022-01-03 01:24:07 DEBUG Process exited with code 0
2022-10-23 11:44:18 ALERT Unauthorized login attempt detected
2023-01-12 21:18:30 INFO User logged out
2022-01-17 10:19:31 ERROR Could not resolve DNS for internal resource.
2022-11-20 01:13:26 WARNING CPU usage exceeded threshold: 87%
2021-03-24 12:48:53 INFO Connection successful to remote host.
2022-03-12 10:57:07 FAILURE Authentication failed for user admin
2023-02-17 11:54:01 ERROR Could not resolve DNS for internal resource.
2022-10-21 17:37:54 FAILURE Authentication failed for user admin
2021-09-01 21:19:55 INFO User logged out
2022-11-17 19:09:22 INFO Connection successful to remote host.
2021-01-21 19:42:21 DEBUG Process exited with code 0
2022-06-12 12:58:27 WARNING CPU usage exceeded threshold: 87%
2021-09-13 19:22:07 NOTICE Service restart triggered by user
2021-07-03 18:31:29 FAILURE Authentication failed for user admin
2023-09-07 06:31:33 INFO Connection successful to remote host.
2023-02-14 00:25:47 TRACE Packet dropped due to policy rule
2022-01-24 20:28:05 INFO Connection successful to remote host.
2022-02-12 19:44:23 INFO User logged out
2023-10-10 06:40:49 NOTICE Service restart triggered by user
2022-08-06 07:06:21 FAILURE Authentication failed for user admin
2023-09-19 03:28:03 INFO Backup completed at
2021-07-02 12:44:26 ALERT Unauthorized login attempt detected
2021-01-08 14:57:42 INFO User logged out
2021-09-10 20:33:24 INFO User logged out
2022-01-27 01:32:07 INFO User logged out
2021-04-23 09:19:02 ERROR Could not resolve DNS for internal resource.
2022-03-22 21:44:39 FAILURE Authentication failed for user admin
2022-02-04 02:56:54 WARNING CPU usage exceeded threshold: 87%
2023-11-07 13:15:18 WARNING CPU usage exceeded threshold: 87%
2023-01-25 09:23:37 ALERT Unauthorized login attempt detected
2021-05-26 10:04:38 WARNING CPU usage exceeded threshold: 87%
2021-11-02 08:11:38 INFO Connection successful to remote host.
2021-09-11 14:26:30 DEBUG Process exited with code 0
2021-10-23 07:49:01 TRACE Packet dropped due to policy rule
2021-07-15 16:39:14 TRACE Packet dropped due to policy rule
2022-03-21 03:36:33 ALERT Unauthorized login attempt detected
2021-10-21 15:23:12 DEBUG Process exited with code 0
2023-06-14 15:29:34 DEBUG Process exited with code 0
2023-08-18 16:49:54 INFO Connection successful to remote host.
2022-01-12 18:05:11 DEBUG Process exited with code 0
2023-03-27 08:41:24 ALERT Unauthorized login attempt detected
2021-02-26 15:46:58 FAILURE Authentication failed for user admin
2022-10-09 15:11:54 FAILURE Authentication failed for user admin
2023-01-26 22:58:32 WARNING CPU usage exceeded threshold: 87%
2023-05-10 18:09:19 DEBUG Process exited with code 0
2021-07-01 20:45:21 DEBUG Process exited with code 0
2021-07-02 05:19:22 TRACE Packet dropped due to policy rule
2023-05-03 13:38:31 INFO Backup completed at
2021-11-11 02:33:37 ERROR Could not resolve DNS for internal resource.
2023-02-14 18:04:49 INFO User logged out
2022-02-20 10:13:34 INFO Backup completed at
2023-02-11 16:25:56 DEBUG Process exited with code 0
2021-04-27 20:52:07 WARNING CPU usage exceeded threshold: 87%
2021-10-04 08:21:13 FAILURE Authentication failed for user admin
2022-09-25 13:08:50 INFO User logged out
2021-11-04 13:53:53 TRACE Packet dropped due to policy rule
2022-04-16 18:44:24 INFO User logged out
2023-04-27 14:20:57 ALERT Unauthorized login attempt detected
2022-10-23 04:51:15 INFO Connection successful to remote host.
2021-09-03 13:23:54 TRACE Packet dropped due to policy rule
2022-06-18 13:41:54 NOTICE Service restart triggered by user
2021-02-05 06:53:01 ALERT Unauthorized login attempt detected
2023-03-12 00:06:52 WARNING CPU usage exceeded threshold: 87%
2021-04-08 20:36:08 INFO Backup completed at
2023-09-01 08:47:07 TRACE Packet dropped due to policy rule
2022-02-22 16:02:19 ALERT Unauthorized login attempt detected
2023-08-14 19:30:22 INFO Connection successful to remote host.
2023-06-17 20:41:42 FAILURE Authentication failed for user admin
2023-05-15 16:24:46 WARNING CPU usage exceeded threshold: 87%
2023-06-05 06:33:53 DEBUG Process exited with code 0
2022-07-14 00:39:33 FAILURE Authentication failed for user admin
2021-07-02 18:30:09 ERROR Could not resolve DNS for internal resource.
2023-11-27 22:07:19 ALERT Unauthorized login attempt detected
2022-03-21 03:32:15 INFO Backup completed at
2021-11-15 04:05:39 INFO User logged out
2023-11-15 19:38:54 FAILURE Authentication failed for user admin
2023-01-05 16:35:24 DEBUG Process exited with code 0
2022-06-15 02:39:41 NOTICE Service restart triggered by user
2023-11-15 08:47:02 ERROR Could not resolve DNS for internal resource.
2022-11-02 01:00:38 INFO Backup completed at
2022-07-15 03:11:27 DEBUG Process exited with code 0
2023-08-06 21:48:08 TRACE Packet dropped due to policy rule
2021-06-17 10:27:49 INFO Backup completed at
2023-11-06 09:24:44 INFO Backup completed at
2022-11-11 16:35:32 TRACE Packet dropped due to policy rule
2023-07-27 16:03:56 TRACE Packet dropped due to policy rule
2023-10-10 17:24:02 INFO Backup completed at
2023-09-08 05:46:47 DEBUG Process exited with code 0
2021-11-23 01:33:02 ERROR Could not resolve DNS for internal resource.
2023-02-19 00:46:48 ERROR Could not resolve DNS for internal resource.
2022-08-25 20:21:20 TRACE Packet dropped due to policy rule
2022-10-14 02:56:04 WARNING CPU usage exceeded threshold: 87%
2022-03-10 18:55:39 FAILURE Authentication failed for user admin
