2022-06-27 16:38:03 ALERT Unauthorized login attempt detected
2022-07-13 22:29:39 DEBUG Process exited with code 0
2022-11-23 13:04:49 DEBUG Process exited with code 0
2021-07-04 21:20:24 ERROR Could not resolve DNS for internal resource.
2021-01-07 18:02:53 ALERT Unauthorized login attempt detected
2022-04-03 03:00:42 NOTICE Service restart triggered by user
2022-08-06 08:37:25 DEBUG Process exited with code 0
2022-06-21 09:58:36 DEBUG Process exited with code 0
2021-01-05 00:34:07 TRACE Packet dropped due to policy rule
2022-09-01 07:20:53 FAILURE Authentication failed for user admin
2021-03-24 14:36:57 INFO User logged out
2023-01-10 19:28:50 ERROR Could not resolve DNS for internal resource.
2022-05-03 11:57:14 ALERT Unauthorized login attempt detected
2023-08-22 13:00:17 ALERT Unauthorized login attempt detected
2021-05-06 16:35:56 TRACE Packet dropped due to policy rule
2022-08-06 22:03:35 TRACE Packet dropped due to policy rule
2021-02-21 15:00:32 DEBUG Process exited with code 0
2022-04-21 06:10:21 TRACE Packet dropped due to policy rule
2023-11-01 02:43:43 FAILURE Authentication failed for user admin
2021-05-19 07:20:51 INFO Connection successful to remote host.
2022-09-09 15:44:49 TRACE Packet dropped due to policy rule
2022-01-04 04:11:45 TRACE Packet dropped due to policy rule
2023-01-19 02:00:23 TRACE Packet dropped due to policy rule
2022-11-18 11:13:46 TRACE Packet dropped due to policy rule
2022-04-01 18:28:10 ERROR Could not resolve DNS for internal resource.
2021-02-10 17:46:52 DEBUG Process exited with code 0
2022-10-01 07:24:44 DEBUG Process exited with code 0
2023-04-09 11:22:04 WARNING CPU usage exceeded threshold: 87%
2022-06-22 08:46:52 DEBUG Process exited with code 0
2023-05-26 08:06:54 DEBUG Process exited with code 0
2021-07-02 04:50:22 FAILURE Authentication failed for user admin
2022-03-02 09:23:45 FAILURE Authentication failed for user admin
2022-06-13 03:12:30 INFO Backup completed at
2023-07-25 16:45:47 NOTICE Service restart triggered by user
2023-07-02 22:03:31 NOTICE Service restart triggered by user
2021-06-27 03:53:17 DEBUG Process exited with code 0
2021-02-05 22:40:00 FAILURE Authentication failed for user admin
2023-08-03 08:14:38 NOTICE Service restart triggered by user
2023-06-17 10:11:38 INFO Connection successful to remote host.
2023-06-22 09:23:24 ALERT Unauthorized login attempt detected
2022-02-07 05:10:10 INFO User logged out
2021-11-18 19:32:10 NOTICE Service restart triggered by user
2023-02-21 22:33:56 NOTICE Service restart triggered by user
2021-10-26 12:47:47 ERROR Could not resolve DNS for internal resource.
2022-08-24 22:56:27 INFO User logged out
2021-07-09 16:36:47 WARNING CPU usage exceeded threshold: 87%
2023-05-27 02:10:56 NOTICE Service restart triggered by user
2021-09-04 07:56:15 INFO Backup completed at
2021-09-18 21:28:50 ALERT Unauthorized login attempt detected
2023-08-21 05:24:33 FAILURE Authentication failed for user admin
2022-05-05 21:48:58 ALERT Unauthorized login attempt detected
2022-06-01 09:14:00 DEBUG Process exited with code 0
2022-10-26 14:26:34 INFO Backup completed at
2021-10-13 03:07:15 FAILURE Authentication failed for user admin
2022-01-21 02:39:25 INFO Connection successful to remote host.
2023-03-11 21:32:39 ERROR Could not resolve DNS for internal resource.
2022-01-15 06:46:27 TRACE Packet dropped due to policy rule
2021-06-01 00:13:29 INFO User logged out
2023-04-22 21:22:09 ERROR Could not resolve DNS for internal resource.
2022-04-13 04:43:41 WARNING CPU usage exceeded threshold: 87%
2023-07-26 08:37:44 DEBUG Process exited with code 0
2021-04-18 13:21:24 INFO User logged out
2023-06-06 17:49:23 TRACE Packet dropped due to policy rule
2021-02-21 22:24:16 ALERT Unauthorized login attempt detected
2022-02-19 19:17:03 INFO Connection successful to remote host.
2021-02-17 04:01:09 TRACE Packet dropped due to policy rule
2022-01-13 02:57:26 INFO User logged out
2023-09-02 04:03:36 ALERT Unauthorized login attempt detected
2022-02-04 20:00:18 TRACE Packet dropped due to policy rule
2021-07-02 20:10:03 TRACE Packet dropped due to policy rule
2021-07-16 14:13:08 DEBUG Process exited with code 0
2022-09-08 10:09:53 WARNING CPU usage exceeded threshold: 87%
2023-10-25 14:42:43 DEBUG Process exited with code 0
2023-03-16 06:58:29 INFO Backup completed at
2021-04-23 16:36:18 ALERT Unauthorized login attempt detected
2021-10-27 09:06:18 NOTICE Service restart triggered by user
2022-02-27 20:20:32 DEBUG Process exited with code 0
2021-11-15 20:20:33 FAILURE Authentication failed for user admin
2022-10-23 11:08:07 INFO Backup completed at
2023-10-13 02:33:38 NOTICE Service restart triggered by user
2022-11-04 00:16:13 WARNING CPU usage exceeded threshold: 87%
2021-04-24 21:50:54 INFO Backup completed at
2022-09-10 07:03:22 WARNING CPU usage exceeded threshold: 87%
2022-10-24 04:02:14 INFO User logged out
2022-04-15 21:10:53 ERROR Could not resolve DNS for internal resource.
2023-09-19 04:33:51 NOTICE Service restart triggered by user
2022-05-20 17:43:30 DEBUG Process exited with code 0
2022-01-11 11:36:52 INFO Connection successful to remote host.
2023-11-11 14:16:17 INFO Connection successful to remote host.
2023-04-09 08:48:33 TRACE Packet dropped due to policy rule
2021-01-18 16:53:34 NOTICE Service restart triggered by user
2021-01-20 07:53:28 NOTICE Service restart triggered by user
2021-09-27 00:55:54 ALERT Unauthorized login attempt detected
2021-04-23 19:24:39 WARNING CPU usage exceeded threshold: 87%
2022-07-02 11:50:50 WARNING CPU usage exceeded threshold: 87%
2021-02-25 08:36:03 WARNING CPU usage exceeded threshold: 87%
2023-02-12 15:46:34 NOTICE Service restart triggered by user
2023-04-01 16:38:51 WARNING CPU usage exceeded threshold: 87%
2022-06-01 14:50:22 INFO Backup completed at
2021-04-16 05:18:41 ERROR Could not resolve DNS for internal resource.
2021-03-17 12:40:34 INFO Connection successful to remote host.
2021-05-07 10:47:41 FAILURE Authentication failed for user admin
2021-03-08 18:28:30 FAILURE Authentication failed for user admin
2022-04-13 20:30:33 ERROR Could not resolve DNS for internal resource.
2023-07-17 14:13:42 NOTICE Service restart triggered by user
2021-10-13 09:06:21 INFO Connection successful to remote host.
2023-06-21 06:17:55 ALERT Unauthorized login attempt detected
2021-05-23 15:23:06 ERROR Could not resolve DNS for internal resource.
2023-03-26 11:30:58 WARNING CPU usage exceeded threshold: 87%
2022-05-12 10:29:43 TRACE Packet dropped due to policy rule
2023-08-18 10:51:52 INFO User logged out
2022-09-09 05:11:41 NOTICE Service restart triggered by user
2021-06-05 00:20:34 NOTICE Service restart triggered by user
2022-09-04 17:53:30 DEBUG Process exited with code 0
2021-03-10 11:55:01 FAILURE Authentication failed for user admin
2021-05-12 21:29:52 ALERT Unauthorized login attempt detected
2021-08-05 07:20:50 INFO User logged out
2022-11-06 16:45:52 INFO User logged out
2022-11-10 17:19:29 ERROR Could not resolve DNS for internal resource.
2021-02-23 15:33:17 WARNING CPU usage exceeded threshold: 87%
2023-10-08 11:42:01 ALERT Unauthorized login attempt detected
2021-11-09 11:30:57 FAILURE Authentication failed for user admin
2021-08-09 06:39:29 INFO Backup completed at
2023-08-27 20:24:47 INFO User logged out
2022-04-13 04:20:29 FAILURE Authentication failed for user admin
2021-08-14 21:07:45 NOTICE Service restart triggered by user
2022-01-05 20:22:17 WARNING CPU usage exceeded threshold: 87%
2022-11-17 17:32:24 WARNING CPU usage exceeded threshold: 87%
2022-10-13 17:27:22 DEBUG Process exited with code 0
2022-06-08 15:45:43 INFO User logged out
2021-04-10 16:16:27 INFO User logged out
2022-04-10 12:06:28 ERROR Could not resolve DNS for internal resource.
2021-06-20 09:15:35 INFO Backup completed at
2022-09-26 08:49:51 DEBUG Process exited with code 0
2023-10-02 04:16:42 ALERT Unauthorized login attempt detected
2021-03-20 10:51:54 ERROR Could not resolve DNS for internal resource.
2022-01-13 16:50:50 INFO Backup completed at
2021-06-16 04:56:51 NOTICE Service restart triggered by user
2022-04-14 16:34:16 TRACE Packet dropped due to policy rule
2021-04-15 11:06:53 ERROR Could not resolve DNS for internal resource.
2023-05-06 11:55:44 DEBUG Process exited with code 0
2021-05-21 17:04:45 WARNING CPU usage exceeded threshold: 87%
2022-08-12 01:16:48 FAILURE Authentication failed for user admin
2021-02-15 07:07:53 DEBUG Process exited with code 0
2021-08-25 16:54:04 INFO Backup completed at
2022-01-03 18:03:25 NOTICE Service restart triggered by user
2023-04-12 07:17:24 FAILURE Authentication failed for user admin
2021-03-08 20:16:21 NOTICE Service restart triggered by user
2022-01-26 21:37:36 NOTICE Service restart triggered by user
2023-09-17 07:53:27 NOTICE Service restart triggered by user
2023-07-26 19:31:34 TRACE Packet dropped due to policy rule
2023-06-13 10:46:58 INFO Backup completed at
2021-07-02 02:11:58 INFO User logged out
2022-05-03 19:03:51 ALERT Unauthorized login attempt detected
2022-07-08 00:30:23 NOTICE Service restart triggered by user
2023-03-09 02:42:49 WARNING CPU usage exceeded threshold: 87%
2022-02-23 05:02:30 INFO User logged out
2022-08-03 00:01:53 INFO User logged out
2022-06-04 09:22:04 INFO Connection successful to remote host.
2021-09-19 00:11:37 INFO Connection successful to remote host.
2022-07-18 07:46:05 FAILURE Authentication failed for user admin
2022-04-24 15:27:19 ALERT Unauthorized login attempt detected
2022-06-01 17:52:48 DEBUG Process exited with code 0
2022-07-10 02:48:23 DEBUG Process exited with code 0
2022-06-05 19:05:02 DEBUG Process exited with code 0
2022-07-22 18:57:24 INFO Connection successful to remote host.
2022-11-03 01:34:47 TRACE Packet dropped due to policy rule
2021-05-01 00:45:31 NOTICE Service restart triggered by user
2021-10-14 00:42:22 DEBUG Process exited with code 0
2021-01-09 07:20:49 INFO Connection successful to remote host.
2021-04-17 08:03:49 DEBUG Process exited with code 0
2021-05-22 16:58:38 WARNING CPU usage exceeded threshold: 87%
2023-03-26 21:31:06 INFO Backup completed at
2022-05-20 04:35:52 INFO User logged out
2023-01-23 12:49:50 INFO Connection successful to remote host.
2023-09-18 13:36:49 INFO Connection successful to remote host.
2022-07-07 07:09:49 ERROR Could not resolve DNS for internal resource.
2022-06-03 17:05:13 ALERT Unauthorized login attempt detected
2022-01-27 05:30:13 WARNING CPU usage exceeded threshold: 87%
2021-11-20 22:20:57 FAILURE Authentication failed for user admin
2021-07-06 03:17:27 DEBUG Process exited with code 0
2021-02-15 04:07:55 NOTICE Service restart triggered by user
2023-06-15 01:21:49 INFO User logged out
2021-02-18 10:07:52 DEBUG Process exited with code 0
2022-01-09 20:44:23 INFO Connection successful to remote host.
2023-06-04 01:45:47 INFO User logged out
2022-02-09 10:55:39 NOTICE Service restart triggered by user
2023-10-22 01:19:40 NOTICE Service restart triggered by user
2022-09-05 15:45:38 FAILURE Authentication failed for user admin
2021-01-14 19:26:11 FAILURE Authentication failed for user admin
2022-02-04 01:38:44 INFO Backup completed at
2023-08-19 04:08:31 ALERT Unauthorized login attempt detected
2022-06-24 19:02:41 INFO User logged out
2022-07-03 22:12:14 ALERT Unauthorized login attempt detected
2022-10-04 18:01:00 TRACE Packet dropped due to policy rule
2023-04-09 09:19:36 TRACE Packet dropped due to policy rule
2022-05-03 16:13:35 INFO User logged out
2023-04-13 06:37:16 TRACE Packet dropped due to policy rule
2022-10-04 16:30:27 INFO Backup completed at
2021-04-18 05:45:38 DEBUG Process exited with code 0
2022-02-15 09:13:47 NOTICE Service restart triggered by user
2023-08-02 10:27:09 INFO Backup completed at
2022-02-10 11:19:58 NOTICE Service restart triggered by user
2023-08-05 03:39:35 INFO User logged out
2021-08-04 12:30:38 WARNING CPU usage exceeded threshold: 87%
2021-07-01 07:21:34 DEBUG Process exited with code 0
2023-06-03 01:57:10 ALERT Unauthorized login attempt detected
2023-05-22 03:13:29 NOTICE Service restart triggered by user
2021-04-09 04:31:53 TRACE Packet dropped due to policy rule
2023-04-17 18:17:23 INFO Connection successful to remote host.
2021-01-17 11:51:38 FAILURE Authentication failed for user admin
2022-08-04 00:35:35 WARNING CPU usage exceeded threshold: 87%
2023-02-10 14:32:22 TRACE Packet dropped due to policy rule
2022-05-24 12:24:55 ALERT Unauthorized login attempt detected
2022-05-08 21:34:57 NOTICE Service restart triggered by user
2023-06-02 07:32:47 INFO Backup completed at
2021-02-26 18:50:48 ERROR Could not resolve DNS for internal resource.
2021-10-16 06:48:22 WARNING CPU usage exceeded threshold: 87%
2021-08-13 00:58:25 INFO User logged out
2023-07-24 07:12:30 INFO User logged out
2021-09-18 10:45:24 ERROR Could not resolve DNS for internal resource.
2021-01-15 03:09:40 INFO Connection successful to remote host.
2021-03-14 05:56:01 INFO User logged out
2021-09-10 22:40:05 INFO Backup completed at
2023-04-20 14:32:40 INFO Connection successful to remote host.
2022-11-14 02:44:00 ERROR Could not resolve DNS for internal resource.
2021-03-22 08:05:38 WARNING CPU usage exceeded threshold: 87%
2021-04-16 08:51:24 ERROR Could not resolve DNS for internal resource.
2021-02-11 04:46:13 INFO User logged out
2022-11-23 19:05:56 FAILURE Authentication failed for user admin
2023-06-19 06:10:49 INFO Connection successful to remote host.
2021-01-16 21:56:56 ERROR Could not resolve DNS for internal resource.
2023-08-15 12:23:12 INFO User logged out
2023-01-23 20:05:15 WARNING CPU usage exceeded threshold: 87%
2023-01-06 01:37:47 ERROR Could not resolve DNS for internal resource.
2023-03-20 00:38:17 DEBUG Process exited with code 0
2023-10-11 18:20:40 DEBUG Process exited with code 0
2021-02-27 16:33:27 ERROR Could not resolve DNS for internal resource.
2022-10-11 17:10:14 WARNING CPU usage exceeded threshold: 87%
