2022-06-23 07:08:52 DEBUG Process exited with code 0
2022-10-18 01:10:22 NOTICE Service restart triggered by user
2023-07-22 19:39:04 FAILURE Authentication failed for user admin
2022-06-18 01:56:31 DEBUG Process exited with code 0
2021-03-11 03:15:56 INFO Backup completed at
2023-07-05 19:13:25 DEBUG Process exited with code 0
2022-09-20 09:13:01 INFO Backup completed at
2021-04-03 04:29:41 DEBUG Process exited with code 0
2021-06-25 17:12:02 DEBUG Process exited with code 0
2022-02-08 07:32:03 INFO User logged out
2023-07-24 00:19:25 WARNING CPU usage exceeded threshold: 87%
2021-10-03 04:41:16 DEBUG Process exited with code 0
2023-08-02 18:02:01 ERROR Could not resolve DNS for internal resource.
2021-05-22 11:11:48 ERROR Could not resolve DNS for internal resource.
2022-11-07 22:06:45 ALERT Unauthorized login attempt detected
2021-02-08 08:35:28 INFO Connection successful to remote host.
2023-11-25 21:46:52 NOTICE Service restart triggered by user
2022-07-24 08:45:06 INFO Backup completed at
2022-06-22 00:54:34 ERROR Could not resolve DNS for internal resource.
2021-09-20 15:48:07 ERROR Could not resolve DNS for internal resource.
2022-01-11 16:39:58 TRACE Packet dropped due to policy rule
2023-07-15 11:48:21 DEBUG Process exited with code 0
2022-08-20 01:51:21 WARNING CPU usage exceeded threshold: 87%
2022-04-21 18:27:07 WARNING CPU usage exceeded threshold: 87%
2023-02-19 22:10:07 ALERT Unauthorized login attempt detected
2022-08-05 21:33:11 WARNING CPU usage exceeded threshold: 87%
2021-08-15 02:42:12 INFO Connection successful to remote host.
2021-06-27 12:42:35 WARNING CPU usage exceeded threshold: 87%
2022-07-15 10:42:04 ERROR Could not resolve DNS for internal resource.
2022-02-23 02:17:10 TRACE Packet dropped due to policy rule
2023-01-06 18:48:20 INFO Backup completed at
2022-03-08 18:27:12 DEBUG Process exited with code 0
2021-03-03 19:38:56 INFO Backup completed at
2023-02-14 12:12:04 ALERT Unauthorized login attempt detected
2021-07-11 02:14:48 INFO User logged out
2021-04-27 11:45:40 FAILURE Authentication failed for user admin
2021-05-06 19:04:54 FAILURE Authentication failed for user admin
2022-05-12 01:28:49 INFO Backup completed at
2022-07-18 21:39:34 FAILURE Authentication failed for user admin
2023-11-07 13:15:20 ERROR Could not resolve DNS for internal resource.
2022-09-25 15:57:47 INFO Backup completed at
2022-05-23 01:45:09 TRACE Packet dropped due to policy rule
2023-09-01 21:17:56 INFO Backup completed at
2023-10-15 12:56:39 ALERT Unauthorized login attempt detected
2023-01-07 13:51:34 DEBUG Process exited with code 0
2021-10-16 13:51:53 INFO Backup completed at
2022-02-16 11:03:20 INFO User logged out
2022-09-20 16:20:38 WARNING CPU usage exceeded threshold: 87%
2023-02-09 08:56:33 ALERT Unauthorized login attempt detected
2023-07-12 09:50:16 WARNING CPU usage exceeded threshold: 87%
2023-05-26 08:19:31 TRACE Packet dropped due to policy rule
2023-02-10 03:35:58 ALERT Unauthorized login attempt detected
2021-03-04 21:18:28 ERROR Could not resolve DNS for internal resource.
2021-11-13 02:58:29 INFO Connection successful to remote host.
2022-08-26 21:09:53 ALERT Unauthorized login attempt detected
2023-10-25 06:16:36 WARNING CPU usage exceeded threshold: 87%
2022-07-11 07:35:09 INFO Backup completed at
2022-10-16 19:49:38 ALERT Unauthorized login attempt detected
2021-11-20 00:57:05 ERROR Could not resolve DNS for internal resource.
2022-11-21 18:10:41 DEBUG Process exited with code 0
2023-09-17 15:04:21 INFO Connection successful to remote host.
2022-07-09 09:55:28 TRACE Packet dropped due to policy rule
2021-05-16 20:13:43 WARNING CPU usage exceeded threshold: 87%
2021-04-27 04:52:56 INFO Connection successful to remote host.
2021-02-16 18:05:16 ALERT Unauthorized login attempt detected
2022-02-02 01:46:25 INFO Backup completed at
2023-03-05 03:57:19 ERROR Could not resolve DNS for internal resource.
2022-02-17 05:33:12 INFO Connection successful to remote host.
2023-09-08 10:24:47 DEBUG Process exited with code 0
2021-08-13 05:21:40 ALERT Unauthorized login attempt detected
2021-05-06 02:47:45 FAILURE Authentication failed for user admin
2021-02-02 20:18:51 TRACE Packet dropped due to policy rule
2023-06-14 20:56:13 NOTICE Service restart triggered by user
2023-06-12 02:44:49 INFO Connection successful to remote host.
2023-08-19 03:09:05 ALERT Unauthorized login attempt detected
2022-07-17 05:00:45 WARNING CPU usage exceeded threshold: 87%
2023-10-20 16:12:54 ALERT Unauthorized login attempt detected
2021-11-15 02:27:10 ERROR Could not resolve DNS for internal resource.
2021-02-15 01:18:05 ERROR Could not resolve DNS for internal resource.
2021-04-17 04:32:06 INFO Connection successful to remote host.
2022-10-16 06:19:57 INFO Backup completed at
2021-07-10 21:56:49 FAILURE Authentication failed for user admin
2021-01-20 13:08:48 INFO User logged out
2023-09-24 20:55:19 NOTICE Service restart triggered by user
2021-07-16 07:40:47 INFO Backup completed at
2022-03-16 12:28:39 INFO Connection successful to remote host.
2021-03-12 05:46:02 INFO Backup completed at
2023-02-21 02:23:28 DEBUG Process exited with code 0
2021-06-06 17:12:06 DEBUG Process exited with code 0
2021-10-17 08:01:21 FAILURE Authentication failed for user admin
2023-06-16 04:34:09 INFO User logged out
2023-09-03 11:37:26 TRACE Packet dropped due to policy rule
2021-10-07 20:37:12 INFO Connection successful to remote host.
2023-10-08 17:03:04 ALERT Unauthorized login attempt detected
2023-01-01 15:58:30 TRACE Packet dropped due to policy rule
2023-02-26 03:28:48 DEBUG Process exited with code 0
2021-03-04 15:28:07 INFO User logged out
2021-06-01 05:52:22 WARNING CPU usage exceeded threshold: 87%
2023-03-27 22:24:36 ERROR Could not resolve DNS for internal resource.
2023-01-05 00:21:21 FAILURE Authentication failed for user admin
2022-11-08 02:46:26 ALERT Unauthorized login attempt detected
2022-02-10 17:05:51 TRACE Packet dropped due to policy rule
2022-07-25 15:04:00 INFO Backup completed at
2022-06-10 05:38:32 INFO Connection successful to remote host.
2023-05-22 09:39:34 WARNING CPU usage exceeded threshold: 87%
2022-08-18 02:01:49 ERROR Could not resolve DNS for internal resource.
2023-06-01 03:31:18 FAILURE Authentication failed for user admin
2022-09-17 06:32:22 DEBUG Process exited with code 0
2021-10-24 09:35:42 INFO Connection successful to remote host.
2021-11-23 00:48:49 NOTICE Service restart triggered by user
2022-05-05 05:34:41 INFO User logged out
2022-02-12 14:45:39 INFO User logged out
2022-09-15 13:24:11 ALERT Unauthorized login attempt detected
2023-06-04 17:22:42 INFO Backup completed at
2021-07-14 06:38:18 TRACE Packet dropped due to policy rule
2022-03-04 09:38:34 INFO User logged out
2021-01-26 01:36:24 ERROR Could not resolve DNS for internal resource.
2021-09-23 01:50:25 INFO User logged out
2023-05-11 10:53:41 INFO Connection successful to remote host.
2022-05-01 04:01:33 ERROR Could not resolve DNS for internal resource.
2022-11-11 03:51:35 INFO Connection successful to remote host.
2023-01-19 07:34:05 TRACE Packet dropped due to policy rule
2023-05-03 17:58:14 INFO Connection successful to remote host.
2022-06-21 15:27:58 WARNING CPU usage exceeded threshold: 87%
2021-10-11 15:35:25 ERROR Could not resolve DNS for internal resource.
2021-03-09 20:27:02 DEBUG Process exited with code 0
2021-08-08 09:08:36 ALERT Unauthorized login attempt detected
2023-02-13 06:11:19 ERROR Could not resolve DNS for internal resource.
2021-03-25 09:01:16 ALERT Unauthorized login attempt detected
2021-09-10 05:37:00 DEBUG Process exited with code 0
2022-03-21 09:17:52 INFO Connection successful to remote host.
2022-02-02 05:37:12 WARNING CPU usage exceeded threshold: 87%
2021-04-08 01:42:05 TRACE Packet dropped due to policy rule
2021-01-18 20:03:46 TRACE Packet dropped due to policy rule
2021-03-21 18:20:47 TRACE Packet dropped due to policy rule
2022-10-04 03:19:44 FAILURE Authentication failed for user admin
2022-02-15 17:25:20 INFO Connection successful to remote host.
2021-11-15 11:06:53 WARNING CPU usage exceeded threshold: 87%
2023-11-14 14:15:34 WARNING CPU usage exceeded threshold: 87%
2021-06-17 05:31:55 TRACE Packet dropped due to policy rule
2021-08-08 12:03:54 INFO Backup completed at
2023-05-17 15:01:55 ERROR Could not resolve DNS for internal resource.
2023-04-09 06:17:10 WARNING CPU usage exceeded threshold: 87%
2023-03-27 08:09:58 INFO Connection successful to remote host.
2021-04-24 18:31:53 TRACE Packet dropped due to policy rule
2021-06-07 12:34:58 ERROR Could not resolve DNS for internal resource.
2021-02-25 05:51:41 INFO Backup completed at
2021-04-07 21:07:22 INFO Connection successful to remote host.
2023-10-07 13:53:58 INFO User logged out
2023-01-19 15:16:56 NOTICE Service restart triggered by user
2023-07-27 08:50:44 INFO Backup completed at
2023-09-23 04:30:50 FAILURE Authentication failed for user admin
2023-01-21 01:27:27 DEBUG Process exited with code 0
2023-07-13 21:50:53 INFO Backup completed at
2023-02-14 17:03:43 TRACE Packet dropped due to policy rule
2021-08-27 03:08:26 ERROR Could not resolve DNS for internal resource.
2022-01-22 08:24:23 TRACE Packet dropped due to policy rule
2022-09-14 17:41:52 ALERT Unauthorized login attempt detected
2021-06-13 22:35:47 FAILURE Authentication failed for user admin
2021-02-12 03:43:17 TRACE Packet dropped due to policy rule
2022-05-07 07:14:31 ALERT Unauthorized login attempt detected
2021-08-18 21:07:09 TRACE Packet dropped due to policy rule
2022-02-08 08:43:11 INFO User logged out
2023-09-19 09:29:49 INFO User logged out
2021-04-10 16:28:11 DEBUG Process exited with code 0
2023-04-17 01:04:10 DEBUG Process exited with code 0
2022-05-16 15:56:32 NOTICE Service restart triggered by user
2021-03-25 16:13:21 DEBUG Process exited with code 0
2021-03-20 03:55:08 ALERT Unauthorized login attempt detected
2023-10-21 03:32:17 ERROR Could not resolve DNS for internal resource.
2021-08-22 03:13:08 FAILURE Authentication failed for user admin
2023-09-07 21:34:43 TRACE Packet dropped due to policy rule
2022-01-20 10:45:47 INFO Connection successful to remote host.
2021-11-14 05:05:51 TRACE Packet dropped due to policy rule
2022-10-01 10:24:06 NOTICE Service restart triggered by user
2023-04-13 07:13:47 FAILURE Authentication failed for user admin
2023-10-14 19:29:46 FAILURE Authentication failed for user admin
2022-02-24 05:31:24 ERROR Could not resolve DNS for internal resource.
2022-03-23 19:55:46 WARNING CPU usage exceeded threshold: 87%
2022-10-04 16:07:00 WARNING CPU usage exceeded threshold: 87%
2022-03-22 05:39:58 ALERT Unauthorized login attempt detected
2022-03-14 04:11:52 INFO Backup completed at
2023-08-01 16:32:17 INFO Connection successful to remote host.
2023-03-27 09:25:16 NOTICE Service restart triggered by user
2023-07-25 00:24:32 TRACE Packet dropped due to policy rule
2023-05-26 03:11:48 NOTICE Service restart triggered by user
2022-06-03 11:55:38 INFO Connection successful to remote host.
2023-02-25 09:07:43 NOTICE Service restart triggered by user
2021-10-22 13:49:01 TRACE Packet dropped due to policy rule
2022-09-01 18:01:39 WARNING CPU usage exceeded threshold: 87%
2021-09-03 00:02:00 NOTICE Service restart triggered by user
2022-07-04 11:28:03 NOTICE Service restart triggered by user
2022-07-19 05:04:04 TRACE Packet dropped due to policy rule
2021-10-02 08:13:13 TRACE Packet dropped due to policy rule
2021-03-10 12:52:16 INFO Backup completed at
2022-04-14 12:17:14 FAILURE Authentication failed for user admin
2021-08-02 06:12:12 INFO Backup completed at
2023-07-22 16:12:57 INFO Connection successful to remote host.
2023-07-10 06:36:57 WARNING CPU usage exceeded threshold: 87%
2021-01-27 12:22:50 DEBUG Process exited with code 0
2022-02-03 05:02:27 INFO Connection successful to remote host.
2023-04-26 07:49:57 FAILURE Authentication failed for user admin
2023-04-26 08:35:33 ALERT Unauthorized login attempt detected
2022-06-05 05:47:51 TRACE Packet dropped due to policy rule
2023-05-10 18:08:48 FAILURE Authentication failed for user admin
2023-08-12 13:58:58 INFO Backup completed at
2023-07-26 18:31:27 TRACE Packet dropped due to policy rule
2021-04-06 09:30:04 ERROR Could not resolve DNS for internal resource.
2023-03-17 06:01:31 INFO User logged out
2023-11-25 02:09:16 FAILURE Authentication failed for user admin
2021-02-10 14:31:30 DEBUG Process exited with code 0
2023-06-06 17:54:31 ALERT Unauthorized login attempt detected
2022-10-25 22:00:08 INFO Connection successful to remote host.
