2023-08-12 09:12:11 INFO Backup completed at
2021-05-07 17:23:31 TRACE Packet dropped due to policy rule
2022-03-09 02:01:45 INFO Backup completed at
2021-07-24 16:49:00 TRACE Packet dropped due to policy rule
2021-05-14 09:50:15 INFO User logged out
2023-06-15 04:34:44 DEBUG Process exited with code 0
2021-10-20 10:11:06 NOTICE Service restart triggered by user
2022-03-09 20:54:21 FAILURE Authentication failed for user admin
2021-11-13 18:24:20 INFO Backup completed at
2022-08-27 01:14:58 WARNING CPU usage exceeded threshold: 87%
2022-09-15 19:56:47 INFO Backup completed at
2021-02-27 15:26:23 INFO Backup completed at
2022-06-20 05:08:21 INFO Connection successful to remote host.
2023-05-05 06:38:19 FAILURE Authentication failed for user admin
2023-05-03 05:02:39 INFO Backup completed at
2023-08-14 05:46:49 INFO User logged out
2023-10-26 14:39:52 NOTICE Service restart triggered by user
2023-04-06 06:49:22 ERROR Could not resolve DNS for internal resource.
2023-03-18 13:15:23 ERROR Could not resolve DNS for internal resource.
2022-03-09 17:07:34 TRACE Packet dropped due to policy rule
2021-09-26 20:35:48 DEBUG Process exited with code 0
2022-05-09 08:05:28 INFO Backup completed at
2022-07-26 06:14:54 DEBUG Process exited with code 0
2021-01-21 06:24:06 FAILURE Authentication failed for user admin
2021-01-23 13:48:10 FAILURE Authentication failed for user admin
2022-11-17 03:20:17 FAILURE Authentication failed for user admin
2021-11-05 07:37:32 DEBUG Process exited with code 0
2023-10-22 13:56:35 INFO Connection successful to remote host.
2021-07-06 01:35:21 INFO User logged out
2021-06-06 04:21:11 WARNING CPU usage exceeded threshold: 87%
2023-05-22 11:08:13 FAILURE Authentication failed for user admin
2022-04-09 19:32:02 NOTICE Service restart triggered by user
2021-08-20 15:12:28 FAILURE Authentication failed for user admin
2023-07-04 20:06:01 FAILURE Authentication failed for user admin
2021-09-14 08:50:23 WARNING CPU usage exceeded threshold: 87%
2022-05-13 17:40:09 INFO Backup completed at
2023-02-27 01:36:35 ALERT Unauthorized login attempt detected
2022-06-10 18:20:57 INFO User logged out
2023-10-10 22:51:11 NOTICE Service restart triggered by user
2023-03-14 01:25:17 ALERT Unauthorized login attempt detected
2021-07-10 08:11:15 DEBUG Process exited with code 0
2022-11-17 10:46:29 ALERT Unauthorized login attempt detected
2022-11-12 04:55:55 INFO User logged out
2023-02-18 20:19:38 NOTICE Service restart triggered by user
2022-10-18 20:58:25 INFO Backup completed at
2022-11-15 09:14:51 INFO User logged out
2021-03-27 14:13:34 WARNING CPU usage exceeded threshold: 87%
2021-08-22 16:23:31 INFO Connection successful to remote host.
2021-05-05 01:31:10 INFO Backup completed at
2021-04-05 02:37:51 ALERT Unauthorized login attempt detected
2021-10-06 16:37:18 ERROR Could not resolve DNS for internal resource.
2021-04-08 22:29:34 INFO Connection successful to remote host.
2022-08-24 01:19:17 ERROR Could not resolve DNS for internal resource.
2022-07-12 13:23:26 INFO User logged out
2021-04-24 10:37:36 DEBUG Process exited with code 0
2021-06-23 11:51:30 DEBUG Process exited with code 0
2021-07-24 08:48:18 ERROR Could not resolve DNS for internal resource.
2022-06-17 09:47:47 INFO Backup completed at
2022-11-26 03:38:02 FAILURE Authentication failed for user admin
2021-01-03 07:39:45 NOTICE Service restart triggered by user
2021-08-13 20:06:48 INFO Connection successful to remote host.
2023-07-20 09:24:49 ALERT Unauthorized login attempt detected
2022-04-03 19:35:34 INFO Backup completed at
2021-03-13 11:38:26 TRACE Packet dropped due to policy rule
2023-06-06 14:05:55 INFO User logged out
2021-03-12 15:46:41 DEBUG Process exited with code 0
2022-11-17 12:51:46 DEBUG Process exited with code 0
2021-11-11 06:31:20 TRACE Packet dropped due to policy rule
2023-01-02 17:02:00 ALERT Unauthorized login attempt detected
2023-06-13 01:45:00 NOTICE Service restart triggered by user
2023-01-03 05:16:10 ERROR Could not resolve DNS for internal resource.
2022-05-14 03:13:36 NOTICE Service restart triggered by user
2022-06-20 06:21:03 TRACE Packet dropped due to policy rule
2021-07-08 07:27:46 WARNING CPU usage exceeded threshold: 87%
2023-08-22 14:29:01 INFO Backup completed at
2023-11-27 02:13:20 INFO Connection successful to remote host.
2022-05-19 19:26:39 NOTICE Service restart triggered by user
2023-09-12 05:26:58 TRACE Packet dropped due to policy rule
2023-09-26 14:41:49 ERROR Could not resolve DNS for internal resource.
2022-04-18 03:19:50 NOTICE Service restart triggered by user
2021-02-07 14:26:28 DEBUG Process exited with code 0
2022-02-21 02:08:26 ALERT Unauthorized login attempt detected
2022-01-02 20:01:51 INFO Backup completed at
2021-01-03 13:33:11 DEBUG Process exited with code 0
2023-09-16 20:27:27 FAILURE Authentication failed for user admin
2023-02-27 10:00:49 NOTICE Service restart triggered by user
2022-08-20 20:01:55 ERROR Could not resolve DNS for internal resource.
2023-07-08 02:22:03 ERROR Could not resolve DNS for internal resource.
2021-10-23 22:33:37 INFO Backup completed at
2021-01-06 15:45:33 WARNING CPU usage exceeded threshold: 87%
2021-06-21 19:27:48 WARNING CPU usage exceeded threshold: 87%
2021-09-27 15:41:35 ERROR Could not resolve DNS for internal resource.
2023-10-27 01:58:27 INFO Connection successful to remote host.
2022-02-21 08:27:18 TRACE Packet dropped due to policy rule
2021-02-18 16:39:16 INFO User logged out
2022-03-25 06:55:27 ERROR Could not resolve DNS for internal resource.
2023-07-18 21:53:54 ALERT Unauthorized login attempt detected
2021-10-04 20:17:41 FAILURE Authentication failed for user admin
2021-02-25 11:06:33 TRACE Packet dropped due to policy rule
2023-04-24 04:01:09 INFO User logged out
2022-08-08 00:48:31 DEBUG Process exited with code 0
2022-08-02 22:50:49 INFO User logged out
2023-11-12 07:37:28 NOTICE Service restart triggered by user
2023-04-07 05:18:15 NOTICE Service restart triggered by user
2023-07-27 17:01:31 FAILURE Authentication failed for user admin
2022-11-05 20:12:36 DEBUG Process exited with code 0
2022-05-15 01:02:12 DEBUG Process exited with code 0
2023-05-27 05:30:20 ALERT Unauthorized login attempt detected
2021-01-14 05:18:56 ALERT Unauthorized login attempt detected
2022-04-08 12:21:35 NOTICE Service restart triggered by user
2023-05-02 08:40:39 ALERT Unauthorized login attempt detected
2021-05-04 02:12:03 INFO Backup completed at
2022-10-26 14:58:06 ALERT Unauthorized login attempt detected
2022-05-12 05:32:40 INFO Connection successful to remote host.
2023-09-19 13:03:38 ALERT Unauthorized login attempt detected
2021-04-17 02:37:16 ERROR Could not resolve DNS for internal resource.
2023-03-09 17:39:06 TRACE Packet dropped due to policy rule
2023-10-26 12:29:32 INFO Connection successful to remote host.
2023-03-09 12:51:03 FAILURE Authentication failed for user admin
