2022-10-09 19:41:33 NOTICE Service restart triggered by user
2023-05-17 04:14:31 ALERT Unauthorized login attempt detected
2021-08-13 19:50:10 INFO Backup completed at
2021-01-06 07:12:35 INFO Backup completed at
2021-07-04 12:41:55 INFO Connection successful to remote host.
2023-06-19 21:33:47 NOTICE Service restart triggered by user
2021-11-13 07:21:47 ALERT Unauthorized login attempt detected
2021-07-19 10:31:05 INFO User logged out
2021-11-24 01:36:56 ALERT Unauthorized login attempt detected
2022-08-17 18:56:33 NOTICE Service restart triggered by user
2021-01-04 15:30:34 WARNING CPU usage exceeded threshold: 87%
2022-05-23 13:16:18 DEBUG Process exited with code 0
2022-11-12 02:30:21 INFO Backup completed at
2021-03-04 09:44:28 TRACE Packet dropped due to policy rule
2022-09-25 01:10:55 FAILURE Authentication failed for user admin
2023-07-04 14:43:18 DEBUG Process exited with code 0
2021-03-22 08:11:42 INFO Connection successful to remote host.
2021-10-08 17:39:03 ALERT Unauthorized login attempt detected
2021-10-06 05:46:44 INFO Backup completed at
2023-09-10 09:39:52 INFO Backup completed at
2023-06-21 00:57:36 ERROR Could not resolve DNS for internal resource.
2022-04-12 21:20:09 ERROR Could not resolve DNS for internal resource.
2022-08-17 18:04:55 FAILURE Authentication failed for user admin
2021-09-26 08:25:01 FAILURE Authentication failed for user admin
2021-03-23 01:09:51 INFO Backup completed at
2022-05-08 07:15:44 INFO User logged out
2023-08-06 09:50:47 DEBUG Process exited with code 0
2021-01-13 06:56:50 ALERT Unauthorized login attempt detected
2022-07-04 11:42:18 NOTICE Service restart triggered by user
2022-08-20 20:49:54 ALERT Unauthorized login attempt detected
2022-03-17 20:37:34 NOTICE Service restart triggered by user
2021-01-24 06:45:06 INFO Connection successful to remote host.
2023-10-15 17:46:25 FAILURE Authentication failed for user admin
2022-07-14 00:31:48 INFO Connection successful to remote host.
2022-10-05 00:53:49 WARNING CPU usage exceeded threshold: 87%
2021-07-27 07:30:02 TRACE Packet dropped due to policy rule
2021-07-20 14:32:13 TRACE Packet dropped due to policy rule
2022-04-05 11:44:02 NOTICE Service restart triggered by user
2022-02-25 17:35:58 INFO User logged out
2021-04-14 12:09:03 NOTICE Service restart triggered by user
2022-08-08 22:36:28 NOTICE Service restart triggered by user
2021-01-11 19:52:45 INFO Backup completed at
2021-02-11 04:51:21 FAILURE Authentication failed for user admin
2023-11-08 14:23:04 INFO User logged out
2022-01-13 11:35:41 ERROR Could not resolve DNS for internal resource.
2022-07-16 16:25:02 ALERT Unauthorized login attempt detected
2021-01-13 01:36:15 NOTICE Service restart triggered by user
2022-08-03 09:06:20 TRACE Packet dropped due to policy rule
2021-02-01 08:09:27 ERROR Could not resolve DNS for internal resource.
2022-11-26 16:11:22 FAILURE Authentication failed for user admin
2023-08-14 14:01:56 ERROR Could not resolve DNS for internal resource.
2023-09-02 21:46:41 INFO Connection successful to remote host.
2023-09-23 13:42:03 FAILURE Authentication failed for user admin
2021-06-12 12:31:33 INFO Backup completed at
2023-06-17 01:32:10 NOTICE Service restart triggered by user
2022-10-03 03:42:53 ALERT Unauthorized login attempt detected
2022-10-22 17:25:41 INFO User logged out
2023-11-06 12:41:42 INFO User logged out
2021-05-05 06:16:25 INFO Connection successful to remote host.
2021-03-26 16:51:20 ERROR Could not resolve DNS for internal resource.
2022-01-10 02:00:25 ALERT Unauthorized login attempt detected
2022-10-19 16:30:24 FAILURE Authentication failed for user admin
2021-08-23 13:30:16 TRACE Packet dropped due to policy rule
2022-06-26 22:49:13 FAILURE Authentication failed for user admin
2023-02-18 21:48:22 ERROR Could not resolve DNS for internal resource.
2022-08-26 13:32:03 INFO Backup completed at
2022-08-17 13:21:51 ERROR Could not resolve DNS for internal resource.
2022-06-04 20:19:45 WARNING CPU usage exceeded threshold: 87%
2023-08-18 10:57:00 INFO Connection successful to remote host.
2023-06-13 03:57:16 NOTICE Service restart triggered by user
2021-08-05 16:27:55 TRACE Packet dropped due to policy rule
2023-06-15 03:12:01 ERROR Could not resolve DNS for internal resource.
2021-11-19 15:54:38 DEBUG Process exited with code 0
2023-04-20 14:02:03 ERROR Could not resolve DNS for internal resource.
2022-06-22 17:15:43 INFO Connection successful to remote host.
2022-01-04 08:37:23 FAILURE Authentication failed for user admin
2023-11-23 04:48:04 INFO Backup completed at
2022-06-24 18:17:37 INFO Backup completed at
2021-02-10 01:38:25 INFO Connection successful to remote host.
2021-04-19 15:10:56 INFO Backup completed at
2023-07-21 07:08:30 TRACE Packet dropped due to policy rule
2021-10-22 01:20:30 ERROR Could not resolve DNS for internal resource.
2021-02-14 05:43:38 INFO Connection successful to remote host.
2022-01-11 04:43:01 WARNING CPU usage exceeded threshold: 87%
2021-09-26 18:26:41 INFO Connection successful to remote host.
2023-03-21 11:19:39 WARNING CPU usage exceeded threshold: 87%
2021-02-27 09:23:26 DEBUG Process exited with code 0
2022-05-06 21:53:14 WARNING CPU usage exceeded threshold: 87%
2023-04-07 17:23:46 ALERT Unauthorized login attempt detected
2022-08-14 17:35:15 WARNING CPU usage exceeded threshold: 87%
2021-08-22 19:52:39 FAILURE Authentication failed for user admin
2023-05-20 21:25:54 DEBUG Process exited with code 0
2023-02-23 22:23:57 DEBUG Process exited with code 0
2023-08-21 13:16:42 ALERT Unauthorized login attempt detected
2021-04-12 10:06:29 INFO Connection successful to remote host.
2022-07-02 14:03:21 WARNING CPU usage exceeded threshold: 87%
2023-07-07 03:13:38 INFO User logged out
2022-07-20 01:55:57 TRACE Packet dropped due to policy rule
2023-02-14 21:03:29 WARNING CPU usage exceeded threshold: 87%
2021-11-16 22:12:11 WARNING CPU usage exceeded threshold: 87%
2022-11-27 12:40:27 INFO Backup completed at
2022-11-27 12:38:13 TRACE Packet dropped due to policy rule
2022-08-15 15:50:57 INFO Backup completed at
2023-11-04 16:25:32 DEBUG Process exited with code 0
2021-04-03 12:13:00 INFO Backup completed at
2022-08-13 07:01:54 INFO Connection successful to remote host.
2021-06-20 16:15:12 WARNING CPU usage exceeded threshold: 87%
2021-03-17 21:40:33 DEBUG Process exited with code 0
2021-01-05 01:49:25 TRACE Packet dropped due to policy rule
2021-03-14 09:58:39 ALERT Unauthorized login attempt detected
2022-02-26 15:53:43 ERROR Could not resolve DNS for internal resource.
2023-07-19 16:58:45 ERROR Could not resolve DNS for internal resource.
2023-06-26 15:47:43 ERROR Could not resolve DNS for internal resource.
2021-09-01 04:16:57 ALERT Unauthorized login attempt detected
2022-02-08 15:04:41 INFO Backup completed at
2021-10-02 21:40:32 INFO User logged out
2021-07-14 19:10:27 INFO User logged out
2021-07-01 08:21:02 INFO Connection successful to remote host.
2023-08-27 06:14:01 DEBUG Process exited with code 0
2022-03-04 19:21:33 TRACE Packet dropped due to policy rule
2021-02-23 16:23:14 INFO Connection successful to remote host.
2022-02-20 13:24:55 WARNING CPU usage exceeded threshold: 87%
2023-09-04 12:51:30 WARNING CPU usage exceeded threshold: 87%
2021-02-17 07:26:39 WARNING CPU usage exceeded threshold: 87%
2021-07-15 01:04:50 WARNING CPU usage exceeded threshold: 87%
2021-08-23 17:16:08 WARNING CPU usage exceeded threshold: 87%
2022-06-22 04:08:29 DEBUG Process exited with code 0
2021-03-18 19:11:51 ALERT Unauthorized login attempt detected
2022-05-02 14:54:38 DEBUG Process exited with code 0
2022-10-12 00:30:55 INFO Backup completed at
2023-04-11 06:07:30 TRACE Packet dropped due to policy rule
2023-08-17 06:16:25 INFO Backup completed at
2021-06-13 04:45:32 INFO User logged out
2021-11-10 05:19:56 WARNING CPU usage exceeded threshold: 87%
2021-02-05 12:25:08 INFO Backup completed at
2023-03-27 12:30:56 WARNING CPU usage exceeded threshold: 87%
2021-07-14 10:53:11 TRACE Packet dropped due to policy rule
2022-01-09 12:22:44 ERROR Could not resolve DNS for internal resource.
2021-10-16 03:32:17 INFO Backup completed at
2021-03-09 11:42:05 WARNING CPU usage exceeded threshold: 87%
2023-11-19 03:16:24 DEBUG Process exited with code 0
2022-11-26 21:45:34 INFO Connection successful to remote host.
2023-07-23 04:50:50 INFO User logged out
2022-10-03 03:00:41 ERROR Could not resolve DNS for internal resource.
2021-01-23 17:51:08 ERROR Could not resolve DNS for internal resource.
2022-07-22 02:22:08 ERROR Could not resolve DNS for internal resource.
2023-03-13 15:00:10 INFO User logged out
2022-09-21 17:26:44 INFO User logged out
2021-07-27 16:56:41 DEBUG Process exited with code 0
2023-07-27 11:26:21 TRACE Packet dropped due to policy rule
2022-03-18 14:58:47 ALERT Unauthorized login attempt detected
2023-07-09 02:03:31 INFO User logged out
2022-09-07 02:34:47 INFO Backup completed at
2023-07-16 12:16:41 FAILURE Authentication failed for user admin
2021-04-26 14:43:49 ERROR Could not resolve DNS for internal resource.
2023-01-16 06:57:10 FAILURE Authentication failed for user admin
2021-11-11 12:25:02 ALERT Unauthorized login attempt detected
2021-07-13 15:17:15 INFO Connection successful to remote host.
2022-11-07 22:45:34 NOTICE Service restart triggered by user
2023-05-06 18:45:48 INFO Connection successful to remote host.
2022-02-06 11:15:46 TRACE Packet dropped due to policy rule
2022-11-18 05:40:41 ALERT Unauthorized login attempt detected
2021-01-27 00:54:50 INFO Backup completed at
2022-05-04 05:36:40 TRACE Packet dropped due to policy rule
2022-04-08 04:31:05 WARNING CPU usage exceeded threshold: 87%
2023-04-09 08:05:56 NOTICE Service restart triggered by user
2021-08-08 20:51:57 NOTICE Service restart triggered by user
2022-10-14 18:51:56 INFO User logged out
2021-08-26 12:05:18 NOTICE Service restart triggered by user
2021-04-18 21:05:34 INFO Connection successful to remote host.
2021-10-07 03:24:49 WARNING CPU usage exceeded threshold: 87%
2023-10-24 20:24:57 NOTICE Service restart triggered by user
2023-05-02 12:23:56 NOTICE Service restart triggered by user
2023-02-18 19:13:49 DEBUG Process exited with code 0
2022-11-22 10:44:51 WARNING CPU usage exceeded threshold: 87%
2021-05-17 17:19:03 FAILURE Authentication failed for user admin
2023-10-24 21:16:49 NOTICE Service restart triggered by user
2021-06-24 02:46:01 TRACE Packet dropped due to policy rule
2023-11-11 11:29:45 DEBUG Process exited with code 0
