2022-01-23 17:05:22 NOTICE Service restart triggered by user
2021-02-25 21:22:22 ERROR Could not resolve DNS for internal resource.
2021-03-27 15:31:22 INFO Connection successful to remote host.
2021-02-13 09:03:53 DEBUG Process exited with code 0
2022-08-16 09:53:45 WARNING CPU usage exceeded threshold: 87%
2022-01-26 22:38:46 NOTICE Service restart triggered by user
2023-10-08 00:25:47 DEBUG Process exited with code 0
2022-09-14 19:00:07 INFO Connection successful to remote host.
2022-06-04 18:20:19 WARNING CPU usage exceeded threshold: 87%
2023-07-22 06:04:35 DEBUG Process exited with code 0
2023-09-18 09:06:44 DEBUG Process exited with code 0
2023-10-06 06:11:12 INFO Backup completed at
2022-01-02 04:07:22 WARNING CPU usage exceeded threshold: 87%
2023-05-05 05:06:57 ERROR Could not resolve DNS for internal resource.
2023-11-13 12:07:35 NOTICE Service restart triggered by user
2022-01-14 12:30:38 INFO User logged out
2021-01-26 12:44:22 NOTICE Service restart triggered by user
2023-01-05 21:23:52 FAILURE Authentication failed for user admin
2022-02-20 11:04:32 ALERT Unauthorized login attempt detected
2023-08-23 18:18:44 FAILURE Authentication failed for user admin
2023-03-02 00:23:49 INFO Connection successful to remote host.
2022-09-06 19:31:11 DEBUG Process exited with code 0
2023-02-22 03:52:47 ALERT Unauthorized login attempt detected
2023-06-07 15:27:36 ERROR Could not resolve DNS for internal resource.
2022-11-03 16:51:44 TRACE Packet dropped due to policy rule
2022-05-01 15:42:41 NOTICE Service restart triggered by user
2023-11-17 11:15:09 WARNING CPU usage exceeded threshold: 87%
2022-09-23 19:29:18 ALERT Unauthorized login attempt detected
2022-05-21 12:27:17 TRACE Packet dropped due to policy rule
2022-10-12 16:19:07 INFO Backup completed at
2021-05-02 08:45:18 ALERT Unauthorized login attempt detected
2022-09-05 06:02:31 WARNING CPU usage exceeded threshold: 87%
2022-10-15 13:14:49 NOTICE Service restart triggered by user
2023-05-15 07:00:17 TRACE Packet dropped due to policy rule
2021-07-18 04:32:18 TRACE Packet dropped due to policy rule
2021-09-03 01:04:32 INFO User logged out
2022-01-12 15:12:07 FAILURE Authentication failed for user admin
2023-05-19 12:37:35 NOTICE Service restart triggered by user
2021-05-22 15:51:33 NOTICE Service restart triggered by user
2023-02-23 21:47:53 ERROR Could not resolve DNS for internal resource.
2023-10-17 06:25:50 FAILURE Authentication failed for user admin
2023-04-12 19:45:36 ERROR Could not resolve DNS for internal resource.
2022-02-02 05:56:37 ALERT Unauthorized login attempt detected
2021-06-03 11:27:33 FAILURE Authentication failed for user admin
2021-01-17 19:37:00 INFO User logged out
2021-07-19 15:51:14 ALERT Unauthorized login attempt detected
2021-08-01 17:56:20 TRACE Packet dropped due to policy rule
2022-04-11 02:44:18 TRACE Packet dropped due to policy rule
2022-05-01 11:10:35 INFO Backup completed at
2022-07-04 13:56:11 FAILURE Authentication failed for user admin
2022-05-21 18:55:54 DEBUG Process exited with code 0
2021-03-20 07:47:18 FAILURE Authentication failed for user admin
2023-09-09 22:12:22 INFO Connection successful to remote host.
2022-03-07 16:30:36 FAILURE Authentication failed for user admin
2021-03-03 08:54:51 INFO User logged out
2022-07-04 17:29:56 DEBUG Process exited with code 0
2023-05-22 20:11:06 DEBUG Process exited with code 0
2021-11-09 15:11:34 TRACE Packet dropped due to policy rule
2021-03-25 15:14:46 WARNING CPU usage exceeded threshold: 87%
2023-09-27 01:51:51 WARNING CPU usage exceeded threshold: 87%
2023-06-19 04:37:00 ALERT Unauthorized login attempt detected
2023-11-21 09:13:11 TRACE Packet dropped due to policy rule
2021-11-22 17:58:56 INFO Backup completed at
2022-06-02 11:47:01 FAILURE Authentication failed for user admin
2021-02-18 13:45:24 NOTICE Service restart triggered by user
2023-05-14 03:40:56 ALERT Unauthorized login attempt detected
2022-05-06 03:46:21 FAILURE Authentication failed for user admin
2021-11-04 08:48:25 DEBUG Process exited with code 0
2022-04-14 21:46:05 WARNING CPU usage exceeded threshold: 87%
2022-01-12 00:08:29 DEBUG Process exited with code 0
2021-10-26 18:30:15 TRACE Packet dropped due to policy rule
2023-11-05 13:03:51 FAILURE Authentication failed for user admin
2022-11-02 16:50:09 DEBUG Process exited with code 0
2021-04-09 19:37:43 WARNING CPU usage exceeded threshold: 87%
2021-07-02 07:53:03 DEBUG Process exited with code 0
2021-01-16 01:10:58 INFO User logged out
2023-03-14 19:12:33 NOTICE Service restart triggered by user
2021-03-07 14:12:34 INFO Connection successful to remote host.
2023-09-22 10:31:07 ERROR Could not resolve DNS for internal resource.
2021-10-19 03:19:05 DEBUG Process exited with code 0
2021-05-02 11:54:49 NOTICE Service restart triggered by user
2023-02-27 00:48:44 WARNING CPU usage exceeded threshold: 87%
2022-08-08 17:32:25 NOTICE Service restart triggered by user
2023-08-09 20:20:45 FAILURE Authentication failed for user admin
2022-05-06 13:06:31 INFO User logged out
2022-08-17 16:25:17 INFO Connection successful to remote host.
2021-07-14 12:37:15 NOTICE Service restart triggered by user
2023-07-07 02:32:52 DEBUG Process exited with code 0
2022-11-09 18:41:42 INFO Backup completed at
2023-08-06 14:48:20 DEBUG Process exited with code 0
2022-05-27 00:35:46 INFO Connection successful to remote host.
2023-09-14 03:54:25 DEBUG Process exited with code 0
2022-08-02 06:29:50 TRACE Packet dropped due to policy rule
2023-02-04 19:49:10 INFO Backup completed at
2023-08-25 15:38:13 ERROR Could not resolve DNS for internal resource.
2023-06-04 01:26:24 NOTICE Service restart triggered by user
2022-05-21 14:14:58 ERROR Could not resolve DNS for internal resource.
2023-09-18 13:56:17 WARNING CPU usage exceeded threshold: 87%
2022-05-15 03:32:38 INFO Backup completed at
2023-03-18 00:41:46 WARNING CPU usage exceeded threshold: 87%
2023-02-04 11:45:10 TRACE Packet dropped due to policy rule
2021-05-08 08:11:34 WARNING CPU usage exceeded threshold: 87%
2022-08-10 07:27:27 INFO Backup completed at
2021-03-23 10:50:09 INFO User logged out
2022-07-24 15:07:58 INFO Backup completed at
2023-02-20 20:01:01 ALERT Unauthorized login attempt detected
2022-01-13 08:01:26 INFO User logged out
2022-01-26 13:25:43 INFO Connection successful to remote host.
2022-06-20 10:44:30 TRACE Packet dropped due to policy rule
2023-05-02 07:34:11 ALERT Unauthorized login attempt detected
2021-01-13 05:14:27 INFO Backup completed at
2022-05-18 13:31:51 INFO Connection successful to remote host.
2022-02-27 10:00:28 INFO User logged out
2022-09-13 00:53:52 INFO Connection successful to remote host.
2022-07-18 01:43:51 FAILURE Authentication failed for user admin
2022-06-02 03:25:19 INFO User logged out
2022-03-23 15:26:23 TRACE Packet dropped due to policy rule
2021-07-05 01:46:37 DEBUG Process exited with code 0
2023-07-22 22:10:57 ALERT Unauthorized login attempt detected
2023-01-17 17:49:00 INFO User logged out
2023-08-04 05:29:51 TRACE Packet dropped due to policy rule
2023-08-05 11:58:54 WARNING CPU usage exceeded threshold: 87%
2021-05-23 03:24:05 ALERT Unauthorized login attempt detected
2023-02-15 14:16:40 TRACE Packet dropped due to policy rule
2023-03-13 00:13:44 ERROR Could not resolve DNS for internal resource.
2021-06-23 10:34:31 NOTICE Service restart triggered by user
2022-05-01 15:35:38 INFO Connection successful to remote host.
2023-04-02 00:41:17 WARNING CPU usage exceeded threshold: 87%
2023-10-05 05:25:38 INFO Connection successful to remote host.
2022-01-05 03:22:35 TRACE Packet dropped due to policy rule
2023-06-19 07:32:43 ALERT Unauthorized login attempt detected
2022-02-11 06:06:38 DEBUG Process exited with code 0
2022-09-10 04:10:47 NOTICE Service restart triggered by user
2023-06-16 18:39:14 ERROR Could not resolve DNS for internal resource.
2023-11-23 10:06:22 ALERT Unauthorized login attempt detected
2022-06-06 00:24:22 INFO Backup completed at
2022-03-02 07:56:06 INFO Connection successful to remote host.
2022-06-27 16:27:10 ERROR Could not resolve DNS for internal resource.
2021-03-27 20:46:06 NOTICE Service restart triggered by user
2023-06-27 12:23:35 INFO Backup completed at
2023-01-08 16:45:20 NOTICE Service restart triggered by user
2022-07-25 18:54:15 FAILURE Authentication failed for user admin
2023-09-04 12:08:20 INFO Backup completed at
2021-02-05 02:04:30 ERROR Could not resolve DNS for internal resource.
2023-06-19 05:07:30 NOTICE Service restart triggered by user
2023-09-27 09:41:22 FAILURE Authentication failed for user admin
2023-04-02 09:00:12 INFO Connection successful to remote host.
2021-02-18 03:32:44 ALERT Unauthorized login attempt detected
2021-05-14 02:51:17 DEBUG Process exited with code 0
2022-10-12 09:35:21 ALERT Unauthorized login attempt detected
2021-06-13 17:41:29 ERROR Could not resolve DNS for internal resource.
2021-06-16 07:33:49 INFO User logged out
2021-06-18 15:37:54 ERROR Could not resolve DNS for internal resource.
2022-04-02 17:22:06 INFO Connection successful to remote host.
2022-05-17 07:22:09 INFO Backup completed at
2021-11-14 22:51:12 INFO Connection successful to remote host.
2021-10-06 07:44:52 DEBUG Process exited with code 0
2023-03-08 15:35:39 INFO Connection successful to remote host.
2021-01-13 08:31:04 FAILURE Authentication failed for user admin
2021-06-04 19:48:57 INFO Connection successful to remote host.
2023-06-22 17:41:34 FAILURE Authentication failed for user admin
2023-03-18 14:48:40 ALERT Unauthorized login attempt detected
2022-02-01 22:37:56 ALERT Unauthorized login attempt detected
2022-05-20 22:58:55 FAILURE Authentication failed for user admin
2022-04-04 20:22:40 DEBUG Process exited with code 0
2021-05-17 03:25:40 INFO User logged out
2022-08-12 13:22:19 ALERT Unauthorized login attempt detected
2022-08-01 08:09:57 INFO Backup completed at
2023-11-11 15:43:18 INFO User logged out
2023-07-16 06:32:19 TRACE Packet dropped due to policy rule
2021-02-27 08:14:26 ALERT Unauthorized login attempt detected
2022-04-05 06:28:05 TRACE Packet dropped due to policy rule
2021-01-17 07:52:05 ERROR Could not resolve DNS for internal resource.
2023-10-23 12:11:05 ERROR Could not resolve DNS for internal resource.
2023-03-07 04:32:15 ALERT Unauthorized login attempt detected
2021-10-24 12:05:40 INFO Backup completed at
2022-10-06 14:44:53 INFO Backup completed at
2023-08-06 17:27:11 FAILURE Authentication failed for user admin
2021-10-23 14:42:50 ALERT Unauthorized login attempt detected
2023-03-23 18:21:51 INFO Connection successful to remote host.
2022-11-07 05:51:27 INFO Connection successful to remote host.
2023-04-02 13:02:53 FAILURE Authentication failed for user admin
2023-05-20 08:17:05 FAILURE Authentication failed for user admin
2023-11-17 12:23:01 TRACE Packet dropped due to policy rule
2023-04-27 12:57:26 ERROR Could not resolve DNS for internal resource.
2023-04-23 22:47:10 ERROR Could not resolve DNS for internal resource.
2021-01-07 21:42:20 INFO Backup completed at
2021-05-23 11:22:00 WARNING CPU usage exceeded threshold: 87%
2023-04-14 09:52:38 FAILURE Authentication failed for user admin
2021-01-08 14:33:21 INFO Connection successful to remote host.
2021-01-05 00:56:01 FAILURE Authentication failed for user admin
2023-03-02 01:41:06 INFO Connection successful to remote host.
2023-04-19 00:48:50 ALERT Unauthorized login attempt detected
2022-11-24 00:16:10 WARNING CPU usage exceeded threshold: 87%
2021-04-16 19:08:35 DEBUG Process exited with code 0
2023-10-14 11:41:18 WARNING CPU usage exceeded threshold: 87%
2022-10-08 20:01:51 ERROR Could not resolve DNS for internal resource.
2021-02-19 13:56:58 TRACE Packet dropped due to policy rule
2023-02-15 06:08:19 INFO Connection successful to remote host.
2021-10-20 03:18:50 FAILURE Authentication failed for user admin
2021-03-08 01:28:27 ERROR Could not resolve DNS for internal resource.
2023-08-04 06:46:02 ERROR Could not resolve DNS for internal resource.
2021-01-25 06:14:45 DEBUG Process exited with code 0
2021-08-01 20:41:48 ERROR Could not resolve DNS for internal resource.
2023-10-23 08:30:21 INFO Backup completed at
2021-06-23 02:45:11 NOTICE Service restart triggered by user
2021-09-27 01:54:54 INFO Backup completed at
2022-02-09 22:14:58 TRACE Packet dropped due to policy rule
2023-04-05 13:41:39 WARNING CPU usage exceeded threshold: 87%
2022-07-22 04:21:47 DEBUG Process exited with code 0
2022-08-02 21:49:55 INFO User logged out
2022-02-09 11:50:26 ERROR Could not resolve DNS for internal resource.
2021-04-01 07:39:38 ERROR Could not resolve DNS for internal resource.
2021-11-19 17:01:30 INFO User logged out
2021-06-24 09:16:28 INFO User logged out
2023-01-13 12:28:33 ALERT Unauthorized login attempt detected
2022-07-10 13:00:07 NOTICE Service restart triggered by user
2021-04-06 17:06:39 ALERT Unauthorized login attempt detected
2021-02-08 00:06:05 ALERT Unauthorized login attempt detected
2021-10-15 03:37:50 ERROR Could not resolve DNS for internal resource.
2022-04-11 02:27:16 WARNING CPU usage exceeded threshold: 87%
2023-11-18 03:14:35 DEBUG Process exited with code 0
2023-08-03 03:13:49 TRACE Packet dropped due to policy rule
2022-09-24 10:44:33 NOTICE Service restart triggered by user
2022-09-18 17:33:00 TRACE Packet dropped due to policy rule
2023-05-25 04:43:44 TRACE Packet dropped due to policy rule
2023-10-10 04:16:33 ALERT Unauthorized login attempt detected
2023-05-17 07:58:50 INFO User logged out
2021-08-09 00:08:40 INFO User logged out
2021-09-25 18:31:50 FAILURE Authentication failed for user admin
2021-10-09 02:01:25 INFO Connection successful to remote host.
2022-05-06 16:02:55 ERROR Could not resolve DNS for internal resource.
2023-10-16 20:09:41 ALERT Unauthorized login attempt detected
2022-07-25 02:34:15 INFO Backup completed at
2023-06-08 12:47:40 INFO Connection successful to remote host.
2021-11-22 06:25:23 FAILURE Authentication failed for user admin
2022-02-11 11:57:30 ALERT Unauthorized login attempt detected
2021-08-05 01:28:28 WARNING CPU usage exceeded threshold: 87%
2022-01-06 20:22:19 FAILURE Authentication failed for user admin
