2021-03-03 05:12:43 NOTICE Service restart triggered by user
2023-02-15 11:56:09 TRACE Packet dropped due to policy rule
2021-07-12 12:54:40 NOTICE Service restart triggered by user
2022-06-07 07:01:15 INFO User logged out
2023-01-22 19:12:11 INFO Backup completed at
2023-02-15 10:30:53 DEBUG Process exited with code 0
2023-05-21 05:34:41 INFO Backup completed at
2021-06-18 08:21:56 DEBUG Process exited with code 0
2023-08-14 21:17:15 WARNING CPU usage exceeded threshold: 87%
2022-05-25 03:15:34 ALERT Unauthorized login attempt detected
2022-09-17 21:23:31 WARNING CPU usage exceeded threshold: 87%
2021-05-11 09:40:25 FAILURE Authentication failed for user admin
2021-10-25 20:04:32 INFO User logged out
2023-08-26 03:01:51 DEBUG Process exited with code 0
2023-10-24 03:42:18 ALERT Unauthorized login attempt detected
2023-03-06 14:48:04 INFO Backup completed at
2023-01-10 06:24:16 ALERT Unauthorized login attempt detected
2023-09-07 00:10:57 DEBUG Process exited with code 0
2021-08-16 12:24:43 TRACE Packet dropped due to policy rule
2023-05-13 02:49:50 ALERT Unauthorized login attempt detected
2022-04-04 22:08:22 FAILURE Authentication failed for user admin
2022-03-04 00:03:09 INFO Backup completed at
2022-03-18 04:34:09 ALERT Unauthorized login attempt detected
2021-06-23 10:35:26 NOTICE Service restart triggered by user
2023-04-16 01:14:28 INFO Backup completed at
2021-09-21 00:46:23 TRACE Packet dropped due to policy rule
2021-11-24 13:39:33 NOTICE Service restart triggered by user
2022-11-20 05:57:16 NOTICE Service restart triggered by user
2022-08-08 01:13:29 ALERT Unauthorized login attempt detected
2023-09-22 13:34:34 DEBUG Process exited with code 0
2023-01-12 14:38:49 INFO Backup completed at
2021-10-23 10:36:42 ALERT Unauthorized login attempt detected
2023-03-10 09:07:10 INFO Backup completed at
2023-02-13 16:11:26 INFO User logged out
2023-07-06 17:50:12 INFO Backup completed at
2022-11-01 08:35:33 NOTICE Service restart triggered by user
2021-02-07 16:54:09 INFO User logged out
2023-03-25 12:19:27 TRACE Packet dropped due to policy rule
2023-03-04 05:10:26 WARNING CPU usage exceeded threshold: 87%
2022-09-14 15:33:29 ALERT Unauthorized login attempt detected
2022-02-07 22:55:16 NOTICE Service restart triggered by user
2022-03-02 12:23:41 NOTICE Service restart triggered by user
2021-07-06 14:21:30 WARNING CPU usage exceeded threshold: 87%
2021-04-04 08:54:20 WARNING CPU usage exceeded threshold: 87%
2022-08-20 11:34:55 INFO Backup completed at
2022-02-01 05:56:55 INFO Backup completed at
2023-10-21 00:15:35 INFO User logged out
2021-09-04 01:08:31 ERROR Could not resolve DNS for internal resource.
2023-09-09 22:56:50 INFO User logged out
2023-11-15 07:14:11 NOTICE Service restart triggered by user
2021-06-02 00:34:42 NOTICE Service restart triggered by user
2021-07-04 11:46:37 INFO User logged out
2021-06-15 13:21:06 TRACE Packet dropped due to policy rule
2021-11-14 13:22:51 FAILURE Authentication failed for user admin
2022-03-19 07:40:11 WARNING CPU usage exceeded threshold: 87%
2022-01-10 04:22:41 ALERT Unauthorized login attempt detected
2023-08-05 07:51:55 TRACE Packet dropped due to policy rule
2023-06-16 18:03:16 NOTICE Service restart triggered by user
2023-10-17 14:19:35 ERROR Could not resolve DNS for internal resource.
2023-09-23 16:57:53 WARNING CPU usage exceeded threshold: 87%
2021-07-03 03:33:38 DEBUG Process exited with code 0
2021-08-07 13:02:23 TRACE Packet dropped due to policy rule
2023-11-04 11:12:44 ERROR Could not resolve DNS for internal resource.
2022-10-09 12:39:02 DEBUG Process exited with code 0
2021-06-03 21:24:15 ERROR Could not resolve DNS for internal resource.
2023-09-11 21:17:19 NOTICE Service restart triggered by user
2021-11-06 08:02:22 DEBUG Process exited with code 0
2022-09-06 00:20:18 NOTICE Service restart triggered by user
2023-10-07 04:54:04 FAILURE Authentication failed for user admin
2022-10-27 08:36:16 ERROR Could not resolve DNS for internal resource.
2023-11-05 02:41:09 DEBUG Process exited with code 0
2022-01-25 05:34:38 ALERT Unauthorized login attempt detected
2023-07-19 11:29:13 INFO Connection successful to remote host.
2023-11-07 19:45:27 WARNING CPU usage exceeded threshold: 87%
2022-11-08 15:28:10 INFO User logged out
2022-10-18 17:53:47 TRACE Packet dropped due to policy rule
2022-07-09 05:14:30 ALERT Unauthorized login attempt detected
2022-11-05 09:22:14 INFO Backup completed at
2023-06-24 16:27:31 INFO Connection successful to remote host.
2022-07-15 12:16:19 INFO Backup completed at
2022-09-18 11:47:04 WARNING CPU usage exceeded threshold: 87%
2023-03-10 21:50:45 ERROR Could not resolve DNS for internal resource.
2022-09-04 21:29:47 INFO Backup completed at
2021-01-10 03:32:42 ERROR Could not resolve DNS for internal resource.
2023-01-06 09:04:14 DEBUG Process exited with code 0
2021-02-23 05:03:35 FAILURE Authentication failed for user admin
2021-05-21 07:45:58 INFO Connection successful to remote host.
2022-02-12 03:23:48 ERROR Could not resolve DNS for internal resource.
2021-11-11 07:51:26 TRACE Packet dropped due to policy rule
2021-06-02 08:17:35 INFO Backup completed at
2022-02-22 08:31:20 FAILURE Authentication failed for user admin
2022-05-26 02:16:18 INFO User logged out
2022-09-04 12:57:04 TRACE Packet dropped due to policy rule
2023-09-25 06:35:33 ERROR Could not resolve DNS for internal resource.
2022-02-06 08:37:34 INFO Connection successful to remote host.
2022-09-26 11:08:07 DEBUG Process exited with code 0
2023-06-26 01:35:27 ALERT Unauthorized login attempt detected
2021-11-18 19:09:55 FAILURE Authentication failed for user admin
2021-09-04 15:01:08 WARNING CPU usage exceeded threshold: 87%
2023-01-12 16:23:58 FAILURE Authentication failed for user admin
2021-07-04 17:55:24 TRACE Packet dropped due to policy rule
2021-09-27 09:56:11 ERROR Could not resolve DNS for internal resource.
2022-06-23 21:32:03 TRACE Packet dropped due to policy rule
2021-01-07 17:52:27 INFO Backup completed at
2023-01-05 00:57:25 INFO Backup completed at
2021-08-11 17:21:56 INFO Connection successful to remote host.
2022-02-15 01:51:31 NOTICE Service restart triggered by user
2022-01-17 03:43:32 INFO User logged out
2023-05-06 08:06:28 NOTICE Service restart triggered by user
2023-11-02 18:49:24 WARNING CPU usage exceeded threshold: 87%
2022-04-04 12:51:38 ERROR Could not resolve DNS for internal resource.
2023-05-11 07:24:26 INFO Connection successful to remote host.
2022-01-22 09:39:14 NOTICE Service restart triggered by user
2022-11-19 17:33:39 FAILURE Authentication failed for user admin
2023-06-10 19:41:57 NOTICE Service restart triggered by user
2023-06-05 17:57:13 INFO User logged out
2023-06-16 17:18:42 INFO User logged out
2021-06-26 21:42:17 ALERT Unauthorized login attempt detected
2021-08-23 04:36:28 WARNING CPU usage exceeded threshold: 87%
2022-01-06 12:01:28 DEBUG Process exited with code 0
2022-06-11 06:29:11 DEBUG Process exited with code 0
2021-04-14 12:44:01 TRACE Packet dropped due to policy rule
2021-10-18 04:32:10 WARNING CPU usage exceeded threshold: 87%
2023-03-22 21:01:17 ERROR Could not resolve DNS for internal resource.
2021-01-19 14:09:20 DEBUG Process exited with code 0
2021-09-05 18:16:20 ALERT Unauthorized login attempt detected
2021-10-21 17:37:27 DEBUG Process exited with code 0
2023-05-22 00:13:09 TRACE Packet dropped due to policy rule
2022-01-03 08:53:00 TRACE Packet dropped due to policy rule
2022-01-27 11:35:55 INFO Backup completed at
2023-04-01 14:07:25 ERROR Could not resolve DNS for internal resource.
2021-07-04 09:43:06 INFO User logged out
2022-10-25 22:52:06 ERROR Could not resolve DNS for internal resource.
2022-10-16 22:17:37 INFO Connection successful to remote host.
2023-07-13 21:41:10 INFO Connection successful to remote host.
2023-09-01 19:56:50 INFO Backup completed at
2022-05-18 05:35:43 INFO User logged out
2021-09-20 04:33:51 INFO User logged out
2023-01-12 06:54:23 WARNING CPU usage exceeded threshold: 87%
2023-07-08 02:13:44 TRACE Packet dropped due to policy rule
2023-04-11 02:24:54 FAILURE Authentication failed for user admin
2022-07-24 22:33:21 TRACE Packet dropped due to policy rule
2021-02-15 18:56:30 FAILURE Authentication failed for user admin
2023-03-17 01:34:04 DEBUG Process exited with code 0
2022-07-23 04:23:19 INFO Connection successful to remote host.
2023-07-23 20:33:17 ERROR Could not resolve DNS for internal resource.
2022-07-23 09:55:31 NOTICE Service restart triggered by user
2022-04-23 06:45:47 INFO Connection successful to remote host.
2021-01-01 08:20:28 NOTICE Service restart triggered by user
2021-07-01 15:28:12 TRACE Packet dropped due to policy rule
2023-02-20 11:22:57 TRACE Packet dropped due to policy rule
2021-03-12 03:49:01 INFO User logged out
2021-10-03 01:41:48 NOTICE Service restart triggered by user
2021-06-16 04:18:48 INFO Backup completed at
2022-03-19 19:28:32 INFO Backup completed at
2021-07-09 15:04:26 ERROR Could not resolve DNS for internal resource.
2021-07-11 11:54:26 ALERT Unauthorized login attempt detected
2022-03-04 04:30:19 INFO Backup completed at
2022-07-24 21:11:35 DEBUG Process exited with code 0
2023-01-08 07:31:19 WARNING CPU usage exceeded threshold: 87%
2021-08-11 04:14:35 WARNING CPU usage exceeded threshold: 87%
2023-11-06 19:09:39 ERROR Could not resolve DNS for internal resource.
2021-07-16 15:01:01 NOTICE Service restart triggered by user
2023-05-08 06:58:10 ERROR Could not resolve DNS for internal resource.
2021-04-15 20:16:38 NOTICE Service restart triggered by user
2023-10-22 12:47:57 NOTICE Service restart triggered by user
2021-10-07 08:23:55 TRACE Packet dropped due to policy rule
2021-06-22 15:26:19 ALERT Unauthorized login attempt detected
2021-07-21 21:44:00 WARNING CPU usage exceeded threshold: 87%
2021-04-19 19:01:38 ALERT Unauthorized login attempt detected
2021-02-17 10:16:37 WARNING CPU usage exceeded threshold: 87%
2023-10-21 15:58:05 INFO Backup completed at
2022-05-05 12:37:05 FAILURE Authentication failed for user admin
2022-04-12 09:51:33 ERROR Could not resolve DNS for internal resource.
2022-04-05 01:30:57 ERROR Could not resolve DNS for internal resource.
2022-08-17 00:39:16 NOTICE Service restart triggered by user
2023-10-23 16:55:25 INFO User logged out
2021-07-26 06:52:06 INFO User logged out
2021-08-16 14:05:51 ALERT Unauthorized login attempt detected
2023-01-14 18:45:22 WARNING CPU usage exceeded threshold: 87%
2021-07-03 06:33:37 FAILURE Authentication failed for user admin
2023-04-04 18:54:23 WARNING CPU usage exceeded threshold: 87%
2023-03-22 06:24:34 DEBUG Process exited with code 0
2023-11-27 02:52:29 ALERT Unauthorized login attempt detected
2022-08-02 17:07:22 INFO Backup completed at
2023-04-27 11:41:33 INFO Connection successful to remote host.
2022-05-03 17:36:15 INFO Backup completed at
2021-05-25 19:23:54 WARNING CPU usage exceeded threshold: 87%
2022-09-10 01:27:40 NOTICE Service restart triggered by user
2023-09-17 20:30:23 INFO Connection successful to remote host.
2022-02-14 14:53:40 FAILURE Authentication failed for user admin
2022-04-12 05:25:44 NOTICE Service restart triggered by user
2021-02-06 03:20:38 TRACE Packet dropped due to policy rule
2023-09-03 08:40:50 ALERT Unauthorized login attempt detected
2022-05-15 15:55:43 NOTICE Service restart triggered by user
2022-01-25 16:51:26 ERROR Could not resolve DNS for internal resource.
2023-05-09 03:37:08 INFO Connection successful to remote host.
2023-03-11 08:09:13 INFO User logged out
2023-03-08 19:16:22 DEBUG Process exited with code 0
2021-03-27 17:31:16 NOTICE Service restart triggered by user
2023-07-13 09:28:48 TRACE Packet dropped due to policy rule
2022-04-19 01:06:11 FAILURE Authentication failed for user admin
2021-11-08 19:22:41 DEBUG Process exited with code 0
2023-05-03 09:12:53 NOTICE Service restart triggered by user
2023-05-10 00:55:21 DEBUG Process exited with code 0
2021-10-23 06:53:03 ALERT Unauthorized login attempt detected
2023-08-18 11:47:38 ERROR Could not resolve DNS for internal resource.
2023-09-27 17:03:07 INFO Backup completed at
2023-03-19 12:21:57 INFO Connection successful to remote host.
2021-01-24 15:24:57 FAILURE Authentication failed for user admin
2023-05-19 01:39:02 INFO Connection successful to remote host.
2023-10-20 18:53:23 INFO User logged out
2023-07-07 22:28:00 ERROR Could not resolve DNS for internal resource.
2022-11-04 00:21:20 INFO Connection successful to remote host.
2021-10-27 11:21:05 INFO Backup completed at
2023-11-17 12:15:23 TRACE Packet dropped due to policy rule
2021-02-06 20:43:50 FAILURE Authentication failed for user admin
2022-10-06 05:39:04 NOTICE Service restart triggered by user
2021-02-04 09:39:00 INFO User logged out
2022-10-05 08:28:32 WARNING CPU usage exceeded threshold: 87%
2021-10-20 12:54:36 DEBUG Process exited with code 0
2023-06-05 05:38:06 INFO Connection successful to remote host.
2021-04-26 10:44:52 NOTICE Service restart triggered by user
2021-08-13 08:52:48 TRACE Packet dropped due to policy rule
2021-01-01 22:39:17 INFO User logged out
2021-09-22 14:49:00 FAILURE Authentication failed for user admin
2021-07-06 06:21:16 INFO Backup completed at
2021-06-13 13:36:53 NOTICE Service restart triggered by user
2021-03-01 01:21:27 ERROR Could not resolve DNS for internal resource.
2021-01-26 01:52:11 ERROR Could not resolve DNS for internal resource.
2023-07-23 19:46:33 NOTICE Service restart triggered by user
2022-05-12 22:03:35 INFO Backup completed at
2023-08-15 09:23:11 ALERT Unauthorized login attempt detected
2023-07-26 18:31:45 WARNING CPU usage exceeded threshold: 87%
2023-05-03 08:49:15 TRACE Packet dropped due to policy rule
2023-11-05 19:43:10 INFO Connection successful to remote host.
2023-09-12 11:32:03 INFO User logged out
2021-11-10 05:18:45 NOTICE Service restart triggered by user
2023-03-06 19:53:22 TRACE Packet dropped due to policy rule
2021-09-18 09:09:41 INFO Connection successful to remote host.
2021-05-14 08:39:16 INFO User logged out
2023-09-01 00:26:32 INFO Connection successful to remote host.
2021-11-17 07:25:48 FAILURE Authentication failed for user admin
2021-08-09 17:44:44 FAILURE Authentication failed for user admin
2023-10-09 07:49:17 ALERT Unauthorized login attempt detected
2021-11-26 02:02:44 ALERT Unauthorized login attempt detected
2021-10-22 18:29:27 ALERT Unauthorized login attempt detected
2022-07-24 19:20:18 DEBUG Process exited with code 0
2023-11-19 02:56:33 TRACE Packet dropped due to policy rule
2022-05-23 02:07:21 WARNING CPU usage exceeded threshold: 87%
2023-04-23 22:46:03 INFO Backup completed at
2021-01-24 15:23:03 INFO User logged out
2022-03-20 14:48:18 INFO Connection successful to remote host.
2022-11-25 15:47:50 NOTICE Service restart triggered by user
2022-10-15 06:37:50 FAILURE Authentication failed for user admin
2021-10-22 22:00:16 FAILURE Authentication failed for user admin
2022-01-07 19:19:22 FAILURE Authentication failed for user admin
2021-10-19 04:07:45 FAILURE Authentication failed for user admin
