2023-02-06 15:49:06 INFO Backup completed at
2023-08-18 13:23:44 INFO Backup completed at
2022-10-11 21:00:29 DEBUG Process exited with code 0
2022-04-14 15:02:54 FAILURE Authentication failed for user admin
2021-10-26 22:17:45 INFO Backup completed at
2023-03-17 01:20:32 TRACE Packet dropped due to policy rule
2022-01-27 00:16:10 INFO User logged out
2022-02-01 10:07:58 TRACE Packet dropped due to policy rule
2022-02-07 17:29:49 NOTICE Service restart triggered by user
2021-01-09 22:02:44 INFO Backup completed at
2022-07-26 13:22:51 TRACE Packet dropped due to policy rule
2021-08-22 03:04:58 NOTICE Service restart triggered by user
2022-02-22 20:54:40 TRACE Packet dropped due to policy rule
2021-08-27 04:19:07 ALERT Unauthorized login attempt detected
2022-09-01 18:52:39 WARNING CPU usage exceeded threshold: 87%
2021-11-06 06:37:19 ALERT Unauthorized login attempt detected
2022-11-20 17:23:07 TRACE Packet dropped due to policy rule
2022-08-07 14:36:01 INFO Connection successful to remote host.
2022-03-14 00:16:58 INFO Connection successful to remote host.
2021-06-01 18:53:17 DEBUG Process exited with code 0
2022-01-19 01:11:43 INFO User logged out
2023-08-11 02:22:38 NOTICE Service restart triggered by user
2023-02-03 16:41:22 NOTICE Service restart triggered by user
2022-06-22 04:52:17 TRACE Packet dropped due to policy rule
2022-02-11 21:15:25 TRACE Packet dropped due to policy rule
2022-08-13 09:11:57 NOTICE Service restart triggered by user
2021-10-06 15:38:31 DEBUG Process exited with code 0
2021-06-11 01:09:03 INFO Connection successful to remote host.
2022-02-20 19:16:44 NOTICE Service restart triggered by user
2022-07-17 11:21:15 INFO Backup completed at
2023-08-12 00:34:56 TRACE Packet dropped due to policy rule
2023-02-18 05:20:08 INFO User logged out
2021-04-08 14:15:46 WARNING CPU usage exceeded threshold: 87%
2023-06-04 11:27:28 ERROR Could not resolve DNS for internal resource.
2023-08-04 04:05:05 DEBUG Process exited with code 0
2022-02-15 03:24:27 FAILURE Authentication failed for user admin
2023-01-22 07:38:36 NOTICE Service restart triggered by user
2021-03-05 11:56:30 NOTICE Service restart triggered by user
2021-06-04 05:20:41 TRACE Packet dropped due to policy rule
2022-05-19 17:19:37 ALERT Unauthorized login attempt detected
2021-06-18 07:50:09 TRACE Packet dropped due to policy rule
2022-04-09 18:13:17 INFO User logged out
2022-05-04 19:29:54 NOTICE Service restart triggered by user
2021-09-06 01:11:27 INFO User logged out
2022-01-09 18:05:03 INFO User logged out
2021-08-01 14:28:29 ERROR Could not resolve DNS for internal resource.
2023-01-01 02:04:25 FAILURE Authentication failed for user admin
2022-10-07 16:46:01 INFO User logged out
2022-03-15 15:24:36 TRACE Packet dropped due to policy rule
2022-05-11 20:31:32 FAILURE Authentication failed for user admin
2021-05-07 12:51:06 NOTICE Service restart triggered by user
2021-01-15 15:17:47 DEBUG Process exited with code 0
2021-05-15 02:53:07 ALERT Unauthorized login attempt detected
2023-07-18 20:41:29 ERROR Could not resolve DNS for internal resource.
2023-04-03 04:08:58 INFO Connection successful to remote host.
2023-08-26 14:08:09 FAILURE Authentication failed for user admin
2023-11-06 04:43:42 ALERT Unauthorized login attempt detected
2023-02-23 04:22:57 ERROR Could not resolve DNS for internal resource.
2021-10-04 11:11:16 ALERT Unauthorized login attempt detected
2022-06-05 20:52:51 INFO User logged out
2023-10-11 01:52:21 DEBUG Process exited with code 0
2023-09-03 20:50:39 DEBUG Process exited with code 0
2021-07-07 21:25:50 FAILURE Authentication failed for user admin
2021-08-07 12:17:18 FAILURE Authentication failed for user admin
2021-04-22 00:17:07 INFO Connection successful to remote host.
2021-11-14 04:03:58 INFO Connection successful to remote host.
2023-11-17 10:13:51 TRACE Packet dropped due to policy rule
2022-08-11 05:32:58 INFO Connection successful to remote host.
2022-04-09 16:16:22 ALERT Unauthorized login attempt detected
2022-03-26 21:32:00 INFO Connection successful to remote host.
2023-02-19 01:23:18 INFO Connection successful to remote host.
2022-10-27 09:37:46 INFO Backup completed at
2023-10-11 05:13:29 INFO User logged out
2023-02-09 11:03:09 INFO User logged out
2021-04-10 07:30:40 NOTICE Service restart triggered by user
2023-02-14 02:12:47 WARNING CPU usage exceeded threshold: 87%
2022-04-07 17:56:13 TRACE Packet dropped due to policy rule
2023-03-15 00:55:12 ERROR Could not resolve DNS for internal resource.
2021-06-23 22:01:36 TRACE Packet dropped due to policy rule
2021-01-06 03:03:10 WARNING CPU usage exceeded threshold: 87%
2021-05-04 09:56:23 ERROR Could not resolve DNS for internal resource.
2023-07-22 00:32:03 ERROR Could not resolve DNS for internal resource.
2023-03-11 20:55:45 ALERT Unauthorized login attempt detected
2023-07-14 19:41:20 ALERT Unauthorized login attempt detected
2023-11-07 19:23:43 INFO User logged out
2023-01-02 15:27:08 WARNING CPU usage exceeded threshold: 87%
2021-06-04 21:20:18 ALERT Unauthorized login attempt detected
2022-03-19 19:51:30 NOTICE Service restart triggered by user
2022-03-18 03:57:43 INFO Backup completed at
2022-03-01 17:03:57 ALERT Unauthorized login attempt detected
2022-02-15 04:16:06 DEBUG Process exited with code 0
2022-07-24 12:14:36 FAILURE Authentication failed for user admin
2023-08-02 02:41:44 INFO Connection successful to remote host.
2023-03-12 21:50:44 WARNING CPU usage exceeded threshold: 87%
2021-10-09 19:55:53 ERROR Could not resolve DNS for internal resource.
2021-04-19 16:47:11 INFO User logged out
2023-06-23 16:27:01 ERROR Could not resolve DNS for internal resource.
2022-04-11 04:24:22 DEBUG Process exited with code 0
2023-05-09 19:27:20 INFO User logged out
2022-07-08 06:42:04 TRACE Packet dropped due to policy rule
2022-03-24 17:13:02 ERROR Could not resolve DNS for internal resource.
2023-02-17 06:16:37 TRACE Packet dropped due to policy rule
2022-07-12 02:13:13 FAILURE Authentication failed for user admin
2023-02-11 08:01:23 INFO Backup completed at
2022-01-12 07:16:55 NOTICE Service restart triggered by user
2022-01-15 14:48:06 ALERT Unauthorized login attempt detected
2022-06-13 17:40:00 ALERT Unauthorized login attempt detected
2021-07-17 07:55:29 TRACE Packet dropped due to policy rule
2022-08-23 12:03:34 WARNING CPU usage exceeded threshold: 87%
2023-09-26 21:02:43 ERROR Could not resolve DNS for internal resource.
2021-06-27 00:58:38 TRACE Packet dropped due to policy rule
2021-04-12 06:54:53 ERROR Could not resolve DNS for internal resource.
2021-07-05 20:06:40 ALERT Unauthorized login attempt detected
2022-09-21 21:02:26 FAILURE Authentication failed for user admin
2023-04-24 22:17:04 DEBUG Process exited with code 0
2022-02-06 04:26:11 ERROR Could not resolve DNS for internal resource.
2022-01-14 18:22:34 INFO Connection successful to remote host.
2022-05-12 00:50:05 INFO User logged out
2022-04-09 15:13:21 INFO Backup completed at
2023-04-19 08:42:24 NOTICE Service restart triggered by user
2022-08-27 12:35:41 INFO Connection successful to remote host.
2022-08-27 03:27:29 ALERT Unauthorized login attempt detected
2022-05-23 00:26:07 INFO Backup completed at
2022-06-15 07:10:47 NOTICE Service restart triggered by user
2021-09-26 12:57:30 INFO User logged out
2023-06-22 05:25:53 FAILURE Authentication failed for user admin
2022-08-01 01:37:56 DEBUG Process exited with code 0
2023-01-14 01:28:32 DEBUG Process exited with code 0
2021-08-25 07:17:19 ERROR Could not resolve DNS for internal resource.
2023-04-17 02:53:57 ERROR Could not resolve DNS for internal resource.
2022-05-03 20:47:53 ALERT Unauthorized login attempt detected
2023-03-15 08:16:22 ERROR Could not resolve DNS for internal resource.
2021-02-20 07:34:15 FAILURE Authentication failed for user admin
2021-08-05 19:47:05 NOTICE Service restart triggered by user
2021-04-04 17:45:22 NOTICE Service restart triggered by user
2022-04-18 21:45:43 NOTICE Service restart triggered by user
2021-02-25 12:31:53 INFO User logged out
2021-07-20 20:58:09 NOTICE Service restart triggered by user
2023-03-21 13:12:07 INFO Backup completed at
2023-06-04 18:52:16 DEBUG Process exited with code 0
2021-02-16 00:07:43 DEBUG Process exited with code 0
2023-10-09 17:28:46 INFO User logged out
2021-09-03 02:46:12 INFO Connection successful to remote host.
2021-07-12 17:01:33 WARNING CPU usage exceeded threshold: 87%
2022-01-04 06:21:16 WARNING CPU usage exceeded threshold: 87%
2023-05-06 14:42:22 TRACE Packet dropped due to policy rule
2022-03-27 14:58:32 INFO User logged out
2021-07-22 14:17:29 FAILURE Authentication failed for user admin
2021-03-24 07:18:13 TRACE Packet dropped due to policy rule
2021-08-11 19:11:37 TRACE Packet dropped due to policy rule
2023-08-07 11:22:02 DEBUG Process exited with code 0
2023-07-27 09:18:56 INFO User logged out
2021-08-26 19:30:26 ERROR Could not resolve DNS for internal resource.
2022-02-15 22:30:18 INFO Connection successful to remote host.
2023-09-04 13:10:12 FAILURE Authentication failed for user admin
2023-01-06 05:30:51 NOTICE Service restart triggered by user
2021-09-25 02:26:38 INFO Connection successful to remote host.
2021-11-12 14:56:35 DEBUG Process exited with code 0
2023-07-20 06:07:16 WARNING CPU usage exceeded threshold: 87%
2021-09-04 09:57:18 TRACE Packet dropped due to policy rule
2021-04-19 16:09:54 ERROR Could not resolve DNS for internal resource.
2022-03-11 13:06:25 TRACE Packet dropped due to policy rule
2023-10-26 01:13:05 DEBUG Process exited with code 0
2023-10-24 05:15:55 ALERT Unauthorized login attempt detected
2023-03-03 14:06:58 DEBUG Process exited with code 0
2021-06-24 05:49:16 WARNING CPU usage exceeded threshold: 87%
2021-04-01 06:26:24 INFO Connection successful to remote host.
2023-02-11 20:53:38 ALERT Unauthorized login attempt detected
2021-04-05 19:33:24 ERROR Could not resolve DNS for internal resource.
2021-08-12 21:01:21 FAILURE Authentication failed for user admin
2021-08-17 09:29:34 FAILURE Authentication failed for user admin
2021-05-16 08:53:49 WARNING CPU usage exceeded threshold: 87%
2022-02-10 06:13:36 NOTICE Service restart triggered by user
2023-07-27 15:27:03 INFO Backup completed at
2023-08-09 02:01:50 TRACE Packet dropped due to policy rule
2022-10-11 04:48:08 WARNING CPU usage exceeded threshold: 87%
2022-01-24 08:41:13 WARNING CPU usage exceeded threshold: 87%
2021-07-16 02:17:06 ALERT Unauthorized login attempt detected
2022-01-19 03:18:50 WARNING CPU usage exceeded threshold: 87%
2022-08-08 13:45:05 FAILURE Authentication failed for user admin
2022-02-17 10:11:03 WARNING CPU usage exceeded threshold: 87%
2022-01-24 21:51:51 ALERT Unauthorized login attempt detected
2021-03-15 08:07:49 TRACE Packet dropped due to policy rule
2023-01-08 12:57:15 WARNING CPU usage exceeded threshold: 87%
2022-01-18 00:26:17 INFO User logged out
2023-03-04 08:35:04 TRACE Packet dropped due to policy rule
2022-09-08 18:04:28 INFO Connection successful to remote host.
2023-06-27 12:09:07 TRACE Packet dropped due to policy rule
2022-03-16 11:14:19 INFO Connection successful to remote host.
2022-03-17 18:33:57 INFO Connection successful to remote host.
2022-03-14 07:40:07 INFO User logged out
2022-06-24 17:37:08 INFO Connection successful to remote host.
2021-01-20 01:20:04 WARNING CPU usage exceeded threshold: 87%
2023-08-09 07:23:55 NOTICE Service restart triggered by user
2023-02-15 04:03:04 FAILURE Authentication failed for user admin
2023-06-12 21:44:02 ALERT Unauthorized login attempt detected
2023-05-07 13:20:12 TRACE Packet dropped due to policy rule
2023-09-13 22:36:06 WARNING CPU usage exceeded threshold: 87%
2022-02-12 03:35:34 ERROR Could not resolve DNS for internal resource.
2022-08-17 13:53:17 INFO Connection successful to remote host.
2022-05-12 02:42:51 DEBUG Process exited with code 0
2022-01-01 18:13:57 DEBUG Process exited with code 0
2021-03-14 11:29:03 FAILURE Authentication failed for user admin
2023-01-01 03:15:31 NOTICE Service restart triggered by user
2023-01-27 17:17:33 INFO Backup completed at
