2023-06-20 06:48:46 INFO Connection successful to remote host.
2022-04-21 10:30:20 INFO Connection successful to remote host.
2023-11-17 05:18:23 FAILURE Authentication failed for user admin
2021-06-03 20:13:33 ERROR Could not resolve DNS for internal resource.
2021-05-11 20:52:48 INFO Backup completed at
2023-02-10 07:36:48 NOTICE Service restart triggered by user
2022-07-04 21:35:46 DEBUG Process exited with code 0
2023-01-01 00:13:53 DEBUG Process exited with code 0
2021-04-13 17:58:33 ALERT Unauthorized login attempt detected
2023-07-26 07:03:47 FAILURE Authentication failed for user admin
2023-02-09 18:47:40 DEBUG Process exited with code 0
2023-05-02 13:25:35 TRACE Packet dropped due to policy rule
2022-07-06 18:37:26 ERROR Could not resolve DNS for internal resource.
2023-07-14 18:26:48 INFO Connection successful to remote host.
2021-11-01 11:10:30 FAILURE Authentication failed for user admin
2021-06-15 09:36:41 FAILURE Authentication failed for user admin
2021-07-26 01:29:48 WARNING CPU usage exceeded threshold: 87%
2021-08-01 09:15:52 TRACE Packet dropped due to policy rule
2021-02-10 08:47:28 NOTICE Service restart triggered by user
2022-07-08 11:28:26 NOTICE Service restart triggered by user
2023-07-06 10:57:42 FAILURE Authentication failed for user admin
2023-02-25 00:35:23 INFO Backup completed at
2021-03-04 10:55:11 INFO Backup completed at
2021-05-08 02:49:17 ALERT Unauthorized login attempt detected
2023-05-19 14:31:25 FAILURE Authentication failed for user admin
2021-09-22 21:45:45 INFO User logged out
2021-02-06 09:43:40 INFO Connection successful to remote host.
2023-05-05 05:23:18 INFO Connection successful to remote host.
2023-11-05 02:42:54 WARNING CPU usage exceeded threshold: 87%
2023-05-27 19:04:16 WARNING CPU usage exceeded threshold: 87%
2023-02-03 22:58:53 WARNING CPU usage exceeded threshold: 87%
2023-03-18 16:37:17 INFO Backup completed at
2023-07-03 15:09:47 INFO Backup completed at
2023-09-25 10:23:31 ERROR Could not resolve DNS for internal resource.
2021-11-13 14:39:19 INFO Connection successful to remote host.
2022-10-08 16:35:13 INFO User logged out
2021-03-18 03:58:26 INFO Connection successful to remote host.
2023-09-05 03:30:28 DEBUG Process exited with code 0
2023-03-08 09:19:03 NOTICE Service restart triggered by user
2021-11-10 19:31:53 INFO User logged out
2023-08-05 19:47:12 INFO Connection successful to remote host.
2022-08-19 15:55:13 INFO Backup completed at
2021-03-07 06:03:47 NOTICE Service restart triggered by user
2021-09-13 15:25:32 WARNING CPU usage exceeded threshold: 87%
2021-05-09 00:49:18 INFO Backup completed at
2021-08-04 11:27:46 ALERT Unauthorized login attempt detected
2022-07-11 18:38:26 ERROR Could not resolve DNS for internal resource.
2023-07-14 01:38:18 ERROR Could not resolve DNS for internal resource.
2021-09-12 13:25:36 INFO User logged out
2021-03-11 05:40:13 INFO User logged out
2023-05-20 11:50:12 DEBUG Process exited with code 0
2022-05-16 18:11:36 INFO Backup completed at
2023-11-01 00:47:24 WARNING CPU usage exceeded threshold: 87%
2023-04-14 04:04:42 INFO Connection successful to remote host.
2022-10-24 21:36:27 INFO User logged out
2021-08-09 12:19:16 ALERT Unauthorized login attempt detected
2021-02-27 11:22:19 FAILURE Authentication failed for user admin
2021-10-18 03:05:47 INFO User logged out
2023-06-01 17:29:43 INFO Connection successful to remote host.
2023-08-27 06:54:27 INFO Backup completed at
2021-01-20 18:30:05 ALERT Unauthorized login attempt detected
2021-08-10 14:15:00 ALERT Unauthorized login attempt detected
2023-01-16 14:12:34 DEBUG Process exited with code 0
2022-06-18 08:38:30 ERROR Could not resolve DNS for internal resource.
2022-09-12 11:21:27 INFO User logged out
2022-06-13 16:45:56 INFO Backup completed at
2022-11-05 05:42:26 TRACE Packet dropped due to policy rule
2023-10-07 02:35:34 ALERT Unauthorized login attempt detected
2022-01-21 18:46:41 DEBUG Process exited with code 0
2022-05-05 21:15:18 NOTICE Service restart triggered by user
2022-04-18 17:56:29 FAILURE Authentication failed for user admin
2022-04-10 11:34:47 INFO Connection successful to remote host.
2022-01-22 07:02:06 INFO Backup completed at
2023-07-12 22:12:22 ERROR Could not resolve DNS for internal resource.
2022-11-16 11:52:39 ALERT Unauthorized login attempt detected
2023-03-14 03:53:47 FAILURE Authentication failed for user admin
2021-08-09 01:13:51 ERROR Could not resolve DNS for internal resource.
2022-08-03 22:06:33 FAILURE Authentication failed for user admin
2022-10-20 19:02:21 NOTICE Service restart triggered by user
2023-05-25 17:33:29 ALERT Unauthorized login attempt detected
2022-02-03 07:19:21 DEBUG Process exited with code 0
2021-10-12 15:33:14 INFO Backup completed at
2022-06-03 10:08:33 DEBUG Process exited with code 0
2022-11-05 22:51:27 INFO Backup completed at
2022-08-25 17:42:25 FAILURE Authentication failed for user admin
2021-02-02 14:28:30 FAILURE Authentication failed for user admin
2023-06-24 21:55:48 TRACE Packet dropped due to policy rule
2023-06-17 06:32:32 INFO User logged out
2022-10-17 09:37:58 ALERT Unauthorized login attempt detected
2022-08-25 20:57:00 NOTICE Service restart triggered by user
2022-04-12 15:07:12 ALERT Unauthorized login attempt detected
2023-05-22 20:47:49 NOTICE Service restart triggered by user
2022-03-08 11:49:15 DEBUG Process exited with code 0
2021-02-17 14:39:45 INFO Connection successful to remote host.
2022-03-12 01:58:31 INFO User logged out
2022-07-06 14:39:45 INFO Connection successful to remote host.
2022-01-26 08:37:07 DEBUG Process exited with code 0
2022-02-06 00:42:27 DEBUG Process exited with code 0
2023-04-04 06:35:13 ALERT Unauthorized login attempt detected
2021-09-08 04:29:06 TRACE Packet dropped due to policy rule
2021-09-19 09:16:17 ALERT Unauthorized login attempt detected
2021-05-22 04:27:33 WARNING CPU usage exceeded threshold: 87%
2022-07-13 21:19:01 DEBUG Process exited with code 0
2021-07-22 00:47:05 INFO Backup completed at
2023-01-25 04:10:01 WARNING CPU usage exceeded threshold: 87%
2021-05-11 13:28:10 INFO Backup completed at
2021-07-26 08:10:45 FAILURE Authentication failed for user admin
2022-02-24 02:54:41 ERROR Could not resolve DNS for internal resource.
2023-03-07 15:33:57 INFO Backup completed at
2022-06-09 15:52:48 ERROR Could not resolve DNS for internal resource.
2022-06-19 20:38:46 FAILURE Authentication failed for user admin
2021-01-02 04:20:36 TRACE Packet dropped due to policy rule
2021-07-10 21:08:41 ALERT Unauthorized login attempt detected
2023-08-05 08:37:41 TRACE Packet dropped due to policy rule
2022-10-14 13:47:54 INFO User logged out
2022-10-14 14:14:43 INFO Backup completed at
2022-06-11 13:39:48 NOTICE Service restart triggered by user
2022-06-07 19:02:52 WARNING CPU usage exceeded threshold: 87%
2022-07-25 16:08:17 INFO Backup completed at
2023-05-04 04:11:42 ALERT Unauthorized login attempt detected
2022-05-25 13:12:23 DEBUG Process exited with code 0
2022-04-16 10:13:12 WARNING CPU usage exceeded threshold: 87%
2021-09-25 04:09:27 TRACE Packet dropped due to policy rule
2023-05-14 21:01:46 INFO Connection successful to remote host.
2021-06-11 06:12:57 FAILURE Authentication failed for user admin
2021-07-09 01:39:23 DEBUG Process exited with code 0
2022-03-12 17:47:18 NOTICE Service restart triggered by user
2022-03-13 05:13:07 FAILURE Authentication failed for user admin
2021-03-07 17:51:10 NOTICE Service restart triggered by user
2023-06-26 22:09:05 INFO User logged out
2021-06-12 14:27:01 ALERT Unauthorized login attempt detected
2021-07-17 09:26:42 NOTICE Service restart triggered by user
2023-04-26 12:11:24 ERROR Could not resolve DNS for internal resource.
2021-03-02 01:34:18 ALERT Unauthorized login attempt detected
2022-03-17 04:40:33 DEBUG Process exited with code 0
2022-11-03 19:45:03 WARNING CPU usage exceeded threshold: 87%
2022-06-07 13:25:33 WARNING CPU usage exceeded threshold: 87%
2022-08-05 02:56:31 INFO Connection successful to remote host.
2023-05-27 09:32:07 FAILURE Authentication failed for user admin
2023-09-12 00:23:38 ALERT Unauthorized login attempt detected
2022-06-09 06:34:54 INFO Connection successful to remote host.
2022-10-21 00:23:27 ERROR Could not resolve DNS for internal resource.
2022-11-23 00:45:46 NOTICE Service restart triggered by user
2021-05-17 17:47:42 ERROR Could not resolve DNS for internal resource.
2021-06-18 17:09:47 DEBUG Process exited with code 0
2022-05-22 08:38:01 INFO User logged out
2021-01-15 05:32:46 ERROR Could not resolve DNS for internal resource.
2023-11-16 22:29:36 INFO Backup completed at
2022-05-06 15:40:10 DEBUG Process exited with code 0
2021-06-09 20:46:58 TRACE Packet dropped due to policy rule
2021-03-20 12:08:18 FAILURE Authentication failed for user admin
2023-01-11 03:25:43 DEBUG Process exited with code 0
2022-01-10 14:27:54 INFO Connection successful to remote host.
2021-03-12 14:09:27 DEBUG Process exited with code 0
2023-05-22 16:25:13 ALERT Unauthorized login attempt detected
2023-07-03 06:45:14 ERROR Could not resolve DNS for internal resource.
2023-07-03 07:53:36 NOTICE Service restart triggered by user
2023-04-25 04:18:19 WARNING CPU usage exceeded threshold: 87%
2023-11-27 02:10:27 INFO Backup completed at
2021-11-15 04:21:35 WARNING CPU usage exceeded threshold: 87%
2021-08-02 08:14:55 INFO User logged out
2022-09-19 16:41:16 WARNING CPU usage exceeded threshold: 87%
2022-08-16 08:27:03 WARNING CPU usage exceeded threshold: 87%
2021-05-26 04:46:24 INFO Connection successful to remote host.
2021-09-05 18:21:10 FAILURE Authentication failed for user admin
2023-03-22 15:34:15 ALERT Unauthorized login attempt detected
2022-10-03 02:44:33 INFO User logged out
2022-05-27 19:47:48 ERROR Could not resolve DNS for internal resource.
2021-07-16 06:05:57 TRACE Packet dropped due to policy rule
2021-09-01 21:09:10 NOTICE Service restart triggered by user
2022-11-12 22:42:46 TRACE Packet dropped due to policy rule
2022-07-08 01:17:22 NOTICE Service restart triggered by user
2021-03-19 06:36:11 INFO Connection successful to remote host.
2021-11-12 06:40:03 ERROR Could not resolve DNS for internal resource.
2023-05-08 06:28:28 INFO Backup completed at
2021-01-02 18:35:23 ERROR Could not resolve DNS for internal resource.
2021-07-07 05:29:27 ERROR Could not resolve DNS for internal resource.
2021-06-13 00:25:04 ERROR Could not resolve DNS for internal resource.
2022-05-18 10:53:03 DEBUG Process exited with code 0
2022-05-18 22:32:41 ERROR Could not resolve DNS for internal resource.
2023-11-11 12:57:11 WARNING CPU usage exceeded threshold: 87%
2021-03-10 16:48:58 WARNING CPU usage exceeded threshold: 87%
2021-07-22 11:57:26 WARNING CPU usage exceeded threshold: 87%
2022-06-17 04:37:49 DEBUG Process exited with code 0
2023-07-11 12:34:55 NOTICE Service restart triggered by user
2023-10-06 09:57:07 INFO User logged out
2022-08-13 15:05:14 INFO User logged out
2021-01-22 03:57:11 TRACE Packet dropped due to policy rule
2021-06-09 06:54:00 DEBUG Process exited with code 0
2022-09-04 17:32:09 ERROR Could not resolve DNS for internal resource.
2023-06-17 09:46:54 INFO Backup completed at
2021-06-17 06:18:03 FAILURE Authentication failed for user admin
2021-04-08 06:44:33 FAILURE Authentication failed for user admin
2022-03-11 04:48:41 INFO Connection successful to remote host.
2021-11-25 18:52:02 INFO Connection successful to remote host.
2022-07-21 17:01:31 INFO Backup completed at
2023-03-14 15:54:20 INFO Connection successful to remote host.
2023-03-27 02:26:57 ALERT Unauthorized login attempt detected
2022-11-09 09:37:20 ALERT Unauthorized login attempt detected
2021-01-24 09:12:03 ALERT Unauthorized login attempt detected
2022-06-27 21:48:45 DEBUG Process exited with code 0
2022-02-04 19:22:46 DEBUG Process exited with code 0
2021-11-20 08:51:46 WARNING CPU usage exceeded threshold: 87%
2022-08-02 08:20:11 ALERT Unauthorized login attempt detected
