2023-06-18 20:51:07 INFO Connection successful to remote host.
2023-01-01 09:32:49 INFO Backup completed at
2021-08-10 02:20:09 TRACE Packet dropped due to policy rule
2023-06-15 11:25:26 FAILURE Authentication failed for user admin
2022-04-15 08:13:29 DEBUG Process exited with code 0
2021-04-17 10:13:19 INFO Connection successful to remote host.
2023-11-15 18:01:40 NOTICE Service restart triggered by user
2022-08-17 13:20:05 FAILURE Authentication failed for user admin
2021-10-06 00:47:05 NOTICE Service restart triggered by user
2023-05-07 19:38:53 FAILURE Authentication failed for user admin
2022-05-10 03:28:19 INFO Backup completed at
2021-02-14 14:08:08 TRACE Packet dropped due to policy rule
2021-06-21 16:40:06 DEBUG Process exited with code 0
2023-01-25 01:02:28 INFO Backup completed at
2021-10-23 04:18:19 INFO Backup completed at
2021-10-15 22:19:41 ALERT Unauthorized login attempt detected
2021-07-05 02:55:17 TRACE Packet dropped due to policy rule
2022-01-17 04:30:02 INFO User logged out
2023-01-21 00:47:37 INFO Backup completed at
2021-01-15 15:42:28 ERROR Could not resolve DNS for internal resource.
2021-10-20 22:27:52 TRACE Packet dropped due to policy rule
2021-07-01 03:33:51 INFO Connection successful to remote host.
2022-10-17 02:10:30 NOTICE Service restart triggered by user
2021-03-20 13:27:37 ALERT Unauthorized login attempt detected
2023-04-05 08:56:40 WARNING CPU usage exceeded threshold: 87%
2023-09-25 11:12:06 WARNING CPU usage exceeded threshold: 87%
2022-07-24 15:30:46 NOTICE Service restart triggered by user
2021-11-26 03:02:23 ERROR Could not resolve DNS for internal resource.
2021-06-17 10:47:31 INFO Connection successful to remote host.
2023-09-03 00:17:16 INFO Backup completed at
2023-08-13 17:45:58 TRACE Packet dropped due to policy rule
2022-05-13 07:29:58 INFO Connection successful to remote host.
2023-06-23 07:20:40 NOTICE Service restart triggered by user
2022-03-25 08:29:09 INFO Connection successful to remote host.
2021-11-05 15:09:27 DEBUG Process exited with code 0
2023-01-07 04:41:42 NOTICE Service restart triggered by user
2021-03-14 12:29:24 FAILURE Authentication failed for user admin
2022-04-09 13:30:04 TRACE Packet dropped due to policy rule
2023-11-20 02:22:14 INFO Connection successful to remote host.
2023-04-14 14:12:15 DEBUG Process exited with code 0
2021-10-09 16:23:03 INFO Connection successful to remote host.
2022-05-11 21:03:28 INFO Connection successful to remote host.
2022-02-10 20:23:52 INFO User logged out
2023-05-16 00:56:11 INFO Connection successful to remote host.
2021-08-20 01:28:06 NOTICE Service restart triggered by user
2021-10-25 21:12:16 INFO User logged out
2021-02-22 01:56:51 TRACE Packet dropped due to policy rule
2021-06-04 02:11:47 FAILURE Authentication failed for user admin
2022-04-10 03:38:19 NOTICE Service restart triggered by user
2021-04-19 22:05:49 INFO User logged out
2021-05-06 21:29:12 INFO User logged out
2021-11-12 04:49:45 DEBUG Process exited with code 0
2021-02-01 06:52:13 ERROR Could not resolve DNS for internal resource.
2022-02-24 15:36:19 DEBUG Process exited with code 0
2022-03-08 10:09:42 FAILURE Authentication failed for user admin
2023-05-03 13:27:48 DEBUG Process exited with code 0
2021-07-09 10:30:30 DEBUG Process exited with code 0
2022-11-17 19:33:05 TRACE Packet dropped due to policy rule
2023-09-15 16:10:40 WARNING CPU usage exceeded threshold: 87%
2021-03-22 17:25:38 DEBUG Process exited with code 0
2023-08-23 00:37:41 DEBUG Process exited with code 0
2021-05-19 10:51:41 INFO Connection successful to remote host.
2023-10-05 00:05:06 NOTICE Service restart triggered by user
2022-06-19 16:06:51 FAILURE Authentication failed for user admin
2021-02-04 19:27:06 INFO Connection successful to remote host.
2021-06-12 11:46:29 WARNING CPU usage exceeded threshold: 87%
2021-06-12 21:45:06 TRACE Packet dropped due to policy rule
2021-06-21 09:14:22 ALERT Unauthorized login attempt detected
2021-06-11 01:18:54 INFO Connection successful to remote host.
2021-05-06 22:47:09 DEBUG Process exited with code 0
2022-10-01 22:12:41 WARNING CPU usage exceeded threshold: 87%
2021-08-08 09:11:19 DEBUG Process exited with code 0
2021-03-09 16:36:43 INFO Backup completed at
2022-08-01 21:25:37 DEBUG Process exited with code 0
2023-01-20 16:30:25 ERROR Could not resolve DNS for internal resource.
2022-11-11 13:58:24 ALERT Unauthorized login attempt detected
2023-04-20 00:58:08 FAILURE Authentication failed for user admin
2023-04-17 09:53:19 NOTICE Service restart triggered by user
2022-08-03 14:01:34 ERROR Could not resolve DNS for internal resource.
