2023-11-25 19:34:01 DEBUG Process exited with code 0
2023-07-07 21:15:22 NOTICE Service restart triggered by user
2022-03-23 04:34:21 INFO User logged out
2023-05-26 21:51:56 ALERT Unauthorized login attempt detected
2022-03-23 20:18:04 NOTICE Service restart triggered by user
2021-02-23 09:39:01 ALERT Unauthorized login attempt detected
2022-09-09 02:54:55 WARNING CPU usage exceeded threshold: 87%
2021-09-14 17:51:53 NOTICE Service restart triggered by user
2021-10-16 08:51:40 DEBUG Process exited with code 0
2021-02-04 11:05:29 INFO User logged out
2023-09-14 17:41:12 DEBUG Process exited with code 0
2023-02-11 11:37:52 ALERT Unauthorized login attempt detected
2023-07-10 03:56:43 INFO User logged out
2023-05-24 10:03:23 INFO Connection successful to remote host.
2022-07-09 01:49:30 WARNING CPU usage exceeded threshold: 87%
2022-04-06 08:50:41 ERROR Could not resolve DNS for internal resource.
2022-11-02 17:18:37 FAILURE Authentication failed for user admin
2023-04-22 19:54:54 ERROR Could not resolve DNS for internal resource.
2021-05-21 06:16:53 INFO Connection successful to remote host.
2022-05-18 17:01:51 NOTICE Service restart triggered by user
2022-01-12 11:36:26 ERROR Could not resolve DNS for internal resource.
2022-07-08 15:21:11 DEBUG Process exited with code 0
2021-03-10 07:07:53 FAILURE Authentication failed for user admin
2021-08-23 21:27:42 DEBUG Process exited with code 0
2023-10-02 01:12:22 WARNING CPU usage exceeded threshold: 87%
2021-01-22 07:37:10 ALERT Unauthorized login attempt detected
2021-07-11 12:24:19 ALERT Unauthorized login attempt detected
2022-10-26 06:34:01 NOTICE Service restart triggered by user
2023-04-22 12:05:34 NOTICE Service restart triggered by user
2023-11-15 02:14:17 TRACE Packet dropped due to policy rule
2022-03-07 22:49:56 ALERT Unauthorized login attempt detected
2022-11-06 07:20:55 ERROR Could not resolve DNS for internal resource.
2023-01-10 22:52:25 ERROR Could not resolve DNS for internal resource.
2023-05-07 17:21:28 INFO User logged out
2021-06-05 06:58:07 INFO Backup completed at
2023-05-25 07:55:01 ERROR Could not resolve DNS for internal resource.
2022-04-27 18:18:58 DEBUG Process exited with code 0
2023-03-27 21:22:57 ERROR Could not resolve DNS for internal resource.
2022-10-01 11:42:09 TRACE Packet dropped due to policy rule
2021-03-25 17:12:37 ERROR Could not resolve DNS for internal resource.
2022-11-08 09:20:18 NOTICE Service restart triggered by user
2023-02-21 14:04:47 WARNING CPU usage exceeded threshold: 87%
2021-04-25 12:50:53 WARNING CPU usage exceeded threshold: 87%
2021-09-07 15:57:02 INFO Connection successful to remote host.
2021-09-01 19:39:25 ERROR Could not resolve DNS for internal resource.
2022-10-04 17:01:48 FAILURE Authentication failed for user admin
2023-11-14 13:49:36 TRACE Packet dropped due to policy rule
2023-11-04 12:25:05 INFO User logged out
2023-07-16 20:13:18 WARNING CPU usage exceeded threshold: 87%
2022-03-04 03:44:40 ALERT Unauthorized login attempt detected
2021-08-24 09:16:49 INFO Backup completed at
2021-06-14 15:37:25 INFO Backup completed at
2023-03-07 21:40:07 WARNING CPU usage exceeded threshold: 87%
2023-02-09 19:55:20 NOTICE Service restart triggered by user
2022-08-10 13:27:26 INFO Backup completed at
2021-02-24 07:02:37 WARNING CPU usage exceeded threshold: 87%
2023-07-18 07:11:26 INFO User logged out
2022-08-26 22:49:48 TRACE Packet dropped due to policy rule
2021-06-13 18:19:14 DEBUG Process exited with code 0
2021-09-19 00:34:44 ALERT Unauthorized login attempt detected
2022-04-25 12:14:30 ERROR Could not resolve DNS for internal resource.
2022-09-07 17:27:23 INFO Backup completed at
2022-06-20 11:05:21 ALERT Unauthorized login attempt detected
2021-06-14 10:08:12 ALERT Unauthorized login attempt detected
2022-04-14 00:54:52 INFO Connection successful to remote host.
2021-02-05 01:18:02 DEBUG Process exited with code 0
2021-10-26 01:50:33 WARNING CPU usage exceeded threshold: 87%
2021-01-12 07:41:34 WARNING CPU usage exceeded threshold: 87%
2023-11-06 06:23:44 DEBUG Process exited with code 0
2023-09-19 15:55:46 FAILURE Authentication failed for user admin
2023-06-14 01:14:41 FAILURE Authentication failed for user admin
2023-03-02 00:36:53 INFO User logged out
2022-08-07 02:10:47 WARNING CPU usage exceeded threshold: 87%
2023-11-23 13:25:32 INFO User logged out
2022-04-20 04:54:10 FAILURE Authentication failed for user admin
2023-01-26 21:27:18 INFO Backup completed at
2022-10-17 08:53:10 ALERT Unauthorized login attempt detected
2021-08-06 03:41:31 WARNING CPU usage exceeded threshold: 87%
2021-10-17 10:32:53 NOTICE Service restart triggered by user
2022-04-27 00:45:15 NOTICE Service restart triggered by user
2021-02-04 15:51:23 NOTICE Service restart triggered by user
2022-06-13 11:58:29 ALERT Unauthorized login attempt detected
2023-04-27 11:20:00 FAILURE Authentication failed for user admin
2022-10-17 08:06:34 ERROR Could not resolve DNS for internal resource.
2022-10-15 15:00:37 TRACE Packet dropped due to policy rule
2023-04-04 08:50:25 TRACE Packet dropped due to policy rule
2021-01-12 07:35:16 DEBUG Process exited with code 0
2023-11-21 19:15:43 NOTICE Service restart triggered by user
2023-04-06 21:04:49 TRACE Packet dropped due to policy rule
2021-04-08 11:58:29 WARNING CPU usage exceeded threshold: 87%
2022-02-18 07:13:30 FAILURE Authentication failed for user admin
2023-08-26 22:03:51 INFO Connection successful to remote host.
2021-03-05 02:43:44 WARNING CPU usage exceeded threshold: 87%
2021-09-06 08:22:00 FAILURE Authentication failed for user admin
2023-10-23 20:44:10 TRACE Packet dropped due to policy rule
2022-11-03 09:09:34 INFO User logged out
2021-05-11 17:37:55 TRACE Packet dropped due to policy rule
2023-03-02 13:47:40 TRACE Packet dropped due to policy rule
2023-03-12 15:11:25 ALERT Unauthorized login attempt detected
2021-01-08 05:36:26 INFO Backup completed at
2023-04-25 00:21:01 INFO Connection successful to remote host.
2022-02-17 11:00:55 NOTICE Service restart triggered by user
2023-09-17 19:42:32 WARNING CPU usage exceeded threshold: 87%
2023-11-03 05:26:53 WARNING CPU usage exceeded threshold: 87%
2023-09-15 21:39:35 ALERT Unauthorized login attempt detected
2021-03-23 03:08:32 INFO User logged out
2021-06-01 16:09:33 TRACE Packet dropped due to policy rule
2023-11-16 09:05:09 DEBUG Process exited with code 0
2023-05-21 13:22:58 TRACE Packet dropped due to policy rule
2023-02-26 05:57:22 INFO User logged out
2023-11-23 09:53:05 NOTICE Service restart triggered by user
2021-06-13 05:14:50 ALERT Unauthorized login attempt detected
2022-11-01 20:51:51 INFO Backup completed at
2023-03-24 13:01:48 ALERT Unauthorized login attempt detected
2022-01-07 16:09:51 INFO Connection successful to remote host.
2021-11-07 16:02:44 DEBUG Process exited with code 0
2021-01-21 08:25:40 NOTICE Service restart triggered by user
2023-07-02 07:11:10 TRACE Packet dropped due to policy rule
2021-10-18 05:10:46 DEBUG Process exited with code 0
2021-03-20 08:22:39 INFO Connection successful to remote host.
2022-07-17 13:41:02 FAILURE Authentication failed for user admin
2023-06-25 06:53:02 TRACE Packet dropped due to policy rule
2021-04-13 07:46:08 INFO Connection successful to remote host.
2021-10-20 10:52:46 ALERT Unauthorized login attempt detected
2021-11-11 22:14:18 WARNING CPU usage exceeded threshold: 87%
2023-11-06 16:25:19 INFO Backup completed at
2022-03-17 11:11:19 WARNING CPU usage exceeded threshold: 87%
2021-11-27 00:53:41 WARNING CPU usage exceeded threshold: 87%
2021-04-16 07:54:53 WARNING CPU usage exceeded threshold: 87%
2023-02-05 13:12:14 FAILURE Authentication failed for user admin
2023-01-24 11:57:36 WARNING CPU usage exceeded threshold: 87%
2022-06-19 14:45:52 INFO User logged out
2022-05-12 07:19:11 NOTICE Service restart triggered by user
2022-11-20 19:07:05 INFO User logged out
2022-01-07 05:14:15 ERROR Could not resolve DNS for internal resource.
2022-01-20 16:41:12 ERROR Could not resolve DNS for internal resource.
2021-08-03 00:14:21 DEBUG Process exited with code 0
2022-09-17 11:55:00 INFO User logged out
2021-10-19 06:05:30 ALERT Unauthorized login attempt detected
2021-09-06 22:34:25 TRACE Packet dropped due to policy rule
2021-09-11 06:58:44 INFO Connection successful to remote host.
2021-07-25 20:43:55 DEBUG Process exited with code 0
2022-03-02 12:51:57 TRACE Packet dropped due to policy rule
2022-09-18 02:43:13 TRACE Packet dropped due to policy rule
2023-05-26 12:08:14 INFO Connection successful to remote host.
2022-06-27 05:12:54 WARNING CPU usage exceeded threshold: 87%
2021-08-27 12:00:38 NOTICE Service restart triggered by user
2021-04-02 04:26:00 NOTICE Service restart triggered by user
2022-08-12 00:15:18 TRACE Packet dropped due to policy rule
2022-10-12 22:42:42 TRACE Packet dropped due to policy rule
2022-07-13 04:02:38 DEBUG Process exited with code 0
2021-11-07 15:44:34 NOTICE Service restart triggered by user
2023-11-26 18:30:23 INFO Backup completed at
2022-06-27 13:45:18 FAILURE Authentication failed for user admin
2021-07-26 12:46:56 INFO Backup completed at
2023-10-04 04:10:15 ALERT Unauthorized login attempt detected
2021-04-04 21:05:08 FAILURE Authentication failed for user admin
2021-01-08 15:07:35 NOTICE Service restart triggered by user
2023-09-16 22:36:21 DEBUG Process exited with code 0
2021-05-26 14:39:19 INFO Backup completed at
2021-09-04 11:36:25 ALERT Unauthorized login attempt detected
2023-04-20 01:27:05 INFO User logged out
2022-06-05 02:55:21 WARNING CPU usage exceeded threshold: 87%
2021-06-04 02:14:03 TRACE Packet dropped due to policy rule
2021-05-02 20:56:00 FAILURE Authentication failed for user admin
2023-08-10 06:14:15 ERROR Could not resolve DNS for internal resource.
2022-02-22 14:50:19 INFO Connection successful to remote host.
2022-04-17 21:05:46 FAILURE Authentication failed for user admin
2022-01-14 18:37:43 ERROR Could not resolve DNS for internal resource.
2022-01-10 06:45:04 INFO Backup completed at
2023-07-09 07:03:14 INFO Backup completed at
2022-01-05 20:35:25 WARNING CPU usage exceeded threshold: 87%
2023-09-12 11:12:52 ERROR Could not resolve DNS for internal resource.
2022-03-06 10:38:18 DEBUG Process exited with code 0
2021-04-20 02:50:47 INFO Backup completed at
2023-01-09 17:38:08 ALERT Unauthorized login attempt detected
2023-10-07 11:22:36 ALERT Unauthorized login attempt detected
2022-03-08 02:57:36 INFO User logged out
2021-05-03 09:29:49 DEBUG Process exited with code 0
2023-08-05 22:26:39 DEBUG Process exited with code 0
2022-11-10 09:17:25 WARNING CPU usage exceeded threshold: 87%
2023-10-18 20:37:32 INFO Connection successful to remote host.
2021-02-24 17:42:46 TRACE Packet dropped due to policy rule
2021-03-19 17:18:15 WARNING CPU usage exceeded threshold: 87%
2022-04-14 04:35:50 FAILURE Authentication failed for user admin
2023-05-12 05:32:07 ALERT Unauthorized login attempt detected
2021-11-15 08:15:20 ERROR Could not resolve DNS for internal resource.
2021-01-26 06:30:12 INFO Backup completed at
2021-04-20 06:46:02 TRACE Packet dropped due to policy rule
2022-09-05 16:38:49 INFO Backup completed at
2022-10-14 12:28:26 ALERT Unauthorized login attempt detected
2022-09-01 10:08:27 ALERT Unauthorized login attempt detected
2023-06-13 04:52:34 ERROR Could not resolve DNS for internal resource.
2021-09-06 13:25:15 DEBUG Process exited with code 0
2022-08-16 11:41:06 ERROR Could not resolve DNS for internal resource.
2021-08-11 11:45:54 INFO User logged out
2022-03-23 15:48:26 NOTICE Service restart triggered by user
2023-06-21 00:48:01 ERROR Could not resolve DNS for internal resource.
2022-07-21 18:35:14 ALERT Unauthorized login attempt detected
2022-08-27 03:39:50 WARNING CPU usage exceeded threshold: 87%
2021-06-15 22:06:57 TRACE Packet dropped due to policy rule
2021-09-09 07:11:33 NOTICE Service restart triggered by user
2022-01-16 20:56:18 TRACE Packet dropped due to policy rule
2022-08-17 19:38:01 FAILURE Authentication failed for user admin
2022-07-16 04:31:04 DEBUG Process exited with code 0
2022-03-08 03:23:06 TRACE Packet dropped due to policy rule
2022-04-04 22:51:05 DEBUG Process exited with code 0
2021-02-11 21:17:45 FAILURE Authentication failed for user admin
2021-03-21 21:04:21 DEBUG Process exited with code 0
2021-07-04 18:37:23 FAILURE Authentication failed for user admin
2022-05-01 20:47:06 ALERT Unauthorized login attempt detected
2022-01-04 12:12:57 NOTICE Service restart triggered by user
2023-02-27 07:43:58 WARNING CPU usage exceeded threshold: 87%
2021-06-01 12:34:07 INFO Connection successful to remote host.
2021-02-14 20:40:47 FAILURE Authentication failed for user admin
2022-03-22 06:26:54 WARNING CPU usage exceeded threshold: 87%
2021-08-01 08:30:06 INFO Connection successful to remote host.
2023-11-15 11:11:27 FAILURE Authentication failed for user admin
2022-03-14 21:32:05 INFO Connection successful to remote host.
2021-10-15 10:06:57 WARNING CPU usage exceeded threshold: 87%
2021-10-05 10:38:30 INFO Connection successful to remote host.
2021-10-02 09:17:37 DEBUG Process exited with code 0
2022-01-12 04:49:44 FAILURE Authentication failed for user admin
2022-10-05 12:52:02 INFO Backup completed at
2021-05-04 19:38:39 INFO Backup completed at
2023-07-22 18:12:50 INFO User logged out
2021-02-24 17:08:29 ERROR Could not resolve DNS for internal resource.
