2021-03-25 20:27:49 INFO Backup completed at
2023-02-10 17:35:54 FAILURE Authentication failed for user admin
2021-02-07 15:06:44 ERROR Could not resolve DNS for internal resource.
2022-09-25 16:38:12 INFO Connection successful to remote host.
2021-09-02 20:17:51 TRACE Packet dropped due to policy rule
2022-11-25 07:32:36 DEBUG Process exited with code 0
2021-11-07 04:36:23 INFO User logged out
2021-10-18 16:12:22 FAILURE Authentication failed for user admin
2021-01-06 21:43:37 DEBUG Process exited with code 0
2021-08-13 02:24:46 INFO Connection successful to remote host.
2023-01-14 15:12:40 TRACE Packet dropped due to policy rule
2023-04-24 19:38:04 NOTICE Service restart triggered by user
2021-09-19 12:28:30 INFO Connection successful to remote host.
2022-06-10 16:10:06 FAILURE Authentication failed for user admin
2023-01-09 13:30:57 NOTICE Service restart triggered by user
2022-02-07 06:42:18 NOTICE Service restart triggered by user
2021-08-08 18:14:50 TRACE Packet dropped due to policy rule
2021-02-09 06:01:34 INFO User logged out
2023-07-11 17:28:06 TRACE Packet dropped due to policy rule
2021-09-18 15:30:00 NOTICE Service restart triggered by user
2023-04-12 05:27:07 DEBUG Process exited with code 0
2022-07-27 17:03:50 TRACE Packet dropped due to policy rule
2022-05-18 08:05:32 INFO Backup completed at
2023-03-21 14:10:44 FAILURE Authentication failed for user admin
2021-05-21 21:12:51 FAILURE Authentication failed for user admin
2021-11-11 21:31:47 ERROR Could not resolve DNS for internal resource.
2022-03-07 06:55:38 TRACE Packet dropped due to policy rule
2023-10-10 05:25:54 INFO User logged out
2022-11-27 05:04:49 ALERT Unauthorized login attempt detected
2021-10-25 00:20:41 ERROR Could not resolve DNS for internal resource.
2022-11-08 11:55:09 TRACE Packet dropped due to policy rule
2023-01-15 08:10:56 WARNING CPU usage exceeded threshold: 87%
2021-08-06 05:33:24 INFO Connection successful to remote host.
2023-05-01 20:47:58 ERROR Could not resolve DNS for internal resource.
2021-03-27 00:35:43 NOTICE Service restart triggered by user
2023-07-27 15:53:25 ERROR Could not resolve DNS for internal resource.
2023-11-10 19:03:32 NOTICE Service restart triggered by user
2022-01-12 10:40:22 FAILURE Authentication failed for user admin
2023-01-10 15:15:18 INFO Backup completed at
2021-02-23 22:15:27 WARNING CPU usage exceeded threshold: 87%
2021-02-17 08:02:23 WARNING CPU usage exceeded threshold: 87%
2022-08-10 17:47:43 ALERT Unauthorized login attempt detected
2022-06-14 04:49:19 TRACE Packet dropped due to policy rule
2022-02-23 02:43:27 DEBUG Process exited with code 0
2022-05-10 18:05:13 INFO Backup completed at
2021-10-25 08:16:58 FAILURE Authentication failed for user admin
2022-09-22 10:26:56 TRACE Packet dropped due to policy rule
2021-08-24 13:15:18 ALERT Unauthorized login attempt detected
2023-11-07 17:22:47 INFO User logged out
2022-09-06 06:30:29 ALERT Unauthorized login attempt detected
2021-10-21 09:42:17 ERROR Could not resolve DNS for internal resource.
2021-07-01 17:19:19 TRACE Packet dropped due to policy rule
2021-06-23 04:49:55 INFO Backup completed at
2022-04-19 08:34:00 INFO Backup completed at
2022-01-25 08:57:28 DEBUG Process exited with code 0
2021-07-13 16:04:07 INFO User logged out
2022-11-26 16:52:42 TRACE Packet dropped due to policy rule
2021-03-18 00:08:12 NOTICE Service restart triggered by user
2022-07-06 00:54:37 NOTICE Service restart triggered by user
2021-02-12 02:00:21 INFO User logged out
2022-01-08 02:44:55 ERROR Could not resolve DNS for internal resource.
2021-09-27 05:46:06 INFO User logged out
2021-10-21 00:06:11 FAILURE Authentication failed for user admin
2021-09-17 10:31:52 INFO Backup completed at
2021-03-09 10:26:44 TRACE Packet dropped due to policy rule
2023-03-17 14:54:18 INFO User logged out
2021-06-06 11:09:14 INFO Backup completed at
2021-11-14 01:42:31 WARNING CPU usage exceeded threshold: 87%
2022-02-13 06:48:37 INFO Connection successful to remote host.
2021-10-23 13:17:47 TRACE Packet dropped due to policy rule
2022-10-25 11:06:04 INFO Backup completed at
2022-07-03 09:04:03 ERROR Could not resolve DNS for internal resource.
2023-01-14 01:06:10 WARNING CPU usage exceeded threshold: 87%
2021-07-12 04:11:38 DEBUG Process exited with code 0
2021-08-24 01:43:58 INFO Connection successful to remote host.
2021-09-22 20:16:03 DEBUG Process exited with code 0
2021-07-23 09:04:08 FAILURE Authentication failed for user admin
2021-10-08 13:07:34 INFO User logged out
2023-08-13 14:03:51 WARNING CPU usage exceeded threshold: 87%
2022-10-15 01:57:11 ALERT Unauthorized login attempt detected
2021-06-20 01:41:06 ALERT Unauthorized login attempt detected
2022-01-18 14:18:24 ERROR Could not resolve DNS for internal resource.
2023-07-25 21:14:26 NOTICE Service restart triggered by user
2023-07-11 00:50:30 INFO User logged out
2022-10-10 06:23:33 DEBUG Process exited with code 0
2022-09-20 19:12:16 NOTICE Service restart triggered by user
2023-08-16 15:11:10 INFO User logged out
2023-02-26 11:56:23 INFO User logged out
2021-02-12 14:27:51 DEBUG Process exited with code 0
2021-09-22 05:41:03 WARNING CPU usage exceeded threshold: 87%
2021-09-07 00:40:27 WARNING CPU usage exceeded threshold: 87%
2023-06-01 18:46:06 FAILURE Authentication failed for user admin
2021-01-14 13:26:58 INFO User logged out
2021-01-03 22:00:39 INFO Backup completed at
2023-05-10 10:31:42 ALERT Unauthorized login attempt detected
2022-02-07 14:27:48 INFO Connection successful to remote host.
2023-07-06 12:17:56 INFO Connection successful to remote host.
2023-03-05 00:26:31 NOTICE Service restart triggered by user
2023-11-12 15:10:46 WARNING CPU usage exceeded threshold: 87%
2022-03-20 18:45:13 FAILURE Authentication failed for user admin
2022-11-10 12:46:40 TRACE Packet dropped due to policy rule
2022-04-17 11:41:27 WARNING CPU usage exceeded threshold: 87%
2022-03-27 13:58:54 INFO Backup completed at
2023-07-03 07:47:37 INFO User logged out
2021-06-16 18:10:07 INFO User logged out
2022-09-08 04:44:27 WARNING CPU usage exceeded threshold: 87%
2021-04-12 11:51:58 NOTICE Service restart triggered by user
2022-10-02 18:52:07 INFO User logged out
2021-05-06 18:38:38 WARNING CPU usage exceeded threshold: 87%
2021-11-24 16:06:43 DEBUG Process exited with code 0
2023-01-26 08:21:24 INFO Backup completed at
2022-01-06 18:08:19 WARNING CPU usage exceeded threshold: 87%
2023-03-13 15:20:30 WARNING CPU usage exceeded threshold: 87%
2022-07-22 18:24:27 INFO Backup completed at
2023-11-25 17:52:57 TRACE Packet dropped due to policy rule
2023-08-04 18:46:31 DEBUG Process exited with code 0
2021-03-18 19:07:42 INFO User logged out
2022-05-16 04:21:17 ERROR Could not resolve DNS for internal resource.
2022-08-09 14:15:51 ERROR Could not resolve DNS for internal resource.
2021-05-10 03:35:43 FAILURE Authentication failed for user admin
2022-03-20 00:38:46 FAILURE Authentication failed for user admin
2023-05-12 05:28:01 WARNING CPU usage exceeded threshold: 87%
2023-06-14 06:22:46 ERROR Could not resolve DNS for internal resource.
2023-05-06 18:13:31 INFO Backup completed at
2022-08-23 16:11:22 NOTICE Service restart triggered by user
2022-11-25 06:48:33 INFO Connection successful to remote host.
2023-06-23 11:07:57 INFO User logged out
2022-07-14 20:34:18 FAILURE Authentication failed for user admin
2021-09-04 08:44:35 INFO User logged out
2023-03-08 13:04:06 FAILURE Authentication failed for user admin
2023-02-25 16:53:04 INFO User logged out
2023-06-10 04:38:36 WARNING CPU usage exceeded threshold: 87%
2021-06-03 16:19:10 FAILURE Authentication failed for user admin
2022-05-27 03:13:37 ERROR Could not resolve DNS for internal resource.
2023-03-21 08:49:15 DEBUG Process exited with code 0
2023-01-04 10:13:05 INFO Backup completed at
2021-01-06 06:06:17 NOTICE Service restart triggered by user
2023-06-08 02:21:22 INFO Backup completed at
2023-04-16 02:07:58 INFO Backup completed at
2023-09-25 13:57:39 INFO User logged out
2021-08-04 04:50:33 FAILURE Authentication failed for user admin
2022-03-18 02:08:17 DEBUG Process exited with code 0
2022-03-21 16:30:57 NOTICE Service restart triggered by user
2022-08-16 04:35:00 FAILURE Authentication failed for user admin
2022-04-17 03:28:07 INFO Connection successful to remote host.
2023-04-26 21:11:30 INFO Backup completed at
2022-07-01 00:01:15 WARNING CPU usage exceeded threshold: 87%
2021-01-07 05:38:39 WARNING CPU usage exceeded threshold: 87%
2022-10-12 15:06:10 ERROR Could not resolve DNS for internal resource.
2023-01-19 21:01:49 ERROR Could not resolve DNS for internal resource.
2023-10-03 12:56:04 NOTICE Service restart triggered by user
2021-04-09 00:53:43 INFO Backup completed at
2021-04-22 08:10:36 TRACE Packet dropped due to policy rule
2021-02-24 10:51:20 INFO Connection successful to remote host.
2023-01-18 17:47:31 INFO User logged out
2023-01-23 06:07:45 WARNING CPU usage exceeded threshold: 87%
2023-11-26 06:27:14 TRACE Packet dropped due to policy rule
2022-04-05 16:43:11 DEBUG Process exited with code 0
2023-07-06 15:13:35 INFO Backup completed at
2022-07-06 22:36:18 INFO Connection successful to remote host.
2021-04-04 07:04:53 ALERT Unauthorized login attempt detected
2023-08-02 15:21:38 ERROR Could not resolve DNS for internal resource.
2022-10-24 01:25:15 WARNING CPU usage exceeded threshold: 87%
2023-04-07 04:22:17 INFO Connection successful to remote host.
2023-02-19 16:55:09 INFO Backup completed at
2021-01-02 02:10:11 FAILURE Authentication failed for user admin
2023-09-10 20:22:10 WARNING CPU usage exceeded threshold: 87%
2023-10-14 10:23:41 INFO Connection successful to remote host.
2023-05-07 07:56:03 ERROR Could not resolve DNS for internal resource.
2022-03-01 06:16:56 FAILURE Authentication failed for user admin
2022-09-20 10:20:55 DEBUG Process exited with code 0
2023-05-17 17:50:49 INFO Connection successful to remote host.
2023-07-18 18:58:05 NOTICE Service restart triggered by user
2023-03-14 06:37:16 ERROR Could not resolve DNS for internal resource.
2022-10-20 07:08:32 INFO Backup completed at
2023-01-24 08:56:35 DEBUG Process exited with code 0
2021-09-05 02:12:44 NOTICE Service restart triggered by user
2021-08-08 00:50:04 DEBUG Process exited with code 0
2021-10-15 21:17:49 INFO User logged out
2022-10-05 22:57:49 FAILURE Authentication failed for user admin
2021-08-11 02:32:57 DEBUG Process exited with code 0
2021-03-14 17:37:02 INFO Backup completed at
2022-04-04 17:49:04 NOTICE Service restart triggered by user
2022-05-25 21:08:38 NOTICE Service restart triggered by user
2021-07-11 11:40:00 INFO User logged out
2023-07-05 11:17:22 INFO Backup completed at
2022-11-18 17:54:56 TRACE Packet dropped due to policy rule
2021-03-02 14:12:43 INFO User logged out
2023-05-16 10:41:12 INFO Connection successful to remote host.
2023-09-23 19:16:20 TRACE Packet dropped due to policy rule
2023-01-05 15:02:39 NOTICE Service restart triggered by user
2021-05-17 06:11:10 TRACE Packet dropped due to policy rule
2021-10-07 16:02:30 WARNING CPU usage exceeded threshold: 87%
2023-04-02 12:13:03 NOTICE Service restart triggered by user
2023-08-01 10:49:42 INFO Backup completed at
2023-11-04 03:28:43 ALERT Unauthorized login attempt detected
2022-06-24 00:37:56 INFO User logged out
2023-04-23 00:20:09 FAILURE Authentication failed for user admin
2022-08-06 04:17:21 ALERT Unauthorized login attempt detected
2023-11-24 01:15:49 TRACE Packet dropped due to policy rule
2023-08-07 05:33:27 FAILURE Authentication failed for user admin
2022-06-12 19:29:28 INFO User logged out
2022-08-04 09:43:39 FAILURE Authentication failed for user admin
2021-05-19 17:27:51 INFO Backup completed at
2023-08-04 07:45:17 ALERT Unauthorized login attempt detected
2023-09-12 08:30:46 ERROR Could not resolve DNS for internal resource.
2022-11-02 16:24:15 TRACE Packet dropped due to policy rule
2023-07-11 12:46:21 TRACE Packet dropped due to policy rule
2022-02-03 02:02:50 INFO Backup completed at
2021-02-07 03:35:03 INFO Connection successful to remote host.
2022-11-16 14:05:42 ERROR Could not resolve DNS for internal resource.
2023-03-24 18:32:42 INFO Connection successful to remote host.
2022-09-20 11:02:43 ERROR Could not resolve DNS for internal resource.
2022-02-17 06:08:34 INFO Backup completed at
2023-03-09 04:53:05 TRACE Packet dropped due to policy rule
2022-06-03 05:19:32 FAILURE Authentication failed for user admin
2021-04-17 13:02:07 ALERT Unauthorized login attempt detected
2022-01-16 18:47:40 ALERT Unauthorized login attempt detected
2022-10-21 16:36:01 TRACE Packet dropped due to policy rule
2022-08-07 06:50:55 FAILURE Authentication failed for user admin
2023-11-22 11:16:38 DEBUG Process exited with code 0
2021-11-25 09:36:29 FAILURE Authentication failed for user admin
2021-11-09 09:35:26 TRACE Packet dropped due to policy rule
2022-04-07 13:21:43 INFO Connection successful to remote host.
2022-02-13 17:36:27 NOTICE Service restart triggered by user
2021-10-15 15:07:32 TRACE Packet dropped due to policy rule
2023-11-09 03:40:54 WARNING CPU usage exceeded threshold: 87%
2022-11-17 06:07:14 ALERT Unauthorized login attempt detected
2022-10-24 12:47:48 INFO Connection successful to remote host.
2021-04-26 22:25:34 INFO User logged out
2022-01-11 16:38:35 ERROR Could not resolve DNS for internal resource.
2021-03-07 21:38:22 ERROR Could not resolve DNS for internal resource.
2022-04-01 12:39:02 DEBUG Process exited with code 0
2022-05-14 13:13:11 INFO Backup completed at
2021-11-17 03:53:38 ALERT Unauthorized login attempt detected
2021-09-27 00:01:29 WARNING CPU usage exceeded threshold: 87%
2021-11-21 15:33:56 INFO Connection successful to remote host.
2022-07-15 18:12:58 FAILURE Authentication failed for user admin
2023-07-07 10:39:47 INFO Backup completed at
2021-10-27 21:51:52 NOTICE Service restart triggered by user
2023-08-08 15:48:13 NOTICE Service restart triggered by user
2022-06-15 12:43:22 INFO Backup completed at
2022-08-08 19:05:45 ERROR Could not resolve DNS for internal resource.
2023-10-24 03:48:20 TRACE Packet dropped due to policy rule
2023-11-03 20:44:33 DEBUG Process exited with code 0
2021-09-18 15:28:33 WARNING CPU usage exceeded threshold: 87%
2023-05-02 13:45:00 ALERT Unauthorized login attempt detected
2022-08-07 03:44:53 FAILURE Authentication failed for user admin
2023-11-23 00:17:24 INFO Backup completed at
2022-04-23 12:23:26 INFO Backup completed at
2023-10-08 14:27:35 INFO User logged out
2021-06-18 11:33:43 DEBUG Process exited with code 0
