2022-04-02 12:11:56 INFO Connection successful to remote host.
2021-02-08 19:15:24 DEBUG Process exited with code 0
2023-11-23 21:00:36 ERROR Could not resolve DNS for internal resource.
2021-06-21 17:13:11 WARNING CPU usage exceeded threshold: 87%
2023-06-18 16:10:54 ERROR Could not resolve DNS for internal resource.
2022-09-04 17:15:00 ERROR Could not resolve DNS for internal resource.
2023-02-22 08:14:41 NOTICE Service restart triggered by user
2022-08-06 15:44:53 ERROR Could not resolve DNS for internal resource.
2022-01-15 10:11:58 TRACE Packet dropped due to policy rule
2021-02-03 16:06:58 TRACE Packet dropped due to policy rule
2023-05-14 13:15:14 INFO Backup completed at
2021-05-01 01:31:36 WARNING CPU usage exceeded threshold: 87%
2022-02-15 09:25:18 NOTICE Service restart triggered by user
2023-05-17 00:05:51 NOTICE Service restart triggered by user
2023-07-07 10:19:22 NOTICE Service restart triggered by user
2023-05-12 15:31:58 FAILURE Authentication failed for user admin
2021-06-11 17:16:09 ALERT Unauthorized login attempt detected
2023-07-11 15:28:45 INFO User logged out
2023-08-14 01:51:28 INFO User logged out
2021-10-26 05:09:27 NOTICE Service restart triggered by user
2022-07-14 16:20:42 ERROR Could not resolve DNS for internal resource.
2021-11-05 17:39:43 INFO Connection successful to remote host.
2021-09-18 03:17:06 NOTICE Service restart triggered by user
2022-03-06 03:28:42 ERROR Could not resolve DNS for internal resource.
2022-04-01 14:28:21 ALERT Unauthorized login attempt detected
