2022-05-05 12:05:10 FAILURE Authentication failed for user admin
2022-04-19 21:42:18 ERROR Could not resolve DNS for internal resource.
2021-11-05 13:04:48 INFO Backup completed at
2023-04-02 12:10:30 DEBUG Process exited with code 0
2023-03-25 08:48:21 FAILURE Authentication failed for user admin
2023-02-10 12:44:07 WARNING CPU usage exceeded threshold: 87%
2022-05-26 19:18:52 INFO User logged out
2023-05-04 09:47:28 INFO Connection successful to remote host.
2022-07-22 10:00:41 INFO Connection successful to remote host.
2022-06-19 00:48:33 WARNING CPU usage exceeded threshold: 87%
2021-02-06 14:14:50 FAILURE Authentication failed for user admin
2021-05-26 02:40:32 ERROR Could not resolve DNS for internal resource.
2022-04-17 14:20:30 FAILURE Authentication failed for user admin
2021-05-10 13:16:28 NOTICE Service restart triggered by user
2022-08-20 21:21:01 INFO Backup completed at
2023-03-19 19:49:29 NOTICE Service restart triggered by user
2022-02-20 22:16:01 INFO Connection successful to remote host.
2021-04-14 08:49:36 ERROR Could not resolve DNS for internal resource.
2022-09-11 06:36:27 INFO Backup completed at
2023-03-03 09:57:58 INFO Backup completed at
2023-04-02 04:22:58 INFO Connection successful to remote host.
2022-05-21 10:41:31 INFO Backup completed at
2021-09-03 17:19:09 ALERT Unauthorized login attempt detected
2022-02-20 01:16:02 FAILURE Authentication failed for user admin
2021-11-21 01:38:22 INFO Connection successful to remote host.
2022-05-23 02:13:04 INFO Backup completed at
2023-08-14 16:14:16 TRACE Packet dropped due to policy rule
2023-02-03 22:08:35 DEBUG Process exited with code 0
2022-08-03 06:54:02 TRACE Packet dropped due to policy rule
2021-02-23 10:29:09 ALERT Unauthorized login attempt detected
2023-10-09 08:49:33 ERROR Could not resolve DNS for internal resource.
2022-07-21 21:39:26 INFO Backup completed at
2021-01-20 10:03:39 WARNING CPU usage exceeded threshold: 87%
2022-07-15 14:12:05 INFO Connection successful to remote host.
2022-03-03 20:58:33 ERROR Could not resolve DNS for internal resource.
2021-03-13 10:01:40 ERROR Could not resolve DNS for internal resource.
2022-11-19 06:11:31 INFO Backup completed at
2023-03-26 02:08:25 NOTICE Service restart triggered by user
2022-07-20 01:40:16 INFO Backup completed at
2022-07-14 01:27:48 INFO Backup completed at
2023-10-01 03:53:08 INFO Connection successful to remote host.
2023-06-03 11:01:32 DEBUG Process exited with code 0
2023-03-07 10:48:46 ERROR Could not resolve DNS for internal resource.
2022-06-19 01:47:31 WARNING CPU usage exceeded threshold: 87%
2021-07-13 19:17:35 TRACE Packet dropped due to policy rule
2022-11-25 18:43:02 INFO User logged out
2023-03-21 17:03:18 INFO Connection successful to remote host.
2023-09-23 15:09:29 FAILURE Authentication failed for user admin
2022-10-13 10:36:30 DEBUG Process exited with code 0
2021-07-16 04:56:25 TRACE Packet dropped due to policy rule
2021-08-08 19:25:07 NOTICE Service restart triggered by user
2022-06-13 05:28:29 INFO User logged out
2022-05-16 13:53:06 INFO Backup completed at
2022-07-25 17:36:09 ALERT Unauthorized login attempt detected
2023-10-03 19:42:26 ALERT Unauthorized login attempt detected
2022-03-02 17:49:22 ERROR Could not resolve DNS for internal resource.
2021-03-02 16:32:01 TRACE Packet dropped due to policy rule
2022-06-06 08:37:19 NOTICE Service restart triggered by user
2023-04-23 19:10:31 ALERT Unauthorized login attempt detected
2022-01-21 05:01:02 INFO Backup completed at
2022-01-16 12:00:20 INFO Connection successful to remote host.
2021-06-20 21:12:49 INFO Backup completed at
2023-01-27 09:57:13 INFO User logged out
2023-06-16 00:35:34 NOTICE Service restart triggered by user
2022-10-03 21:25:50 ALERT Unauthorized login attempt detected
2021-10-21 02:10:15 ALERT Unauthorized login attempt detected
2022-11-04 14:43:15 INFO Backup completed at
2022-08-11 10:43:16 INFO User logged out
2022-01-24 22:22:54 WARNING CPU usage exceeded threshold: 87%
2022-10-21 11:20:09 WARNING CPU usage exceeded threshold: 87%
2021-02-07 21:46:48 ERROR Could not resolve DNS for internal resource.
2023-10-03 05:07:31 FAILURE Authentication failed for user admin
2022-01-05 01:07:32 ERROR Could not resolve DNS for internal resource.
2022-09-07 10:43:12 INFO Backup completed at
2022-07-26 07:56:55 WARNING CPU usage exceeded threshold: 87%
2023-01-18 13:06:50 NOTICE Service restart triggered by user
2021-10-23 05:32:48 FAILURE Authentication failed for user admin
2022-07-05 04:05:39 DEBUG Process exited with code 0
2023-10-05 09:19:08 INFO Connection successful to remote host.
2022-06-08 09:05:41 ALERT Unauthorized login attempt detected
2022-03-02 10:31:56 INFO Connection successful to remote host.
2022-03-02 16:14:53 DEBUG Process exited with code 0
2023-04-22 00:24:32 INFO Connection successful to remote host.
2021-09-08 04:55:42 INFO Backup completed at
2021-05-10 01:05:06 ERROR Could not resolve DNS for internal resource.
2023-06-20 02:54:41 FAILURE Authentication failed for user admin
2023-07-21 02:22:44 INFO Backup completed at
2023-07-27 17:36:13 INFO Connection successful to remote host.
2021-08-21 20:24:17 NOTICE Service restart triggered by user
2023-09-16 10:41:11 INFO Backup completed at
2021-01-24 11:48:04 FAILURE Authentication failed for user admin
2023-03-24 03:01:01 ALERT Unauthorized login attempt detected
2022-02-24 18:40:05 INFO Connection successful to remote host.
2022-07-13 01:43:11 FAILURE Authentication failed for user admin
2023-07-24 08:40:47 ERROR Could not resolve DNS for internal resource.
2022-03-08 18:07:01 ERROR Could not resolve DNS for internal resource.
2022-10-02 20:32:42 INFO Backup completed at
2021-07-07 19:56:24 NOTICE Service restart triggered by user
2023-05-12 03:44:32 TRACE Packet dropped due to policy rule
2021-06-09 12:48:14 ERROR Could not resolve DNS for internal resource.
2023-10-17 10:49:51 ALERT Unauthorized login attempt detected
2021-06-09 04:38:40 ERROR Could not resolve DNS for internal resource.
2023-03-27 18:15:18 ALERT Unauthorized login attempt detected
2021-05-12 21:07:26 INFO User logged out
2022-03-25 07:06:58 ALERT Unauthorized login attempt detected
2023-07-02 16:47:14 FAILURE Authentication failed for user admin
2021-10-17 04:58:24 TRACE Packet dropped due to policy rule
2022-09-02 22:11:35 INFO Backup completed at
2023-11-21 19:04:46 NOTICE Service restart triggered by user
2021-05-27 17:49:05 INFO Connection successful to remote host.
2023-03-22 11:25:08 INFO Backup completed at
2022-03-21 09:27:38 INFO Backup completed at
2021-03-09 12:50:00 FAILURE Authentication failed for user admin
2021-08-14 16:41:36 TRACE Packet dropped due to policy rule
2023-07-15 00:41:55 TRACE Packet dropped due to policy rule
2023-03-03 10:43:06 ERROR Could not resolve DNS for internal resource.
2021-07-07 11:13:25 FAILURE Authentication failed for user admin
2023-05-14 13:19:01 FAILURE Authentication failed for user admin
2022-11-04 19:11:12 DEBUG Process exited with code 0
2023-09-19 06:13:09 ERROR Could not resolve DNS for internal resource.
2021-05-02 04:28:08 WARNING CPU usage exceeded threshold: 87%
2021-10-21 15:04:14 INFO User logged out
2021-06-25 18:54:40 INFO User logged out
