2022-11-05 01:32:58 ERROR Could not resolve DNS for internal resource.
2022-02-08 11:06:13 TRACE Packet dropped due to policy rule
2021-10-23 12:21:54 NOTICE Service restart triggered by user
2022-07-11 06:21:07 INFO User logged out
2021-02-20 22:23:28 INFO User logged out
2023-02-14 07:15:19 ERROR Could not resolve DNS for internal resource.
2021-08-16 17:23:35 NOTICE Service restart triggered by user
2023-01-17 12:13:05 ALERT Unauthorized login attempt detected
2023-11-09 20:11:16 FAILURE Authentication failed for user admin
2022-09-22 11:27:44 INFO Backup completed at
2022-01-11 10:43:11 FAILURE Authentication failed for user admin
2021-06-10 00:33:25 WARNING CPU usage exceeded threshold: 87%
2021-03-15 20:52:09 ERROR Could not resolve DNS for internal resource.
2021-07-14 17:55:01 INFO User logged out
2022-10-13 05:28:30 FAILURE Authentication failed for user admin
2021-02-24 07:51:38 TRACE Packet dropped due to policy rule
2023-09-20 04:48:38 ERROR Could not resolve DNS for internal resource.
2021-06-05 10:02:58 ALERT Unauthorized login attempt detected
2023-03-20 02:26:41 ERROR Could not resolve DNS for internal resource.
2023-07-13 05:48:51 TRACE Packet dropped due to policy rule
2022-03-17 06:23:23 DEBUG Process exited with code 0
2023-01-21 18:17:41 DEBUG Process exited with code 0
2022-06-09 07:02:57 FAILURE Authentication failed for user admin
2022-08-21 04:27:43 INFO Backup completed at
2023-06-02 17:34:46 INFO Backup completed at
2022-08-16 13:53:17 INFO User logged out
2021-10-03 12:37:21 INFO User logged out
2021-07-23 05:06:06 ERROR Could not resolve DNS for internal resource.
2021-02-24 01:35:16 ERROR Could not resolve DNS for internal resource.
2022-08-04 09:00:56 TRACE Packet dropped due to policy rule
2022-01-12 10:45:58 NOTICE Service restart triggered by user
2021-03-07 06:52:21 TRACE Packet dropped due to policy rule
2023-03-13 09:53:24 ALERT Unauthorized login attempt detected
2021-02-16 06:57:09 ALERT Unauthorized login attempt detected
2021-06-20 04:30:22 ERROR Could not resolve DNS for internal resource.
2023-10-07 05:27:30 TRACE Packet dropped due to policy rule
2021-01-07 10:33:01 FAILURE Authentication failed for user admin
2022-07-08 16:39:52 TRACE Packet dropped due to policy rule
2021-11-02 21:43:07 WARNING CPU usage exceeded threshold: 87%
2023-08-25 13:14:19 ERROR Could not resolve DNS for internal resource.
2022-10-12 22:00:32 INFO User logged out
2021-11-03 11:02:25 ERROR Could not resolve DNS for internal resource.
2022-04-24 03:41:06 WARNING CPU usage exceeded threshold: 87%
2021-06-26 02:41:26 NOTICE Service restart triggered by user
2022-11-27 13:12:18 FAILURE Authentication failed for user admin
2023-11-24 13:52:37 INFO User logged out
2023-07-04 13:51:38 INFO Connection successful to remote host.
2023-08-22 20:53:07 DEBUG Process exited with code 0
2022-08-15 11:00:39 INFO User logged out
2022-05-17 20:18:51 WARNING CPU usage exceeded threshold: 87%
2021-09-26 22:00:49 INFO Backup completed at
2023-07-01 09:38:47 FAILURE Authentication failed for user admin
2022-08-04 20:24:58 NOTICE Service restart triggered by user
2023-05-02 08:06:48 INFO Backup completed at
2021-04-05 14:02:49 NOTICE Service restart triggered by user
2023-05-01 17:27:51 TRACE Packet dropped due to policy rule
2021-09-02 12:21:14 INFO Backup completed at
2023-10-15 14:12:54 ALERT Unauthorized login attempt detected
2022-11-13 12:44:15 TRACE Packet dropped due to policy rule
2023-04-15 20:19:30 TRACE Packet dropped due to policy rule
2022-09-23 01:34:56 TRACE Packet dropped due to policy rule
2021-11-01 05:32:33 DEBUG Process exited with code 0
2021-01-06 16:39:07 INFO Backup completed at
2023-08-01 14:14:32 ALERT Unauthorized login attempt detected
2023-10-14 06:40:31 NOTICE Service restart triggered by user
2023-11-23 18:35:32 ERROR Could not resolve DNS for internal resource.
2022-04-08 19:35:48 INFO Connection successful to remote host.
2023-07-08 13:16:41 WARNING CPU usage exceeded threshold: 87%
2021-04-10 08:32:03 INFO Connection successful to remote host.
2021-08-17 22:56:56 WARNING CPU usage exceeded threshold: 87%
2022-09-19 02:07:25 INFO User logged out
2021-03-16 13:39:31 INFO Backup completed at
2021-04-22 22:08:52 ERROR Could not resolve DNS for internal resource.
2023-09-23 22:24:36 ALERT Unauthorized login attempt detected
2021-06-17 04:23:34 WARNING CPU usage exceeded threshold: 87%
2021-10-22 04:02:26 WARNING CPU usage exceeded threshold: 87%
2022-03-04 13:43:21 ALERT Unauthorized login attempt detected
2021-01-06 11:52:40 INFO User logged out
2022-11-03 06:55:24 ERROR Could not resolve DNS for internal resource.
2022-10-22 02:05:49 INFO Backup completed at
2022-10-16 02:53:56 DEBUG Process exited with code 0
2023-01-13 20:03:24 INFO User logged out
2022-04-14 05:22:34 ERROR Could not resolve DNS for internal resource.
2022-05-05 02:25:01 INFO User logged out
2023-05-05 14:21:22 WARNING CPU usage exceeded threshold: 87%
2021-03-14 10:43:23 NOTICE Service restart triggered by user
2023-10-06 17:42:18 ALERT Unauthorized login attempt detected
2023-02-02 12:18:36 NOTICE Service restart triggered by user
2021-07-01 08:01:42 TRACE Packet dropped due to policy rule
2021-03-04 04:47:51 INFO Backup completed at
2021-10-01 11:49:12 TRACE Packet dropped due to policy rule
2021-06-09 18:28:01 INFO Backup completed at
2021-05-24 19:17:21 INFO Connection successful to remote host.
2022-10-05 09:28:11 INFO Connection successful to remote host.
2021-04-05 08:02:10 WARNING CPU usage exceeded threshold: 87%
2022-11-11 04:04:30 FAILURE Authentication failed for user admin
2021-11-23 12:43:43 WARNING CPU usage exceeded threshold: 87%
2023-03-06 06:10:54 ALERT Unauthorized login attempt detected
2021-01-22 17:38:36 ALERT Unauthorized login attempt detected
2023-01-24 03:51:18 INFO User logged out
2023-06-01 21:37:02 FAILURE Authentication failed for user admin
2021-06-22 09:31:18 WARNING CPU usage exceeded threshold: 87%
2022-10-14 10:00:22 INFO Connection successful to remote host.
2021-07-26 22:28:09 TRACE Packet dropped due to policy rule
2023-04-04 00:29:09 TRACE Packet dropped due to policy rule
2021-11-26 16:10:26 INFO Connection successful to remote host.
2023-11-08 06:30:57 INFO User logged out
2021-09-11 21:48:02 FAILURE Authentication failed for user admin
2021-03-06 00:02:44 INFO Backup completed at
2023-07-21 07:58:14 WARNING CPU usage exceeded threshold: 87%
2023-01-11 04:15:14 INFO Backup completed at
2022-02-23 12:36:40 INFO Connection successful to remote host.
2023-04-27 02:37:24 WARNING CPU usage exceeded threshold: 87%
2023-09-24 21:01:35 NOTICE Service restart triggered by user
2021-04-08 03:34:38 ALERT Unauthorized login attempt detected
2021-11-01 16:02:24 WARNING CPU usage exceeded threshold: 87%
2022-01-04 13:44:35 WARNING CPU usage exceeded threshold: 87%
2021-10-24 03:28:22 ERROR Could not resolve DNS for internal resource.
2021-04-14 06:55:27 WARNING CPU usage exceeded threshold: 87%
2023-02-21 13:04:51 WARNING CPU usage exceeded threshold: 87%
2023-11-14 00:25:42 INFO Backup completed at
2023-01-24 08:00:32 ALERT Unauthorized login attempt detected
2023-07-15 13:57:01 TRACE Packet dropped due to policy rule
2023-09-11 03:45:11 INFO Connection successful to remote host.
2023-01-16 20:25:09 TRACE Packet dropped due to policy rule
2022-05-05 15:54:55 FAILURE Authentication failed for user admin
