2021-09-15 05:31:47 DEBUG Process exited with code 0
2021-05-25 18:49:37 ALERT Unauthorized login attempt detected
2023-09-03 06:44:15 WARNING CPU usage exceeded threshold: 87%
2023-04-16 02:13:21 ALERT Unauthorized login attempt detected
2021-05-05 02:34:06 DEBUG Process exited with code 0
2022-08-19 13:12:53 INFO Connection successful to remote host.
2021-04-27 11:32:21 NOTICE Service restart triggered by user
2022-03-15 18:39:39 INFO User logged out
2023-04-01 06:43:11 DEBUG Process exited with code 0
2023-01-27 06:29:55 DEBUG Process exited with code 0
2021-04-23 03:29:21 INFO Backup completed at
2021-06-12 08:28:35 INFO Connection successful to remote host.
2021-07-27 10:50:55 INFO Backup completed at
2022-11-24 12:01:38 ERROR Could not resolve DNS for internal resource.
2023-04-06 05:17:43 INFO Backup completed at
2023-11-08 02:19:09 NOTICE Service restart triggered by user
2022-09-18 15:57:47 DEBUG Process exited with code 0
2023-04-27 21:34:08 DEBUG Process exited with code 0
2022-05-10 13:53:15 INFO User logged out
2021-10-09 00:58:01 INFO Connection successful to remote host.
2021-10-17 18:18:40 DEBUG Process exited with code 0
2021-11-04 08:19:36 FAILURE Authentication failed for user admin
2023-04-15 16:55:11 INFO User logged out
2021-09-20 15:45:10 WARNING CPU usage exceeded threshold: 87%
2022-06-05 07:48:36 INFO Connection successful to remote host.
2022-01-09 21:57:20 INFO User logged out
2022-11-15 04:46:46 ERROR Could not resolve DNS for internal resource.
2021-08-03 18:41:24 WARNING CPU usage exceeded threshold: 87%
2021-04-25 21:43:34 ERROR Could not resolve DNS for internal resource.
2022-11-18 18:28:22 ERROR Could not resolve DNS for internal resource.
2023-11-22 06:07:52 DEBUG Process exited with code 0
2022-05-06 14:17:32 INFO Connection successful to remote host.
2022-06-09 07:33:39 WARNING CPU usage exceeded threshold: 87%
2021-02-26 09:16:34 WARNING CPU usage exceeded threshold: 87%
2021-07-09 11:34:20 ERROR Could not resolve DNS for internal resource.
2023-05-16 13:35:24 INFO Connection successful to remote host.
2022-10-19 06:21:00 FAILURE Authentication failed for user admin
2022-09-07 10:54:05 INFO User logged out
2023-01-27 12:13:24 ERROR Could not resolve DNS for internal resource.
2022-01-09 15:50:41 NOTICE Service restart triggered by user
2023-08-18 13:04:09 DEBUG Process exited with code 0
2023-06-01 04:51:06 NOTICE Service restart triggered by user
2023-09-17 12:11:44 DEBUG Process exited with code 0
2023-03-02 14:42:53 INFO Connection successful to remote host.
2023-02-13 04:33:38 DEBUG Process exited with code 0
2023-08-04 07:33:00 INFO User logged out
2021-08-10 14:49:14 DEBUG Process exited with code 0
2023-01-12 09:49:11 INFO Connection successful to remote host.
2022-11-13 04:34:17 NOTICE Service restart triggered by user
2021-05-03 18:10:42 INFO User logged out
2023-07-16 22:28:30 TRACE Packet dropped due to policy rule
2022-06-08 08:58:20 INFO Connection successful to remote host.
2021-11-20 13:17:22 DEBUG Process exited with code 0
2023-04-04 13:05:35 FAILURE Authentication failed for user admin
2021-01-10 14:47:41 INFO Connection successful to remote host.
2023-03-14 20:46:57 INFO Connection successful to remote host.
2023-05-09 14:55:45 DEBUG Process exited with code 0
2021-09-26 10:30:52 INFO Connection successful to remote host.
2023-09-08 02:41:12 WARNING CPU usage exceeded threshold: 87%
2022-08-09 19:40:21 INFO User logged out
2022-06-24 01:49:43 ALERT Unauthorized login attempt detected
2021-03-10 13:28:24 TRACE Packet dropped due to policy rule
2022-02-13 20:31:20 WARNING CPU usage exceeded threshold: 87%
2021-09-26 08:37:33 TRACE Packet dropped due to policy rule
2022-06-01 15:22:22 INFO User logged out
2023-07-27 01:46:04 INFO Backup completed at
2021-08-23 08:23:12 ERROR Could not resolve DNS for internal resource.
2022-05-05 08:36:39 INFO Backup completed at
2021-05-11 00:13:19 FAILURE Authentication failed for user admin
2023-11-11 02:16:23 ALERT Unauthorized login attempt detected
2022-06-02 01:54:41 DEBUG Process exited with code 0
2022-11-06 17:29:05 FAILURE Authentication failed for user admin
2023-10-02 10:41:42 NOTICE Service restart triggered by user
2021-06-17 11:19:35 TRACE Packet dropped due to policy rule
2021-05-11 18:10:41 TRACE Packet dropped due to policy rule
2021-09-03 19:16:41 WARNING CPU usage exceeded threshold: 87%
2022-03-05 17:48:06 INFO User logged out
2022-09-04 13:00:30 TRACE Packet dropped due to policy rule
2023-09-14 07:43:58 INFO User logged out
2022-09-13 02:03:35 INFO User logged out
2021-10-15 09:01:13 ERROR Could not resolve DNS for internal resource.
2022-11-04 07:03:42 INFO Connection successful to remote host.
2021-01-21 22:44:53 WARNING CPU usage exceeded threshold: 87%
2023-05-01 18:20:41 INFO User logged out
2023-08-09 11:11:17 TRACE Packet dropped due to policy rule
2023-06-05 03:04:39 WARNING CPU usage exceeded threshold: 87%
2023-09-01 09:22:24 INFO User logged out
2021-01-18 09:10:42 INFO User logged out
2022-08-16 19:12:34 INFO Backup completed at
2023-11-18 08:51:40 DEBUG Process exited with code 0
2021-10-10 19:44:11 INFO Connection successful to remote host.
2023-07-07 06:37:54 TRACE Packet dropped due to policy rule
2022-04-10 13:54:16 ERROR Could not resolve DNS for internal resource.
2022-08-09 19:49:42 ALERT Unauthorized login attempt detected
2022-08-01 12:18:50 NOTICE Service restart triggered by user
2021-11-04 05:43:38 INFO Backup completed at
2022-05-15 18:28:48 INFO Backup completed at
2022-05-14 02:24:16 WARNING CPU usage exceeded threshold: 87%
2021-04-04 12:25:49 DEBUG Process exited with code 0
2021-04-18 10:30:52 NOTICE Service restart triggered by user
2021-03-15 15:36:43 INFO Connection successful to remote host.
2022-01-26 15:04:24 WARNING CPU usage exceeded threshold: 87%
2023-04-06 08:18:26 ERROR Could not resolve DNS for internal resource.
2022-07-24 01:46:38 ALERT Unauthorized login attempt detected
2023-09-25 03:33:15 INFO Backup completed at
2023-09-13 22:16:09 FAILURE Authentication failed for user admin
2022-01-03 18:32:21 TRACE Packet dropped due to policy rule
2022-11-24 14:07:27 DEBUG Process exited with code 0
2021-10-18 15:32:46 ERROR Could not resolve DNS for internal resource.
2023-01-18 02:15:14 INFO User logged out
2023-11-08 17:26:33 ERROR Could not resolve DNS for internal resource.
2022-04-01 10:54:28 INFO Connection successful to remote host.
2021-06-21 16:27:41 INFO User logged out
2023-05-23 05:28:43 INFO Backup completed at
2021-02-08 07:11:48 INFO Connection successful to remote host.
2023-10-26 02:39:43 TRACE Packet dropped due to policy rule
2021-11-05 07:35:05 ALERT Unauthorized login attempt detected
2023-05-06 01:22:45 DEBUG Process exited with code 0
2022-06-21 05:44:23 INFO Backup completed at
2021-03-22 15:55:40 INFO Connection successful to remote host.
2023-11-11 16:39:06 INFO User logged out
2022-08-15 22:50:40 ERROR Could not resolve DNS for internal resource.
2021-07-04 09:16:39 ALERT Unauthorized login attempt detected
2021-01-05 20:35:52 ALERT Unauthorized login attempt detected
2022-05-10 02:35:46 FAILURE Authentication failed for user admin
2022-07-12 10:48:32 NOTICE Service restart triggered by user
2021-02-24 12:24:47 INFO Connection successful to remote host.
2023-04-19 07:47:23 ALERT Unauthorized login attempt detected
2022-01-09 20:27:24 DEBUG Process exited with code 0
2022-08-20 15:33:29 INFO Backup completed at
2022-11-03 14:54:30 ALERT Unauthorized login attempt detected
2022-03-10 17:49:05 NOTICE Service restart triggered by user
2022-07-02 21:15:24 TRACE Packet dropped due to policy rule
2021-10-20 00:08:45 INFO Backup completed at
2022-06-25 15:44:44 INFO User logged out
2021-06-25 09:55:10 INFO Connection successful to remote host.
2023-06-19 02:00:01 TRACE Packet dropped due to policy rule
2023-09-20 03:32:14 FAILURE Authentication failed for user admin
2022-10-04 05:58:03 TRACE Packet dropped due to policy rule
2021-09-27 03:42:00 INFO User logged out
2022-04-06 11:13:40 INFO Backup completed at
2021-08-18 16:20:32 INFO Backup completed at
2022-05-10 19:41:22 TRACE Packet dropped due to policy rule
2023-04-19 04:51:57 TRACE Packet dropped due to policy rule
2023-09-16 18:29:55 ERROR Could not resolve DNS for internal resource.
2023-02-21 19:34:56 INFO Connection successful to remote host.
2022-11-12 19:10:18 TRACE Packet dropped due to policy rule
2021-06-12 22:08:33 INFO Backup completed at
2022-09-22 19:20:54 FAILURE Authentication failed for user admin
2023-11-06 15:17:46 ALERT Unauthorized login attempt detected
2021-10-14 00:09:02 ERROR Could not resolve DNS for internal resource.
2023-06-13 03:47:32 NOTICE Service restart triggered by user
2023-10-22 08:56:28 INFO Backup completed at
2023-07-17 04:09:29 ALERT Unauthorized login attempt detected
2022-02-19 05:30:32 INFO Connection successful to remote host.
2023-04-03 15:10:32 ALERT Unauthorized login attempt detected
2022-10-21 04:31:50 WARNING CPU usage exceeded threshold: 87%
2023-07-23 21:28:54 TRACE Packet dropped due to policy rule
2021-11-06 05:00:24 ERROR Could not resolve DNS for internal resource.
2022-02-26 12:01:08 WARNING CPU usage exceeded threshold: 87%
2021-01-09 08:53:17 ERROR Could not resolve DNS for internal resource.
2021-02-08 16:54:41 NOTICE Service restart triggered by user
2023-04-19 02:07:18 ERROR Could not resolve DNS for internal resource.
2021-11-12 19:44:46 INFO User logged out
2022-09-10 14:52:16 WARNING CPU usage exceeded threshold: 87%
2023-10-18 16:15:10 NOTICE Service restart triggered by user
2023-07-14 17:12:26 NOTICE Service restart triggered by user
2023-01-10 20:11:13 TRACE Packet dropped due to policy rule
2022-11-01 17:41:40 TRACE Packet dropped due to policy rule
2022-08-17 10:49:34 FAILURE Authentication failed for user admin
2023-05-12 13:16:34 INFO User logged out
2021-04-06 19:58:16 ALERT Unauthorized login attempt detected
2021-08-04 08:24:28 TRACE Packet dropped due to policy rule
2021-09-05 20:41:17 TRACE Packet dropped due to policy rule
2021-10-18 18:24:28 FAILURE Authentication failed for user admin
2022-03-22 19:02:31 INFO User logged out
2022-05-24 08:24:03 ERROR Could not resolve DNS for internal resource.
2021-08-02 21:17:52 FAILURE Authentication failed for user admin
2023-07-17 16:05:39 FAILURE Authentication failed for user admin
2022-11-20 17:48:40 TRACE Packet dropped due to policy rule
2021-06-12 22:17:11 INFO Backup completed at
2021-05-23 10:21:53 INFO Backup completed at
2022-09-22 22:07:16 DEBUG Process exited with code 0
2023-11-27 13:51:44 ERROR Could not resolve DNS for internal resource.
2023-10-09 06:44:24 DEBUG Process exited with code 0
2021-06-27 07:18:00 ERROR Could not resolve DNS for internal resource.
2021-06-05 10:57:38 ALERT Unauthorized login attempt detected
2023-02-05 21:05:17 ERROR Could not resolve DNS for internal resource.
2023-06-12 05:44:01 ERROR Could not resolve DNS for internal resource.
2021-06-25 04:04:02 INFO Backup completed at
2023-06-21 08:42:41 ALERT Unauthorized login attempt detected
2022-09-13 13:37:05 FAILURE Authentication failed for user admin
2023-02-05 18:05:00 INFO User logged out
2023-03-07 11:48:41 INFO User logged out
2021-10-02 07:56:08 ALERT Unauthorized login attempt detected
2021-10-26 10:37:16 INFO User logged out
2023-09-15 07:54:52 FAILURE Authentication failed for user admin
2021-08-03 08:11:06 NOTICE Service restart triggered by user
2023-06-20 09:37:15 DEBUG Process exited with code 0
2022-06-21 07:44:23 DEBUG Process exited with code 0
2022-05-03 00:36:30 TRACE Packet dropped due to policy rule
2023-01-05 10:36:56 INFO Backup completed at
2022-08-07 01:30:01 INFO Backup completed at
2021-08-03 09:25:24 NOTICE Service restart triggered by user
2022-08-23 21:16:04 TRACE Packet dropped due to policy rule
2021-08-03 05:40:46 INFO Backup completed at
2021-03-02 19:01:04 NOTICE Service restart triggered by user
2022-02-09 06:00:50 INFO Backup completed at
2023-11-13 01:40:29 WARNING CPU usage exceeded threshold: 87%
2023-08-25 00:09:54 ALERT Unauthorized login attempt detected
2023-01-11 09:13:49 INFO Connection successful to remote host.
2022-10-04 04:55:23 INFO Backup completed at
2022-04-22 01:29:32 ERROR Could not resolve DNS for internal resource.
