2023-11-03 03:39:31 INFO User logged out
2023-01-16 16:45:08 WARNING CPU usage exceeded threshold: 87%
2023-09-02 12:20:12 DEBUG Process exited with code 0
2022-11-12 14:23:08 INFO Backup completed at
2022-02-09 08:42:31 DEBUG Process exited with code 0
2023-07-26 03:09:20 ERROR Could not resolve DNS for internal resource.
2021-08-12 06:26:40 INFO Backup completed at
2021-09-14 08:43:05 TRACE Packet dropped due to policy rule
2022-04-19 02:00:07 TRACE Packet dropped due to policy rule
2021-08-10 05:15:04 INFO User logged out
2021-08-26 09:51:41 TRACE Packet dropped due to policy rule
2023-07-02 02:39:26 WARNING CPU usage exceeded threshold: 87%
2023-05-24 14:18:12 FAILURE Authentication failed for user admin
2021-10-19 03:12:22 INFO User logged out
2021-08-27 08:57:32 WARNING CPU usage exceeded threshold: 87%
2021-06-20 04:23:23 INFO Backup completed at
2023-10-17 17:17:36 INFO Connection successful to remote host.
2023-10-07 18:14:51 INFO User logged out
2022-01-24 00:12:17 ERROR Could not resolve DNS for internal resource.
2021-01-23 01:21:55 INFO User logged out
2021-11-12 02:28:13 FAILURE Authentication failed for user admin
2022-08-21 04:40:06 DEBUG Process exited with code 0
2021-05-20 04:26:37 INFO User logged out
2022-03-18 18:37:08 ALERT Unauthorized login attempt detected
2023-01-03 15:55:01 INFO Connection successful to remote host.
2023-01-24 11:17:07 INFO User logged out
2022-01-24 20:24:18 TRACE Packet dropped due to policy rule
2022-03-27 16:19:53 INFO Connection successful to remote host.
2023-01-04 05:56:48 FAILURE Authentication failed for user admin
2022-09-11 14:53:31 INFO Backup completed at
2022-04-25 22:35:42 DEBUG Process exited with code 0
2023-05-04 09:03:38 FAILURE Authentication failed for user admin
2021-03-24 22:20:35 FAILURE Authentication failed for user admin
2022-08-11 06:00:33 NOTICE Service restart triggered by user
2023-05-24 02:38:50 NOTICE Service restart triggered by user
2022-06-12 16:58:02 INFO Backup completed at
2021-07-20 02:25:31 TRACE Packet dropped due to policy rule
2022-05-23 03:50:37 INFO Backup completed at
2023-02-14 18:04:14 FAILURE Authentication failed for user admin
2023-03-15 06:30:34 TRACE Packet dropped due to policy rule
2022-04-01 12:43:27 TRACE Packet dropped due to policy rule
2023-11-10 11:10:32 DEBUG Process exited with code 0
2021-02-19 10:30:11 INFO Connection successful to remote host.
2021-03-19 03:36:54 ERROR Could not resolve DNS for internal resource.
2021-06-01 11:51:15 INFO Connection successful to remote host.
2023-01-05 14:00:40 WARNING CPU usage exceeded threshold: 87%
2023-11-03 05:35:02 ERROR Could not resolve DNS for internal resource.
2022-07-02 21:41:15 ERROR Could not resolve DNS for internal resource.
2022-03-11 21:42:08 ERROR Could not resolve DNS for internal resource.
2023-01-17 13:16:14 TRACE Packet dropped due to policy rule
2022-07-04 21:48:24 ERROR Could not resolve DNS for internal resource.
2021-11-20 16:41:24 FAILURE Authentication failed for user admin
2023-01-19 21:13:28 FAILURE Authentication failed for user admin
2023-09-25 18:31:31 INFO User logged out
2023-01-09 06:28:53 ALERT Unauthorized login attempt detected
2022-05-04 14:44:25 WARNING CPU usage exceeded threshold: 87%
2022-02-10 22:57:57 ALERT Unauthorized login attempt detected
2022-06-21 13:57:10 INFO Backup completed at
2022-04-10 19:41:10 NOTICE Service restart triggered by user
2022-05-21 01:08:42 INFO Connection successful to remote host.
2023-11-23 22:22:01 DEBUG Process exited with code 0
2021-06-25 20:28:20 INFO Backup completed at
2023-07-25 08:24:47 INFO Backup completed at
2023-04-17 20:45:39 ALERT Unauthorized login attempt detected
2023-09-24 10:26:53 ERROR Could not resolve DNS for internal resource.
2021-10-25 09:41:14 TRACE Packet dropped due to policy rule
2021-08-15 00:39:07 ALERT Unauthorized login attempt detected
2023-07-15 17:03:52 DEBUG Process exited with code 0
2022-05-12 18:46:29 INFO Backup completed at
2022-05-19 22:34:52 INFO User logged out
2023-05-17 11:27:25 DEBUG Process exited with code 0
2022-08-10 09:00:19 FAILURE Authentication failed for user admin
2021-10-26 22:10:01 INFO User logged out
2023-05-03 21:40:39 FAILURE Authentication failed for user admin
2023-08-25 20:48:22 WARNING CPU usage exceeded threshold: 87%
2021-11-08 12:06:12 WARNING CPU usage exceeded threshold: 87%
2022-03-10 16:04:07 DEBUG Process exited with code 0
2023-05-21 00:56:23 INFO User logged out
2021-03-08 13:07:56 ALERT Unauthorized login attempt detected
2023-11-05 10:06:21 INFO Connection successful to remote host.
2022-10-16 11:49:07 INFO User logged out
2023-03-04 06:14:20 DEBUG Process exited with code 0
2023-03-10 19:17:12 ERROR Could not resolve DNS for internal resource.
2021-04-22 18:38:35 INFO Connection successful to remote host.
2022-01-18 10:09:42 ALERT Unauthorized login attempt detected
2023-08-13 11:58:29 INFO Connection successful to remote host.
2021-09-16 20:07:40 DEBUG Process exited with code 0
2021-06-10 22:04:40 WARNING CPU usage exceeded threshold: 87%
2021-01-20 07:50:31 INFO Connection successful to remote host.
2022-05-06 13:32:44 WARNING CPU usage exceeded threshold: 87%
2023-10-10 15:39:04 INFO Connection successful to remote host.
2021-09-21 04:19:34 WARNING CPU usage exceeded threshold: 87%
2022-01-26 19:16:10 ERROR Could not resolve DNS for internal resource.
2023-01-03 21:29:48 NOTICE Service restart triggered by user
2022-04-27 18:21:25 INFO Connection successful to remote host.
2023-01-09 21:10:20 TRACE Packet dropped due to policy rule
2023-11-23 16:20:12 NOTICE Service restart triggered by user
2023-08-02 00:38:14 ALERT Unauthorized login attempt detected
2022-10-13 01:19:28 INFO User logged out
2022-08-04 01:56:24 WARNING CPU usage exceeded threshold: 87%
2021-03-26 19:15:36 INFO User logged out
2022-02-07 10:00:56 ALERT Unauthorized login attempt detected
2021-04-04 18:27:13 FAILURE Authentication failed for user admin
2021-01-18 18:35:33 TRACE Packet dropped due to policy rule
2023-11-15 07:30:32 INFO Connection successful to remote host.
2022-08-24 16:04:44 ERROR Could not resolve DNS for internal resource.
2023-02-05 21:30:06 TRACE Packet dropped due to policy rule
2022-06-02 05:13:01 WARNING CPU usage exceeded threshold: 87%
2021-08-25 05:47:25 INFO User logged out
2023-01-21 05:04:08 ERROR Could not resolve DNS for internal resource.
2023-10-11 21:23:30 INFO User logged out
2021-02-09 18:45:01 DEBUG Process exited with code 0
2023-07-03 00:23:45 INFO Connection successful to remote host.
2023-11-15 17:14:19 WARNING CPU usage exceeded threshold: 87%
2022-01-22 04:23:22 DEBUG Process exited with code 0
2021-10-17 08:15:51 ALERT Unauthorized login attempt detected
2021-05-16 10:32:41 WARNING CPU usage exceeded threshold: 87%
2022-01-03 13:04:26 INFO Connection successful to remote host.
2022-07-25 19:51:40 INFO Backup completed at
2021-06-19 04:22:40 DEBUG Process exited with code 0
2022-07-01 02:50:01 DEBUG Process exited with code 0
2021-06-21 15:37:44 WARNING CPU usage exceeded threshold: 87%
2023-05-22 20:47:57 ALERT Unauthorized login attempt detected
2021-08-17 00:24:04 TRACE Packet dropped due to policy rule
2021-11-24 20:46:25 ALERT Unauthorized login attempt detected
2021-10-02 20:14:00 INFO Connection successful to remote host.
2022-01-05 21:46:57 ERROR Could not resolve DNS for internal resource.
2021-04-04 14:18:28 DEBUG Process exited with code 0
2023-11-25 00:11:39 TRACE Packet dropped due to policy rule
2022-09-10 17:39:36 INFO Backup completed at
2021-11-10 16:57:31 INFO Backup completed at
2021-10-10 02:39:11 ALERT Unauthorized login attempt detected
2021-07-10 02:30:39 WARNING CPU usage exceeded threshold: 87%
2022-07-19 04:23:51 NOTICE Service restart triggered by user
2023-05-16 06:04:51 INFO Connection successful to remote host.
2023-06-03 09:12:58 NOTICE Service restart triggered by user
2022-05-05 21:11:52 FAILURE Authentication failed for user admin
2022-01-18 17:20:56 WARNING CPU usage exceeded threshold: 87%
