2023-09-24 19:28:42 DEBUG Process exited with code 0
2021-11-05 21:18:23 INFO Backup completed at
2022-06-22 15:39:05 WARNING CPU usage exceeded threshold: 87%
2021-08-27 21:08:02 NOTICE Service restart triggered by user
2023-06-01 16:05:00 ALERT Unauthorized login attempt detected
2023-07-06 04:37:51 ERROR Could not resolve DNS for internal resource.
2021-07-10 04:46:29 WARNING CPU usage exceeded threshold: 87%
2021-11-11 19:54:57 TRACE Packet dropped due to policy rule
2021-09-03 21:21:25 INFO User logged out
2023-06-16 14:18:36 FAILURE Authentication failed for user admin
2021-08-17 18:41:00 ERROR Could not resolve DNS for internal resource.
2021-07-17 20:24:24 ALERT Unauthorized login attempt detected
2021-10-02 13:25:54 FAILURE Authentication failed for user admin
2023-04-06 08:52:16 INFO Backup completed at
2022-09-24 04:33:09 INFO Backup completed at
2022-07-11 21:42:05 INFO Connection successful to remote host.
2021-03-24 22:26:01 INFO Backup completed at
2021-04-19 11:13:09 INFO Backup completed at
2023-08-02 19:38:27 TRACE Packet dropped due to policy rule
2021-06-17 05:15:14 ERROR Could not resolve DNS for internal resource.
2021-09-19 01:50:18 ALERT Unauthorized login attempt detected
2021-11-10 03:21:00 WARNING CPU usage exceeded threshold: 87%
2023-03-12 12:50:48 TRACE Packet dropped due to policy rule
2022-03-17 21:04:45 NOTICE Service restart triggered by user
2023-02-22 21:10:07 INFO Backup completed at
2023-01-12 13:21:57 TRACE Packet dropped due to policy rule
2022-06-09 13:47:28 INFO User logged out
2023-10-26 10:19:52 FAILURE Authentication failed for user admin
2023-05-16 22:36:49 TRACE Packet dropped due to policy rule
2022-08-06 04:01:24 INFO Connection successful to remote host.
2023-02-11 21:35:16 INFO Connection successful to remote host.
2021-04-07 15:16:29 DEBUG Process exited with code 0
2022-03-27 15:53:00 INFO Backup completed at
2023-10-03 17:48:46 INFO Backup completed at
2021-05-20 02:29:23 INFO Connection successful to remote host.
2023-07-16 07:57:28 TRACE Packet dropped due to policy rule
2023-02-10 05:15:09 WARNING CPU usage exceeded threshold: 87%
2022-03-15 14:52:50 INFO User logged out
2023-11-05 18:54:42 INFO Connection successful to remote host.
2021-05-23 12:14:58 DEBUG Process exited with code 0
2023-08-25 11:37:07 ALERT Unauthorized login attempt detected
2022-05-09 21:51:45 ALERT Unauthorized login attempt detected
2023-09-09 03:58:49 INFO User logged out
2021-03-09 19:16:11 NOTICE Service restart triggered by user
2023-05-15 17:42:22 FAILURE Authentication failed for user admin
2023-01-15 06:23:20 ERROR Could not resolve DNS for internal resource.
2023-07-08 13:16:58 INFO Connection successful to remote host.
2023-05-22 01:29:01 DEBUG Process exited with code 0
2021-06-26 00:15:41 INFO User logged out
2022-05-11 05:28:48 WARNING CPU usage exceeded threshold: 87%
2022-03-22 09:54:40 FAILURE Authentication failed for user admin
2021-05-11 15:07:50 DEBUG Process exited with code 0
2022-07-03 07:56:45 WARNING CPU usage exceeded threshold: 87%
2022-07-19 18:36:43 DEBUG Process exited with code 0
2021-09-26 21:49:33 FAILURE Authentication failed for user admin
2021-02-12 05:22:11 INFO Backup completed at
2021-11-05 11:35:01 INFO Backup completed at
2022-04-11 02:05:12 FAILURE Authentication failed for user admin
2023-08-10 12:47:38 ALERT Unauthorized login attempt detected
2021-07-01 11:06:19 FAILURE Authentication failed for user admin
2023-05-24 18:06:07 NOTICE Service restart triggered by user
2022-01-07 15:00:12 WARNING CPU usage exceeded threshold: 87%
2023-06-08 20:09:49 ERROR Could not resolve DNS for internal resource.
2023-10-23 07:28:45 ALERT Unauthorized login attempt detected
2023-11-20 11:10:22 DEBUG Process exited with code 0
2023-07-10 20:40:45 ALERT Unauthorized login attempt detected
2022-08-06 01:29:12 WARNING CPU usage exceeded threshold: 87%
2021-10-04 00:16:03 FAILURE Authentication failed for user admin
2021-05-08 11:45:10 WARNING CPU usage exceeded threshold: 87%
2021-04-01 18:23:40 INFO Connection successful to remote host.
2022-11-02 22:20:46 FAILURE Authentication failed for user admin
2021-11-02 18:29:44 FAILURE Authentication failed for user admin
2021-08-13 14:04:55 NOTICE Service restart triggered by user
2023-07-05 20:32:21 ERROR Could not resolve DNS for internal resource.
2021-01-26 03:27:21 NOTICE Service restart triggered by user
2023-06-17 14:30:23 NOTICE Service restart triggered by user
2021-11-17 05:52:21 INFO Connection successful to remote host.
2022-09-09 03:30:18 ERROR Could not resolve DNS for internal resource.
2022-02-26 11:31:38 ERROR Could not resolve DNS for internal resource.
2022-02-23 03:56:48 NOTICE Service restart triggered by user
2021-10-22 16:32:13 WARNING CPU usage exceeded threshold: 87%
2022-06-02 15:14:09 NOTICE Service restart triggered by user
2021-06-16 11:15:31 TRACE Packet dropped due to policy rule
2021-01-13 11:41:23 WARNING CPU usage exceeded threshold: 87%
2023-03-15 22:35:16 INFO Connection successful to remote host.
2023-09-16 20:35:45 WARNING CPU usage exceeded threshold: 87%
2021-10-16 12:05:57 ERROR Could not resolve DNS for internal resource.
2023-01-11 01:16:43 INFO User logged out
2023-01-12 18:24:18 INFO User logged out
2021-06-19 20:43:43 INFO Connection successful to remote host.
2022-09-15 16:50:32 INFO Backup completed at
2023-10-05 11:33:05 TRACE Packet dropped due to policy rule
2023-07-12 21:39:39 NOTICE Service restart triggered by user
2022-09-06 14:05:04 ALERT Unauthorized login attempt detected
2021-01-07 01:47:15 INFO Backup completed at
2021-05-27 14:37:54 INFO Connection successful to remote host.
2021-09-20 16:24:04 ERROR Could not resolve DNS for internal resource.
2023-06-24 05:31:10 FAILURE Authentication failed for user admin
2023-03-17 04:21:38 TRACE Packet dropped due to policy rule
2021-06-13 03:08:53 INFO Backup completed at
2023-03-15 10:30:09 WARNING CPU usage exceeded threshold: 87%
2022-11-11 02:21:46 TRACE Packet dropped due to policy rule
2021-03-02 11:12:29 INFO User logged out
2023-09-24 03:43:13 FAILURE Authentication failed for user admin
2022-09-08 09:24:55 DEBUG Process exited with code 0
2023-11-13 00:18:09 INFO Backup completed at
2022-06-17 09:08:16 WARNING CPU usage exceeded threshold: 87%
2022-05-10 02:27:17 DEBUG Process exited with code 0
2022-06-06 21:02:16 ERROR Could not resolve DNS for internal resource.
2022-10-21 00:48:25 INFO Backup completed at
2023-07-08 10:51:27 TRACE Packet dropped due to policy rule
2023-06-12 20:01:00 INFO Backup completed at
2023-08-08 06:06:32 ERROR Could not resolve DNS for internal resource.
2021-11-19 16:21:43 NOTICE Service restart triggered by user
2022-01-12 14:56:12 INFO Connection successful to remote host.
2021-09-23 08:21:36 DEBUG Process exited with code 0
2021-04-05 22:56:05 ALERT Unauthorized login attempt detected
2021-09-10 12:10:12 NOTICE Service restart triggered by user
2023-07-26 02:06:58 INFO Backup completed at
2021-02-22 06:35:36 WARNING CPU usage exceeded threshold: 87%
2023-03-17 15:17:50 ERROR Could not resolve DNS for internal resource.
2021-02-05 15:25:33 ERROR Could not resolve DNS for internal resource.
2021-11-11 20:08:31 WARNING CPU usage exceeded threshold: 87%
2023-07-26 20:27:42 ERROR Could not resolve DNS for internal resource.
2022-03-18 03:39:56 FAILURE Authentication failed for user admin
2023-04-03 20:13:45 ERROR Could not resolve DNS for internal resource.
2022-09-02 12:17:28 DEBUG Process exited with code 0
2021-01-07 16:54:55 FAILURE Authentication failed for user admin
2021-11-06 14:15:18 INFO User logged out
2022-02-20 01:17:31 INFO Backup completed at
2022-07-05 18:36:32 WARNING CPU usage exceeded threshold: 87%
2021-02-14 08:24:06 WARNING CPU usage exceeded threshold: 87%
2023-06-01 13:20:20 INFO Backup completed at
2021-01-18 18:32:54 INFO Connection successful to remote host.
2022-04-07 20:25:36 ALERT Unauthorized login attempt detected
2022-01-14 02:40:56 WARNING CPU usage exceeded threshold: 87%
2023-02-13 02:26:16 ALERT Unauthorized login attempt detected
2023-04-13 15:23:44 TRACE Packet dropped due to policy rule
2021-04-09 03:22:19 DEBUG Process exited with code 0
2022-04-15 01:16:44 INFO User logged out
2021-06-24 05:14:12 INFO Connection successful to remote host.
2023-10-15 22:57:12 DEBUG Process exited with code 0
2023-06-06 05:16:06 INFO Connection successful to remote host.
2023-01-12 22:52:40 INFO Backup completed at
2022-06-19 15:14:28 NOTICE Service restart triggered by user
2021-06-03 08:41:46 TRACE Packet dropped due to policy rule
2021-06-20 08:07:14 INFO User logged out
2023-09-24 13:48:55 FAILURE Authentication failed for user admin
2021-02-21 15:53:16 ALERT Unauthorized login attempt detected
2021-09-24 03:15:03 ERROR Could not resolve DNS for internal resource.
2023-02-26 15:48:46 TRACE Packet dropped due to policy rule
2021-07-14 06:17:02 TRACE Packet dropped due to policy rule
2022-06-11 09:13:07 INFO User logged out
2021-07-19 05:00:21 TRACE Packet dropped due to policy rule
2022-02-14 03:51:01 WARNING CPU usage exceeded threshold: 87%
2021-03-09 03:43:13 INFO User logged out
2023-04-17 16:54:46 INFO Backup completed at
2023-05-04 20:08:27 ERROR Could not resolve DNS for internal resource.
2021-08-06 20:51:29 ALERT Unauthorized login attempt detected
2023-04-12 06:07:42 DEBUG Process exited with code 0
2021-02-18 00:01:21 INFO Backup completed at
2021-05-15 00:45:18 DEBUG Process exited with code 0
2021-07-24 12:32:50 TRACE Packet dropped due to policy rule
2022-11-11 13:07:43 DEBUG Process exited with code 0
2021-02-10 12:35:48 DEBUG Process exited with code 0
2023-04-18 09:17:27 INFO Connection successful to remote host.
2021-07-15 05:37:50 DEBUG Process exited with code 0
2022-03-19 10:56:11 ERROR Could not resolve DNS for internal resource.
2022-11-05 21:05:39 FAILURE Authentication failed for user admin
2023-02-22 10:14:43 WARNING CPU usage exceeded threshold: 87%
2022-03-19 16:46:32 ALERT Unauthorized login attempt detected
2021-08-15 02:26:15 INFO Backup completed at
2023-07-01 08:36:42 ALERT Unauthorized login attempt detected
2022-11-21 05:53:54 TRACE Packet dropped due to policy rule
2022-08-02 21:17:03 INFO Connection successful to remote host.
2023-02-02 02:47:53 INFO User logged out
2022-10-14 05:08:06 INFO Backup completed at
2022-10-03 12:09:13 DEBUG Process exited with code 0
2022-01-08 04:23:52 FAILURE Authentication failed for user admin
2021-05-08 00:22:25 TRACE Packet dropped due to policy rule
2023-05-08 13:28:46 INFO Backup completed at
2021-01-08 04:58:05 ALERT Unauthorized login attempt detected
2022-06-10 05:45:27 WARNING CPU usage exceeded threshold: 87%
2022-06-06 04:19:11 WARNING CPU usage exceeded threshold: 87%
2023-01-14 19:20:01 INFO Connection successful to remote host.
2022-08-11 09:54:03 TRACE Packet dropped due to policy rule
2023-02-19 13:39:04 WARNING CPU usage exceeded threshold: 87%
2022-04-13 11:07:00 ALERT Unauthorized login attempt detected
2022-10-13 18:31:09 INFO Connection successful to remote host.
2021-05-24 00:40:50 TRACE Packet dropped due to policy rule
2023-11-15 06:22:41 INFO User logged out
2021-08-20 05:00:46 DEBUG Process exited with code 0
2021-02-07 07:15:24 ALERT Unauthorized login attempt detected
