2021-01-17 04:11:07 WARNING CPU usage exceeded threshold: 87%
2023-02-19 17:16:16 INFO Connection successful to remote host.
2023-08-24 08:25:27 WARNING CPU usage exceeded threshold: 87%
2023-03-07 14:07:23 INFO User logged out
2022-11-08 07:41:25 ALERT Unauthorized login attempt detected
2021-03-02 06:46:58 INFO Backup completed at
2023-07-12 10:12:06 INFO Connection successful to remote host.
2021-02-25 06:09:02 INFO User logged out
2022-01-27 14:33:30 FAILURE Authentication failed for user admin
2021-02-25 15:39:15 INFO Connection successful to remote host.
2022-05-23 03:49:41 NOTICE Service restart triggered by user
2023-02-20 08:25:32 INFO User logged out
2022-06-06 07:54:23 ERROR Could not resolve DNS for internal resource.
2023-02-12 06:32:29 INFO User logged out
2021-10-10 19:37:55 TRACE Packet dropped due to policy rule
2023-06-16 15:19:53 NOTICE Service restart triggered by user
2021-10-06 12:46:42 FAILURE Authentication failed for user admin
2023-08-25 09:26:12 ERROR Could not resolve DNS for internal resource.
2022-01-07 16:15:07 DEBUG Process exited with code 0
2021-11-17 04:35:30 INFO Backup completed at
2022-11-11 11:45:48 ALERT Unauthorized login attempt detected
2023-11-14 09:51:15 TRACE Packet dropped due to policy rule
2021-07-15 19:41:06 INFO Backup completed at
2023-02-09 13:48:49 FAILURE Authentication failed for user admin
2022-07-10 16:37:01 FAILURE Authentication failed for user admin
2023-02-05 22:58:05 TRACE Packet dropped due to policy rule
2021-08-23 09:34:53 INFO User logged out
2021-04-27 09:26:38 FAILURE Authentication failed for user admin
2022-09-24 03:09:18 INFO User logged out
2021-03-17 09:32:37 TRACE Packet dropped due to policy rule
2021-10-06 00:13:45 INFO Backup completed at
2021-08-21 11:20:37 NOTICE Service restart triggered by user
2022-03-27 11:49:35 FAILURE Authentication failed for user admin
2022-08-22 01:03:28 ERROR Could not resolve DNS for internal resource.
2022-10-09 00:13:12 TRACE Packet dropped due to policy rule
2022-02-02 09:21:28 ERROR Could not resolve DNS for internal resource.
2021-02-04 11:17:46 INFO Backup completed at
2021-11-15 14:48:12 TRACE Packet dropped due to policy rule
2023-11-12 09:29:39 INFO Backup completed at
2023-10-02 12:04:32 INFO User logged out
2023-06-06 21:05:56 INFO User logged out
2021-07-26 01:14:56 ALERT Unauthorized login attempt detected
2022-10-02 22:07:49 FAILURE Authentication failed for user admin
2023-08-25 13:43:04 ALERT Unauthorized login attempt detected
2023-10-15 08:28:32 ERROR Could not resolve DNS for internal resource.
2021-08-20 09:31:49 TRACE Packet dropped due to policy rule
2022-01-27 16:01:11 WARNING CPU usage exceeded threshold: 87%
2023-07-14 01:10:14 ERROR Could not resolve DNS for internal resource.
2021-06-05 00:34:52 INFO Connection successful to remote host.
2021-06-16 03:42:18 WARNING CPU usage exceeded threshold: 87%
2023-06-26 04:54:03 ERROR Could not resolve DNS for internal resource.
2021-11-20 16:27:11 ERROR Could not resolve DNS for internal resource.
2022-07-11 07:03:29 INFO Connection successful to remote host.
2023-03-24 20:26:04 ERROR Could not resolve DNS for internal resource.
2021-07-11 11:22:43 INFO Connection successful to remote host.
2021-09-06 18:31:52 ERROR Could not resolve DNS for internal resource.
2021-03-21 16:33:20 INFO Backup completed at
2021-08-09 10:06:30 ALERT Unauthorized login attempt detected
2021-11-25 03:31:03 TRACE Packet dropped due to policy rule
2022-11-27 14:04:36 FAILURE Authentication failed for user admin
2022-06-21 01:22:20 INFO Backup completed at
2022-05-12 00:28:56 ERROR Could not resolve DNS for internal resource.
2023-05-02 00:10:07 INFO Connection successful to remote host.
2022-03-15 06:15:03 ERROR Could not resolve DNS for internal resource.
2022-02-15 00:01:18 FAILURE Authentication failed for user admin
2023-05-18 16:04:30 INFO Backup completed at
2023-07-23 08:06:57 INFO Backup completed at
2023-11-23 20:27:00 FAILURE Authentication failed for user admin
2022-05-25 18:12:23 FAILURE Authentication failed for user admin
2023-02-20 20:21:11 NOTICE Service restart triggered by user
2022-11-25 10:48:51 ERROR Could not resolve DNS for internal resource.
2023-11-07 22:02:35 WARNING CPU usage exceeded threshold: 87%
2021-08-06 08:42:22 DEBUG Process exited with code 0
2022-08-10 18:44:15 INFO Backup completed at
2022-10-11 05:03:55 INFO Connection successful to remote host.
2023-06-18 06:37:42 TRACE Packet dropped due to policy rule
2023-02-13 15:55:52 ERROR Could not resolve DNS for internal resource.
2023-07-17 12:27:47 FAILURE Authentication failed for user admin
2023-07-08 07:02:11 INFO User logged out
2022-01-06 20:18:06 TRACE Packet dropped due to policy rule
2021-02-16 21:33:37 WARNING CPU usage exceeded threshold: 87%
2023-01-16 13:04:25 NOTICE Service restart triggered by user
2021-02-09 19:00:24 FAILURE Authentication failed for user admin
2021-02-18 18:50:22 ERROR Could not resolve DNS for internal resource.
2023-05-08 08:17:20 NOTICE Service restart triggered by user
2021-08-12 08:01:17 FAILURE Authentication failed for user admin
2023-03-26 16:47:33 FAILURE Authentication failed for user admin
2021-06-22 01:51:15 NOTICE Service restart triggered by user
2022-11-06 15:48:27 INFO Backup completed at
2022-02-07 22:55:12 ERROR Could not resolve DNS for internal resource.
2022-07-27 06:57:49 INFO User logged out
2023-04-10 11:51:17 INFO User logged out
2022-04-06 03:46:13 TRACE Packet dropped due to policy rule
2021-02-12 18:11:20 WARNING CPU usage exceeded threshold: 87%
2023-07-25 09:42:44 FAILURE Authentication failed for user admin
2021-05-03 03:08:18 NOTICE Service restart triggered by user
2021-04-01 22:24:04 TRACE Packet dropped due to policy rule
2022-07-05 02:48:41 INFO Backup completed at
2021-01-02 07:22:09 DEBUG Process exited with code 0
2021-02-15 05:21:57 INFO User logged out
2022-10-06 03:41:36 NOTICE Service restart triggered by user
2021-06-06 08:48:36 DEBUG Process exited with code 0
2022-02-09 04:33:03 INFO Backup completed at
2023-05-16 16:41:11 ERROR Could not resolve DNS for internal resource.
2022-08-07 18:40:54 DEBUG Process exited with code 0
2022-07-18 02:24:52 NOTICE Service restart triggered by user
2023-10-20 11:41:29 DEBUG Process exited with code 0
2022-01-26 07:07:10 INFO Backup completed at
2023-04-19 04:32:52 ERROR Could not resolve DNS for internal resource.
2023-11-25 09:06:01 INFO Connection successful to remote host.
2023-02-23 06:12:12 INFO Backup completed at
2023-01-05 13:08:53 TRACE Packet dropped due to policy rule
2022-11-07 09:46:34 WARNING CPU usage exceeded threshold: 87%
2023-03-08 07:33:22 NOTICE Service restart triggered by user
2022-05-14 18:18:53 INFO Backup completed at
2021-09-15 10:44:51 INFO User logged out
2021-04-24 10:10:54 ALERT Unauthorized login attempt detected
2022-07-18 03:15:54 FAILURE Authentication failed for user admin
2022-03-05 17:01:07 DEBUG Process exited with code 0
2021-06-23 14:35:33 FAILURE Authentication failed for user admin
2021-09-24 13:31:35 WARNING CPU usage exceeded threshold: 87%
2021-10-09 04:33:48 INFO User logged out
2023-09-02 22:49:29 DEBUG Process exited with code 0
2023-02-19 18:01:51 INFO Connection successful to remote host.
2021-03-12 22:57:30 INFO Connection successful to remote host.
2021-01-18 04:40:55 ALERT Unauthorized login attempt detected
2021-08-09 12:55:44 NOTICE Service restart triggered by user
2021-06-19 15:40:22 ALERT Unauthorized login attempt detected
2022-01-16 09:52:36 FAILURE Authentication failed for user admin
2023-06-21 00:11:16 INFO Backup completed at
2023-03-18 01:26:25 WARNING CPU usage exceeded threshold: 87%
2022-10-03 13:41:49 ALERT Unauthorized login attempt detected
2022-09-21 18:40:16 WARNING CPU usage exceeded threshold: 87%
2022-04-13 17:14:20 DEBUG Process exited with code 0
2021-10-26 02:20:21 ALERT Unauthorized login attempt detected
2022-03-07 22:08:30 INFO Backup completed at
2021-08-05 12:53:55 INFO User logged out
2022-11-06 03:39:00 WARNING CPU usage exceeded threshold: 87%
2021-05-10 00:56:25 FAILURE Authentication failed for user admin
2023-02-21 14:21:03 WARNING CPU usage exceeded threshold: 87%
2023-09-14 07:42:01 INFO Backup completed at
2023-02-20 19:43:53 INFO Connection successful to remote host.
2021-05-16 08:06:28 FAILURE Authentication failed for user admin
2022-01-24 05:40:39 INFO Backup completed at
2021-09-23 17:06:18 NOTICE Service restart triggered by user
2023-05-12 01:51:08 TRACE Packet dropped due to policy rule
2021-01-17 20:43:29 WARNING CPU usage exceeded threshold: 87%
2021-03-05 14:50:49 INFO User logged out
2023-02-11 13:19:14 INFO Connection successful to remote host.
2023-01-20 16:16:33 ERROR Could not resolve DNS for internal resource.
2023-07-17 17:25:49 INFO Connection successful to remote host.
2023-01-05 19:47:30 FAILURE Authentication failed for user admin
2022-07-08 16:30:40 WARNING CPU usage exceeded threshold: 87%
2023-01-16 07:58:28 ERROR Could not resolve DNS for internal resource.
2021-06-04 22:58:35 INFO User logged out
2023-03-17 16:46:37 INFO Connection successful to remote host.
2023-01-20 02:36:57 INFO Backup completed at
2021-01-01 11:03:54 ERROR Could not resolve DNS for internal resource.
2021-02-16 12:56:09 FAILURE Authentication failed for user admin
2022-06-10 08:37:43 NOTICE Service restart triggered by user
2021-10-08 09:52:24 NOTICE Service restart triggered by user
2022-03-24 10:23:21 INFO User logged out
2021-09-18 10:23:52 ERROR Could not resolve DNS for internal resource.
2023-03-03 08:52:01 NOTICE Service restart triggered by user
2022-05-20 05:07:33 TRACE Packet dropped due to policy rule
2021-03-27 18:00:11 FAILURE Authentication failed for user admin
2021-10-05 19:06:20 DEBUG Process exited with code 0
2021-06-14 19:14:45 NOTICE Service restart triggered by user
2021-03-22 16:31:22 INFO Connection successful to remote host.
2021-01-18 21:24:57 NOTICE Service restart triggered by user
2023-03-04 08:19:20 INFO Connection successful to remote host.
2021-10-04 08:32:36 ALERT Unauthorized login attempt detected
2022-11-15 09:07:02 FAILURE Authentication failed for user admin
2022-09-27 10:28:25 ALERT Unauthorized login attempt detected
2021-11-13 16:30:06 INFO User logged out
2022-08-23 02:54:03 FAILURE Authentication failed for user admin
2023-04-22 06:53:23 INFO Backup completed at
2022-06-10 17:02:03 DEBUG Process exited with code 0
2023-05-10 11:22:24 NOTICE Service restart triggered by user
2021-01-25 11:48:26 INFO User logged out
2023-03-03 17:06:35 NOTICE Service restart triggered by user
2021-10-06 06:32:53 ALERT Unauthorized login attempt detected
2021-06-26 18:00:46 INFO Connection successful to remote host.
2021-10-09 13:09:02 ALERT Unauthorized login attempt detected
2021-09-23 14:06:55 INFO User logged out
2022-01-16 10:56:38 DEBUG Process exited with code 0
2023-11-09 10:04:01 INFO Backup completed at
2022-11-24 14:02:31 ALERT Unauthorized login attempt detected
2021-10-21 22:50:02 ERROR Could not resolve DNS for internal resource.
2023-04-20 19:30:03 INFO Backup completed at
2022-02-17 03:18:35 NOTICE Service restart triggered by user
2021-06-05 06:36:52 WARNING CPU usage exceeded threshold: 87%
2023-02-16 15:30:49 ALERT Unauthorized login attempt detected
2023-06-08 15:05:45 ERROR Could not resolve DNS for internal resource.
2022-08-05 10:56:25 INFO Connection successful to remote host.
2023-03-23 01:49:08 INFO User logged out
2022-01-10 04:11:20 INFO Backup completed at
2022-05-23 09:51:29 ALERT Unauthorized login attempt detected
2022-11-19 19:44:16 DEBUG Process exited with code 0
2021-10-12 12:14:43 DEBUG Process exited with code 0
2023-05-02 04:08:32 FAILURE Authentication failed for user admin
2023-02-19 08:44:18 INFO Backup completed at
2021-01-07 05:03:23 INFO Connection successful to remote host.
2022-05-16 09:58:27 INFO Backup completed at
2023-05-22 22:39:02 INFO Connection successful to remote host.
2023-05-23 00:00:47 FAILURE Authentication failed for user admin
2023-07-17 14:48:57 ERROR Could not resolve DNS for internal resource.
2023-08-19 00:47:02 INFO Connection successful to remote host.
2023-11-17 11:42:19 DEBUG Process exited with code 0
2021-02-23 16:19:43 INFO User logged out
2023-10-15 00:19:32 NOTICE Service restart triggered by user
2022-03-24 12:00:53 ERROR Could not resolve DNS for internal resource.
2023-11-02 16:39:02 TRACE Packet dropped due to policy rule
2022-10-22 16:31:37 ERROR Could not resolve DNS for internal resource.
2021-06-21 01:25:21 WARNING CPU usage exceeded threshold: 87%
2021-10-24 14:13:50 ALERT Unauthorized login attempt detected
2022-05-05 20:24:22 ERROR Could not resolve DNS for internal resource.
2022-02-06 21:23:37 INFO Backup completed at
2023-09-23 15:32:04 INFO User logged out
2022-01-22 07:12:19 INFO Backup completed at
2023-01-16 00:56:00 INFO Backup completed at
2021-05-19 00:01:13 ALERT Unauthorized login attempt detected
2023-05-04 05:17:49 FAILURE Authentication failed for user admin
2023-08-12 06:12:34 INFO Connection successful to remote host.
2021-09-24 17:06:33 INFO Backup completed at
2021-04-13 06:05:44 WARNING CPU usage exceeded threshold: 87%
2023-04-02 12:23:23 INFO Connection successful to remote host.
2023-10-17 08:14:38 TRACE Packet dropped due to policy rule
2021-05-05 05:55:11 NOTICE Service restart triggered by user
2023-10-04 17:08:52 TRACE Packet dropped due to policy rule
2022-07-15 01:30:50 ALERT Unauthorized login attempt detected
2022-11-23 11:27:18 DEBUG Process exited with code 0
2021-08-25 01:03:54 ERROR Could not resolve DNS for internal resource.
2023-10-26 04:18:20 FAILURE Authentication failed for user admin
2023-01-24 04:28:41 DEBUG Process exited with code 0
2023-06-15 18:06:27 INFO Connection successful to remote host.
2022-06-05 19:15:34 NOTICE Service restart triggered by user
2021-10-17 01:26:06 INFO User logged out
2022-03-27 02:38:07 INFO Connection successful to remote host.
2023-11-06 11:33:20 ERROR Could not resolve DNS for internal resource.
2023-10-07 16:48:47 ALERT Unauthorized login attempt detected
2023-05-12 05:15:48 TRACE Packet dropped due to policy rule
2023-07-07 17:55:14 ALERT Unauthorized login attempt detected
2023-10-24 09:42:10 TRACE Packet dropped due to policy rule
2023-02-06 05:38:11 INFO Connection successful to remote host.
2022-06-05 11:14:26 FAILURE Authentication failed for user admin
2021-08-04 17:15:31 DEBUG Process exited with code 0
2023-03-25 18:20:22 WARNING CPU usage exceeded threshold: 87%
2021-09-03 04:33:21 NOTICE Service restart triggered by user
2022-11-18 22:19:28 FAILURE Authentication failed for user admin
2023-05-16 06:33:34 ERROR Could not resolve DNS for internal resource.
2023-03-14 07:13:33 TRACE Packet dropped due to policy rule
