2023-04-15 02:44:38 INFO Connection successful to remote host.
2022-11-06 18:31:10 WARNING CPU usage exceeded threshold: 87%
2021-09-01 20:14:50 NOTICE Service restart triggered by user
2023-08-19 11:07:56 ALERT Unauthorized login attempt detected
2021-02-18 07:17:57 INFO User logged out
2021-06-25 00:14:57 ALERT Unauthorized login attempt detected
2022-11-14 16:11:53 INFO Backup completed at
2022-08-25 03:18:31 WARNING CPU usage exceeded threshold: 87%
2022-03-21 01:09:43 TRACE Packet dropped due to policy rule
2021-06-12 11:34:37 WARNING CPU usage exceeded threshold: 87%
2023-04-21 03:26:34 DEBUG Process exited with code 0
2023-11-16 05:46:36 FAILURE Authentication failed for user admin
2021-08-01 06:19:56 INFO Connection successful to remote host.
2023-10-19 17:20:02 WARNING CPU usage exceeded threshold: 87%
2021-07-16 09:09:50 WARNING CPU usage exceeded threshold: 87%
2023-10-03 17:07:26 ERROR Could not resolve DNS for internal resource.
2022-07-13 11:03:53 WARNING CPU usage exceeded threshold: 87%
2021-03-05 09:44:22 ERROR Could not resolve DNS for internal resource.
2022-06-25 16:47:04 ALERT Unauthorized login attempt detected
2021-06-17 05:08:24 INFO Backup completed at
2023-10-24 16:07:57 INFO Backup completed at
2021-03-12 15:21:13 INFO Backup completed at
2021-08-24 02:03:01 ERROR Could not resolve DNS for internal resource.
2021-08-03 14:41:28 TRACE Packet dropped due to policy rule
2021-02-15 08:29:31 INFO Connection successful to remote host.
2021-05-06 14:58:28 TRACE Packet dropped due to policy rule
2022-06-21 04:21:07 ALERT Unauthorized login attempt detected
2022-09-17 08:08:17 FAILURE Authentication failed for user admin
2023-01-08 18:35:36 INFO Backup completed at
2022-02-10 22:31:48 INFO Connection successful to remote host.
2023-05-01 01:13:22 INFO User logged out
2022-10-14 03:10:55 ERROR Could not resolve DNS for internal resource.
2022-08-12 14:00:46 ERROR Could not resolve DNS for internal resource.
2023-08-12 17:45:43 INFO Connection successful to remote host.
2021-08-01 05:22:17 INFO Connection successful to remote host.
2021-01-25 03:56:32 DEBUG Process exited with code 0
2022-10-19 05:21:45 INFO User logged out
2021-11-20 00:52:18 TRACE Packet dropped due to policy rule
2023-01-10 17:06:48 TRACE Packet dropped due to policy rule
2021-02-18 12:52:13 WARNING CPU usage exceeded threshold: 87%
2023-07-27 17:33:48 ERROR Could not resolve DNS for internal resource.
2022-05-25 02:50:10 NOTICE Service restart triggered by user
2022-01-08 05:39:22 ALERT Unauthorized login attempt detected
2022-04-03 20:47:25 TRACE Packet dropped due to policy rule
2021-02-07 20:34:23 INFO User logged out
2023-03-23 21:06:40 INFO Backup completed at
2023-06-14 17:24:31 TRACE Packet dropped due to policy rule
2022-10-17 09:31:31 INFO Connection successful to remote host.
2022-10-07 07:31:28 ALERT Unauthorized login attempt detected
2021-06-04 04:24:54 TRACE Packet dropped due to policy rule
2022-04-26 20:52:40 INFO User logged out
2021-08-07 00:35:58 NOTICE Service restart triggered by user
2023-04-17 06:21:02 ERROR Could not resolve DNS for internal resource.
2022-04-15 17:18:24 WARNING CPU usage exceeded threshold: 87%
2021-07-07 01:01:08 DEBUG Process exited with code 0
2023-11-10 20:12:21 ALERT Unauthorized login attempt detected
2022-11-24 15:15:54 INFO User logged out
2022-05-16 07:48:15 INFO Connection successful to remote host.
2022-04-15 18:33:37 NOTICE Service restart triggered by user
2023-05-22 04:58:47 ALERT Unauthorized login attempt detected
2022-01-27 15:18:01 FAILURE Authentication failed for user admin
2023-03-12 15:53:00 INFO User logged out
2022-01-18 07:39:11 FAILURE Authentication failed for user admin
2021-03-15 15:33:41 ALERT Unauthorized login attempt detected
2021-02-24 13:22:40 INFO Connection successful to remote host.
2022-05-03 08:14:52 WARNING CPU usage exceeded threshold: 87%
2023-06-01 04:30:43 DEBUG Process exited with code 0
2021-08-16 02:50:35 INFO Connection successful to remote host.
2022-05-17 04:35:05 INFO User logged out
2021-01-06 15:02:44 INFO User logged out
2021-01-26 08:08:03 TRACE Packet dropped due to policy rule
2023-09-18 05:03:16 INFO Backup completed at
2021-03-17 02:01:13 INFO User logged out
2021-09-11 15:03:45 FAILURE Authentication failed for user admin
2022-04-06 18:15:08 NOTICE Service restart triggered by user
2021-02-16 03:10:10 INFO Connection successful to remote host.
2021-07-05 06:03:19 ALERT Unauthorized login attempt detected
2021-04-13 10:01:10 ERROR Could not resolve DNS for internal resource.
2023-10-13 03:19:18 INFO User logged out
2023-07-18 05:30:14 ERROR Could not resolve DNS for internal resource.
2022-08-04 10:07:49 TRACE Packet dropped due to policy rule
2023-07-06 15:08:28 FAILURE Authentication failed for user admin
2022-11-13 07:38:20 INFO Backup completed at
2021-03-21 18:53:19 NOTICE Service restart triggered by user
2022-11-24 07:01:56 INFO Backup completed at
2023-03-04 21:03:57 DEBUG Process exited with code 0
2021-07-09 04:58:19 ERROR Could not resolve DNS for internal resource.
2021-06-23 07:45:37 WARNING CPU usage exceeded threshold: 87%
2023-01-09 14:24:04 TRACE Packet dropped due to policy rule
2022-03-10 10:50:07 INFO Connection successful to remote host.
2023-08-06 03:53:22 ERROR Could not resolve DNS for internal resource.
2022-10-18 13:18:50 ERROR Could not resolve DNS for internal resource.
2023-08-09 07:03:41 ALERT Unauthorized login attempt detected
2022-04-03 22:25:02 DEBUG Process exited with code 0
2023-09-03 02:57:48 NOTICE Service restart triggered by user
2022-01-10 22:58:20 INFO User logged out
2021-06-27 05:51:05 NOTICE Service restart triggered by user
2022-08-11 11:36:42 FAILURE Authentication failed for user admin
2023-05-02 06:25:58 FAILURE Authentication failed for user admin
2023-03-25 19:06:17 ALERT Unauthorized login attempt detected
2023-10-03 14:34:47 INFO Backup completed at
2023-01-24 19:21:35 TRACE Packet dropped due to policy rule
2021-01-14 18:11:02 ERROR Could not resolve DNS for internal resource.
2023-05-24 07:02:48 FAILURE Authentication failed for user admin
2023-03-14 09:19:00 INFO Backup completed at
2021-09-06 14:25:13 INFO Backup completed at
2021-05-26 04:41:53 NOTICE Service restart triggered by user
2021-02-02 10:29:27 FAILURE Authentication failed for user admin
2022-03-24 12:36:46 TRACE Packet dropped due to policy rule
2023-03-17 11:58:54 ERROR Could not resolve DNS for internal resource.
2023-02-13 20:47:23 INFO Backup completed at
2021-01-04 11:33:41 ALERT Unauthorized login attempt detected
2022-07-18 13:00:38 ALERT Unauthorized login attempt detected
2023-03-24 19:47:12 ERROR Could not resolve DNS for internal resource.
2021-04-13 03:10:05 ALERT Unauthorized login attempt detected
2021-02-13 06:58:11 WARNING CPU usage exceeded threshold: 87%
2021-03-04 01:58:27 INFO Connection successful to remote host.
2021-04-25 06:03:55 FAILURE Authentication failed for user admin
2021-01-11 19:35:48 NOTICE Service restart triggered by user
2021-03-04 22:57:03 ERROR Could not resolve DNS for internal resource.
2022-07-05 11:24:10 INFO Connection successful to remote host.
2021-01-09 22:50:42 ERROR Could not resolve DNS for internal resource.
2022-05-09 06:53:29 TRACE Packet dropped due to policy rule
2021-10-18 18:22:06 DEBUG Process exited with code 0
2021-04-15 06:30:12 NOTICE Service restart triggered by user
2022-04-10 04:38:30 INFO Connection successful to remote host.
2021-11-16 22:42:12 NOTICE Service restart triggered by user
2023-07-17 20:05:33 INFO Backup completed at
2022-04-27 17:48:21 INFO User logged out
2023-07-19 03:43:36 ALERT Unauthorized login attempt detected
2021-09-14 15:18:03 ALERT Unauthorized login attempt detected
2023-07-19 11:12:55 INFO Connection successful to remote host.
2022-10-05 15:04:24 INFO Backup completed at
2023-01-05 03:15:28 NOTICE Service restart triggered by user
2022-08-10 05:00:31 ERROR Could not resolve DNS for internal resource.
2023-01-01 08:57:55 NOTICE Service restart triggered by user
2022-11-05 08:06:53 ALERT Unauthorized login attempt detected
2022-09-21 08:24:54 NOTICE Service restart triggered by user
2021-05-01 13:38:02 ALERT Unauthorized login attempt detected
2022-02-16 18:40:39 ALERT Unauthorized login attempt detected
2022-09-16 11:41:22 ERROR Could not resolve DNS for internal resource.
2021-09-04 14:11:27 INFO Backup completed at
2022-08-27 12:48:28 TRACE Packet dropped due to policy rule
2022-04-15 09:51:13 INFO User logged out
2022-08-04 20:53:37 TRACE Packet dropped due to policy rule
2022-06-22 11:39:46 NOTICE Service restart triggered by user
2023-11-20 18:44:13 WARNING CPU usage exceeded threshold: 87%
2023-09-26 14:51:27 FAILURE Authentication failed for user admin
2023-09-02 07:05:16 TRACE Packet dropped due to policy rule
2022-10-11 13:19:34 NOTICE Service restart triggered by user
2022-02-20 16:51:29 NOTICE Service restart triggered by user
2021-11-01 06:39:49 DEBUG Process exited with code 0
2023-10-19 22:04:24 INFO Backup completed at
2021-07-09 21:53:55 ERROR Could not resolve DNS for internal resource.
2023-02-13 15:31:49 ALERT Unauthorized login attempt detected
2021-04-04 03:24:46 INFO Connection successful to remote host.
2021-02-03 12:38:56 WARNING CPU usage exceeded threshold: 87%
2022-09-16 06:28:50 INFO Backup completed at
2021-11-18 15:38:48 INFO Backup completed at
2021-04-20 01:15:28 INFO User logged out
2023-08-16 12:27:18 TRACE Packet dropped due to policy rule
2022-01-10 03:34:52 FAILURE Authentication failed for user admin
2022-02-01 20:27:02 NOTICE Service restart triggered by user
2021-01-15 19:55:20 NOTICE Service restart triggered by user
2023-05-10 02:43:41 INFO User logged out
2022-07-09 20:57:38 ALERT Unauthorized login attempt detected
2021-08-21 21:47:41 WARNING CPU usage exceeded threshold: 87%
2023-11-26 20:04:07 TRACE Packet dropped due to policy rule
2023-07-03 17:09:26 FAILURE Authentication failed for user admin
2022-08-18 11:48:58 ALERT Unauthorized login attempt detected
2021-08-07 17:40:17 NOTICE Service restart triggered by user
2022-07-12 21:35:11 INFO User logged out
2022-08-05 20:28:42 INFO Connection successful to remote host.
2023-05-13 19:22:06 INFO Backup completed at
2021-01-22 04:12:17 FAILURE Authentication failed for user admin
2023-09-01 04:54:17 ALERT Unauthorized login attempt detected
2022-04-13 00:04:02 ERROR Could not resolve DNS for internal resource.
2022-05-08 13:31:14 FAILURE Authentication failed for user admin
2023-11-09 16:21:35 INFO Backup completed at
2021-01-24 08:10:36 INFO User logged out
2021-02-16 13:39:09 INFO User logged out
2021-01-21 16:06:29 ERROR Could not resolve DNS for internal resource.
2022-03-04 17:20:06 INFO Backup completed at
2022-05-23 06:25:29 FAILURE Authentication failed for user admin
2022-07-21 08:06:13 TRACE Packet dropped due to policy rule
2023-08-23 22:46:30 WARNING CPU usage exceeded threshold: 87%
2021-07-13 12:10:16 INFO Connection successful to remote host.
2021-04-22 03:57:21 NOTICE Service restart triggered by user
2021-04-09 03:45:10 INFO User logged out
2022-07-18 22:15:51 FAILURE Authentication failed for user admin
2022-08-07 16:44:04 DEBUG Process exited with code 0
2023-02-09 11:53:13 ERROR Could not resolve DNS for internal resource.
2021-11-05 18:54:25 INFO Backup completed at
2023-05-02 04:20:38 WARNING CPU usage exceeded threshold: 87%
2021-01-18 09:15:54 FAILURE Authentication failed for user admin
2021-03-12 22:12:17 ALERT Unauthorized login attempt detected
2021-05-12 21:57:25 INFO User logged out
2022-09-09 08:08:26 FAILURE Authentication failed for user admin
2023-02-07 09:14:57 INFO Backup completed at
2023-08-04 08:41:20 INFO Connection successful to remote host.
2021-02-23 09:20:10 DEBUG Process exited with code 0
2023-05-07 08:31:54 TRACE Packet dropped due to policy rule
2022-05-10 03:39:39 FAILURE Authentication failed for user admin
2021-04-02 18:42:14 INFO User logged out
2023-03-13 00:38:44 DEBUG Process exited with code 0
2022-05-14 03:06:20 TRACE Packet dropped due to policy rule
2021-05-06 12:18:21 INFO Connection successful to remote host.
2021-03-11 01:03:01 NOTICE Service restart triggered by user
2022-10-07 06:50:11 ERROR Could not resolve DNS for internal resource.
2022-11-09 04:17:36 NOTICE Service restart triggered by user
2022-09-21 19:27:30 DEBUG Process exited with code 0
2023-04-03 01:31:13 INFO Connection successful to remote host.
2023-04-01 00:54:07 NOTICE Service restart triggered by user
2023-04-03 19:55:45 TRACE Packet dropped due to policy rule
2021-11-06 20:25:27 INFO Backup completed at
2022-01-24 18:31:52 WARNING CPU usage exceeded threshold: 87%
2023-09-23 02:44:09 DEBUG Process exited with code 0
2022-09-01 16:01:57 INFO Backup completed at
2023-07-23 17:41:44 INFO Connection successful to remote host.
2021-05-15 04:24:09 INFO Connection successful to remote host.
2022-08-05 13:35:18 NOTICE Service restart triggered by user
2022-10-08 09:00:51 ERROR Could not resolve DNS for internal resource.
2023-05-04 11:58:43 INFO User logged out
2022-06-01 09:43:02 INFO Connection successful to remote host.
2023-11-02 13:20:01 FAILURE Authentication failed for user admin
2022-11-11 20:01:25 ERROR Could not resolve DNS for internal resource.
2021-07-24 02:30:52 TRACE Packet dropped due to policy rule
2021-09-27 10:01:39 ALERT Unauthorized login attempt detected
2021-09-11 12:34:54 NOTICE Service restart triggered by user
2021-11-13 18:11:42 ALERT Unauthorized login attempt detected
2023-02-24 17:40:07 FAILURE Authentication failed for user admin
2023-02-12 12:51:07 INFO Connection successful to remote host.
2021-06-16 00:41:19 WARNING CPU usage exceeded threshold: 87%
2021-11-24 00:57:43 DEBUG Process exited with code 0
2023-08-23 00:16:41 WARNING CPU usage exceeded threshold: 87%
2023-07-07 00:08:20 TRACE Packet dropped due to policy rule
2021-01-23 16:04:57 INFO Backup completed at
2023-10-09 13:48:37 TRACE Packet dropped due to policy rule
2023-11-27 13:30:15 ERROR Could not resolve DNS for internal resource.
2023-04-09 03:39:24 ERROR Could not resolve DNS for internal resource.
2023-09-21 17:12:39 INFO Backup completed at
2022-09-15 22:03:43 FAILURE Authentication failed for user admin
2021-04-03 16:36:53 INFO Backup completed at
2023-01-06 15:06:45 INFO User logged out
2023-08-19 17:54:39 ALERT Unauthorized login attempt detected
2022-01-14 17:19:24 DEBUG Process exited with code 0
2021-03-15 03:30:36 ERROR Could not resolve DNS for internal resource.
2023-05-05 00:34:10 INFO Backup completed at
2022-04-07 17:18:24 INFO Connection successful to remote host.
2021-07-20 19:56:42 ERROR Could not resolve DNS for internal resource.
2023-03-14 05:51:57 TRACE Packet dropped due to policy rule
2021-11-21 18:20:06 NOTICE Service restart triggered by user
2023-06-10 20:46:58 DEBUG Process exited with code 0
2021-10-04 15:42:15 DEBUG Process exited with code 0
2021-07-24 10:34:52 TRACE Packet dropped due to policy rule
2021-04-02 06:30:23 FAILURE Authentication failed for user admin
2021-07-03 16:48:02 INFO Backup completed at
2022-04-07 03:42:33 ERROR Could not resolve DNS for internal resource.
2021-08-12 11:30:22 NOTICE Service restart triggered by user
2022-03-18 11:47:53 INFO Backup completed at
2021-08-06 00:39:50 INFO Backup completed at
2022-06-01 11:13:40 TRACE Packet dropped due to policy rule
2023-07-06 14:44:44 TRACE Packet dropped due to policy rule
2021-07-22 13:22:18 ALERT Unauthorized login attempt detected
2023-10-25 16:13:26 FAILURE Authentication failed for user admin
2022-01-12 07:08:07 WARNING CPU usage exceeded threshold: 87%
2023-11-03 13:02:24 ALERT Unauthorized login attempt detected
2022-06-20 17:25:05 INFO User logged out
2023-07-27 04:46:38 WARNING CPU usage exceeded threshold: 87%
2023-08-15 13:25:04 ERROR Could not resolve DNS for internal resource.
