2023-07-13 11:03:36 WARNING CPU usage exceeded threshold: 87%
2021-10-21 06:14:29 DEBUG Process exited with code 0
2021-11-20 21:58:49 INFO User logged out
2022-01-14 08:19:30 ALERT Unauthorized login attempt detected
2022-11-18 10:51:36 ERROR Could not resolve DNS for internal resource.
2021-11-19 12:40:34 TRACE Packet dropped due to policy rule
2023-04-05 19:18:06 INFO User logged out
2022-07-27 08:20:11 FAILURE Authentication failed for user admin
2021-02-05 14:31:30 FAILURE Authentication failed for user admin
2022-08-13 21:23:12 TRACE Packet dropped due to policy rule
2021-11-08 04:58:42 FAILURE Authentication failed for user admin
2021-10-22 04:44:42 ALERT Unauthorized login attempt detected
2022-05-14 02:32:01 WARNING CPU usage exceeded threshold: 87%
2023-10-21 09:04:54 NOTICE Service restart triggered by user
2023-05-17 22:14:14 INFO Connection successful to remote host.
2022-03-01 12:39:08 DEBUG Process exited with code 0
2023-03-10 03:25:12 ALERT Unauthorized login attempt detected
2021-05-10 13:34:26 INFO Connection successful to remote host.
2022-01-12 14:16:51 WARNING CPU usage exceeded threshold: 87%
2021-06-08 02:58:23 INFO Connection successful to remote host.
2021-01-05 20:36:20 ALERT Unauthorized login attempt detected
2023-05-24 11:11:35 INFO Connection successful to remote host.
2023-06-07 10:37:54 FAILURE Authentication failed for user admin
2021-06-06 00:18:53 WARNING CPU usage exceeded threshold: 87%
2022-10-20 12:02:49 TRACE Packet dropped due to policy rule
2022-02-24 00:55:26 INFO Connection successful to remote host.
2022-11-23 12:33:37 FAILURE Authentication failed for user admin
2021-07-07 05:27:56 FAILURE Authentication failed for user admin
2021-11-09 16:40:21 ERROR Could not resolve DNS for internal resource.
2021-08-14 01:00:39 INFO User logged out
2023-01-23 12:31:38 INFO Backup completed at
2023-09-23 06:13:48 DEBUG Process exited with code 0
2023-09-01 15:16:16 ERROR Could not resolve DNS for internal resource.
2022-02-02 01:16:19 FAILURE Authentication failed for user admin
2021-03-14 20:40:17 TRACE Packet dropped due to policy rule
2021-02-17 01:53:02 INFO User logged out
2023-01-21 11:51:08 INFO User logged out
2022-06-19 20:19:11 ALERT Unauthorized login attempt detected
2023-02-23 06:50:20 INFO User logged out
2022-10-21 13:15:29 NOTICE Service restart triggered by user
2023-02-02 02:27:54 ALERT Unauthorized login attempt detected
2021-11-14 05:36:45 INFO User logged out
2022-05-13 04:26:33 TRACE Packet dropped due to policy rule
2021-05-05 06:07:42 WARNING CPU usage exceeded threshold: 87%
2023-10-26 13:49:58 TRACE Packet dropped due to policy rule
2022-11-16 06:43:03 INFO Connection successful to remote host.
2023-11-22 03:30:33 FAILURE Authentication failed for user admin
2023-02-18 01:29:38 WARNING CPU usage exceeded threshold: 87%
2023-11-03 01:27:52 TRACE Packet dropped due to policy rule
2021-06-20 11:51:42 INFO User logged out
2022-04-19 01:43:31 INFO Connection successful to remote host.
2021-06-27 04:04:50 NOTICE Service restart triggered by user
2021-11-11 21:01:09 ALERT Unauthorized login attempt detected
2021-10-10 12:40:54 ALERT Unauthorized login attempt detected
2022-11-05 11:40:09 INFO Backup completed at
2022-01-11 20:35:39 ALERT Unauthorized login attempt detected
2023-09-10 04:46:41 ALERT Unauthorized login attempt detected
2023-06-13 02:12:15 TRACE Packet dropped due to policy rule
2021-05-25 02:04:10 INFO Connection successful to remote host.
2021-05-06 12:24:15 INFO Connection successful to remote host.
2021-11-14 19:16:44 WARNING CPU usage exceeded threshold: 87%
2021-07-10 17:47:45 ERROR Could not resolve DNS for internal resource.
2021-09-07 07:50:24 WARNING CPU usage exceeded threshold: 87%
2022-05-04 17:24:00 INFO User logged out
2023-11-05 19:17:41 WARNING CPU usage exceeded threshold: 87%
2022-11-19 09:51:40 FAILURE Authentication failed for user admin
2021-11-25 01:50:32 ALERT Unauthorized login attempt detected
2021-11-16 06:51:05 FAILURE Authentication failed for user admin
2022-03-24 12:53:20 INFO Backup completed at
2021-04-18 02:17:29 WARNING CPU usage exceeded threshold: 87%
2022-07-21 11:08:09 ERROR Could not resolve DNS for internal resource.
2021-02-09 07:37:13 DEBUG Process exited with code 0
2021-10-12 18:06:05 INFO Connection successful to remote host.
2022-02-08 03:34:57 INFO Backup completed at
2022-05-18 16:43:53 INFO User logged out
2022-08-21 11:02:30 INFO Backup completed at
2023-03-17 01:35:19 ERROR Could not resolve DNS for internal resource.
2023-10-09 05:11:46 TRACE Packet dropped due to policy rule
2021-09-18 17:41:04 WARNING CPU usage exceeded threshold: 87%
2023-03-24 16:37:10 INFO Connection successful to remote host.
2021-10-18 05:24:15 INFO Backup completed at
2022-11-06 10:18:30 INFO Connection successful to remote host.
2022-09-23 07:54:15 WARNING CPU usage exceeded threshold: 87%
2023-03-10 19:26:45 ERROR Could not resolve DNS for internal resource.
2021-09-06 12:43:08 DEBUG Process exited with code 0
2023-07-17 09:32:34 DEBUG Process exited with code 0
2021-07-26 00:06:45 INFO Backup completed at
2023-06-14 16:19:46 INFO User logged out
2022-05-25 20:04:05 WARNING CPU usage exceeded threshold: 87%
2022-07-26 10:44:32 ERROR Could not resolve DNS for internal resource.
2021-07-02 16:58:21 INFO User logged out
2023-01-26 12:55:16 ERROR Could not resolve DNS for internal resource.
2022-05-05 11:33:43 ALERT Unauthorized login attempt detected
2022-10-18 22:00:36 ALERT Unauthorized login attempt detected
2021-06-04 01:04:20 TRACE Packet dropped due to policy rule
2022-10-14 21:47:56 WARNING CPU usage exceeded threshold: 87%
2021-07-20 08:19:48 ERROR Could not resolve DNS for internal resource.
2022-04-18 17:11:16 NOTICE Service restart triggered by user
2022-01-12 02:24:35 TRACE Packet dropped due to policy rule
2022-01-18 07:32:50 INFO Connection successful to remote host.
2021-08-07 07:48:26 TRACE Packet dropped due to policy rule
2021-02-22 20:43:17 DEBUG Process exited with code 0
2023-07-19 01:05:32 TRACE Packet dropped due to policy rule
2023-09-19 09:02:04 ERROR Could not resolve DNS for internal resource.
2021-03-08 20:54:47 ERROR Could not resolve DNS for internal resource.
2021-06-14 21:00:48 INFO Connection successful to remote host.
2022-03-17 11:05:04 DEBUG Process exited with code 0
2023-02-22 22:11:05 FAILURE Authentication failed for user admin
2021-11-02 07:18:06 INFO Backup completed at
2023-09-08 22:35:32 INFO Connection successful to remote host.
2023-02-04 03:28:48 DEBUG Process exited with code 0
2021-01-05 01:00:34 DEBUG Process exited with code 0
2023-07-16 02:26:22 TRACE Packet dropped due to policy rule
2022-04-17 21:09:27 FAILURE Authentication failed for user admin
2023-02-18 16:24:31 FAILURE Authentication failed for user admin
2021-02-20 21:27:24 ERROR Could not resolve DNS for internal resource.
2023-05-19 04:30:10 ALERT Unauthorized login attempt detected
2021-06-23 10:36:52 NOTICE Service restart triggered by user
2023-02-12 18:13:21 INFO Connection successful to remote host.
2023-09-22 00:53:32 ALERT Unauthorized login attempt detected
2023-02-10 21:35:12 WARNING CPU usage exceeded threshold: 87%
2023-10-04 01:43:05 INFO User logged out
2023-05-13 14:44:29 INFO Connection successful to remote host.
2021-03-24 11:56:19 INFO Connection successful to remote host.
2022-06-16 08:02:14 TRACE Packet dropped due to policy rule
2021-02-21 06:42:36 ERROR Could not resolve DNS for internal resource.
2021-04-09 22:31:54 TRACE Packet dropped due to policy rule
2021-04-07 15:20:55 INFO User logged out
2023-03-14 06:39:56 INFO Connection successful to remote host.
2022-11-14 08:14:40 INFO Connection successful to remote host.
2021-07-14 19:55:29 ALERT Unauthorized login attempt detected
2022-01-18 05:48:46 ERROR Could not resolve DNS for internal resource.
2023-11-22 20:43:57 INFO Connection successful to remote host.
2021-06-20 00:11:36 INFO User logged out
2022-08-11 19:17:53 INFO Backup completed at
2021-05-19 10:03:22 DEBUG Process exited with code 0
2021-02-22 22:03:04 FAILURE Authentication failed for user admin
2021-10-03 12:23:43 FAILURE Authentication failed for user admin
2023-10-03 20:21:30 INFO Backup completed at
2023-04-06 19:45:54 TRACE Packet dropped due to policy rule
2021-09-14 06:06:20 INFO User logged out
2023-08-18 09:42:46 INFO Backup completed at
2022-02-17 21:43:00 ALERT Unauthorized login attempt detected
2023-04-16 05:32:45 FAILURE Authentication failed for user admin
2021-09-01 03:30:15 WARNING CPU usage exceeded threshold: 87%
2021-04-07 02:09:43 INFO User logged out
2021-09-25 09:15:24 INFO Connection successful to remote host.
2021-02-24 10:50:31 FAILURE Authentication failed for user admin
2022-06-11 01:19:03 DEBUG Process exited with code 0
2023-07-08 00:52:26 DEBUG Process exited with code 0
2021-02-21 07:27:37 WARNING CPU usage exceeded threshold: 87%
2021-02-27 09:13:33 TRACE Packet dropped due to policy rule
2021-01-17 14:00:27 INFO User logged out
2021-10-19 19:23:31 INFO Backup completed at
2022-01-24 12:55:24 ERROR Could not resolve DNS for internal resource.
2022-02-11 00:10:53 INFO Connection successful to remote host.
2023-06-12 13:27:13 ERROR Could not resolve DNS for internal resource.
2021-03-10 02:42:41 ALERT Unauthorized login attempt detected
2023-02-14 19:31:51 INFO User logged out
2022-07-04 08:10:53 FAILURE Authentication failed for user admin
2022-03-10 20:09:08 FAILURE Authentication failed for user admin
2022-03-22 19:50:11 FAILURE Authentication failed for user admin
2021-06-01 04:54:27 INFO Backup completed at
2021-05-19 03:41:22 ERROR Could not resolve DNS for internal resource.
2022-11-10 02:52:42 FAILURE Authentication failed for user admin
2022-01-06 15:30:55 WARNING CPU usage exceeded threshold: 87%
2023-03-19 09:22:45 ALERT Unauthorized login attempt detected
2021-08-15 19:08:32 DEBUG Process exited with code 0
2023-10-19 19:54:29 FAILURE Authentication failed for user admin
2021-11-16 22:42:52 ALERT Unauthorized login attempt detected
2021-04-15 13:42:45 INFO User logged out
2021-06-24 03:02:37 ERROR Could not resolve DNS for internal resource.
2021-02-13 16:47:57 INFO Connection successful to remote host.
2021-09-14 20:38:15 ERROR Could not resolve DNS for internal resource.
2023-09-11 09:02:37 ALERT Unauthorized login attempt detected
2021-10-06 02:20:15 WARNING CPU usage exceeded threshold: 87%
2023-07-26 02:48:25 NOTICE Service restart triggered by user
2022-01-25 12:43:55 ERROR Could not resolve DNS for internal resource.
2022-11-14 09:37:12 NOTICE Service restart triggered by user
2021-03-24 14:45:12 WARNING CPU usage exceeded threshold: 87%
2022-01-26 04:41:00 FAILURE Authentication failed for user admin
2021-04-20 06:12:09 TRACE Packet dropped due to policy rule
2021-08-04 19:16:52 TRACE Packet dropped due to policy rule
2023-10-27 12:04:12 NOTICE Service restart triggered by user
2022-01-14 15:29:23 INFO Backup completed at
2022-11-04 17:17:02 WARNING CPU usage exceeded threshold: 87%
2022-04-21 18:32:12 INFO User logged out
2023-03-02 17:50:52 INFO Connection successful to remote host.
2022-09-20 13:40:50 FAILURE Authentication failed for user admin
2022-09-16 06:38:15 INFO Connection successful to remote host.
2023-05-16 16:40:50 FAILURE Authentication failed for user admin
2022-05-16 04:54:33 INFO User logged out
2023-04-03 07:39:55 DEBUG Process exited with code 0
2022-10-06 21:03:40 DEBUG Process exited with code 0
2021-05-09 22:29:06 ERROR Could not resolve DNS for internal resource.
2022-10-11 05:47:07 DEBUG Process exited with code 0
2023-08-15 05:06:15 FAILURE Authentication failed for user admin
2022-07-25 02:53:28 ALERT Unauthorized login attempt detected
2021-11-16 11:42:31 INFO User logged out
2021-08-26 19:07:46 WARNING CPU usage exceeded threshold: 87%
2021-01-08 02:49:58 ALERT Unauthorized login attempt detected
2021-02-10 00:02:06 DEBUG Process exited with code 0
2023-08-03 08:42:22 ALERT Unauthorized login attempt detected
2021-04-12 10:11:33 ALERT Unauthorized login attempt detected
2022-11-12 04:16:07 INFO Backup completed at
2021-10-08 00:50:03 TRACE Packet dropped due to policy rule
2022-02-02 00:24:09 ERROR Could not resolve DNS for internal resource.
2021-05-02 10:07:06 WARNING CPU usage exceeded threshold: 87%
2023-06-22 09:29:56 ALERT Unauthorized login attempt detected
2022-05-27 09:12:40 DEBUG Process exited with code 0
2022-06-05 05:57:43 DEBUG Process exited with code 0
2022-10-09 04:23:38 NOTICE Service restart triggered by user
2023-11-24 04:05:50 NOTICE Service restart triggered by user
2022-08-25 00:38:44 INFO Connection successful to remote host.
2023-04-23 19:53:02 ALERT Unauthorized login attempt detected
2023-07-03 17:12:04 NOTICE Service restart triggered by user
2023-11-11 19:58:55 INFO User logged out
2021-02-25 01:53:28 DEBUG Process exited with code 0
2023-09-09 19:19:27 ERROR Could not resolve DNS for internal resource.
2022-02-16 18:21:58 TRACE Packet dropped due to policy rule
2021-04-17 12:14:13 INFO User logged out
2022-04-01 08:02:15 TRACE Packet dropped due to policy rule
2021-06-21 16:56:35 DEBUG Process exited with code 0
2023-09-18 13:00:09 ERROR Could not resolve DNS for internal resource.
2023-05-20 13:33:41 TRACE Packet dropped due to policy rule
2023-10-23 07:17:41 ERROR Could not resolve DNS for internal resource.
2022-09-26 04:06:05 INFO Backup completed at
2021-06-27 15:48:21 FAILURE Authentication failed for user admin
2023-02-23 16:52:31 FAILURE Authentication failed for user admin
2023-09-17 00:36:32 DEBUG Process exited with code 0
2021-07-03 18:56:16 WARNING CPU usage exceeded threshold: 87%
2022-01-05 19:13:34 TRACE Packet dropped due to policy rule
2021-05-11 21:18:10 TRACE Packet dropped due to policy rule
2021-08-02 16:13:32 NOTICE Service restart triggered by user
2022-05-18 05:32:02 WARNING CPU usage exceeded threshold: 87%
2021-09-10 06:46:22 INFO Backup completed at
2022-06-09 15:57:02 ALERT Unauthorized login attempt detected
2021-08-10 05:56:56 DEBUG Process exited with code 0
2021-07-23 09:50:08 TRACE Packet dropped due to policy rule
2021-11-12 01:02:54 INFO User logged out
2022-02-03 02:54:27 FAILURE Authentication failed for user admin
2023-03-17 16:53:46 DEBUG Process exited with code 0
2021-04-12 17:04:37 ALERT Unauthorized login attempt detected
2022-02-03 09:28:37 FAILURE Authentication failed for user admin
2022-05-06 14:41:56 NOTICE Service restart triggered by user
2021-11-11 22:16:03 TRACE Packet dropped due to policy rule
2022-09-16 12:20:31 TRACE Packet dropped due to policy rule
2023-06-15 18:14:50 ERROR Could not resolve DNS for internal resource.
2021-10-18 09:06:15 DEBUG Process exited with code 0
2023-06-23 14:45:32 INFO Backup completed at
2022-11-04 09:01:16 INFO Connection successful to remote host.
2021-08-08 17:06:53 INFO User logged out
2023-01-01 04:05:52 NOTICE Service restart triggered by user
2023-09-04 07:51:26 FAILURE Authentication failed for user admin
2023-09-16 16:30:40 INFO Backup completed at
2023-01-24 05:23:13 WARNING CPU usage exceeded threshold: 87%
2022-05-06 22:14:29 TRACE Packet dropped due to policy rule
2023-05-04 16:05:35 ALERT Unauthorized login attempt detected
2022-08-08 08:54:42 TRACE Packet dropped due to policy rule
2021-09-06 20:52:54 FAILURE Authentication failed for user admin
2021-11-01 11:20:41 ERROR Could not resolve DNS for internal resource.
2022-05-14 11:00:30 NOTICE Service restart triggered by user
2021-08-27 05:00:17 ERROR Could not resolve DNS for internal resource.
2023-11-21 19:48:06 TRACE Packet dropped due to policy rule
2021-04-09 08:42:28 INFO User logged out
2021-04-19 03:31:18 FAILURE Authentication failed for user admin
2022-07-16 07:11:17 TRACE Packet dropped due to policy rule
2021-07-24 14:21:25 INFO Backup completed at
2023-09-22 04:52:45 DEBUG Process exited with code 0
2021-10-11 00:30:18 INFO User logged out
2023-05-11 09:55:31 INFO Connection successful to remote host.
