2023-11-22 20:23:51 ALERT Unauthorized login attempt detected
2022-07-20 02:21:49 TRACE Packet dropped due to policy rule
2021-05-05 09:15:55 ALERT Unauthorized login attempt detected
2023-09-10 14:27:44 DEBUG Process exited with code 0
2023-07-17 12:43:24 NOTICE Service restart triggered by user
2023-06-21 05:50:06 ERROR Could not resolve DNS for internal resource.
2021-05-02 16:43:43 INFO User logged out
2021-02-02 15:28:07 DEBUG Process exited with code 0
2021-08-11 07:50:57 INFO Backup completed at
2023-06-18 05:25:27 ALERT Unauthorized login attempt detected
2022-11-21 15:13:05 WARNING CPU usage exceeded threshold: 87%
2022-11-18 15:44:43 ERROR Could not resolve DNS for internal resource.
2022-04-13 04:45:58 TRACE Packet dropped due to policy rule
2021-09-14 16:00:54 WARNING CPU usage exceeded threshold: 87%
2021-03-05 15:46:11 INFO Connection successful to remote host.
2023-09-24 18:42:55 WARNING CPU usage exceeded threshold: 87%
2023-02-21 03:50:34 ALERT Unauthorized login attempt detected
2023-02-19 19:51:22 FAILURE Authentication failed for user admin
2022-09-12 16:24:23 DEBUG Process exited with code 0
2022-04-03 11:33:17 INFO Backup completed at
2021-11-19 14:04:36 FAILURE Authentication failed for user admin
2023-04-26 12:56:10 WARNING CPU usage exceeded threshold: 87%
2022-08-22 08:23:16 INFO Connection successful to remote host.
2023-07-24 12:37:06 DEBUG Process exited with code 0
2022-08-01 08:30:09 FAILURE Authentication failed for user admin
2023-07-12 16:28:40 INFO User logged out
2022-11-22 12:35:04 TRACE Packet dropped due to policy rule
2023-03-19 06:01:47 INFO Backup completed at
2021-05-13 20:39:44 TRACE Packet dropped due to policy rule
2023-04-03 20:41:27 WARNING CPU usage exceeded threshold: 87%
2023-01-11 19:14:56 FAILURE Authentication failed for user admin
2022-03-21 16:58:01 FAILURE Authentication failed for user admin
2022-06-20 01:28:55 INFO Backup completed at
2023-05-01 12:52:09 NOTICE Service restart triggered by user
2023-01-03 03:40:03 INFO Backup completed at
2021-09-03 18:45:05 INFO Connection successful to remote host.
2021-03-15 11:52:13 ALERT Unauthorized login attempt detected
2023-04-23 00:05:48 DEBUG Process exited with code 0
2023-07-27 03:31:43 NOTICE Service restart triggered by user
2023-05-21 17:22:57 INFO Backup completed at
2021-06-19 12:44:14 NOTICE Service restart triggered by user
2023-05-27 20:37:27 ERROR Could not resolve DNS for internal resource.
2023-07-09 07:01:05 INFO User logged out
2021-06-23 04:08:54 ALERT Unauthorized login attempt detected
2022-04-25 01:54:54 WARNING CPU usage exceeded threshold: 87%
2023-01-22 13:01:09 NOTICE Service restart triggered by user
2023-07-02 20:30:04 FAILURE Authentication failed for user admin
2022-11-03 09:26:01 FAILURE Authentication failed for user admin
2023-05-25 15:52:52 DEBUG Process exited with code 0
2021-06-18 17:13:55 TRACE Packet dropped due to policy rule
2022-06-10 01:21:19 WARNING CPU usage exceeded threshold: 87%
2023-07-15 09:53:12 ALERT Unauthorized login attempt detected
2022-10-26 09:56:33 INFO User logged out
2022-10-09 04:07:43 INFO Connection successful to remote host.
2023-09-15 18:00:21 NOTICE Service restart triggered by user
2022-11-05 06:08:15 INFO User logged out
2023-11-03 00:42:39 INFO Backup completed at
2021-11-25 05:17:40 WARNING CPU usage exceeded threshold: 87%
2021-05-19 19:58:28 INFO Backup completed at
2022-02-18 08:43:34 NOTICE Service restart triggered by user
2022-11-03 13:51:14 ALERT Unauthorized login attempt detected
2021-10-19 14:25:12 NOTICE Service restart triggered by user
2023-11-18 03:48:08 INFO Backup completed at
2022-03-21 12:07:23 INFO Connection successful to remote host.
2021-03-14 00:56:46 INFO Connection successful to remote host.
2022-11-19 05:53:57 ALERT Unauthorized login attempt detected
2023-09-18 16:40:52 FAILURE Authentication failed for user admin
2023-08-13 19:22:34 INFO Connection successful to remote host.
2022-01-17 03:11:08 INFO User logged out
2023-09-21 21:40:16 DEBUG Process exited with code 0
2023-06-27 07:53:16 ERROR Could not resolve DNS for internal resource.
2023-05-21 10:39:56 NOTICE Service restart triggered by user
2022-03-27 06:55:07 FAILURE Authentication failed for user admin
2022-04-27 03:23:14 DEBUG Process exited with code 0
2023-05-25 16:58:04 FAILURE Authentication failed for user admin
2023-04-19 18:29:05 ALERT Unauthorized login attempt detected
2021-06-18 07:34:16 INFO Backup completed at
2023-05-04 00:32:21 INFO Backup completed at
2023-07-05 19:20:50 ERROR Could not resolve DNS for internal resource.
2021-03-24 09:35:19 NOTICE Service restart triggered by user
2022-05-12 21:16:55 ERROR Could not resolve DNS for internal resource.
2022-10-18 22:30:33 ERROR Could not resolve DNS for internal resource.
2022-06-11 16:14:20 INFO Backup completed at
2021-04-12 21:08:04 ALERT Unauthorized login attempt detected
2021-07-26 19:36:05 ALERT Unauthorized login attempt detected
2022-10-15 10:45:03 ALERT Unauthorized login attempt detected
2021-04-26 10:13:19 TRACE Packet dropped due to policy rule
2021-06-23 05:17:54 DEBUG Process exited with code 0
2021-10-16 04:14:18 ERROR Could not resolve DNS for internal resource.
2021-11-22 20:50:13 ERROR Could not resolve DNS for internal resource.
2022-06-18 00:23:24 ERROR Could not resolve DNS for internal resource.
2022-09-23 07:13:50 DEBUG Process exited with code 0
2022-09-21 07:02:02 FAILURE Authentication failed for user admin
2023-07-07 18:18:54 WARNING CPU usage exceeded threshold: 87%
2022-04-05 03:47:58 NOTICE Service restart triggered by user
2021-03-10 21:04:21 DEBUG Process exited with code 0
2022-04-21 06:05:31 NOTICE Service restart triggered by user
2021-04-24 08:20:16 ERROR Could not resolve DNS for internal resource.
2021-09-09 18:52:26 ALERT Unauthorized login attempt detected
2022-01-10 04:02:46 FAILURE Authentication failed for user admin
2021-06-22 21:00:36 INFO Connection successful to remote host.
2021-02-18 00:50:16 DEBUG Process exited with code 0
2023-08-03 22:42:06 WARNING CPU usage exceeded threshold: 87%
2023-06-24 21:43:13 TRACE Packet dropped due to policy rule
2021-05-24 08:05:07 WARNING CPU usage exceeded threshold: 87%
2021-03-01 19:37:58 NOTICE Service restart triggered by user
2021-03-07 11:14:11 FAILURE Authentication failed for user admin
2021-04-19 03:23:32 INFO Backup completed at
2022-08-06 11:57:51 INFO Backup completed at
2021-09-08 16:16:42 INFO Connection successful to remote host.
2023-05-20 22:08:47 INFO User logged out
2021-09-13 14:26:08 FAILURE Authentication failed for user admin
2021-02-15 16:55:29 FAILURE Authentication failed for user admin
2022-09-16 09:44:41 DEBUG Process exited with code 0
2023-09-02 18:19:04 TRACE Packet dropped due to policy rule
2021-01-10 09:25:02 DEBUG Process exited with code 0
2021-06-04 07:48:28 DEBUG Process exited with code 0
2021-05-24 01:40:33 WARNING CPU usage exceeded threshold: 87%
2022-07-05 10:23:21 NOTICE Service restart triggered by user
2022-04-17 01:53:30 DEBUG Process exited with code 0
2022-01-04 01:19:36 INFO Backup completed at
2022-05-25 00:34:56 DEBUG Process exited with code 0
2022-10-27 13:06:33 ERROR Could not resolve DNS for internal resource.
2021-04-03 01:16:42 ERROR Could not resolve DNS for internal resource.
2022-07-21 03:47:19 ERROR Could not resolve DNS for internal resource.
2021-09-12 08:44:03 DEBUG Process exited with code 0
2023-06-22 07:54:04 WARNING CPU usage exceeded threshold: 87%
2021-07-06 13:32:06 FAILURE Authentication failed for user admin
2023-08-18 18:34:49 INFO Connection successful to remote host.
2022-01-08 17:03:09 INFO User logged out
2021-11-02 04:24:44 ALERT Unauthorized login attempt detected
2021-06-02 07:07:18 WARNING CPU usage exceeded threshold: 87%
2021-11-08 13:32:20 NOTICE Service restart triggered by user
2021-10-17 18:39:40 ERROR Could not resolve DNS for internal resource.
2022-02-06 17:37:22 TRACE Packet dropped due to policy rule
2022-05-23 22:34:44 NOTICE Service restart triggered by user
2021-03-12 01:21:52 TRACE Packet dropped due to policy rule
2022-03-19 12:23:17 DEBUG Process exited with code 0
2022-04-07 10:13:53 ERROR Could not resolve DNS for internal resource.
2021-08-17 05:39:50 NOTICE Service restart triggered by user
2022-05-18 02:35:35 DEBUG Process exited with code 0
2023-04-13 16:56:40 INFO Backup completed at
2022-06-03 02:41:20 DEBUG Process exited with code 0
2023-10-26 14:35:19 NOTICE Service restart triggered by user
2021-07-24 04:37:40 ERROR Could not resolve DNS for internal resource.
2021-02-25 21:57:57 INFO Connection successful to remote host.
2022-02-17 06:15:12 DEBUG Process exited with code 0
2023-11-05 08:34:05 DEBUG Process exited with code 0
2023-07-12 21:03:44 WARNING CPU usage exceeded threshold: 87%
2021-06-01 19:19:02 TRACE Packet dropped due to policy rule
2022-09-21 19:24:22 TRACE Packet dropped due to policy rule
2023-10-19 12:14:20 INFO Backup completed at
2022-06-20 04:24:51 INFO Connection successful to remote host.
2023-06-08 14:28:38 INFO Connection successful to remote host.
2022-07-09 03:16:40 ALERT Unauthorized login attempt detected
2021-07-27 07:58:22 DEBUG Process exited with code 0
2022-10-25 02:30:44 FAILURE Authentication failed for user admin
2021-08-16 06:22:45 NOTICE Service restart triggered by user
2021-10-24 04:25:23 FAILURE Authentication failed for user admin
