2022-09-26 10:34:23 NOTICE Service restart triggered by user
2022-07-02 06:47:03 ALERT Unauthorized login attempt detected
2022-01-01 06:26:43 TRACE Packet dropped due to policy rule
2022-03-09 04:13:17 WARNING CPU usage exceeded threshold: 87%
2023-07-04 10:57:58 ERROR Could not resolve DNS for internal resource.
2021-05-05 21:18:07 INFO User logged out
2021-01-15 04:52:21 INFO Connection successful to remote host.
2022-05-25 19:18:38 DEBUG Process exited with code 0
2021-11-07 18:49:17 INFO User logged out
2023-04-25 18:03:35 TRACE Packet dropped due to policy rule
2022-03-19 08:04:04 INFO Connection successful to remote host.
2023-02-07 07:13:03 FAILURE Authentication failed for user admin
2023-03-19 01:30:31 NOTICE Service restart triggered by user
2022-08-07 21:29:37 ERROR Could not resolve DNS for internal resource.
2022-10-14 04:29:25 WARNING CPU usage exceeded threshold: 87%
2021-06-18 04:24:12 ALERT Unauthorized login attempt detected
2023-06-04 07:28:19 TRACE Packet dropped due to policy rule
2023-04-22 08:50:57 NOTICE Service restart triggered by user
2021-01-21 09:51:20 NOTICE Service restart triggered by user
2022-02-08 21:35:15 INFO Connection successful to remote host.
2023-05-21 01:18:04 TRACE Packet dropped due to policy rule
2023-06-24 06:28:30 TRACE Packet dropped due to policy rule
2023-01-13 01:19:02 TRACE Packet dropped due to policy rule
2023-05-27 07:04:27 ERROR Could not resolve DNS for internal resource.
2021-03-06 05:11:26 FAILURE Authentication failed for user admin
2021-05-19 21:07:07 INFO Backup completed at
2023-10-18 10:32:23 INFO Backup completed at
2023-07-09 00:25:13 DEBUG Process exited with code 0
2022-05-01 12:28:04 TRACE Packet dropped due to policy rule
2021-03-25 05:42:27 WARNING CPU usage exceeded threshold: 87%
2023-01-17 00:34:32 INFO User logged out
2021-01-16 06:17:16 DEBUG Process exited with code 0
2021-07-26 05:51:14 WARNING CPU usage exceeded threshold: 87%
2022-07-11 00:00:41 DEBUG Process exited with code 0
2021-06-08 21:16:05 INFO Backup completed at
2023-05-08 19:33:40 INFO Backup completed at
2021-04-22 09:34:47 ERROR Could not resolve DNS for internal resource.
2021-05-10 08:58:57 NOTICE Service restart triggered by user
2021-01-04 07:50:11 ALERT Unauthorized login attempt detected
2021-11-27 02:32:25 INFO User logged out
2022-11-11 15:44:22 WARNING CPU usage exceeded threshold: 87%
2022-02-08 06:40:40 ERROR Could not resolve DNS for internal resource.
2023-03-10 01:52:05 INFO User logged out
2021-04-26 04:18:43 DEBUG Process exited with code 0
2021-06-06 03:13:29 INFO User logged out
2022-11-19 07:35:41 NOTICE Service restart triggered by user
2021-08-16 10:18:13 DEBUG Process exited with code 0
2023-11-11 05:34:03 WARNING CPU usage exceeded threshold: 87%
2023-03-08 10:55:56 TRACE Packet dropped due to policy rule
2023-10-10 09:06:29 TRACE Packet dropped due to policy rule
2023-01-15 20:34:38 INFO Connection successful to remote host.
2021-08-23 22:20:58 WARNING CPU usage exceeded threshold: 87%
2022-10-26 20:27:32 ERROR Could not resolve DNS for internal resource.
2022-06-21 02:57:11 DEBUG Process exited with code 0
2022-04-11 04:41:20 ALERT Unauthorized login attempt detected
2023-08-21 22:03:22 FAILURE Authentication failed for user admin
2023-10-19 20:22:20 INFO Backup completed at
2021-08-22 13:29:20 INFO Connection successful to remote host.
2023-11-17 13:31:40 FAILURE Authentication failed for user admin
2023-06-11 10:21:49 ERROR Could not resolve DNS for internal resource.
2022-07-16 08:45:12 TRACE Packet dropped due to policy rule
2021-05-08 15:25:55 INFO User logged out
2021-09-16 02:10:23 FAILURE Authentication failed for user admin
2023-03-18 14:37:28 ERROR Could not resolve DNS for internal resource.
2023-01-16 14:07:28 ALERT Unauthorized login attempt detected
2023-05-27 06:26:31 DEBUG Process exited with code 0
2023-06-24 07:32:17 ERROR Could not resolve DNS for internal resource.
2023-01-09 06:42:36 NOTICE Service restart triggered by user
2022-07-26 15:45:13 NOTICE Service restart triggered by user
2022-02-13 19:10:52 TRACE Packet dropped due to policy rule
2022-02-18 19:41:24 ERROR Could not resolve DNS for internal resource.
2022-09-09 01:57:32 ERROR Could not resolve DNS for internal resource.
2021-03-17 17:00:10 NOTICE Service restart triggered by user
2021-02-01 08:39:03 TRACE Packet dropped due to policy rule
2023-04-11 04:12:30 INFO Connection successful to remote host.
2023-11-12 21:15:56 DEBUG Process exited with code 0
2022-05-27 01:44:37 WARNING CPU usage exceeded threshold: 87%
2022-04-18 16:10:08 NOTICE Service restart triggered by user
2021-08-07 14:05:19 ERROR Could not resolve DNS for internal resource.
2022-10-17 09:44:08 INFO User logged out
2021-06-05 02:04:14 INFO Backup completed at
2022-10-02 08:55:12 ALERT Unauthorized login attempt detected
2021-06-15 19:38:28 ERROR Could not resolve DNS for internal resource.
2022-03-11 01:55:11 FAILURE Authentication failed for user admin
2022-03-14 21:15:48 INFO User logged out
2023-05-11 05:36:08 FAILURE Authentication failed for user admin
2023-04-16 08:19:41 ERROR Could not resolve DNS for internal resource.
2021-08-12 10:52:35 NOTICE Service restart triggered by user
2021-05-03 17:29:38 FAILURE Authentication failed for user admin
2022-09-03 11:45:46 DEBUG Process exited with code 0
2023-07-06 21:25:41 NOTICE Service restart triggered by user
2021-01-21 18:44:20 FAILURE Authentication failed for user admin
2023-05-03 11:46:50 INFO Backup completed at
2022-10-08 22:41:06 ERROR Could not resolve DNS for internal resource.
2023-04-19 17:43:46 DEBUG Process exited with code 0
2021-09-27 22:56:18 ERROR Could not resolve DNS for internal resource.
2023-08-22 00:46:18 TRACE Packet dropped due to policy rule
2022-09-22 11:06:57 INFO User logged out
2021-05-10 10:10:20 ERROR Could not resolve DNS for internal resource.
2022-06-22 19:25:39 ALERT Unauthorized login attempt detected
2021-03-24 22:17:48 TRACE Packet dropped due to policy rule
2023-11-22 22:41:29 FAILURE Authentication failed for user admin
2023-08-22 03:28:40 FAILURE Authentication failed for user admin
2021-06-25 11:34:33 TRACE Packet dropped due to policy rule
2022-10-08 08:20:49 ALERT Unauthorized login attempt detected
2021-05-17 07:35:16 INFO Backup completed at
2021-04-05 22:50:09 DEBUG Process exited with code 0
2021-06-10 01:42:57 TRACE Packet dropped due to policy rule
2023-10-09 22:33:25 FAILURE Authentication failed for user admin
2021-01-05 12:10:09 WARNING CPU usage exceeded threshold: 87%
2023-02-07 06:46:57 INFO Connection successful to remote host.
2021-09-07 15:18:04 ALERT Unauthorized login attempt detected
2023-06-21 19:22:35 ERROR Could not resolve DNS for internal resource.
2023-07-02 16:00:26 FAILURE Authentication failed for user admin
2022-04-12 10:50:06 DEBUG Process exited with code 0
2022-02-13 13:07:17 DEBUG Process exited with code 0
2023-10-13 12:34:33 FAILURE Authentication failed for user admin
2021-07-24 16:37:56 DEBUG Process exited with code 0
2022-10-05 20:35:16 INFO User logged out
2022-07-22 21:36:07 INFO Connection successful to remote host.
2022-08-12 08:24:28 NOTICE Service restart triggered by user
2022-05-04 20:37:33 DEBUG Process exited with code 0
2022-03-03 01:23:22 INFO Connection successful to remote host.
2022-02-19 10:02:26 INFO Backup completed at
2022-10-03 11:48:09 NOTICE Service restart triggered by user
2022-02-01 06:06:58 ERROR Could not resolve DNS for internal resource.
2022-11-15 07:36:07 WARNING CPU usage exceeded threshold: 87%
2023-04-25 01:55:35 INFO Connection successful to remote host.
2021-10-23 11:31:27 FAILURE Authentication failed for user admin
2022-05-25 19:46:18 FAILURE Authentication failed for user admin
2022-07-24 13:13:17 ALERT Unauthorized login attempt detected
2022-05-26 13:13:57 FAILURE Authentication failed for user admin
2022-01-09 14:23:11 TRACE Packet dropped due to policy rule
2021-06-21 08:39:01 ALERT Unauthorized login attempt detected
