2021-09-02 16:21:39 NOTICE Service restart triggered by user
2021-06-05 10:28:22 FAILURE Authentication failed for user admin
2021-06-05 21:57:57 FAILURE Authentication failed for user admin
2021-11-17 05:51:32 TRACE Packet dropped due to policy rule
2021-05-23 10:31:19 WARNING CPU usage exceeded threshold: 87%
2021-09-14 03:37:40 FAILURE Authentication failed for user admin
2023-11-16 19:08:22 INFO User logged out
2021-11-01 06:31:56 ERROR Could not resolve DNS for internal resource.
2021-06-21 07:23:39 DEBUG Process exited with code 0
2022-02-07 03:53:34 DEBUG Process exited with code 0
2021-01-12 20:54:42 FAILURE Authentication failed for user admin
2023-06-08 19:03:31 TRACE Packet dropped due to policy rule
2022-10-25 03:47:30 INFO User logged out
2022-09-22 09:50:40 WARNING CPU usage exceeded threshold: 87%
2021-07-03 22:24:45 WARNING CPU usage exceeded threshold: 87%
2022-04-27 13:47:10 INFO Connection successful to remote host.
2023-06-23 11:22:47 FAILURE Authentication failed for user admin
2022-05-24 02:52:48 INFO Connection successful to remote host.
2023-04-03 05:22:11 FAILURE Authentication failed for user admin
2021-08-08 07:04:42 NOTICE Service restart triggered by user
2021-06-10 01:17:58 WARNING CPU usage exceeded threshold: 87%
2021-01-13 02:43:13 DEBUG Process exited with code 0
2021-06-07 15:55:45 INFO User logged out
2023-11-25 19:35:01 WARNING CPU usage exceeded threshold: 87%
2023-10-21 22:12:56 INFO User logged out
2023-08-24 18:42:41 DEBUG Process exited with code 0
2022-10-20 18:16:00 FAILURE Authentication failed for user admin
2023-02-27 04:41:45 DEBUG Process exited with code 0
2023-09-08 07:00:41 FAILURE Authentication failed for user admin
2021-10-19 05:38:28 INFO User logged out
2022-02-06 05:02:14 ALERT Unauthorized login attempt detected
2021-08-25 20:41:18 TRACE Packet dropped due to policy rule
2023-02-08 15:25:56 NOTICE Service restart triggered by user
2022-03-06 09:24:01 FAILURE Authentication failed for user admin
2021-09-05 19:17:19 ALERT Unauthorized login attempt detected
2021-10-15 04:32:31 INFO User logged out
2021-03-27 19:19:28 ALERT Unauthorized login attempt detected
