2022-04-20 10:18:38 INFO Backup completed at
2021-02-27 18:32:14 INFO User logged out
2023-11-05 03:36:56 ERROR Could not resolve DNS for internal resource.
2021-07-07 17:19:25 ERROR Could not resolve DNS for internal resource.
2022-09-25 14:47:48 ALERT Unauthorized login attempt detected
2021-03-25 22:47:22 INFO Backup completed at
2023-03-18 15:34:17 TRACE Packet dropped due to policy rule
2023-05-02 06:05:03 INFO Connection successful to remote host.
2022-05-08 03:37:50 TRACE Packet dropped due to policy rule
2022-09-01 07:26:21 ALERT Unauthorized login attempt detected
2022-03-26 18:25:34 NOTICE Service restart triggered by user
2023-01-22 13:47:06 INFO Backup completed at
2022-10-13 10:45:23 ALERT Unauthorized login attempt detected
2021-07-04 01:34:24 INFO User logged out
2022-01-21 10:37:27 INFO Backup completed at
2021-09-05 09:17:41 INFO Backup completed at
2022-05-17 22:03:23 INFO Backup completed at
2023-03-02 10:34:25 NOTICE Service restart triggered by user
2022-06-22 08:39:02 NOTICE Service restart triggered by user
2022-11-18 05:27:32 INFO Connection successful to remote host.
2021-07-04 09:39:17 DEBUG Process exited with code 0
2023-02-11 17:33:00 DEBUG Process exited with code 0
2021-01-11 08:54:07 DEBUG Process exited with code 0
2021-02-21 08:36:42 INFO Backup completed at
2021-09-06 13:52:20 INFO Backup completed at
2021-07-01 21:00:24 TRACE Packet dropped due to policy rule
2021-09-02 14:44:46 FAILURE Authentication failed for user admin
2023-03-26 14:36:37 NOTICE Service restart triggered by user
2022-07-02 11:05:55 ALERT Unauthorized login attempt detected
2022-07-13 03:54:21 ERROR Could not resolve DNS for internal resource.
2021-05-17 17:09:34 ALERT Unauthorized login attempt detected
2023-02-07 15:29:11 INFO Backup completed at
2022-05-21 21:39:34 ERROR Could not resolve DNS for internal resource.
2021-08-24 14:39:12 INFO Connection successful to remote host.
2022-04-23 03:30:17 NOTICE Service restart triggered by user
2022-11-04 13:58:53 ALERT Unauthorized login attempt detected
2023-11-05 17:31:55 ERROR Could not resolve DNS for internal resource.
2022-07-03 04:02:41 NOTICE Service restart triggered by user
2023-05-01 06:55:42 ERROR Could not resolve DNS for internal resource.
2023-08-14 11:49:47 WARNING CPU usage exceeded threshold: 87%
2022-03-01 17:45:38 DEBUG Process exited with code 0
2023-04-22 04:56:29 INFO User logged out
2021-11-27 21:24:28 ALERT Unauthorized login attempt detected
2021-02-02 05:24:05 DEBUG Process exited with code 0
2023-11-23 22:22:04 ALERT Unauthorized login attempt detected
2023-02-20 01:17:54 NOTICE Service restart triggered by user
2021-03-14 11:30:10 ALERT Unauthorized login attempt detected
2022-03-23 08:39:53 FAILURE Authentication failed for user admin
2023-04-27 14:51:11 NOTICE Service restart triggered by user
2021-11-10 17:12:57 WARNING CPU usage exceeded threshold: 87%
2023-08-26 16:30:34 FAILURE Authentication failed for user admin
2023-08-03 11:01:43 WARNING CPU usage exceeded threshold: 87%
2021-09-06 19:45:40 NOTICE Service restart triggered by user
2021-03-03 02:52:40 FAILURE Authentication failed for user admin
2022-08-07 01:26:30 ALERT Unauthorized login attempt detected
2023-02-21 01:08:05 INFO User logged out
2022-08-20 01:00:35 TRACE Packet dropped due to policy rule
2021-11-09 14:19:17 ALERT Unauthorized login attempt detected
2023-06-21 03:17:51 INFO User logged out
2023-04-20 02:22:56 DEBUG Process exited with code 0
2021-10-15 20:23:44 INFO Backup completed at
2023-02-02 22:36:23 INFO User logged out
2022-02-05 15:57:12 ERROR Could not resolve DNS for internal resource.
2022-04-27 10:15:08 DEBUG Process exited with code 0
2023-02-21 22:57:02 NOTICE Service restart triggered by user
2022-05-06 02:38:41 WARNING CPU usage exceeded threshold: 87%
2021-11-21 00:18:46 DEBUG Process exited with code 0
2023-05-08 14:36:15 TRACE Packet dropped due to policy rule
2021-07-03 02:41:08 ALERT Unauthorized login attempt detected
2023-01-27 11:29:29 INFO User logged out
2023-08-14 14:49:36 ERROR Could not resolve DNS for internal resource.
2021-06-06 05:15:15 INFO Backup completed at
2021-02-08 11:09:19 FAILURE Authentication failed for user admin
2021-11-07 08:43:53 DEBUG Process exited with code 0
2022-07-07 20:11:55 INFO Connection successful to remote host.
2021-11-12 05:54:24 FAILURE Authentication failed for user admin
2022-04-03 10:31:18 INFO Connection successful to remote host.
2023-01-17 04:39:27 INFO Backup completed at
2023-03-10 22:21:00 INFO User logged out
2023-08-07 02:31:22 WARNING CPU usage exceeded threshold: 87%
2021-08-21 09:28:53 TRACE Packet dropped due to policy rule
2023-03-06 14:47:36 NOTICE Service restart triggered by user
2023-01-10 18:54:47 NOTICE Service restart triggered by user
2021-09-23 04:30:43 INFO User logged out
2021-04-25 03:51:48 ALERT Unauthorized login attempt detected
2022-03-01 15:10:49 INFO Connection successful to remote host.
2022-07-13 06:02:15 FAILURE Authentication failed for user admin
2021-06-23 18:01:48 NOTICE Service restart triggered by user
2021-09-08 05:50:48 WARNING CPU usage exceeded threshold: 87%
2021-03-09 04:32:00 TRACE Packet dropped due to policy rule
2023-04-18 04:19:22 INFO Connection successful to remote host.
2021-02-24 18:23:10 ERROR Could not resolve DNS for internal resource.
2023-02-24 19:56:54 INFO Backup completed at
2023-02-21 07:16:03 ALERT Unauthorized login attempt detected
2022-10-04 10:36:55 ERROR Could not resolve DNS for internal resource.
2021-01-20 11:16:46 ERROR Could not resolve DNS for internal resource.
2021-03-09 06:07:22 INFO Backup completed at
2021-06-21 22:08:54 INFO Connection successful to remote host.
2022-06-10 22:41:56 FAILURE Authentication failed for user admin
2022-02-05 21:56:01 TRACE Packet dropped due to policy rule
2022-03-06 15:26:42 TRACE Packet dropped due to policy rule
2022-06-24 06:33:00 TRACE Packet dropped due to policy rule
2023-06-17 13:21:44 INFO User logged out
2021-08-09 03:38:43 NOTICE Service restart triggered by user
2023-09-04 13:24:20 ALERT Unauthorized login attempt detected
2021-06-05 19:00:04 INFO Connection successful to remote host.
2022-06-01 15:26:10 ERROR Could not resolve DNS for internal resource.
2022-01-01 10:55:15 INFO User logged out
2022-01-22 05:51:54 WARNING CPU usage exceeded threshold: 87%
2023-02-05 07:47:35 NOTICE Service restart triggered by user
2022-07-16 11:33:49 TRACE Packet dropped due to policy rule
2021-01-06 06:49:19 FAILURE Authentication failed for user admin
2023-01-11 17:23:40 WARNING CPU usage exceeded threshold: 87%
2022-02-27 21:00:21 INFO Backup completed at
2021-04-11 00:07:53 INFO User logged out
2022-09-06 16:16:49 FAILURE Authentication failed for user admin
2021-06-16 10:03:29 FAILURE Authentication failed for user admin
2023-04-01 01:16:27 INFO Connection successful to remote host.
2022-04-22 10:55:13 INFO Connection successful to remote host.
2021-08-18 09:29:35 INFO Backup completed at
2023-01-15 11:06:49 NOTICE Service restart triggered by user
2022-07-23 01:35:52 ERROR Could not resolve DNS for internal resource.
2021-02-25 11:49:04 DEBUG Process exited with code 0
2022-11-08 03:44:53 INFO Backup completed at
2022-07-17 21:20:16 DEBUG Process exited with code 0
2021-06-07 11:58:04 ERROR Could not resolve DNS for internal resource.
2022-05-27 00:16:49 ALERT Unauthorized login attempt detected
2022-06-01 03:28:52 INFO Backup completed at
2022-04-07 18:26:27 FAILURE Authentication failed for user admin
2022-05-04 15:25:33 INFO Connection successful to remote host.
2021-01-05 12:17:52 TRACE Packet dropped due to policy rule
2021-10-11 14:08:54 INFO User logged out
2022-10-27 15:11:58 ERROR Could not resolve DNS for internal resource.
2022-08-22 18:07:18 ALERT Unauthorized login attempt detected
2022-07-04 18:02:16 FAILURE Authentication failed for user admin
2021-10-12 03:25:11 INFO User logged out
2021-07-02 03:35:37 ALERT Unauthorized login attempt detected
2021-11-12 12:11:22 INFO User logged out
2022-06-07 07:55:02 DEBUG Process exited with code 0
2022-06-26 00:17:03 TRACE Packet dropped due to policy rule
2023-11-14 07:07:33 TRACE Packet dropped due to policy rule
2023-10-20 18:43:23 INFO Backup completed at
2021-10-03 04:25:27 INFO User logged out
2023-09-22 03:04:24 INFO Connection successful to remote host.
2022-07-25 10:26:52 INFO Backup completed at
2023-10-07 08:28:17 DEBUG Process exited with code 0
2022-06-11 02:04:35 TRACE Packet dropped due to policy rule
2023-05-04 09:49:38 INFO User logged out
2023-09-05 15:38:00 WARNING CPU usage exceeded threshold: 87%
2021-05-05 16:10:36 DEBUG Process exited with code 0
