2022-07-06 14:25:49 FAILURE Authentication failed for user admin
2022-11-26 08:28:39 WARNING CPU usage exceeded threshold: 87%
2023-05-07 05:53:08 INFO Backup completed at
2021-05-23 04:22:33 DEBUG Process exited with code 0
2021-05-07 20:20:21 INFO Backup completed at
2021-09-11 00:28:26 WARNING CPU usage exceeded threshold: 87%
2021-06-25 05:56:49 INFO Connection successful to remote host.
2021-07-03 11:23:09 ERROR Could not resolve DNS for internal resource.
2023-05-03 01:33:35 TRACE Packet dropped due to policy rule
2023-08-22 10:23:41 ALERT Unauthorized login attempt detected
2022-02-20 09:48:33 WARNING CPU usage exceeded threshold: 87%
2023-05-23 12:21:08 TRACE Packet dropped due to policy rule
2022-09-24 05:38:07 ERROR Could not resolve DNS for internal resource.
2021-04-06 22:23:45 WARNING CPU usage exceeded threshold: 87%
2023-01-14 21:38:53 DEBUG Process exited with code 0
2023-02-20 08:34:56 INFO User logged out
2023-06-10 00:14:18 TRACE Packet dropped due to policy rule
2022-09-11 22:18:41 ERROR Could not resolve DNS for internal resource.
2022-02-27 11:26:46 ERROR Could not resolve DNS for internal resource.
2021-01-26 15:01:10 INFO User logged out
2021-03-22 22:39:07 DEBUG Process exited with code 0
2021-04-25 22:02:46 NOTICE Service restart triggered by user
2021-08-21 17:39:36 NOTICE Service restart triggered by user
2022-02-18 03:40:43 INFO Backup completed at
2021-05-16 10:05:14 ERROR Could not resolve DNS for internal resource.
2021-01-08 03:01:36 INFO User logged out
2022-11-19 20:12:42 INFO Backup completed at
2022-10-24 04:54:34 NOTICE Service restart triggered by user
2023-05-11 09:20:35 INFO User logged out
2021-05-11 07:30:09 ALERT Unauthorized login attempt detected
2021-07-24 07:06:38 TRACE Packet dropped due to policy rule
2022-04-04 17:26:11 ALERT Unauthorized login attempt detected
2021-07-23 19:45:19 INFO Connection successful to remote host.
2022-11-27 17:22:00 NOTICE Service restart triggered by user
2022-04-01 19:19:09 ALERT Unauthorized login attempt detected
2021-03-18 05:26:13 INFO Connection successful to remote host.
2022-09-15 14:25:35 INFO Backup completed at
2022-08-16 21:10:03 DEBUG Process exited with code 0
2022-08-23 20:49:18 INFO User logged out
2022-10-09 06:17:45 WARNING CPU usage exceeded threshold: 87%
2023-10-23 17:16:58 WARNING CPU usage exceeded threshold: 87%
2023-05-24 01:36:29 DEBUG Process exited with code 0
2021-01-21 00:07:26 NOTICE Service restart triggered by user
2023-06-11 11:22:43 ERROR Could not resolve DNS for internal resource.
2022-01-27 19:08:53 ALERT Unauthorized login attempt detected
2021-05-01 15:34:10 INFO Connection successful to remote host.
2021-05-10 14:50:47 INFO Backup completed at
2021-05-10 05:25:10 TRACE Packet dropped due to policy rule
2021-01-11 11:23:02 NOTICE Service restart triggered by user
2022-08-19 16:45:19 ERROR Could not resolve DNS for internal resource.
2023-05-07 18:51:36 INFO User logged out
2021-07-11 06:37:35 INFO Backup completed at
2023-09-11 13:40:28 INFO Connection successful to remote host.
2021-11-24 17:26:36 TRACE Packet dropped due to policy rule
