2023-01-08 11:01:32 INFO Backup completed at
2023-07-19 01:37:51 INFO User logged out
2021-02-13 02:51:42 INFO Backup completed at
2023-02-27 18:21:49 TRACE Packet dropped due to policy rule
2021-01-06 01:22:37 NOTICE Service restart triggered by user
2022-07-21 20:09:49 DEBUG Process exited with code 0
2022-04-10 08:03:13 TRACE Packet dropped due to policy rule
2022-04-12 09:46:42 ALERT Unauthorized login attempt detected
2021-06-11 12:40:38 DEBUG Process exited with code 0
2022-08-15 20:43:43 WARNING CPU usage exceeded threshold: 87%
2021-06-15 14:53:43 INFO User logged out
2023-07-18 13:43:10 NOTICE Service restart triggered by user
2021-06-02 11:02:24 ERROR Could not resolve DNS for internal resource.
2021-02-27 09:55:28 TRACE Packet dropped due to policy rule
2022-06-09 11:12:24 NOTICE Service restart triggered by user
2022-08-22 01:57:46 INFO Backup completed at
2023-04-24 03:10:01 TRACE Packet dropped due to policy rule
2022-09-09 09:10:09 INFO Backup completed at
2021-02-06 10:42:37 INFO Connection successful to remote host.
2021-02-19 11:12:00 INFO Backup completed at
2021-07-14 21:04:13 ALERT Unauthorized login attempt detected
2022-02-26 22:50:25 TRACE Packet dropped due to policy rule
2022-02-27 02:27:56 INFO Backup completed at
2022-07-07 11:35:00 WARNING CPU usage exceeded threshold: 87%
2023-02-12 00:52:40 TRACE Packet dropped due to policy rule
2023-03-09 21:13:02 ALERT Unauthorized login attempt detected
2021-06-15 11:07:14 DEBUG Process exited with code 0
2021-05-22 00:26:09 INFO Connection successful to remote host.
2023-11-02 14:34:57 INFO Connection successful to remote host.
2021-05-14 11:53:31 INFO User logged out
2023-02-11 19:58:30 ERROR Could not resolve DNS for internal resource.
2022-04-27 17:01:50 NOTICE Service restart triggered by user
2022-09-11 09:33:54 INFO Backup completed at
2022-03-17 16:38:31 INFO User logged out
2021-08-16 22:15:35 WARNING CPU usage exceeded threshold: 87%
2021-05-27 02:35:27 INFO User logged out
2023-07-17 22:08:03 TRACE Packet dropped due to policy rule
2023-09-12 16:02:09 INFO Connection successful to remote host.
2023-10-17 03:00:18 INFO Connection successful to remote host.
2023-10-24 15:52:13 INFO User logged out
2023-04-02 02:41:57 INFO User logged out
2023-08-09 04:53:11 NOTICE Service restart triggered by user
2021-03-13 14:00:21 NOTICE Service restart triggered by user
2023-03-01 01:43:19 WARNING CPU usage exceeded threshold: 87%
2023-08-23 07:51:37 ALERT Unauthorized login attempt detected
2022-10-27 02:42:56 INFO Backup completed at
2023-11-14 06:28:03 ALERT Unauthorized login attempt detected
2023-03-11 16:37:36 INFO Connection successful to remote host.
2023-01-11 05:51:01 ERROR Could not resolve DNS for internal resource.
2022-09-22 14:09:36 TRACE Packet dropped due to policy rule
2021-08-12 04:11:42 ALERT Unauthorized login attempt detected
2021-05-26 00:14:09 ALERT Unauthorized login attempt detected
2022-02-21 17:35:01 TRACE Packet dropped due to policy rule
2022-06-02 17:25:16 ALERT Unauthorized login attempt detected
2021-06-05 12:13:21 WARNING CPU usage exceeded threshold: 87%
2022-09-22 18:07:42 INFO Backup completed at
2022-05-26 12:39:57 WARNING CPU usage exceeded threshold: 87%
2023-10-03 17:16:22 ERROR Could not resolve DNS for internal resource.
2021-06-18 04:22:36 NOTICE Service restart triggered by user
2021-02-10 11:50:21 INFO Connection successful to remote host.
2021-01-08 10:39:26 ERROR Could not resolve DNS for internal resource.
2023-10-11 06:04:32 TRACE Packet dropped due to policy rule
2022-11-25 20:42:21 DEBUG Process exited with code 0
2023-06-18 14:26:36 ALERT Unauthorized login attempt detected
2021-05-25 14:34:42 INFO Backup completed at
2022-04-27 05:50:33 NOTICE Service restart triggered by user
2023-06-14 17:41:35 INFO Backup completed at
2021-08-01 22:31:44 FAILURE Authentication failed for user admin
2023-05-08 01:56:13 TRACE Packet dropped due to policy rule
2021-01-21 03:23:29 INFO Backup completed at
2022-06-27 11:15:43 DEBUG Process exited with code 0
2023-02-10 18:55:30 ALERT Unauthorized login attempt detected
2023-09-04 19:26:38 INFO User logged out
2022-05-18 12:29:39 ALERT Unauthorized login attempt detected
2022-06-02 05:47:12 NOTICE Service restart triggered by user
2023-10-24 06:44:50 DEBUG Process exited with code 0
2021-04-16 15:06:22 WARNING CPU usage exceeded threshold: 87%
2023-06-07 06:07:04 NOTICE Service restart triggered by user
2021-05-20 20:36:44 INFO Backup completed at
2021-07-10 06:57:58 WARNING CPU usage exceeded threshold: 87%
2022-05-20 10:39:12 DEBUG Process exited with code 0
2023-09-11 15:42:20 ERROR Could not resolve DNS for internal resource.
2022-10-15 22:40:43 TRACE Packet dropped due to policy rule
2022-05-05 04:03:01 TRACE Packet dropped due to policy rule
2021-03-14 14:53:14 TRACE Packet dropped due to policy rule
2022-03-16 14:50:14 INFO User logged out
2022-05-04 08:03:45 WARNING CPU usage exceeded threshold: 87%
2021-03-03 16:04:07 FAILURE Authentication failed for user admin
2023-06-02 01:36:05 INFO User logged out
2022-11-12 21:34:46 TRACE Packet dropped due to policy rule
2022-06-17 01:35:16 NOTICE Service restart triggered by user
2023-09-09 18:17:43 INFO Backup completed at
2023-05-18 16:31:26 TRACE Packet dropped due to policy rule
2022-05-03 11:28:48 INFO Connection successful to remote host.
2022-03-15 03:39:48 INFO Connection successful to remote host.
2021-05-08 22:38:42 INFO Backup completed at
2021-01-16 12:46:37 DEBUG Process exited with code 0
2022-02-01 00:47:43 NOTICE Service restart triggered by user
2022-11-18 13:18:20 DEBUG Process exited with code 0
2022-09-18 05:53:37 INFO User logged out
2021-08-03 03:35:32 TRACE Packet dropped due to policy rule
2023-08-01 05:55:17 ERROR Could not resolve DNS for internal resource.
