2023-03-25 06:05:14 TRACE Packet dropped due to policy rule
2021-03-27 06:43:16 INFO Backup completed at
2021-11-15 17:13:03 TRACE Packet dropped due to policy rule
2021-11-06 04:23:13 FAILURE Authentication failed for user admin
2023-05-03 06:44:28 INFO Backup completed at
2023-09-22 07:21:51 WARNING CPU usage exceeded threshold: 87%
2021-09-21 01:36:14 FAILURE Authentication failed for user admin
2022-05-17 13:09:36 INFO User logged out
2023-11-24 20:05:31 INFO User logged out
2023-01-09 02:38:28 ERROR Could not resolve DNS for internal resource.
2023-11-15 09:42:20 INFO Backup completed at
2022-08-06 07:34:51 NOTICE Service restart triggered by user
2022-07-06 07:22:58 NOTICE Service restart triggered by user
2022-05-03 21:49:49 ALERT Unauthorized login attempt detected
2021-11-24 20:00:32 TRACE Packet dropped due to policy rule
2021-07-01 19:31:10 FAILURE Authentication failed for user admin
2021-07-16 13:09:21 TRACE Packet dropped due to policy rule
2022-04-02 13:09:13 FAILURE Authentication failed for user admin
2023-08-17 05:46:20 DEBUG Process exited with code 0
2021-11-22 19:04:55 INFO Connection successful to remote host.
2022-03-02 21:52:00 NOTICE Service restart triggered by user
2021-06-05 09:04:34 NOTICE Service restart triggered by user
2023-07-22 00:19:21 INFO Backup completed at
2021-07-25 13:04:35 INFO Backup completed at
2022-01-12 11:01:58 TRACE Packet dropped due to policy rule
2021-08-24 18:45:39 ALERT Unauthorized login attempt detected
2023-06-16 11:13:32 INFO Connection successful to remote host.
2021-05-03 03:33:12 NOTICE Service restart triggered by user
2021-05-04 02:49:28 ALERT Unauthorized login attempt detected
2022-04-06 07:56:58 TRACE Packet dropped due to policy rule
2023-03-22 12:07:25 INFO Backup completed at
2023-06-13 09:18:28 INFO User logged out
2023-11-18 16:31:00 INFO Backup completed at
2021-02-16 00:44:48 INFO Connection successful to remote host.
2022-01-08 20:28:39 INFO User logged out
2023-07-21 05:00:54 DEBUG Process exited with code 0
2022-06-03 15:34:13 INFO User logged out
2023-01-23 04:39:57 DEBUG Process exited with code 0
2023-10-21 16:25:10 INFO Connection successful to remote host.
2021-02-08 20:55:38 INFO User logged out
2021-09-19 04:54:02 INFO Connection successful to remote host.
2023-07-15 21:10:34 TRACE Packet dropped due to policy rule
2021-09-03 07:25:43 ERROR Could not resolve DNS for internal resource.
2022-11-08 09:10:48 INFO User logged out
2023-11-05 21:46:14 INFO Connection successful to remote host.
2022-01-20 11:29:25 INFO Connection successful to remote host.
2021-01-08 15:08:24 INFO Connection successful to remote host.
2022-06-05 08:47:37 TRACE Packet dropped due to policy rule
2022-03-14 20:55:51 NOTICE Service restart triggered by user
2022-05-07 01:03:54 ERROR Could not resolve DNS for internal resource.
2022-11-16 13:24:17 INFO User logged out
2023-01-26 18:46:41 ERROR Could not resolve DNS for internal resource.
2023-01-21 12:44:04 NOTICE Service restart triggered by user
2022-11-11 15:57:27 INFO User logged out
2023-03-10 14:01:46 ERROR Could not resolve DNS for internal resource.
2023-02-26 08:16:05 INFO Connection successful to remote host.
2022-02-09 09:00:00 TRACE Packet dropped due to policy rule
2022-05-10 02:58:29 FAILURE Authentication failed for user admin
2022-03-06 18:38:17 INFO User logged out
2023-09-18 04:55:58 WARNING CPU usage exceeded threshold: 87%
2023-01-03 00:28:47 INFO Backup completed at
2022-06-07 15:19:22 DEBUG Process exited with code 0
2022-03-21 19:34:14 ALERT Unauthorized login attempt detected
2021-09-05 03:47:05 DEBUG Process exited with code 0
2023-03-17 11:24:27 TRACE Packet dropped due to policy rule
2021-06-07 06:22:27 ERROR Could not resolve DNS for internal resource.
2023-10-10 05:31:03 ERROR Could not resolve DNS for internal resource.
2023-10-10 03:50:01 ALERT Unauthorized login attempt detected
2021-11-18 11:53:47 FAILURE Authentication failed for user admin
2021-11-18 06:48:16 DEBUG Process exited with code 0
2021-07-16 06:15:55 DEBUG Process exited with code 0
2021-08-26 19:32:21 DEBUG Process exited with code 0
2021-07-01 12:31:25 ERROR Could not resolve DNS for internal resource.
2022-06-07 04:25:41 TRACE Packet dropped due to policy rule
2022-09-02 16:04:43 ERROR Could not resolve DNS for internal resource.
2021-05-21 14:58:21 INFO Backup completed at
2021-04-05 05:06:57 WARNING CPU usage exceeded threshold: 87%
2021-08-26 14:25:52 INFO Backup completed at
2022-11-09 02:47:36 INFO Connection successful to remote host.
2021-06-12 20:20:34 DEBUG Process exited with code 0
2023-03-04 20:56:18 INFO Backup completed at
2023-09-12 22:27:37 ERROR Could not resolve DNS for internal resource.
2021-10-21 00:05:08 INFO User logged out
2022-05-08 04:10:50 NOTICE Service restart triggered by user
2021-07-15 00:32:29 WARNING CPU usage exceeded threshold: 87%
2022-01-20 02:57:19 TRACE Packet dropped due to policy rule
2022-06-25 07:15:36 NOTICE Service restart triggered by user
2023-04-22 17:15:30 DEBUG Process exited with code 0
2021-02-21 10:30:49 INFO User logged out
2021-11-07 10:48:26 WARNING CPU usage exceeded threshold: 87%
2023-06-27 03:37:05 ALERT Unauthorized login attempt detected
2023-08-11 20:26:50 FAILURE Authentication failed for user admin
2021-11-04 18:42:05 DEBUG Process exited with code 0
2022-02-12 17:42:43 ERROR Could not resolve DNS for internal resource.
2021-10-08 14:19:51 NOTICE Service restart triggered by user
2021-02-12 02:29:39 INFO Backup completed at
2022-06-18 20:51:50 WARNING CPU usage exceeded threshold: 87%
2022-09-24 12:31:11 WARNING CPU usage exceeded threshold: 87%
2021-11-05 10:33:24 FAILURE Authentication failed for user admin
2021-09-10 07:13:09 INFO Backup completed at
2022-07-24 17:24:47 WARNING CPU usage exceeded threshold: 87%
2023-02-15 22:38:08 TRACE Packet dropped due to policy rule
2021-02-11 02:35:07 INFO Backup completed at
2023-03-19 10:29:49 INFO Connection successful to remote host.
2023-11-14 02:36:24 NOTICE Service restart triggered by user
2021-09-14 13:49:58 ERROR Could not resolve DNS for internal resource.
2021-07-09 14:23:43 DEBUG Process exited with code 0
2021-08-12 17:42:14 INFO Backup completed at
2021-04-23 16:46:52 DEBUG Process exited with code 0
2023-07-11 22:48:38 DEBUG Process exited with code 0
2022-06-03 17:29:35 FAILURE Authentication failed for user admin
2021-09-18 02:47:12 DEBUG Process exited with code 0
2021-02-12 03:10:14 TRACE Packet dropped due to policy rule
2021-10-05 10:35:05 WARNING CPU usage exceeded threshold: 87%
2021-06-01 18:12:21 FAILURE Authentication failed for user admin
2023-04-07 21:34:27 WARNING CPU usage exceeded threshold: 87%
2021-06-11 15:22:50 FAILURE Authentication failed for user admin
2023-07-18 05:09:22 INFO User logged out
2022-07-02 06:07:55 ALERT Unauthorized login attempt detected
2023-03-06 10:14:32 WARNING CPU usage exceeded threshold: 87%
2023-06-13 10:46:07 TRACE Packet dropped due to policy rule
2021-04-26 04:36:28 INFO Connection successful to remote host.
2021-08-25 04:39:23 INFO Connection successful to remote host.
2021-01-05 04:33:28 DEBUG Process exited with code 0
2023-04-17 22:57:14 FAILURE Authentication failed for user admin
2023-11-10 07:29:49 INFO Backup completed at
2022-07-17 02:51:50 DEBUG Process exited with code 0
2022-06-13 16:10:27 ALERT Unauthorized login attempt detected
2023-06-20 00:20:04 INFO User logged out
2022-01-09 07:23:02 INFO Backup completed at
2022-06-20 10:52:52 INFO Connection successful to remote host.
2022-07-01 14:01:08 WARNING CPU usage exceeded threshold: 87%
2023-01-22 02:33:28 ALERT Unauthorized login attempt detected
2022-02-27 09:12:23 ALERT Unauthorized login attempt detected
2022-10-06 13:38:35 INFO User logged out
2021-11-02 00:09:43 ALERT Unauthorized login attempt detected
2023-02-07 06:25:04 TRACE Packet dropped due to policy rule
2023-07-13 00:08:31 ALERT Unauthorized login attempt detected
2022-07-20 18:49:29 WARNING CPU usage exceeded threshold: 87%
2022-10-06 01:04:18 NOTICE Service restart triggered by user
2022-09-04 17:41:54 ALERT Unauthorized login attempt detected
2021-05-25 04:10:28 ERROR Could not resolve DNS for internal resource.
2022-09-18 15:36:49 NOTICE Service restart triggered by user
2023-01-23 07:48:34 ALERT Unauthorized login attempt detected
2023-11-18 10:03:45 ERROR Could not resolve DNS for internal resource.
2022-11-07 16:26:34 DEBUG Process exited with code 0
2023-11-14 12:23:30 INFO Backup completed at
2022-03-19 10:20:52 INFO Backup completed at
2022-08-15 16:25:01 TRACE Packet dropped due to policy rule
2021-01-12 02:32:36 FAILURE Authentication failed for user admin
2021-11-11 08:46:52 INFO User logged out
2021-03-19 05:48:48 INFO Backup completed at
2023-01-23 05:03:34 ERROR Could not resolve DNS for internal resource.
2023-09-27 19:55:13 FAILURE Authentication failed for user admin
2022-10-15 10:40:17 INFO Backup completed at
2023-04-27 15:31:55 INFO Backup completed at
2021-02-12 14:09:54 ALERT Unauthorized login attempt detected
2022-04-14 03:58:39 FAILURE Authentication failed for user admin
2023-02-02 08:48:00 INFO User logged out
2022-06-18 00:52:01 INFO Connection successful to remote host.
2023-04-17 16:32:17 INFO Backup completed at
2022-08-11 16:16:19 INFO Backup completed at
2022-01-01 10:03:20 ERROR Could not resolve DNS for internal resource.
2022-11-19 13:10:28 INFO User logged out
2021-05-02 04:05:16 ERROR Could not resolve DNS for internal resource.
2021-02-17 16:25:43 NOTICE Service restart triggered by user
2022-10-03 08:39:56 NOTICE Service restart triggered by user
2022-08-18 05:26:37 ERROR Could not resolve DNS for internal resource.
2023-09-22 21:04:36 TRACE Packet dropped due to policy rule
2022-07-11 04:09:00 FAILURE Authentication failed for user admin
2021-09-25 13:45:27 ALERT Unauthorized login attempt detected
2021-01-10 07:14:01 ALERT Unauthorized login attempt detected
2023-06-19 03:11:27 NOTICE Service restart triggered by user
2021-08-19 19:30:21 WARNING CPU usage exceeded threshold: 87%
2022-06-02 05:16:06 WARNING CPU usage exceeded threshold: 87%
