2021-04-11 06:14:54 INFO Backup completed at
2021-08-08 06:22:33 NOTICE Service restart triggered by user
2023-08-25 21:39:04 DEBUG Process exited with code 0
2023-11-02 18:32:45 INFO Backup completed at
2021-10-16 11:04:48 DEBUG Process exited with code 0
2023-05-05 04:09:01 DEBUG Process exited with code 0
2023-04-25 17:08:17 INFO Connection successful to remote host.
2021-02-07 05:12:21 ERROR Could not resolve DNS for internal resource.
2021-04-16 22:51:48 INFO Backup completed at
2023-11-22 05:00:14 NOTICE Service restart triggered by user
2022-11-24 06:46:18 ERROR Could not resolve DNS for internal resource.
2022-04-04 00:09:17 ALERT Unauthorized login attempt detected
2022-08-20 12:39:42 ALERT Unauthorized login attempt detected
2023-11-21 15:35:10 NOTICE Service restart triggered by user
2021-08-01 00:14:23 ERROR Could not resolve DNS for internal resource.
2022-10-26 12:28:43 ERROR Could not resolve DNS for internal resource.
2022-03-15 13:12:08 NOTICE Service restart triggered by user
2021-02-03 10:23:02 ALERT Unauthorized login attempt detected
2021-04-09 02:12:50 FAILURE Authentication failed for user admin
2021-05-03 11:18:07 INFO Backup completed at
2023-07-04 14:12:17 FAILURE Authentication failed for user admin
2021-01-25 09:23:33 INFO User logged out
2022-01-09 01:47:05 ALERT Unauthorized login attempt detected
2022-11-01 17:46:00 INFO User logged out
2021-09-12 22:58:22 TRACE Packet dropped due to policy rule
2022-11-27 07:05:49 INFO Backup completed at
2021-03-06 04:43:39 INFO Backup completed at
2022-11-19 16:21:38 NOTICE Service restart triggered by user
2021-06-23 22:57:02 DEBUG Process exited with code 0
2023-05-11 19:10:31 INFO Connection successful to remote host.
2023-04-17 03:54:07 INFO Connection successful to remote host.
2021-05-27 03:28:58 FAILURE Authentication failed for user admin
2023-07-15 18:37:42 INFO Backup completed at
2023-09-26 10:54:31 WARNING CPU usage exceeded threshold: 87%
2023-09-20 21:15:10 ERROR Could not resolve DNS for internal resource.
2021-05-13 14:44:44 INFO Connection successful to remote host.
2023-08-02 06:43:55 WARNING CPU usage exceeded threshold: 87%
2022-10-15 04:07:11 NOTICE Service restart triggered by user
2022-11-12 16:19:19 TRACE Packet dropped due to policy rule
2022-05-03 02:19:27 INFO Connection successful to remote host.
2022-10-13 03:43:25 FAILURE Authentication failed for user admin
2023-11-20 19:48:20 ALERT Unauthorized login attempt detected
2023-07-07 02:46:25 DEBUG Process exited with code 0
2023-10-05 06:20:01 INFO User logged out
2021-01-19 14:53:54 NOTICE Service restart triggered by user
2021-09-13 21:22:45 FAILURE Authentication failed for user admin
2023-07-13 04:01:05 DEBUG Process exited with code 0
2021-04-25 11:33:53 WARNING CPU usage exceeded threshold: 87%
2021-03-01 07:02:53 ALERT Unauthorized login attempt detected
2021-10-09 02:24:14 INFO Backup completed at
2021-03-22 08:41:42 WARNING CPU usage exceeded threshold: 87%
2022-09-10 20:18:18 TRACE Packet dropped due to policy rule
2021-04-20 07:41:13 NOTICE Service restart triggered by user
2022-11-27 01:14:06 DEBUG Process exited with code 0
2022-01-26 06:22:15 INFO Backup completed at
2021-08-03 02:22:50 ALERT Unauthorized login attempt detected
2022-11-22 07:58:04 DEBUG Process exited with code 0
2021-02-09 19:26:16 WARNING CPU usage exceeded threshold: 87%
2023-11-06 03:28:41 NOTICE Service restart triggered by user
2021-05-08 12:03:26 INFO User logged out
2023-04-21 22:41:54 ALERT Unauthorized login attempt detected
2023-11-18 05:24:47 INFO User logged out
2022-07-18 19:58:31 INFO Connection successful to remote host.
2021-09-22 04:05:12 INFO Connection successful to remote host.
2021-02-24 12:48:30 FAILURE Authentication failed for user admin
2021-11-18 12:17:03 TRACE Packet dropped due to policy rule
2022-09-06 09:53:49 INFO Connection successful to remote host.
2023-09-12 09:52:56 ERROR Could not resolve DNS for internal resource.
2021-02-21 13:18:13 INFO User logged out
2021-06-06 01:25:09 ALERT Unauthorized login attempt detected
2022-09-11 01:51:25 DEBUG Process exited with code 0
2022-07-04 05:27:37 NOTICE Service restart triggered by user
2021-01-25 04:16:48 INFO Backup completed at
2022-09-14 20:52:26 INFO Backup completed at
2021-03-20 01:41:50 TRACE Packet dropped due to policy rule
2021-02-25 14:58:27 INFO Backup completed at
2021-03-15 07:42:01 ALERT Unauthorized login attempt detected
2021-04-06 08:56:35 INFO User logged out
2023-01-22 13:27:43 INFO Connection successful to remote host.
2022-05-19 05:37:01 ERROR Could not resolve DNS for internal resource.
2023-05-12 03:50:32 INFO User logged out
2022-02-07 22:39:06 INFO User logged out
2022-11-09 22:29:44 INFO Backup completed at
2022-09-21 14:46:39 NOTICE Service restart triggered by user
2021-06-17 02:55:02 NOTICE Service restart triggered by user
2021-10-03 00:22:35 FAILURE Authentication failed for user admin
2021-02-24 00:15:20 INFO Connection successful to remote host.
2023-08-14 00:25:55 INFO Backup completed at
2021-06-19 11:55:48 ERROR Could not resolve DNS for internal resource.
2022-03-07 11:26:05 TRACE Packet dropped due to policy rule
2021-02-27 02:19:55 TRACE Packet dropped due to policy rule
2021-07-21 18:30:37 INFO Connection successful to remote host.
2021-10-13 10:42:38 DEBUG Process exited with code 0
2022-03-25 08:15:20 INFO Connection successful to remote host.
2022-03-21 18:15:26 TRACE Packet dropped due to policy rule
2023-05-19 02:34:16 INFO Backup completed at
2021-08-25 05:31:07 ERROR Could not resolve DNS for internal resource.
2021-11-09 04:24:20 WARNING CPU usage exceeded threshold: 87%
2023-04-22 22:16:35 FAILURE Authentication failed for user admin
2023-05-17 12:21:21 FAILURE Authentication failed for user admin
2022-11-06 11:26:49 ALERT Unauthorized login attempt detected
2021-09-07 01:41:44 NOTICE Service restart triggered by user
2021-03-22 16:29:15 DEBUG Process exited with code 0
2021-07-18 02:01:29 INFO Connection successful to remote host.
2023-09-07 01:39:49 FAILURE Authentication failed for user admin
2023-11-08 00:38:49 TRACE Packet dropped due to policy rule
2023-10-12 13:35:27 FAILURE Authentication failed for user admin
2022-06-04 04:40:54 TRACE Packet dropped due to policy rule
2023-01-14 00:31:29 INFO User logged out
2023-07-20 05:23:37 DEBUG Process exited with code 0
2023-06-19 02:43:21 WARNING CPU usage exceeded threshold: 87%
2022-09-13 21:29:07 INFO Connection successful to remote host.
2023-02-13 10:22:20 TRACE Packet dropped due to policy rule
2021-01-18 01:16:29 ERROR Could not resolve DNS for internal resource.
2021-03-13 03:09:22 DEBUG Process exited with code 0
2023-04-20 05:40:02 INFO Backup completed at
2023-01-04 15:06:45 DEBUG Process exited with code 0
2022-10-04 02:52:01 INFO Connection successful to remote host.
2022-02-22 22:07:32 DEBUG Process exited with code 0
2021-05-22 05:38:22 TRACE Packet dropped due to policy rule
2022-01-21 07:51:42 INFO Backup completed at
2023-05-26 15:26:13 WARNING CPU usage exceeded threshold: 87%
2021-01-14 08:37:41 INFO User logged out
2021-09-14 13:41:11 INFO User logged out
2021-01-04 19:56:13 DEBUG Process exited with code 0
2022-09-22 12:49:04 FAILURE Authentication failed for user admin
2022-02-08 21:20:13 NOTICE Service restart triggered by user
2021-06-16 13:39:10 NOTICE Service restart triggered by user
2021-06-25 22:54:08 WARNING CPU usage exceeded threshold: 87%
2021-10-08 05:56:48 ALERT Unauthorized login attempt detected
2021-01-02 16:16:26 WARNING CPU usage exceeded threshold: 87%
2021-01-09 19:32:26 TRACE Packet dropped due to policy rule
2021-02-02 10:08:11 INFO Connection successful to remote host.
2021-08-12 14:58:19 INFO Connection successful to remote host.
2023-01-06 03:16:11 NOTICE Service restart triggered by user
2023-10-17 03:11:39 TRACE Packet dropped due to policy rule
2021-03-23 00:06:31 INFO Backup completed at
2021-04-14 08:24:32 NOTICE Service restart triggered by user
2021-02-01 11:16:37 DEBUG Process exited with code 0
2023-08-03 11:08:13 ERROR Could not resolve DNS for internal resource.
2022-02-27 01:52:45 DEBUG Process exited with code 0
2021-07-12 03:35:09 ALERT Unauthorized login attempt detected
2023-02-09 05:22:04 INFO User logged out
2022-03-19 14:51:36 TRACE Packet dropped due to policy rule
2023-09-06 21:19:25 NOTICE Service restart triggered by user
2023-09-17 14:34:07 DEBUG Process exited with code 0
2023-08-18 04:29:46 WARNING CPU usage exceeded threshold: 87%
2023-10-14 09:19:48 NOTICE Service restart triggered by user
2023-06-12 04:11:19 INFO Backup completed at
2021-05-06 13:44:01 TRACE Packet dropped due to policy rule
2022-05-26 07:13:29 TRACE Packet dropped due to policy rule
2022-11-15 22:25:16 TRACE Packet dropped due to policy rule
2022-03-08 11:38:58 INFO Backup completed at
2022-06-23 19:03:06 DEBUG Process exited with code 0
2023-10-18 22:18:02 TRACE Packet dropped due to policy rule
2023-11-09 05:36:54 INFO Connection successful to remote host.
2022-03-25 21:51:20 WARNING CPU usage exceeded threshold: 87%
2023-11-23 20:54:56 ALERT Unauthorized login attempt detected
2023-01-26 11:52:13 INFO Backup completed at
2022-03-07 10:34:19 INFO User logged out
2022-01-11 02:47:28 DEBUG Process exited with code 0
2021-11-12 04:23:13 INFO Backup completed at
2021-09-20 19:25:10 WARNING CPU usage exceeded threshold: 87%
2023-06-06 16:32:42 ALERT Unauthorized login attempt detected
2023-05-11 07:56:08 FAILURE Authentication failed for user admin
2023-01-16 00:18:54 DEBUG Process exited with code 0
2022-10-25 17:14:54 INFO User logged out
2022-11-16 12:39:34 ERROR Could not resolve DNS for internal resource.
2021-05-04 14:09:56 INFO Connection successful to remote host.
2021-05-10 06:21:33 INFO User logged out
2021-03-03 02:56:25 FAILURE Authentication failed for user admin
2021-06-06 21:24:38 INFO Backup completed at
2023-08-22 04:31:29 INFO Backup completed at
2022-01-25 12:05:24 DEBUG Process exited with code 0
2022-10-27 18:42:52 NOTICE Service restart triggered by user
