2021-11-12 06:56:31 ERROR Could not resolve DNS for internal resource.
2023-07-20 19:22:24 WARNING CPU usage exceeded threshold: 87%
2022-02-07 03:55:19 ERROR Could not resolve DNS for internal resource.
2022-03-07 18:47:51 INFO User logged out
2023-11-03 12:00:32 DEBUG Process exited with code 0
2022-02-16 02:39:44 INFO Connection successful to remote host.
2022-09-01 03:30:47 ALERT Unauthorized login attempt detected
2022-11-22 04:33:32 INFO User logged out
2023-05-24 17:19:53 WARNING CPU usage exceeded threshold: 87%
2023-05-02 22:45:08 TRACE Packet dropped due to policy rule
2021-03-02 02:34:16 NOTICE Service restart triggered by user
2023-01-14 21:36:17 TRACE Packet dropped due to policy rule
2023-03-11 10:05:39 NOTICE Service restart triggered by user
2021-02-13 11:54:17 INFO Backup completed at
2021-06-07 15:05:36 INFO User logged out
2021-11-08 11:51:48 INFO Backup completed at
2023-09-21 14:52:56 TRACE Packet dropped due to policy rule
2023-09-08 02:43:36 TRACE Packet dropped due to policy rule
2023-07-03 21:16:31 INFO Backup completed at
2021-02-24 01:33:19 ERROR Could not resolve DNS for internal resource.
2023-09-24 00:50:48 TRACE Packet dropped due to policy rule
2022-02-19 10:24:54 ERROR Could not resolve DNS for internal resource.
2023-08-14 17:57:41 NOTICE Service restart triggered by user
2022-09-22 19:34:07 ALERT Unauthorized login attempt detected
2022-03-15 06:17:07 FAILURE Authentication failed for user admin
2021-02-07 19:26:23 NOTICE Service restart triggered by user
2023-09-27 04:06:41 NOTICE Service restart triggered by user
2022-07-17 10:57:00 ERROR Could not resolve DNS for internal resource.
2023-01-13 02:31:00 ERROR Could not resolve DNS for internal resource.
2021-06-13 16:05:47 DEBUG Process exited with code 0
2022-05-04 21:09:37 ALERT Unauthorized login attempt detected
2023-03-25 00:16:16 ERROR Could not resolve DNS for internal resource.
2022-02-11 20:17:33 TRACE Packet dropped due to policy rule
2021-01-04 04:07:47 INFO Backup completed at
2023-10-21 18:55:09 WARNING CPU usage exceeded threshold: 87%
2023-11-04 16:29:42 INFO User logged out
2021-10-11 01:21:11 FAILURE Authentication failed for user admin
2023-05-03 16:46:58 DEBUG Process exited with code 0
2021-09-07 14:15:58 ALERT Unauthorized login attempt detected
2021-09-02 16:54:13 FAILURE Authentication failed for user admin
2022-11-25 22:58:36 ERROR Could not resolve DNS for internal resource.
2023-11-09 02:27:53 ALERT Unauthorized login attempt detected
2022-07-17 06:48:28 DEBUG Process exited with code 0
2023-08-25 14:37:27 FAILURE Authentication failed for user admin
2021-03-16 08:23:21 WARNING CPU usage exceeded threshold: 87%
2021-01-25 01:01:35 TRACE Packet dropped due to policy rule
2023-07-26 13:00:03 INFO Backup completed at
2021-11-15 22:38:20 ALERT Unauthorized login attempt detected
2021-04-15 07:37:16 INFO User logged out
2021-03-05 06:07:25 ALERT Unauthorized login attempt detected
2022-04-02 21:03:41 INFO Backup completed at
2022-01-09 03:07:43 INFO User logged out
2021-06-24 09:23:05 DEBUG Process exited with code 0
2022-08-18 04:53:52 ERROR Could not resolve DNS for internal resource.
2023-05-24 14:58:10 INFO Connection successful to remote host.
2022-03-04 01:48:28 NOTICE Service restart triggered by user
2022-04-06 20:55:32 NOTICE Service restart triggered by user
2021-07-12 21:04:17 FAILURE Authentication failed for user admin
2022-08-26 17:18:04 INFO Connection successful to remote host.
2022-04-20 12:06:18 WARNING CPU usage exceeded threshold: 87%
2021-11-09 02:02:04 NOTICE Service restart triggered by user
2022-02-23 03:10:07 ERROR Could not resolve DNS for internal resource.
2021-01-10 08:35:22 INFO Backup completed at
2023-01-14 21:57:07 DEBUG Process exited with code 0
2022-04-15 14:44:15 ALERT Unauthorized login attempt detected
2022-09-17 01:48:08 NOTICE Service restart triggered by user
2023-04-03 13:00:11 TRACE Packet dropped due to policy rule
2021-10-19 09:49:23 NOTICE Service restart triggered by user
2022-10-03 04:42:22 INFO Backup completed at
2023-08-09 06:18:54 INFO Connection successful to remote host.
2021-08-13 02:32:00 INFO Connection successful to remote host.
2022-01-01 10:26:36 INFO User logged out
2021-07-08 19:13:36 FAILURE Authentication failed for user admin
2022-05-24 14:46:30 INFO Connection successful to remote host.
2022-01-05 01:23:21 INFO User logged out
2022-09-03 15:07:38 WARNING CPU usage exceeded threshold: 87%
2021-09-27 08:09:40 DEBUG Process exited with code 0
2021-03-25 14:10:10 INFO User logged out
2022-06-13 03:16:21 INFO Connection successful to remote host.
2023-06-26 03:52:42 INFO Backup completed at
2022-03-23 10:34:27 WARNING CPU usage exceeded threshold: 87%
2022-04-14 09:14:21 INFO Connection successful to remote host.
2023-02-16 20:27:25 ALERT Unauthorized login attempt detected
2023-09-05 15:31:27 WARNING CPU usage exceeded threshold: 87%
2023-10-27 11:37:47 WARNING CPU usage exceeded threshold: 87%
2023-08-10 19:31:49 TRACE Packet dropped due to policy rule
2023-04-08 08:54:23 INFO User logged out
2021-03-03 18:27:56 FAILURE Authentication failed for user admin
2021-04-26 07:03:18 ALERT Unauthorized login attempt detected
2021-07-23 16:14:03 FAILURE Authentication failed for user admin
2022-02-03 09:55:43 DEBUG Process exited with code 0
2022-08-05 14:29:37 WARNING CPU usage exceeded threshold: 87%
2022-04-27 06:32:55 ALERT Unauthorized login attempt detected
2021-10-21 03:56:21 INFO Backup completed at
2022-03-02 04:04:29 WARNING CPU usage exceeded threshold: 87%
2023-04-15 07:08:20 ALERT Unauthorized login attempt detected
2021-08-24 14:50:18 INFO Backup completed at
2023-11-10 10:19:48 ERROR Could not resolve DNS for internal resource.
2023-07-13 22:33:04 INFO User logged out
2021-01-24 04:41:55 WARNING CPU usage exceeded threshold: 87%
2022-02-19 04:20:38 DEBUG Process exited with code 0
