2021-01-27 08:57:55 INFO Connection successful to remote host.
2021-10-11 20:07:06 ERROR Could not resolve DNS for internal resource.
2022-09-17 11:51:25 NOTICE Service restart triggered by user
2022-06-01 08:15:11 TRACE Packet dropped due to policy rule
2021-05-07 02:56:30 ALERT Unauthorized login attempt detected
2022-09-19 10:23:58 INFO Connection successful to remote host.
2023-01-01 08:37:37 INFO Backup completed at
2021-07-16 05:54:45 INFO Connection successful to remote host.
2023-09-25 20:16:28 WARNING CPU usage exceeded threshold: 87%
2023-06-26 18:11:41 INFO Backup completed at
2022-11-20 08:51:28 INFO Backup completed at
2022-01-27 13:57:29 WARNING CPU usage exceeded threshold: 87%
2022-06-07 10:31:03 TRACE Packet dropped due to policy rule
2021-05-02 22:31:03 WARNING CPU usage exceeded threshold: 87%
2022-03-05 02:11:43 NOTICE Service restart triggered by user
2022-09-15 21:27:58 DEBUG Process exited with code 0
2023-06-13 14:57:03 TRACE Packet dropped due to policy rule
2023-05-08 07:03:03 DEBUG Process exited with code 0
2021-05-12 22:39:47 TRACE Packet dropped due to policy rule
2023-06-03 01:16:49 TRACE Packet dropped due to policy rule
2023-11-27 22:35:58 ALERT Unauthorized login attempt detected
2021-07-17 08:13:21 ERROR Could not resolve DNS for internal resource.
2021-02-26 00:34:03 WARNING CPU usage exceeded threshold: 87%
2022-11-27 04:17:46 ALERT Unauthorized login attempt detected
2023-05-09 02:38:26 ALERT Unauthorized login attempt detected
2022-11-07 22:00:29 INFO User logged out
2021-11-23 16:10:55 WARNING CPU usage exceeded threshold: 87%
2023-06-15 22:54:51 INFO Connection successful to remote host.
2023-03-27 09:03:07 NOTICE Service restart triggered by user
2021-05-16 06:37:44 NOTICE Service restart triggered by user
2023-06-15 21:53:51 ALERT Unauthorized login attempt detected
2022-03-23 01:12:04 DEBUG Process exited with code 0
2021-09-25 00:29:43 INFO User logged out
2023-08-20 05:39:56 TRACE Packet dropped due to policy rule
2021-08-21 20:32:55 FAILURE Authentication failed for user admin
2021-11-14 05:38:12 INFO Backup completed at
2021-10-19 09:07:15 DEBUG Process exited with code 0
2022-01-22 13:11:52 INFO User logged out
2022-02-01 00:16:38 INFO Connection successful to remote host.
2023-05-27 01:53:35 NOTICE Service restart triggered by user
2023-02-17 18:40:35 INFO User logged out
2022-08-02 07:02:38 ERROR Could not resolve DNS for internal resource.
2021-05-24 01:48:10 TRACE Packet dropped due to policy rule
2021-10-16 22:11:01 TRACE Packet dropped due to policy rule
2022-10-14 09:43:05 NOTICE Service restart triggered by user
2022-06-15 14:27:03 NOTICE Service restart triggered by user
2022-06-10 15:09:25 ALERT Unauthorized login attempt detected
2021-01-04 14:16:22 DEBUG Process exited with code 0
2023-08-17 21:26:41 INFO Connection successful to remote host.
2021-07-19 20:10:26 INFO Backup completed at
2023-03-05 12:25:08 INFO Backup completed at
2023-02-04 14:01:03 INFO Backup completed at
2023-01-16 22:19:27 DEBUG Process exited with code 0
2022-04-05 17:51:53 DEBUG Process exited with code 0
2023-04-11 19:01:21 INFO Backup completed at
2022-01-13 00:26:54 NOTICE Service restart triggered by user
2022-04-16 10:25:33 INFO User logged out
2022-10-23 03:27:50 INFO Connection successful to remote host.
2021-04-16 10:47:30 INFO Backup completed at
2022-06-08 14:28:38 FAILURE Authentication failed for user admin
2023-08-02 02:34:48 FAILURE Authentication failed for user admin
2023-08-07 05:09:30 INFO Connection successful to remote host.
2021-08-11 03:21:23 DEBUG Process exited with code 0
2021-07-03 08:10:14 INFO User logged out
2021-04-08 08:47:01 ERROR Could not resolve DNS for internal resource.
2021-07-10 15:05:52 NOTICE Service restart triggered by user
2021-07-07 00:16:28 TRACE Packet dropped due to policy rule
2021-05-02 03:20:23 ERROR Could not resolve DNS for internal resource.
2021-11-20 10:02:57 DEBUG Process exited with code 0
2023-05-19 12:31:40 NOTICE Service restart triggered by user
2022-09-09 15:47:40 TRACE Packet dropped due to policy rule
2023-03-10 13:10:42 NOTICE Service restart triggered by user
2023-09-15 08:56:30 INFO Connection successful to remote host.
2021-01-20 07:48:27 DEBUG Process exited with code 0
2023-01-04 01:50:41 FAILURE Authentication failed for user admin
2023-02-04 15:32:22 INFO User logged out
2021-03-10 02:10:34 INFO Backup completed at
2022-09-09 03:43:11 ALERT Unauthorized login attempt detected
2022-02-14 21:35:22 ALERT Unauthorized login attempt detected
2021-04-09 07:56:09 ERROR Could not resolve DNS for internal resource.
2021-03-05 14:56:01 WARNING CPU usage exceeded threshold: 87%
2023-07-25 00:37:17 INFO Connection successful to remote host.
2022-08-07 11:25:16 INFO Backup completed at
2021-02-10 02:20:11 NOTICE Service restart triggered by user
2022-11-24 03:06:01 FAILURE Authentication failed for user admin
2021-09-04 13:44:45 INFO Connection successful to remote host.
2023-07-04 12:36:49 WARNING CPU usage exceeded threshold: 87%
2021-09-06 00:21:36 ERROR Could not resolve DNS for internal resource.
2023-04-26 02:51:18 INFO Backup completed at
2023-08-14 10:56:03 INFO User logged out
2023-11-02 17:48:15 DEBUG Process exited with code 0
2023-11-22 21:16:19 ALERT Unauthorized login attempt detected
2022-01-22 08:32:49 ERROR Could not resolve DNS for internal resource.
2022-04-02 19:28:33 TRACE Packet dropped due to policy rule
2023-09-12 05:21:04 INFO User logged out
2021-10-11 01:03:55 INFO Backup completed at
2022-04-08 17:39:44 INFO Backup completed at
2022-06-23 12:33:58 DEBUG Process exited with code 0
2022-08-06 15:37:25 ERROR Could not resolve DNS for internal resource.
2022-01-22 18:53:11 DEBUG Process exited with code 0
2021-05-04 09:55:06 INFO User logged out
2022-10-23 16:20:15 DEBUG Process exited with code 0
2021-02-09 06:33:00 INFO User logged out
2021-06-09 04:45:18 ERROR Could not resolve DNS for internal resource.
2022-10-07 14:57:26 ALERT Unauthorized login attempt detected
2021-09-11 12:18:39 INFO Backup completed at
2023-09-23 00:53:24 FAILURE Authentication failed for user admin
2022-10-12 10:34:49 INFO Backup completed at
2023-03-14 21:13:37 INFO Backup completed at
2023-05-14 01:03:05 ERROR Could not resolve DNS for internal resource.
2022-10-14 05:26:02 INFO Backup completed at
2021-07-10 21:00:05 INFO User logged out
2022-06-14 14:57:58 FAILURE Authentication failed for user admin
2023-02-05 05:13:39 NOTICE Service restart triggered by user
2021-07-03 03:08:23 ERROR Could not resolve DNS for internal resource.
2023-04-07 01:22:50 ERROR Could not resolve DNS for internal resource.
2022-07-16 02:10:27 WARNING CPU usage exceeded threshold: 87%
2021-10-11 01:25:01 ERROR Could not resolve DNS for internal resource.
2021-02-26 01:41:39 FAILURE Authentication failed for user admin
2023-06-01 04:45:00 INFO Connection successful to remote host.
2022-10-18 08:57:06 NOTICE Service restart triggered by user
2023-08-03 10:11:07 WARNING CPU usage exceeded threshold: 87%
2022-05-04 17:03:02 WARNING CPU usage exceeded threshold: 87%
2022-03-16 16:49:36 FAILURE Authentication failed for user admin
2022-06-01 15:23:58 INFO Backup completed at
2021-04-05 03:06:14 DEBUG Process exited with code 0
2021-09-07 19:14:56 INFO Connection successful to remote host.
2023-05-27 14:27:19 ALERT Unauthorized login attempt detected
2021-03-24 04:34:04 TRACE Packet dropped due to policy rule
2023-10-12 07:41:28 ALERT Unauthorized login attempt detected
2023-04-05 10:29:05 INFO Backup completed at
2023-03-21 18:28:49 INFO Connection successful to remote host.
2023-04-16 14:25:42 DEBUG Process exited with code 0
2023-02-27 04:16:01 WARNING CPU usage exceeded threshold: 87%
2021-02-10 11:00:02 INFO User logged out
2021-10-13 22:36:29 INFO Backup completed at
2023-03-06 04:18:08 INFO Backup completed at
2023-03-17 07:04:02 DEBUG Process exited with code 0
2022-08-09 03:47:37 NOTICE Service restart triggered by user
2021-11-25 04:57:48 NOTICE Service restart triggered by user
2023-05-02 17:13:17 ERROR Could not resolve DNS for internal resource.
2021-11-24 07:54:29 ALERT Unauthorized login attempt detected
2022-05-24 16:02:36 INFO Backup completed at
2023-09-23 21:09:48 ALERT Unauthorized login attempt detected
2022-01-22 10:08:24 NOTICE Service restart triggered by user
2022-02-15 03:55:09 INFO User logged out
2021-07-11 16:19:37 ERROR Could not resolve DNS for internal resource.
2022-11-12 07:16:48 TRACE Packet dropped due to policy rule
