2023-01-21 17:05:45 ERROR Could not resolve DNS for internal resource.
2023-05-25 13:15:31 INFO User logged out
2022-03-02 08:19:45 INFO Backup completed at
2021-11-21 21:37:42 INFO User logged out
2023-09-08 07:44:50 DEBUG Process exited with code 0
2023-05-17 00:42:47 INFO User logged out
2022-01-08 08:14:27 ERROR Could not resolve DNS for internal resource.
2022-01-17 00:38:42 WARNING CPU usage exceeded threshold: 87%
2021-06-05 03:11:45 WARNING CPU usage exceeded threshold: 87%
2022-06-03 19:37:51 FAILURE Authentication failed for user admin
2023-07-03 22:04:53 INFO Connection successful to remote host.
2023-03-08 09:49:02 ALERT Unauthorized login attempt detected
2022-08-03 18:26:27 INFO Backup completed at
2021-02-14 20:14:07 INFO User logged out
2022-05-15 09:02:55 INFO Backup completed at
2023-11-15 21:48:12 ERROR Could not resolve DNS for internal resource.
2021-03-02 01:31:01 ALERT Unauthorized login attempt detected
2022-08-12 18:55:24 INFO Backup completed at
2022-04-16 10:06:55 INFO Backup completed at
2022-08-25 02:09:30 WARNING CPU usage exceeded threshold: 87%
2023-07-27 02:21:41 INFO Connection successful to remote host.
2021-06-04 20:42:19 WARNING CPU usage exceeded threshold: 87%
2021-03-05 02:14:27 INFO Connection successful to remote host.
2023-02-03 02:57:58 INFO Connection successful to remote host.
2021-04-14 21:23:04 WARNING CPU usage exceeded threshold: 87%
2022-02-25 21:23:23 ERROR Could not resolve DNS for internal resource.
2022-06-20 07:51:45 INFO Backup completed at
2021-05-19 08:01:22 FAILURE Authentication failed for user admin
2023-07-03 21:46:29 FAILURE Authentication failed for user admin
2022-09-24 15:41:50 DEBUG Process exited with code 0
2021-08-04 20:43:30 ERROR Could not resolve DNS for internal resource.
2023-01-24 06:05:20 FAILURE Authentication failed for user admin
2021-11-26 12:37:08 DEBUG Process exited with code 0
2022-02-23 01:12:31 INFO Connection successful to remote host.
2022-09-24 13:58:06 DEBUG Process exited with code 0
2023-05-04 13:50:53 ALERT Unauthorized login attempt detected
2021-07-09 02:02:24 NOTICE Service restart triggered by user
2022-09-02 00:12:36 ALERT Unauthorized login attempt detected
2022-01-20 14:28:52 ERROR Could not resolve DNS for internal resource.
2022-03-22 10:54:19 NOTICE Service restart triggered by user
2023-11-04 18:18:10 DEBUG Process exited with code 0
2022-08-15 01:45:18 INFO Backup completed at
2021-10-24 10:47:53 INFO Connection successful to remote host.
2022-04-18 12:02:26 INFO User logged out
2021-07-04 06:48:58 INFO User logged out
2021-09-16 02:24:50 INFO Connection successful to remote host.
2022-07-27 22:21:16 INFO Backup completed at
2021-01-25 17:08:13 DEBUG Process exited with code 0
2023-05-07 09:52:41 INFO Connection successful to remote host.
2022-01-21 10:09:49 ALERT Unauthorized login attempt detected
2023-04-27 13:20:39 NOTICE Service restart triggered by user
2021-06-06 00:56:32 NOTICE Service restart triggered by user
2022-07-11 06:57:38 ERROR Could not resolve DNS for internal resource.
2023-02-17 09:03:53 INFO Backup completed at
2023-06-19 15:06:06 INFO Connection successful to remote host.
2021-11-26 12:47:33 DEBUG Process exited with code 0
2023-02-11 21:33:19 WARNING CPU usage exceeded threshold: 87%
2021-07-14 05:30:14 DEBUG Process exited with code 0
2021-08-09 15:58:16 INFO Connection successful to remote host.
2021-11-04 02:31:57 FAILURE Authentication failed for user admin
2023-10-27 22:34:02 INFO Connection successful to remote host.
2023-09-01 05:28:06 TRACE Packet dropped due to policy rule
2021-02-13 00:32:58 INFO User logged out
2023-07-04 00:08:22 INFO Backup completed at
2023-08-10 04:28:04 INFO Backup completed at
2023-11-19 04:06:00 INFO User logged out
2022-02-21 10:11:39 INFO Backup completed at
2023-05-19 00:10:14 ERROR Could not resolve DNS for internal resource.
2023-05-17 15:48:27 INFO Backup completed at
2022-04-07 06:05:51 INFO User logged out
2022-10-02 04:09:47 ERROR Could not resolve DNS for internal resource.
2021-03-15 17:40:34 DEBUG Process exited with code 0
2022-10-12 14:54:00 ALERT Unauthorized login attempt detected
2021-11-16 12:04:46 ERROR Could not resolve DNS for internal resource.
2022-08-17 13:46:55 DEBUG Process exited with code 0
2022-02-21 13:07:40 TRACE Packet dropped due to policy rule
2021-02-15 02:51:02 WARNING CPU usage exceeded threshold: 87%
2023-02-24 19:10:58 INFO User logged out
2021-07-16 17:30:57 ERROR Could not resolve DNS for internal resource.
2023-07-23 04:37:06 FAILURE Authentication failed for user admin
2023-04-17 12:29:57 NOTICE Service restart triggered by user
2021-01-10 02:14:29 TRACE Packet dropped due to policy rule
2021-06-01 10:33:14 INFO Connection successful to remote host.
2021-10-01 17:35:27 INFO User logged out
2023-11-17 12:44:33 INFO Connection successful to remote host.
2022-10-25 04:41:12 WARNING CPU usage exceeded threshold: 87%
2022-10-04 18:27:42 DEBUG Process exited with code 0
2021-05-23 06:50:37 DEBUG Process exited with code 0
2023-11-23 00:58:00 INFO User logged out
2023-08-24 06:22:06 DEBUG Process exited with code 0
2021-08-18 18:47:46 ALERT Unauthorized login attempt detected
2021-05-05 17:49:02 NOTICE Service restart triggered by user
2023-08-13 04:55:16 TRACE Packet dropped due to policy rule
2022-01-22 16:27:29 WARNING CPU usage exceeded threshold: 87%
2023-07-11 14:45:25 ERROR Could not resolve DNS for internal resource.
2021-01-21 09:37:07 TRACE Packet dropped due to policy rule
2021-01-24 00:15:28 TRACE Packet dropped due to policy rule
2021-10-04 00:21:56 INFO Connection successful to remote host.
2023-03-13 09:08:36 INFO Backup completed at
2021-02-08 07:24:42 WARNING CPU usage exceeded threshold: 87%
2022-07-10 10:06:14 DEBUG Process exited with code 0
2023-11-25 08:32:21 INFO User logged out
2022-04-13 22:26:05 NOTICE Service restart triggered by user
2023-09-10 08:23:36 INFO Backup completed at
2021-07-23 13:40:51 WARNING CPU usage exceeded threshold: 87%
2023-03-01 14:53:38 TRACE Packet dropped due to policy rule
2021-06-20 10:46:24 ALERT Unauthorized login attempt detected
2021-02-18 08:18:02 INFO User logged out
2021-05-06 14:20:27 INFO User logged out
2022-11-12 07:25:43 ERROR Could not resolve DNS for internal resource.
2022-02-20 05:40:57 DEBUG Process exited with code 0
2022-05-03 21:16:33 INFO Connection successful to remote host.
2022-10-26 18:38:30 TRACE Packet dropped due to policy rule
2022-08-25 18:09:48 FAILURE Authentication failed for user admin
2023-11-05 18:41:50 DEBUG Process exited with code 0
2021-09-05 08:50:49 INFO Backup completed at
2021-06-13 11:36:54 FAILURE Authentication failed for user admin
2023-09-13 13:39:10 ERROR Could not resolve DNS for internal resource.
2022-08-27 01:16:10 INFO Backup completed at
2021-10-05 03:34:24 DEBUG Process exited with code 0
2023-09-17 13:30:07 TRACE Packet dropped due to policy rule
2022-09-23 13:57:25 FAILURE Authentication failed for user admin
2021-11-24 13:58:41 WARNING CPU usage exceeded threshold: 87%
2023-11-14 13:38:24 FAILURE Authentication failed for user admin
2021-06-19 05:52:55 TRACE Packet dropped due to policy rule
2022-04-25 07:08:16 DEBUG Process exited with code 0
2022-09-22 22:07:39 DEBUG Process exited with code 0
2021-07-02 06:15:09 DEBUG Process exited with code 0
2021-05-07 12:05:20 ALERT Unauthorized login attempt detected
2023-03-08 02:42:11 DEBUG Process exited with code 0
2023-02-21 12:36:37 NOTICE Service restart triggered by user
2023-08-07 15:42:20 INFO User logged out
2021-09-07 18:19:35 NOTICE Service restart triggered by user
2021-11-09 11:36:01 INFO Backup completed at
2021-09-11 04:29:15 ERROR Could not resolve DNS for internal resource.
2023-10-08 00:14:02 DEBUG Process exited with code 0
2023-11-16 08:10:37 FAILURE Authentication failed for user admin
2022-07-26 00:10:12 ERROR Could not resolve DNS for internal resource.
2021-11-01 01:40:56 INFO Connection successful to remote host.
2023-10-13 11:12:29 INFO Backup completed at
2023-09-14 14:01:27 ALERT Unauthorized login attempt detected
2021-08-04 21:21:24 INFO Connection successful to remote host.
2022-06-27 19:46:04 FAILURE Authentication failed for user admin
2021-01-05 09:02:26 INFO User logged out
2021-10-22 12:57:45 NOTICE Service restart triggered by user
2021-02-15 05:54:09 INFO Backup completed at
2022-02-25 08:33:54 WARNING CPU usage exceeded threshold: 87%
2023-09-24 05:35:28 TRACE Packet dropped due to policy rule
2023-10-12 08:53:03 WARNING CPU usage exceeded threshold: 87%
2022-03-17 16:16:05 ALERT Unauthorized login attempt detected
2022-04-10 06:37:11 ERROR Could not resolve DNS for internal resource.
2022-07-07 07:48:03 ALERT Unauthorized login attempt detected
2021-09-02 01:18:43 FAILURE Authentication failed for user admin
2023-05-24 08:44:32 INFO Backup completed at
2021-11-19 22:57:36 ERROR Could not resolve DNS for internal resource.
2021-08-12 06:06:22 TRACE Packet dropped due to policy rule
2023-05-01 12:22:42 INFO Backup completed at
2021-08-08 14:29:11 WARNING CPU usage exceeded threshold: 87%
2023-04-23 15:54:52 NOTICE Service restart triggered by user
2021-10-05 11:09:17 ALERT Unauthorized login attempt detected
2023-10-20 19:33:13 TRACE Packet dropped due to policy rule
2022-11-12 14:14:37 FAILURE Authentication failed for user admin
