2022-04-19 16:30:32 WARNING CPU usage exceeded threshold: 87%
2022-05-02 03:20:42 ERROR Could not resolve DNS for internal resource.
2021-04-22 11:13:56 NOTICE Service restart triggered by user
2021-08-07 09:03:54 INFO User logged out
2022-03-23 12:04:05 INFO Backup completed at
2022-02-09 00:45:55 TRACE Packet dropped due to policy rule
2021-05-14 10:25:52 INFO Backup completed at
2023-03-08 05:51:14 NOTICE Service restart triggered by user
2021-04-02 00:44:51 FAILURE Authentication failed for user admin
2021-08-07 13:10:15 INFO Connection successful to remote host.
2022-04-17 21:47:56 DEBUG Process exited with code 0
2021-01-09 18:36:12 ERROR Could not resolve DNS for internal resource.
2021-08-13 03:28:33 ALERT Unauthorized login attempt detected
2023-10-17 09:47:40 TRACE Packet dropped due to policy rule
2021-01-18 10:19:20 FAILURE Authentication failed for user admin
2022-01-22 09:10:03 TRACE Packet dropped due to policy rule
2021-02-14 01:34:23 TRACE Packet dropped due to policy rule
2021-02-06 21:05:26 FAILURE Authentication failed for user admin
2022-10-22 03:06:29 DEBUG Process exited with code 0
2023-06-21 09:21:32 DEBUG Process exited with code 0
2022-01-12 01:53:09 ERROR Could not resolve DNS for internal resource.
2023-08-05 15:32:52 INFO Connection successful to remote host.
2021-08-20 20:45:08 DEBUG Process exited with code 0
2023-08-14 08:00:22 ERROR Could not resolve DNS for internal resource.
2022-07-01 07:27:16 DEBUG Process exited with code 0
2022-10-27 20:33:43 FAILURE Authentication failed for user admin
2022-08-03 03:39:55 ALERT Unauthorized login attempt detected
2022-04-05 01:23:04 ERROR Could not resolve DNS for internal resource.
2023-11-25 18:49:00 TRACE Packet dropped due to policy rule
2023-04-05 14:39:32 INFO Connection successful to remote host.
2022-11-27 18:37:19 FAILURE Authentication failed for user admin
2023-10-06 21:01:01 DEBUG Process exited with code 0
2023-07-09 03:19:20 INFO Connection successful to remote host.
2021-09-20 12:35:58 DEBUG Process exited with code 0
2023-01-05 04:33:02 WARNING CPU usage exceeded threshold: 87%
2021-02-10 19:13:01 INFO User logged out
2023-07-01 11:28:36 ALERT Unauthorized login attempt detected
2021-05-11 12:11:10 WARNING CPU usage exceeded threshold: 87%
2022-07-09 10:56:19 FAILURE Authentication failed for user admin
2021-02-01 01:56:31 FAILURE Authentication failed for user admin
2023-04-11 17:44:24 WARNING CPU usage exceeded threshold: 87%
2023-05-19 21:25:22 FAILURE Authentication failed for user admin
2021-07-04 08:04:48 WARNING CPU usage exceeded threshold: 87%
2023-10-17 12:49:58 FAILURE Authentication failed for user admin
2022-03-21 08:13:22 WARNING CPU usage exceeded threshold: 87%
2022-09-15 04:12:42 ALERT Unauthorized login attempt detected
2023-10-15 14:23:15 INFO Backup completed at
2021-09-22 09:38:42 TRACE Packet dropped due to policy rule
2023-08-25 19:53:32 ERROR Could not resolve DNS for internal resource.
2021-02-20 01:19:49 NOTICE Service restart triggered by user
2023-05-19 21:18:02 DEBUG Process exited with code 0
2023-07-13 05:25:12 ALERT Unauthorized login attempt detected
2022-05-21 00:26:47 INFO Backup completed at
2023-05-06 06:11:12 INFO Connection successful to remote host.
2021-09-02 10:10:03 INFO Connection successful to remote host.
2022-07-06 03:57:23 DEBUG Process exited with code 0
2023-06-05 04:58:06 INFO Backup completed at
2021-03-11 14:19:40 INFO Connection successful to remote host.
2022-08-26 08:02:08 NOTICE Service restart triggered by user
2023-03-07 04:02:06 FAILURE Authentication failed for user admin
2023-08-04 12:46:23 ERROR Could not resolve DNS for internal resource.
2022-05-11 22:27:01 ERROR Could not resolve DNS for internal resource.
2022-07-07 07:51:42 INFO Backup completed at
2021-05-07 17:17:13 FAILURE Authentication failed for user admin
2023-03-02 11:40:53 INFO Connection successful to remote host.
2021-01-21 07:02:46 WARNING CPU usage exceeded threshold: 87%
2022-05-02 06:39:34 FAILURE Authentication failed for user admin
2022-06-22 02:38:12 ERROR Could not resolve DNS for internal resource.
2023-03-03 09:37:32 INFO User logged out
2023-09-13 10:02:34 ERROR Could not resolve DNS for internal resource.
2021-09-15 01:36:42 NOTICE Service restart triggered by user
2023-11-05 06:49:30 FAILURE Authentication failed for user admin
2023-10-11 20:51:21 WARNING CPU usage exceeded threshold: 87%
2021-04-13 22:53:23 NOTICE Service restart triggered by user
2022-07-04 11:49:58 INFO Backup completed at
2021-11-08 00:12:25 TRACE Packet dropped due to policy rule
2022-09-01 14:44:17 WARNING CPU usage exceeded threshold: 87%
2022-06-23 04:31:05 INFO Connection successful to remote host.
2021-11-09 09:47:17 NOTICE Service restart triggered by user
